{"timestamp":"2025-10-18T18:42:20.919519","level":"info","event":"DAG bundles loaded: dags-folder, example_dags","logger":"airflow.dag_processing.bundles.manager.DagBundlesManager"}
{"timestamp":"2025-10-18T18:42:20.920759","level":"info","event":"Filling up the DagBag from /home/morsi/airflow/dags/main_dag.py","logger":"airflow.models.dagbag.DagBag"}
{"timestamp":"2025-10-18T18:42:23.845178Z","level":"info","event":"Task instance is in running state","chan":"stdout","logger":"task"}
{"timestamp":"2025-10-18T18:42:23.845382Z","level":"info","event":" Previous state of the Task instance: TaskInstanceState.QUEUED","chan":"stdout","logger":"task"}
{"timestamp":"2025-10-18T18:42:23.845541Z","level":"info","event":"Current task name:dbt_load","chan":"stdout","logger":"task"}
{"timestamp":"2025-10-18T18:42:23.845593Z","level":"info","event":"Dag name:linkedin_jobs_pipeline","chan":"stdout","logger":"task"}
{"timestamp":"2025-10-18T18:42:23.848562","level":"info","event":"Tmp dir root location: /tmp","logger":"airflow.task.hooks.airflow.providers.standard.hooks.subprocess.SubprocessHook"}
{"timestamp":"2025-10-18T18:42:23.848937","level":"info","event":"Running command: ['/usr/bin/bash', '-c', 'dbt run']","logger":"airflow.task.hooks.airflow.providers.standard.hooks.subprocess.SubprocessHook"}
{"timestamp":"2025-10-18T18:42:23.870478","level":"info","event":"Output:","logger":"airflow.task.hooks.airflow.providers.standard.hooks.subprocess.SubprocessHook"}
{"timestamp":"2025-10-18T18:42:27.202759","level":"info","event":"\u001b[0m18:42:27  Running with dbt=1.10.13","logger":"airflow.task.hooks.airflow.providers.standard.hooks.subprocess.SubprocessHook"}
{"timestamp":"2025-10-18T18:42:27.803985","level":"info","event":"\u001b[0m18:42:27  Registered adapter: duckdb=1.9.6","logger":"airflow.task.hooks.airflow.providers.standard.hooks.subprocess.SubprocessHook"}
{"timestamp":"2025-10-18T18:42:28.125022","level":"info","event":"\u001b[0m18:42:28  [\u001b[33mWARNING\u001b[0m]: Configuration paths exist in your dbt_project.yml file which do not apply to any resources.","logger":"airflow.task.hooks.airflow.providers.standard.hooks.subprocess.SubprocessHook"}
{"timestamp":"2025-10-18T18:42:28.125300","level":"info","event":"There are 2 unused configuration paths:","logger":"airflow.task.hooks.airflow.providers.standard.hooks.subprocess.SubprocessHook"}
{"timestamp":"2025-10-18T18:42:28.125389","level":"info","event":"- models.dbt_project.staging","logger":"airflow.task.hooks.airflow.providers.standard.hooks.subprocess.SubprocessHook"}
{"timestamp":"2025-10-18T18:42:28.125456","level":"info","event":"- models.dbt_project.star","logger":"airflow.task.hooks.airflow.providers.standard.hooks.subprocess.SubprocessHook"}
{"timestamp":"2025-10-18T18:42:28.301784","level":"info","event":"\u001b[0m18:42:28  Found 7 models, 21 data tests, 1 source, 431 macros","logger":"airflow.task.hooks.airflow.providers.standard.hooks.subprocess.SubprocessHook"}
{"timestamp":"2025-10-18T18:42:28.304529","level":"info","event":"\u001b[0m18:42:28","logger":"airflow.task.hooks.airflow.providers.standard.hooks.subprocess.SubprocessHook"}
{"timestamp":"2025-10-18T18:42:28.304876","level":"info","event":"\u001b[0m18:42:28  Concurrency: 1 threads (target='dev')","logger":"airflow.task.hooks.airflow.providers.standard.hooks.subprocess.SubprocessHook"}
{"timestamp":"2025-10-18T18:42:28.305281","level":"info","event":"\u001b[0m18:42:28","logger":"airflow.task.hooks.airflow.providers.standard.hooks.subprocess.SubprocessHook"}
{"timestamp":"2025-10-18T18:42:28.445628","level":"info","event":"\u001b[0m18:42:28  1 of 7 START sql view model main.stg_job_postings .............................. [RUN]","logger":"airflow.task.hooks.airflow.providers.standard.hooks.subprocess.SubprocessHook"}
{"timestamp":"2025-10-18T18:42:28.589099","level":"info","event":"\u001b[0m18:42:28  1 of 7 OK created sql view model main.stg_job_postings ......................... [\u001b[32mOK\u001b[0m in 0.14s]","logger":"airflow.task.hooks.airflow.providers.standard.hooks.subprocess.SubprocessHook"}
{"timestamp":"2025-10-18T18:42:28.592145","level":"info","event":"\u001b[0m18:42:28  2 of 7 START sql view model main.dim_company ................................... [RUN]","logger":"airflow.task.hooks.airflow.providers.standard.hooks.subprocess.SubprocessHook"}
{"timestamp":"2025-10-18T18:42:28.638225","level":"info","event":"\u001b[0m18:42:28  2 of 7 OK created sql view model main.dim_company .............................. [\u001b[32mOK\u001b[0m in 0.04s]","logger":"airflow.task.hooks.airflow.providers.standard.hooks.subprocess.SubprocessHook"}
{"timestamp":"2025-10-18T18:42:28.639620","level":"info","event":"\u001b[0m18:42:28  3 of 7 START sql view model main.dim_date ...................................... [RUN]","logger":"airflow.task.hooks.airflow.providers.standard.hooks.subprocess.SubprocessHook"}
{"timestamp":"2025-10-18T18:42:28.749839","level":"info","event":"\u001b[0m18:42:28  3 of 7 OK created sql view model main.dim_date ................................. [\u001b[32mOK\u001b[0m in 0.11s]","logger":"airflow.task.hooks.airflow.providers.standard.hooks.subprocess.SubprocessHook"}
{"timestamp":"2025-10-18T18:42:28.751266","level":"info","event":"\u001b[0m18:42:28  4 of 7 START sql view model main.dim_location .................................. [RUN]","logger":"airflow.task.hooks.airflow.providers.standard.hooks.subprocess.SubprocessHook"}
{"timestamp":"2025-10-18T18:42:28.810148","level":"info","event":"\u001b[0m18:42:28  4 of 7 OK created sql view model main.dim_location ............................. [\u001b[32mOK\u001b[0m in 0.06s]","logger":"airflow.task.hooks.airflow.providers.standard.hooks.subprocess.SubprocessHook"}
{"timestamp":"2025-10-18T18:42:28.811529","level":"info","event":"\u001b[0m18:42:28  5 of 7 START sql view model main.dim_skills .................................... [RUN]","logger":"airflow.task.hooks.airflow.providers.standard.hooks.subprocess.SubprocessHook"}
{"timestamp":"2025-10-18T18:42:28.867946","level":"info","event":"\u001b[0m18:42:28  5 of 7 OK created sql view model main.dim_skills ............................... [\u001b[32mOK\u001b[0m in 0.05s]","logger":"airflow.task.hooks.airflow.providers.standard.hooks.subprocess.SubprocessHook"}
{"timestamp":"2025-10-18T18:42:28.870330","level":"info","event":"\u001b[0m18:42:28  6 of 7 START sql view model main.fact_job_posting_skill ........................ [RUN]","logger":"airflow.task.hooks.airflow.providers.standard.hooks.subprocess.SubprocessHook"}
{"timestamp":"2025-10-18T18:42:29.036549","level":"info","event":"\u001b[0m18:42:29  6 of 7 OK created sql view model main.fact_job_posting_skill ................... [\u001b[32mOK\u001b[0m in 0.16s]","logger":"airflow.task.hooks.airflow.providers.standard.hooks.subprocess.SubprocessHook"}
{"timestamp":"2025-10-18T18:42:29.038529","level":"info","event":"\u001b[0m18:42:29  7 of 7 START sql view model main.fact_job_postings ............................. [RUN]","logger":"airflow.task.hooks.airflow.providers.standard.hooks.subprocess.SubprocessHook"}
{"timestamp":"2025-10-18T18:42:29.088007","level":"info","event":"\u001b[0m18:42:29  7 of 7 OK created sql view model main.fact_job_postings ........................ [\u001b[32mOK\u001b[0m in 0.05s]","logger":"airflow.task.hooks.airflow.providers.standard.hooks.subprocess.SubprocessHook"}
{"timestamp":"2025-10-18T18:42:29.096783","level":"info","event":"\u001b[0m18:42:29","logger":"airflow.task.hooks.airflow.providers.standard.hooks.subprocess.SubprocessHook"}
{"timestamp":"2025-10-18T18:42:29.097204","level":"info","event":"\u001b[0m18:42:29  Finished running 7 view models in 0 hours 0 minutes and 0.79 seconds (0.79s).","logger":"airflow.task.hooks.airflow.providers.standard.hooks.subprocess.SubprocessHook"}
{"timestamp":"2025-10-18T18:42:29.144807","level":"info","event":"\u001b[0m18:42:29","logger":"airflow.task.hooks.airflow.providers.standard.hooks.subprocess.SubprocessHook"}
{"timestamp":"2025-10-18T18:42:29.145294","level":"info","event":"\u001b[0m18:42:29  \u001b[32mCompleted successfully\u001b[0m","logger":"airflow.task.hooks.airflow.providers.standard.hooks.subprocess.SubprocessHook"}
{"timestamp":"2025-10-18T18:42:29.145661","level":"info","event":"\u001b[0m18:42:29","logger":"airflow.task.hooks.airflow.providers.standard.hooks.subprocess.SubprocessHook"}
{"timestamp":"2025-10-18T18:42:29.146109","level":"info","event":"\u001b[0m18:42:29  Done. PASS=7 WARN=0 ERROR=0 SKIP=0 NO-OP=0 TOTAL=7","logger":"airflow.task.hooks.airflow.providers.standard.hooks.subprocess.SubprocessHook"}
{"timestamp":"2025-10-18T18:42:30.515172","level":"info","event":"Command exited with return code 0","logger":"airflow.task.hooks.airflow.providers.standard.hooks.subprocess.SubprocessHook"}
{"timestamp":"2025-10-18T18:42:30.516033","level":"info","event":"Pushing xcom","ti":"RuntimeTaskInstance(id=UUID('0199f88e-2dd4-7087-a7e6-bcce32198a03'), task_id='dbt_load', dag_id='linkedin_jobs_pipeline', run_id='scheduled__2025-10-18T00:00:00+00:00', try_number=1, map_index=-1, hostname='LAPTOP-VOK6VQOD.localdomain', context_carrier=None, task=<Task(BashOperator): dbt_load>, bundle_instance=LocalDagBundle(name=dags-folder), max_tries=0, start_date=datetime.datetime(2025, 10, 18, 18, 42, 20, 834916, tzinfo=datetime.timezone.utc), end_date=None, state=<TaskInstanceState.RUNNING: 'running'>, is_mapped=False, rendered_map_index=None, log_url='http://localhost:8080/dags/linkedin_jobs_pipeline/runs/scheduled__2025-10-18T00%3A00%3A00%2B00%3A00/tasks/dbt_load?try_number=1')","logger":"task"}
{"timestamp":"2025-10-18T18:42:30.567371Z","level":"info","event":"Task instance in success state","chan":"stdout","logger":"task"}
{"timestamp":"2025-10-18T18:42:30.567489Z","level":"info","event":" Previous state of the Task instance: TaskInstanceState.RUNNING","chan":"stdout","logger":"task"}
{"timestamp":"2025-10-18T18:42:30.567929Z","level":"info","event":"Task operator:<Task(BashOperator): dbt_load>","chan":"stdout","logger":"task"}
