{"timestamp":"2025-09-26T17:07:36.523940","level":"info","event":"DAG bundles loaded: dags-folder, example_dags","logger":"airflow.dag_processing.bundles.manager.DagBundlesManager"}
{"timestamp":"2025-09-26T17:07:36.524505","level":"info","event":"Filling up the DagBag from /home/morsi/airflow/dags/main_dag.py","logger":"airflow.models.dagbag.DagBag"}
{"timestamp":"2025-09-26T17:07:37.638936Z","level":"info","event":"Task instance is in running state","chan":"stdout","logger":"task"}
{"timestamp":"2025-09-26T17:07:37.639100Z","level":"info","event":" Previous state of the Task instance: TaskInstanceState.QUEUED","chan":"stdout","logger":"task"}
{"timestamp":"2025-09-26T17:07:37.639348Z","level":"info","event":"Current task name:enrich_jobs","chan":"stdout","logger":"task"}
{"timestamp":"2025-09-26T17:07:37.639414Z","level":"info","event":"Dag name:linkedin_jobs_pipeline","chan":"stdout","logger":"task"}
{"timestamp":"2025-09-26T17:07:53.454869Z","level":"info","event":"loading full_matcher ...","chan":"stdout","logger":"task"}
{"timestamp":"2025-09-26T17:07:57.333539Z","level":"info","event":"loading abv_matcher ...","chan":"stdout","logger":"task"}
{"timestamp":"2025-09-26T17:07:57.400173Z","level":"info","event":"loading full_uni_matcher ...","chan":"stdout","logger":"task"}
{"timestamp":"2025-09-26T17:07:58.196503Z","level":"info","event":"loading low_form_matcher ...","chan":"stdout","logger":"task"}
{"timestamp":"2025-09-26T17:08:04.823139Z","level":"info","event":"loading token_matcher ...","chan":"stdout","logger":"task"}
{"timestamp":"2025-09-26T17:08:13.037688","level":"error","event":"Task failed with exception","logger":"task","error_detail":[{"exc_type":"BinderException","exc_value":"Binder Error: Referenced column \"job_id\" not found in FROM clause!\nCandidate bindings: \"job_link\", \"job title\", \"job description\", \"job flexibility\", \"soft_skills\"\n\nLINE 3:             WHERE job_id IN (SELECT job_id FROM raw_df)\n                                            ^","exc_notes":[],"syntax_error":null,"is_cause":false,"frames":[{"filename":"/home/morsi/venvs/airflow_3.0.6/lib/python3.12/site-packages/airflow/sdk/execution_time/task_runner.py","lineno":920,"name":"run"},{"filename":"/home/morsi/venvs/airflow_3.0.6/lib/python3.12/site-packages/airflow/sdk/execution_time/task_runner.py","lineno":1215,"name":"_execute_task"},{"filename":"/home/morsi/venvs/airflow_3.0.6/lib/python3.12/site-packages/airflow/sdk/bases/operator.py","lineno":397,"name":"wrapper"},{"filename":"/home/morsi/venvs/airflow_3.0.6/lib/python3.12/site-packages/airflow/providers/standard/operators/python.py","lineno":216,"name":"execute"},{"filename":"/home/morsi/venvs/airflow_3.0.6/lib/python3.12/site-packages/airflow/providers/standard/operators/python.py","lineno":239,"name":"execute_callable"},{"filename":"/home/morsi/venvs/airflow_3.0.6/lib/python3.12/site-packages/airflow/sdk/execution_time/callback_runner.py","lineno":81,"name":"run"},{"filename":"/home/morsi/airflow/dags/main_dag.py","lineno":25,"name":"enrichment_task"},{"filename":"/home/morsi/airflow/dags/scripts/data_enrichment.py","lineno":111,"name":"main_enrichment"}],"is_group":false,"exceptions":[]}]}
{"timestamp":"2025-09-26T17:08:13.139871Z","level":"info","event":"Task instance in failure state","chan":"stdout","logger":"task"}
{"timestamp":"2025-09-26T17:08:13.158104Z","level":"info","event":"Task start","chan":"stdout","logger":"task"}
{"timestamp":"2025-09-26T17:08:13.163977Z","level":"info","event":"Task:<Task(PythonOperator): enrich_jobs>","chan":"stdout","logger":"task"}
{"timestamp":"2025-09-26T17:08:13.165180Z","level":"info","event":"Failure caused by Binder Error: Referenced column \"job_id\" not found in FROM clause!","chan":"stdout","logger":"task"}
{"timestamp":"2025-09-26T17:08:13.165419Z","level":"info","event":"Candidate bindings: \"job_link\", \"job title\", \"job description\", \"job flexibility\", \"soft_skills\"","chan":"stdout","logger":"task"}
{"timestamp":"2025-09-26T17:08:13.165532Z","level":"info","event":"","chan":"stdout","logger":"task"}
{"timestamp":"2025-09-26T17:08:13.165619Z","level":"info","event":"LINE 3:             WHERE job_id IN (SELECT job_id FROM raw_df)","chan":"stdout","logger":"task"}
{"timestamp":"2025-09-26T17:08:13.165735Z","level":"info","event":"                                            ^","chan":"stdout","logger":"task"}
{"timestamp":"2025-09-26T17:08:13.238625","level":"error","event":"Top level error","logger":"task","error_detail":[{"exc_type":"UndefinedError","exc_value":"'airflow.sdk.execution_time.task_runner.RuntimeTaskInstance object' has no attribute 'mark_success_url'","exc_notes":[],"syntax_error":null,"is_cause":false,"frames":[{"filename":"/home/morsi/venvs/airflow_3.0.6/lib/python3.12/site-packages/airflow/sdk/execution_time/task_runner.py","lineno":1353,"name":"main"},{"filename":"/home/morsi/venvs/airflow_3.0.6/lib/python3.12/site-packages/airflow/sdk/execution_time/task_runner.py","lineno":1330,"name":"finalize"},{"filename":"/home/morsi/venvs/airflow_3.0.6/lib/python3.12/site-packages/airflow/sdk/execution_time/task_runner.py","lineno":1161,"name":"_send_task_error_email"},{"filename":"/home/morsi/venvs/airflow_3.0.6/lib/python3.12/site-packages/airflow/models/taskinstance.py","lineno":411,"name":"_get_email_subject_content"},{"filename":"/home/morsi/venvs/airflow_3.0.6/lib/python3.12/site-packages/airflow/models/taskinstance.py","lineno":408,"name":"render"},{"filename":"/home/morsi/venvs/airflow_3.0.6/lib/python3.12/site-packages/airflow/utils/helpers.py","lineno":244,"name":"render_template_to_string"},{"filename":"/home/morsi/venvs/airflow_3.0.6/lib/python3.12/site-packages/airflow/utils/helpers.py","lineno":239,"name":"render_template"},{"filename":"<template>","lineno":26,"name":"root"},{"filename":"/home/morsi/venvs/airflow_3.0.6/lib/python3.12/site-packages/jinja2/runtime.py","lineno":859,"name":"_fail_with_undefined_error"}],"is_group":false,"exceptions":[]}]}
{"timestamp":"2025-09-26T17:08:13.882806Z","level":"warning","event":"Process exited abnormally","exit_code":1,"logger":"task"}
