{"timestamp":"2025-09-26T17:10:51.800790","level":"info","event":"DAG bundles loaded: dags-folder, example_dags","logger":"airflow.dag_processing.bundles.manager.DagBundlesManager"}
{"timestamp":"2025-09-26T17:10:51.801421","level":"info","event":"Filling up the DagBag from /home/morsi/airflow/dags/main_dag.py","logger":"airflow.models.dagbag.DagBag"}
{"timestamp":"2025-09-26T17:11:00.693934Z","level":"info","event":"Task instance is in running state","chan":"stdout","logger":"task"}
{"timestamp":"2025-09-26T17:11:00.695179Z","level":"info","event":" Previous state of the Task instance: TaskInstanceState.QUEUED","chan":"stdout","logger":"task"}
{"timestamp":"2025-09-26T17:11:00.695317Z","level":"info","event":"Current task name:scrape_jobs","chan":"stdout","logger":"task"}
{"timestamp":"2025-09-26T17:11:00.695379Z","level":"info","event":"Dag name:linkedin_jobs_pipeline","chan":"stdout","logger":"task"}
{"timestamp":"2025-09-26T17:11:00.696800Z","level":"info","event":"","chan":"stdout","logger":"task"}
{"timestamp":"2025-09-26T17:11:00.696913Z","level":"info","event":"Fetching page 1 (start=0)...","chan":"stdout","logger":"task"}
{"timestamp":"2025-09-26T17:11:01.520947Z","level":"info","event":"Found 10 items on page 1","chan":"stdout","logger":"task"}
{"timestamp":"2025-09-26T17:11:02.998974Z","level":"info","event":"Job 1: Customer Service Officer - Company: ALEXBANK - Location: Cairo, Egypt - Type: Full-Time - Flexibility: Remote","chan":"stdout","logger":"task"}
{"timestamp":"2025-09-26T17:11:09.624260Z","level":"info","event":"Job 2: Cabin Crew - Company: Nile Air - Location: Egypt - Type: Contract - Flexibility: On-Site","chan":"stdout","logger":"task"}
{"timestamp":"2025-09-26T17:11:12.528066Z","level":"info","event":"Job 3: Receptionist - Company: Al Ahly Momkn - Location: Cairo, Cairo, Egypt - Type: Full-Time - Flexibility: On-Site","chan":"stdout","logger":"task"}
{"timestamp":"2025-09-26T17:11:17.181601Z","level":"info","event":"Job 4: Cairo Cabin Crew Opportunities (Dubai Based, Relocation Provided) - Company: Emirates - Location: Cairo, Egypt - Type: Full-Time - Flexibility: On-Site","chan":"stdout","logger":"task"}
{"timestamp":"2025-09-26T17:11:20.676980Z","level":"info","event":"Job 5: HR Coordinator - Company: Aujan Coca-Cola Beverages Company (ACCBC) - Location: Giza, Al Jizah, Egypt - Type: Contract - Flexibility: On-Site","chan":"stdout","logger":"task"}
{"timestamp":"2025-09-26T17:11:29.234777Z","level":"info","event":"Job 6: Finance Data Entry Specialist - Company: Aujan Coca-Cola Beverages Company (ACCBC) - Location: Giza, Al Jizah, Egypt - Type: Contract - Flexibility: On-Site","chan":"stdout","logger":"task"}
{"timestamp":"2025-09-26T17:11:30.415764Z","level":"info","event":"Job 7: Affluent & Private Clients Relationship Manager - Company: ALEXBANK - Location: Cairo, Egypt - Type: Full-Time - Flexibility: On-Site","chan":"stdout","logger":"task"}
{"timestamp":"2025-09-26T17:11:39.626819Z","level":"info","event":"Job 8: Area Sales Manager - Company: Juhayna Food Industries - Location: Sawhāj, Suhaj, Egypt - Type: Full-Time - Flexibility: None","chan":"stdout","logger":"task"}
{"timestamp":"2025-09-26T17:11:49.421479Z","level":"info","event":"Job 9: Fresh Graduate - Company: بنك التعمير والإسكان HD Bank - Location: Cairo, Egypt - Type: Full-Time - Flexibility: On-Site","chan":"stdout","logger":"task"}
{"timestamp":"2025-09-26T17:11:51.342433Z","level":"info","event":"Job 10: Single Skilled Craft - R&M - Company: Unilever - Location: 6th of October, Al Jizah, Egypt - Type: Full-Time - Flexibility: Hybrid","chan":"stdout","logger":"task"}
{"timestamp":"2025-09-26T17:11:51.342561Z","level":"info","event":"Reached target of 10 jobs. Stopping.","chan":"stdout","logger":"task"}
{"timestamp":"2025-09-26T17:11:52.303510","level":"info","event":"Done. Returned value was: None","logger":"airflow.task.operators.airflow.providers.standard.operators.python.PythonOperator"}
{"timestamp":"2025-09-26T17:11:52.377526Z","level":"info","event":"Task instance in success state","chan":"stdout","logger":"task"}
{"timestamp":"2025-09-26T17:11:52.377647Z","level":"info","event":" Previous state of the Task instance: TaskInstanceState.RUNNING","chan":"stdout","logger":"task"}
{"timestamp":"2025-09-26T17:11:52.377855Z","level":"info","event":"Task operator:<Task(PythonOperator): scrape_jobs>","chan":"stdout","logger":"task"}
