{"timestamp":"2025-10-14T07:26:28.618558","level":"info","event":"DAG bundles loaded: dags-folder, example_dags","logger":"airflow.dag_processing.bundles.manager.DagBundlesManager"}
{"timestamp":"2025-10-14T07:26:28.623819","level":"info","event":"Filling up the DagBag from /home/morsi/airflow/dags/main_dag.py","logger":"airflow.models.dagbag.DagBag"}
{"timestamp":"2025-10-14T07:26:31.495447Z","level":"info","event":"Task instance is in running state","chan":"stdout","logger":"task"}
{"timestamp":"2025-10-14T07:26:31.495587Z","level":"info","event":" Previous state of the Task instance: TaskInstanceState.QUEUED","chan":"stdout","logger":"task"}
{"timestamp":"2025-10-14T07:26:31.495684Z","level":"info","event":"Current task name:scrape_jobs","chan":"stdout","logger":"task"}
{"timestamp":"2025-10-14T07:26:31.495721Z","level":"info","event":"Dag name:linkedin_jobs_pipeline","chan":"stdout","logger":"task"}
{"timestamp":"2025-10-14T07:26:31.497642Z","level":"info","event":"","chan":"stdout","logger":"task"}
{"timestamp":"2025-10-14T07:26:31.497718Z","level":"info","event":"Fetching page 1 (start=0)...","chan":"stdout","logger":"task"}
{"timestamp":"2025-10-14T07:26:38.064973Z","level":"info","event":"Found 10 items on page 1","chan":"stdout","logger":"task"}
{"timestamp":"2025-10-14T07:26:39.841656Z","level":"info","event":"Job 1: Receptionist - Company: Al Ahly Momkn - Location: Cairo, Cairo, Egypt - Type: Full-Time - Flexibility: On-Site","chan":"stdout","logger":"task"}
{"timestamp":"2025-10-14T07:26:51.357981Z","level":"info","event":"Job 2: Cairo Cabin Crew Opportunities (Dubai Based, Relocation Provided) - Company: Emirates - Location: New Cairo, Cairo, Egypt - Type: Full-Time - Flexibility: None","chan":"stdout","logger":"task"}
{"timestamp":"2025-10-14T07:27:04.104723Z","level":"info","event":"Job 3: Area Sales Manager - Company: Juhayna Food Industries - Location: Sawhāj, Suhaj, Egypt - Type: Full-Time - Flexibility: None","chan":"stdout","logger":"task"}
{"timestamp":"2025-10-14T07:27:09.303389Z","level":"info","event":"Job 4: HR Coordinator - Company: Aujan Coca-Cola Beverages Company (ACCBC) - Location: Giza, Al Jizah, Egypt - Type: Contract - Flexibility: On-Site","chan":"stdout","logger":"task"}
{"timestamp":"2025-10-14T07:27:14.349750Z","level":"info","event":"Job 5: Accountant - Company: Wadi Degla Trading & Engineering Projects - Egypro - Location: Cairo, Egypt - Type: Full-Time - Flexibility: On-Site","chan":"stdout","logger":"task"}
{"timestamp":"2025-10-14T07:27:24.874901Z","level":"info","event":"Job 6: Fresh Graduate - Company: بنك التعمير والإسكان HD Bank - Location: Cairo, Egypt - Type: Full-Time - Flexibility: None","chan":"stdout","logger":"task"}
{"timestamp":"2025-10-14T07:27:29.915340Z","level":"info","event":"Job 7: Executive Assistant - Company: Emirates NBD - Location: Cairo, Egypt - Type: Full-Time - Flexibility: On-Site","chan":"stdout","logger":"task"}
{"timestamp":"2025-10-14T07:27:33.290279Z","level":"info","event":"Job 8: Commis | IKEA | Cairo Festival City - Company: Al-Futtaim Automotive - Location: Cairo, Cairo, Egypt - Type: Full-Time - Flexibility: None","chan":"stdout","logger":"task"}
{"timestamp":"2025-10-14T07:27:38.014403Z","level":"info","event":"Job 9: Sales Consultant - Company: Wadi Degla Developments - Location: Cairo, Egypt - Type: Full-Time - Flexibility: Remote","chan":"stdout","logger":"task"}
{"timestamp":"2025-10-14T07:27:45.551533Z","level":"info","event":"Job 10: Sports Operations Officer - Sportswear & Facilities - Company: Wadi Degla Clubs Company S.A.E. - Location: Cairo, Egypt - Type: Full-Time - Flexibility: On-Site","chan":"stdout","logger":"task"}
{"timestamp":"2025-10-14T07:27:51.217843Z","level":"info","event":"","chan":"stdout","logger":"task"}
{"timestamp":"2025-10-14T07:27:51.218022Z","level":"info","event":"Fetching page 2 (start=10)...","chan":"stdout","logger":"task"}
{"timestamp":"2025-10-14T07:28:00.912144Z","level":"info","event":"Found 10 items on page 2","chan":"stdout","logger":"task"}
{"timestamp":"2025-10-14T07:28:02.836366Z","level":"info","event":"Job 11: Projects Manager - Company: Wadi Degla Clubs Company S.A.E. - Location: Cairo, Egypt - Type: Full-Time - Flexibility: On-Site","chan":"stdout","logger":"task"}
{"timestamp":"2025-10-14T07:28:09.061075Z","level":"info","event":"Job 12: International Leadership Trainee - Company: Coca-Cola HBC - Location: Cairo, Egypt - Type: Full-Time - Flexibility: None","chan":"stdout","logger":"task"}
{"timestamp":"2025-10-14T07:28:16.371131Z","level":"info","event":"Job 13: Department Assistant - Company: First Abu Dhabi Bank Misr (FABMISR) - Location: Cairo, Egypt - Type: Full-Time - Flexibility: On-Site","chan":"stdout","logger":"task"}
{"timestamp":"2025-10-14T07:28:30.760023Z","level":"info","event":"Job 14: Accountant - Company: Julphar - Location: Egypt - Type: Full-Time - Flexibility: Hybrid","chan":"stdout","logger":"task"}
{"timestamp":"2025-10-14T07:28:35.941750Z","level":"info","event":"Job 15: Team Leader - Accounts Receivable - Company: Juhayna Food Industries - Location: 6th of October, Cairo, Egypt - Type: Full-Time - Flexibility: Remote","chan":"stdout","logger":"task"}
{"timestamp":"2025-10-14T07:28:42.108953Z","level":"info","event":"Job 16: Team Leader - Product Development - Company: Juhayna Food Industries - Location: 6th of October, Cairo, Egypt - Type: Full-Time - Flexibility: Hybrid","chan":"stdout","logger":"task"}
{"timestamp":"2025-10-14T07:28:53.700081Z","level":"info","event":"Job 17: Accounts Payable Officer - Company: Emirates NBD - Location: Cairo, Egypt - Type: Full-Time - Flexibility: On-Site","chan":"stdout","logger":"task"}
{"timestamp":"2025-10-14T07:28:59.140405Z","level":"info","event":"Job 18: HR & Office Admin Specialist - Company: Julphar - Location: Egypt - Type: Full-Time - Flexibility: On-Site","chan":"stdout","logger":"task"}
{"timestamp":"2025-10-14T07:29:03.646640Z","level":"info","event":"Job 19: Call Center Agent (outsource) - Company: Abu Dhabi Islamic Bank - Egypt - Location: Cairo, Egypt - Type: Full-Time - Flexibility: On-Site","chan":"stdout","logger":"task"}
{"timestamp":"2025-10-14T07:29:15.752923Z","level":"info","event":"Job 20: Electrical Technician - Company: Unilever - Location: 6th of October, Al Jizah, Egypt - Type: Full-Time - Flexibility: Hybrid","chan":"stdout","logger":"task"}
{"timestamp":"2025-10-14T07:29:23.315792Z","level":"info","event":"","chan":"stdout","logger":"task"}
{"timestamp":"2025-10-14T07:29:23.315973Z","level":"info","event":"Fetching page 3 (start=20)...","chan":"stdout","logger":"task"}
{"timestamp":"2025-10-14T07:29:34.142978Z","level":"info","event":"Found 10 items on page 3","chan":"stdout","logger":"task"}
{"timestamp":"2025-10-14T07:29:38.714609Z","level":"info","event":"Job 21: Service Documentation Administrator - Company: Al-Mansour Automotive - Location: New Cairo, Cairo, Egypt - Type: Full-Time - Flexibility: On-Site","chan":"stdout","logger":"task"}
{"timestamp":"2025-10-14T07:29:42.922125Z","level":"info","event":"Job 22: Project Manager - Company: Emirates NBD - Location: Cairo, Egypt - Type: Full-Time - Flexibility: On-Site","chan":"stdout","logger":"task"}
{"timestamp":"2025-10-14T07:29:49.469613Z","level":"info","event":"Job 23: Interior Designer | IKEA | Cairo Festival City - Company: Al-Futtaim - Location: Cairo, Cairo, Egypt - Type: Full-Time - Flexibility: Remote","chan":"stdout","logger":"task"}
{"timestamp":"2025-10-14T07:29:53.927660Z","level":"info","event":"Job 24: وظيفة مسوق الكتروني - Company: إنجاز ميديا - EngazMedia - Location: Qesm 1st Nasser City, Cairo, Egypt - Type: Full-Time - Flexibility: None","chan":"stdout","logger":"task"}
{"timestamp":"2025-10-14T07:30:09.818771Z","level":"info","event":"Job 25: Receptionist - Company: Al-Mansour Automotive - Location: Cairo, Egypt - Type: Full-Time - Flexibility: On-Site","chan":"stdout","logger":"task"}
{"timestamp":"2025-10-14T07:30:17.226974Z","level":"info","event":"Job 26: Storekeeper - Company: Colas Rail Egypt كولاس ريل مصر - Location: South Sinai, Egypt - Type: Full-Time - Flexibility: None","chan":"stdout","logger":"task"}
{"timestamp":"2025-10-14T07:30:29.121182Z","level":"info","event":"Job 27: وظيفة مدير وسائط إجتماعية - Company: إنجاز ميديا - EngazMedia - Location: Qesm 1st Nasser City, Cairo, Egypt - Type: Full-Time - Flexibility: None","chan":"stdout","logger":"task"}
{"timestamp":"2025-10-14T07:30:33.109834Z","level":"info","event":"Job 28: Storekeeper - Company: Colas Rail Egypt كولاس ريل مصر - Location: Cairo, Cairo, Egypt - Type: Full-Time - Flexibility: None","chan":"stdout","logger":"task"}
{"timestamp":"2025-10-14T07:30:39.629791Z","level":"info","event":"Job 29: Admin Assistant - Company: Marriott International - Location: Cairo, Cairo, Egypt - Type: Full-Time - Flexibility: Remote","chan":"stdout","logger":"task"}
{"timestamp":"2025-10-14T07:30:44.554154Z","level":"info","event":"Job 30: Financial and Investment Analyst - Company: Wadi Degla Clubs Company S.A.E. - Location: Cairo, Egypt - Type: Full-Time - Flexibility: None","chan":"stdout","logger":"task"}
{"timestamp":"2025-10-14T07:30:50.999978Z","level":"info","event":"","chan":"stdout","logger":"task"}
{"timestamp":"2025-10-14T07:30:51.000236Z","level":"info","event":"Fetching page 4 (start=30)...","chan":"stdout","logger":"task"}
{"timestamp":"2025-10-14T07:30:52.229234Z","level":"info","event":"Found 10 items on page 4","chan":"stdout","logger":"task"}
{"timestamp":"2025-10-14T07:30:53.777380Z","level":"info","event":"Job 31: Relationship Officer – Business Banking - Company: Emirates NBD - Location: Cairo, Egypt - Type: Full-Time - Flexibility: On-Site","chan":"stdout","logger":"task"}
{"timestamp":"2025-10-14T07:31:04.358341Z","level":"info","event":"Job 32: Guest Service Agent (Telephone Operator) - Egyptians Only - Company: Kempinski Hotels - Location: Cairo, Cairo, Egypt - Type: Full-Time - Flexibility: Remote","chan":"stdout","logger":"task"}
{"timestamp":"2025-10-14T07:31:08.916265Z","level":"info","event":"Job 33: Branch Supply Chain Supervisor - Company: Abdullah Al Othaim Investment Co. - Location: Cairo, Egypt - Type: Full-Time - Flexibility: On-Site","chan":"stdout","logger":"task"}
{"timestamp":"2025-10-14T07:31:13.816437Z","level":"info","event":"Job 34: Private Banking Advisor - Company: Abu Dhabi Islamic Bank - Egypt - Location: Cairo, Egypt - Type: Full-Time - Flexibility: Remote","chan":"stdout","logger":"task"}
{"timestamp":"2025-10-14T07:31:19.782012Z","level":"info","event":"Job 35: Data Scientist - Company: Banque Misr - Location: Cairo, Cairo, Egypt - Type: Full-Time - Flexibility: Hybrid","chan":"stdout","logger":"task"}
{"timestamp":"2025-10-14T07:31:23.062710Z","level":"info","event":"Job 36: Private Advisor - Company: Banque Misr - Location: Cairo, Egypt - Type: Full-Time - Flexibility: On-Site","chan":"stdout","logger":"task"}
{"timestamp":"2025-10-14T07:31:31.441265Z","level":"info","event":"Job 37: Interior Designer | IKEA | Cairo Festival City - Company: Al-Futtaim Automotive - Location: Cairo, Cairo, Egypt - Type: Full-Time - Flexibility: Remote","chan":"stdout","logger":"task"}
{"timestamp":"2025-10-14T07:31:36.139228Z","level":"info","event":"Job 38: Retail Payroll Operations Officer - Company: Banque du Caire - Location: Cairo, Egypt - Type: Full-Time - Flexibility: On-Site","chan":"stdout","logger":"task"}
{"timestamp":"2025-10-14T07:31:45.580376Z","level":"info","event":"Job 39: وظيفة مندوب مبيعات - Company: إنجاز ميديا - EngazMedia - Location: Qesm 1st Nasser City, Cairo, Egypt - Type: Full-Time - Flexibility: On-Site","chan":"stdout","logger":"task"}
{"timestamp":"2025-10-14T07:31:48.989899Z","level":"info","event":"Job 40: Associate Operations Manager - Malls - Company: Talaat Moustafa Group - Location: New Cairo, Cairo, Egypt - Type: Full-Time - Flexibility: None","chan":"stdout","logger":"task"}
{"timestamp":"2025-10-14T07:31:55.038546Z","level":"info","event":"","chan":"stdout","logger":"task"}
{"timestamp":"2025-10-14T07:31:55.038818Z","level":"info","event":"Fetching page 5 (start=40)...","chan":"stdout","logger":"task"}
{"timestamp":"2025-10-14T07:31:56.519136Z","level":"info","event":"Found 10 items on page 5","chan":"stdout","logger":"task"}
{"timestamp":"2025-10-14T07:32:01.653119Z","level":"info","event":"Job 41: Chairman & CEO Office Manager - Company: Misr Technology Services - Location: Heliopolis, Cairo, Egypt - Type: Full-Time - Flexibility: On-Site","chan":"stdout","logger":"task"}
{"timestamp":"2025-10-14T07:32:06.427458Z","level":"info","event":"Job 42: Accounts Receivable Accountant - Cairo - Company: Imdad - Location: Cairo, Cairo, Egypt - Type: Full-Time - Flexibility: On-Site","chan":"stdout","logger":"task"}
{"timestamp":"2025-10-14T07:32:15.856102Z","level":"info","event":"Job 43: Customer Service Agent [Arabic] - Company: Talent 360 ME - Location: Cairo, Cairo, Egypt - Type: Full-Time - Flexibility: Remote","chan":"stdout","logger":"task"}
{"timestamp":"2025-10-14T07:32:18.961760Z","level":"info","event":"Job 44: Corporate Service Officer/ Senior Officer - Company: Abu Dhabi Islamic Bank - Egypt - Location: Cairo, Egypt - Type: Full-Time - Flexibility: On-Site","chan":"stdout","logger":"task"}
{"timestamp":"2025-10-14T07:32:22.608172Z","level":"info","event":"Job 45: Cashier - Company: Sharaf DG Egypt - Location: Cairo, Egypt - Type: Full-Time - Flexibility: On-Site","chan":"stdout","logger":"task"}
{"timestamp":"2025-10-14T07:32:34.570932Z","level":"info","event":"Job 46: Facility Management Supervisor - Company: Al-Mansour Automotive - Location: Cairo, Cairo, Egypt - Type: Full-Time - Flexibility: On-Site","chan":"stdout","logger":"task"}
{"timestamp":"2025-10-14T07:32:41.154611Z","level":"info","event":"Job 47: DRAFTSMAN - Company: ELSEWEDY ELECTRIC - Location: Cairo, Cairo, Egypt - Type: Full-Time - Flexibility: On-Site","chan":"stdout","logger":"task"}
{"timestamp":"2025-10-14T07:32:47.772995Z","level":"info","event":"Job 48: Customer Service Associate - Company: Amazon - Location: Cairo, Cairo, Egypt - Type: Full-Time - Flexibility: On-Site","chan":"stdout","logger":"task"}
{"timestamp":"2025-10-14T07:32:58.327678Z","level":"info","event":"Job 49: Data Operation & Support Specialist/ Analyst/ Senior Analyst - Company: Banque Misr - Location: Cairo, Cairo, Egypt - Type: Full-Time - Flexibility: None","chan":"stdout","logger":"task"}
{"timestamp":"2025-10-14T07:33:06.058520Z","level":"info","event":"Job 50: Document Controller 1 - Company: Colas Rail Egypt كولاس ريل مصر - Location: Qesm Heliopolis, Cairo, Egypt - Type: Full-Time - Flexibility: On-Site","chan":"stdout","logger":"task"}
{"timestamp":"2025-10-14T07:33:15.756195Z","level":"info","event":"","chan":"stdout","logger":"task"}
{"timestamp":"2025-10-14T07:33:15.756408Z","level":"info","event":"Fetching page 6 (start=50)...","chan":"stdout","logger":"task"}
{"timestamp":"2025-10-14T07:33:26.473428Z","level":"info","event":"Found 10 items on page 6","chan":"stdout","logger":"task"}
{"timestamp":"2025-10-14T07:33:29.795362Z","level":"info","event":"Job 51: Development Engineer - Company: Wadi Degla Developments - Location: Cairo, Cairo, Egypt - Type: Full-Time - Flexibility: On-Site","chan":"stdout","logger":"task"}
{"timestamp":"2025-10-14T07:33:35.330209Z","level":"info","event":"Job 52: Administrative Executive - Company: Toyota Egypt Group - Location: Cairo, Egypt - Type: Full-Time - Flexibility: On-Site","chan":"stdout","logger":"task"}
{"timestamp":"2025-10-14T07:33:39.794262Z","level":"info","event":"Job 53: محاسب - Company: AlRyada University - Location: Egypt - Type: Full-Time - Flexibility: On-Site","chan":"stdout","logger":"task"}
{"timestamp":"2025-10-14T07:33:43.534906Z","level":"info","event":"Job 54: Data Science Specialist - Company: Banque Misr - Location: Cairo, Cairo, Egypt - Type: Full-Time - Flexibility: Hybrid","chan":"stdout","logger":"task"}
{"timestamp":"2025-10-14T07:33:49.825166Z","level":"info","event":"Job 55: Assistant Director of Engineering - Company: Mövenpick Hotels & Resorts - Location: 6th of October, Al Jizah, Egypt - Type: Full-Time - Flexibility: None","chan":"stdout","logger":"task"}
{"timestamp":"2025-10-14T07:34:01.720889Z","level":"info","event":"Job 56: Receptionist & Travel Coordinator - Company: Colas Rail Egypt كولاس ريل مصر - Location: Cairo, Cairo, Egypt - Type: Full-Time - Flexibility: On-Site","chan":"stdout","logger":"task"}
{"timestamp":"2025-10-14T07:34:07.171418Z","level":"info","event":"Job 57: Site Civil Engineer - Company: ELSEWEDY ELECTRIC - Location: North Sinai, Egypt - Type: Full-Time - Flexibility: On-Site","chan":"stdout","logger":"task"}
{"timestamp":"2025-10-14T07:34:13.174384Z","level":"info","event":"Job 58: Document Controller 2 - Company: Colas Rail Egypt كولاس ريل مصر - Location: Qesm Heliopolis, Cairo, Egypt - Type: Full-Time - Flexibility: On-Site","chan":"stdout","logger":"task"}
{"timestamp":"2025-10-14T07:34:16.753828Z","level":"info","event":"Job 59: Administration Supervisor - Company: Toyota Egypt Group - Location: Cairo, Egypt - Type: Full-Time - Flexibility: On-Site","chan":"stdout","logger":"task"}
{"timestamp":"2025-10-14T07:34:23.358936Z","level":"info","event":"Job 60: Customer Service Officer - VOX Cinemas - Company: Majid Al Futtaim - Location: Cairo, Egypt - Type: Full-Time - Flexibility: Remote","chan":"stdout","logger":"task"}
{"timestamp":"2025-10-14T07:34:29.698582Z","level":"info","event":"","chan":"stdout","logger":"task"}
{"timestamp":"2025-10-14T07:34:29.698702Z","level":"info","event":"Fetching page 7 (start=60)...","chan":"stdout","logger":"task"}
{"timestamp":"2025-10-14T07:34:30.622888Z","level":"info","event":"Found 10 items on page 7","chan":"stdout","logger":"task"}
{"timestamp":"2025-10-14T07:34:31.600546Z","level":"info","event":"Job 61: Accountant - Company: Arabian Construction Co. - Location: Cairo, Egypt - Type: Full-Time - Flexibility: On-Site","chan":"stdout","logger":"task"}
{"timestamp":"2025-10-14T07:34:34.786982Z","level":"info","event":"Job 62: Relationship Manager - Corporate & Institutional Banking - Company: Emirates NBD - Location: Cairo, Egypt - Type: Full-Time - Flexibility: None","chan":"stdout","logger":"task"}
{"timestamp":"2025-10-14T07:34:49.009639Z","level":"info","event":"Job 63: Data Analyst - Supply Chain - Company: Homzmart - Location: Cairo, Cairo, Egypt - Type: Full-Time - Flexibility: None","chan":"stdout","logger":"task"}
{"timestamp":"2025-10-14T07:34:54.138964Z","level":"info","event":"Job 64: وظيفة مدير حسابات العملاء - Company: إنجاز ميديا - EngazMedia - Location: Qesm 1st Nasser City, Cairo, Egypt - Type: Full-Time - Flexibility: On-Site","chan":"stdout","logger":"task"}
{"timestamp":"2025-10-14T07:34:57.375359Z","level":"info","event":"Job 65: مساعد مدرس - Company: Abwaab - Location: Cairo, Cairo, Egypt - Type: Full-Time - Flexibility: On-Site","chan":"stdout","logger":"task"}
{"timestamp":"2025-10-14T07:35:01.836718Z","level":"info","event":"Job 66: Executive Assistant - HR & Finance - Company: The HEINEKEN Company - Location: Cairo, Cairo, Egypt - Type: Full-Time - Flexibility: On-Site","chan":"stdout","logger":"task"}
{"timestamp":"2025-10-14T07:35:08.432560Z","level":"info","event":"Job 67: Admin Assistant - Company: Marriott International - Location: Cairo, Cairo, Egypt - Type: Full-Time - Flexibility: Remote","chan":"stdout","logger":"task"}
{"timestamp":"2025-10-14T07:35:13.573967Z","level":"info","event":"Job 68: Call Center Representative - Company: Emirates NBD - Location: Cairo, Egypt - Type: Full-Time - Flexibility: None","chan":"stdout","logger":"task"}
{"timestamp":"2025-10-14T07:35:18.781426Z","level":"info","event":"Job 69: Teller - Company: Emirates NBD - Location: Cairo, Egypt - Type: Full-Time - Flexibility: On-Site","chan":"stdout","logger":"task"}
{"timestamp":"2025-10-14T07:35:22.980718Z","level":"info","event":"Job 70: Site Engineer - Company: Nawy - Location: Qesm El Maadi, Cairo, Egypt - Type: Full-Time - Flexibility: On-Site","chan":"stdout","logger":"task"}
{"timestamp":"2025-10-14T07:35:30.583631Z","level":"info","event":"","chan":"stdout","logger":"task"}
{"timestamp":"2025-10-14T07:35:30.583816Z","level":"info","event":"Fetching page 8 (start=70)...","chan":"stdout","logger":"task"}
{"timestamp":"2025-10-14T07:35:31.503573Z","level":"info","event":"Found 10 items on page 8","chan":"stdout","logger":"task"}
{"timestamp":"2025-10-14T07:35:32.346385Z","level":"info","event":"Job 71: Trade Officer – Business Banking - Company: Emirates NBD - Location: Cairo, Egypt - Type: Full-Time - Flexibility: On-Site","chan":"stdout","logger":"task"}
{"timestamp":"2025-10-14T07:35:38.606583Z","level":"info","event":"Job 72: Contract Administrator - Company: Arabian Construction Co. - Location: New Cairo, Cairo, Egypt - Type: Full-Time - Flexibility: On-Site","chan":"stdout","logger":"task"}
{"timestamp":"2025-10-14T07:35:44.176642Z","level":"info","event":"Job 73: AutoCAD Designer - Company: Dkhoon Emirates - Location: Cairo, Cairo, Egypt - Type: Full-Time - Flexibility: On-Site","chan":"stdout","logger":"task"}
{"timestamp":"2025-10-14T07:35:47.401144Z","level":"info","event":"Job 74: Admin Assistant - Company: Marriott International - Location: Cairo, Cairo, Egypt - Type: Full-Time - Flexibility: Remote","chan":"stdout","logger":"task"}
{"timestamp":"2025-10-14T07:35:52.075601Z","level":"info","event":"Job 75: Medical Representative - Company: Julphar - Location: Egypt - Type: Full-Time - Flexibility: On-Site","chan":"stdout","logger":"task"}
{"timestamp":"2025-10-14T07:35:58.319820Z","level":"info","event":"Job 76: AR Accountant - Company: Schindler Middle East & North Africa - Location: New Cairo, Cairo, Egypt - Type: Full-Time - Flexibility: On-Site","chan":"stdout","logger":"task"}
{"timestamp":"2025-10-14T07:36:02.568099Z","level":"info","event":"Job 77: Sales Admin - Company: Nawy - Location: Cairo, Cairo, Egypt - Type: Full-Time - Flexibility: On-Site","chan":"stdout","logger":"task"}
{"timestamp":"2025-10-14T07:36:05.873087Z","level":"info","event":"Job 78: Medical Representative - Company: Julphar - Location: Egypt - Type: Full-Time - Flexibility: On-Site","chan":"stdout","logger":"task"}
{"timestamp":"2025-10-14T07:36:10.171016Z","level":"info","event":"Job 79: Admin Assistant - Company: ElSewedy Engineering Industries SEI - Location: Giza, Al Jizah, Egypt - Type: Full-Time - Flexibility: On-Site","chan":"stdout","logger":"task"}
{"timestamp":"2025-10-14T07:36:16.352981Z","level":"info","event":"Job 80: Assistant Sales manager - Company: Mövenpick Hotels & Resorts - Location: Hurghada, Al Bahr al Ahmar, Egypt - Type: Full-Time - Flexibility: On-Site","chan":"stdout","logger":"task"}
{"timestamp":"2025-10-14T07:36:25.519685Z","level":"info","event":"","chan":"stdout","logger":"task"}
{"timestamp":"2025-10-14T07:36:25.519996Z","level":"info","event":"Fetching page 9 (start=80)...","chan":"stdout","logger":"task"}
{"timestamp":"2025-10-14T07:36:26.354631Z","level":"info","event":"Found 10 items on page 9","chan":"stdout","logger":"task"}
{"timestamp":"2025-10-14T07:36:27.283825Z","level":"info","event":"Job 81: Medical Representative - Company: Julphar - Location: Egypt - Type: Full-Time - Flexibility: On-Site","chan":"stdout","logger":"task"}
{"timestamp":"2025-10-14T07:36:34.155676Z","level":"info","event":"Job 82: Medical Representative - Company: Julphar - Location: Egypt - Type: Full-Time - Flexibility: On-Site","chan":"stdout","logger":"task"}
{"timestamp":"2025-10-14T07:36:37.704464Z","level":"info","event":"Job 83: Medical Representative - Company: Julphar - Location: Egypt - Type: Full-Time - Flexibility: On-Site","chan":"stdout","logger":"task"}
{"timestamp":"2025-10-14T07:36:40.916564Z","level":"info","event":"Job 84: Teller Vacancies - New Cairo, Heliopolis and Nasr City - Company: QNB Egypt - Location: Cairo, Egypt - Type: Full-Time - Flexibility: On-Site","chan":"stdout","logger":"task"}
{"timestamp":"2025-10-14T07:36:46.241798Z","level":"info","event":"Job 85: Medical Representative - Company: Julphar - Location: Egypt - Type: Full-Time - Flexibility: On-Site","chan":"stdout","logger":"task"}
{"timestamp":"2025-10-14T07:36:53.657576Z","level":"info","event":"Job 86: Supply Chain Junior Officer - Company: Alkhorayef Petroleum Company - Location: Cairo, Egypt - Type: Full-Time - Flexibility: On-Site","chan":"stdout","logger":"task"}
{"timestamp":"2025-10-14T07:36:57.819999Z","level":"info","event":"Job 87: Product Owner - Company: Banque Misr - Location: Cairo, Cairo, Egypt - Type: Full-Time - Flexibility: Hybrid","chan":"stdout","logger":"task"}
{"timestamp":"2025-10-14T07:37:02.231682Z","level":"info","event":"Job 88: Logistics Specialist - Company: Nawy - Location: Qesm El Maadi, Cairo, Egypt - Type: Full-Time - Flexibility: On-Site","chan":"stdout","logger":"task"}
{"timestamp":"2025-10-14T07:37:09.894799Z","level":"info","event":"Job 89: Collection Officer - Company: Halan - حالا - Location: Giza, Al Jizah, Egypt - Type: Full-Time - Flexibility: Hybrid","chan":"stdout","logger":"task"}
{"timestamp":"2025-10-14T07:37:13.799976Z","level":"info","event":"Job 90: Site Civil Engineer - Company: ELSEWEDY ELECTRIC - Location: Ain Sokhna, As Suways, Egypt - Type: Full-Time - Flexibility: On-Site","chan":"stdout","logger":"task"}
{"timestamp":"2025-10-14T07:37:22.661053Z","level":"info","event":"","chan":"stdout","logger":"task"}
{"timestamp":"2025-10-14T07:37:22.661423Z","level":"info","event":"Fetching page 10 (start=90)...","chan":"stdout","logger":"task"}
{"timestamp":"2025-10-14T07:37:23.338778Z","level":"info","event":"Found 10 items on page 10","chan":"stdout","logger":"task"}
{"timestamp":"2025-10-14T07:37:24.460493Z","level":"info","event":"Job 91: Admin Assistant - Company: Marriott International - Location: Cairo, Cairo, Egypt - Type: Full-Time - Flexibility: Remote","chan":"stdout","logger":"task"}
{"timestamp":"2025-10-14T07:37:28.603688Z","level":"info","event":"Job 92: Admin Assistant - Company: Marriott International - Location: Cairo, Cairo, Egypt - Type: Full-Time - Flexibility: Remote","chan":"stdout","logger":"task"}
{"timestamp":"2025-10-14T07:37:33.873169Z","level":"info","event":"Job 93: Product Manager - Company: Halan - حالا - Location: Giza, Al Jizah, Egypt - Type: Full-Time - Flexibility: None","chan":"stdout","logger":"task"}
{"timestamp":"2025-10-14T07:37:43.239296Z","level":"info","event":"Job 94: Customer Service Coordinator (Mall of Egypt) - Company: Majid Al Futtaim - Location: 6th of October, Al Jizah, Egypt - Type: Full-Time - Flexibility: On-Site","chan":"stdout","logger":"task"}
{"timestamp":"2025-10-14T07:37:46.693487Z","level":"info","event":"Job 95: Assistant People & Culture Manager - Company: Mövenpick Hotels & Resorts - Location: Egypt - Type: Full-Time - Flexibility: On-Site","chan":"stdout","logger":"task"}
{"timestamp":"2025-10-14T07:37:52.759596Z","level":"info","event":"Job 96: Retail Sales Executive - Company: Al-Mansour Automotive - Location: Cairo, Egypt - Type: Full-Time - Flexibility: Remote","chan":"stdout","logger":"task"}
{"timestamp":"2025-10-14T07:37:59.529598Z","level":"info","event":"Job 97: Social Media Moderator - Sheikh Zayed - Company: Talent 360 ME - Location: Qesm El Sheikh Zaid, Al Jizah, Egypt - Type: Full-Time - Flexibility: Remote","chan":"stdout","logger":"task"}
{"timestamp":"2025-10-14T07:38:05.946026Z","level":"info","event":"Job 98: Medical Representative - Company: Julphar - Location: Egypt - Type: Full-Time - Flexibility: On-Site","chan":"stdout","logger":"task"}
{"timestamp":"2025-10-14T07:38:12.678264Z","level":"info","event":"Job 99: Medical Representative - Company: Julphar - Location: Egypt - Type: Full-Time - Flexibility: On-Site","chan":"stdout","logger":"task"}
{"timestamp":"2025-10-14T07:38:20.808231Z","level":"info","event":"Job 100: Customer Service Executive - Egypt , Remote - Company: The Luxury Closet - Location: Cairo, Cairo, Egypt - Type: Full-Time - Flexibility: Remote","chan":"stdout","logger":"task"}
{"timestamp":"2025-10-14T07:38:27.462802Z","level":"info","event":"","chan":"stdout","logger":"task"}
{"timestamp":"2025-10-14T07:38:27.462980Z","level":"info","event":"Fetching page 11 (start=100)...","chan":"stdout","logger":"task"}
{"timestamp":"2025-10-14T07:38:28.318149Z","level":"info","event":"Found 10 items on page 11","chan":"stdout","logger":"task"}
{"timestamp":"2025-10-14T07:38:29.014557Z","level":"info","event":"Job 101: Electronics (Maintenance) Technician (Onsite - Malta) - Company: Magro Brothers - Location: Egypt - Type: Full-Time - Flexibility: Remote","chan":"stdout","logger":"task"}
{"timestamp":"2025-10-14T07:38:33.422183Z","level":"info","event":"Job 102: Venue Services Supervisor - Company: Orascom Investment Holding - Location: Al Jizah, Egypt - Type: Full-Time - Flexibility: None","chan":"stdout","logger":"task"}
{"timestamp":"2025-10-14T07:38:37.508350Z","level":"info","event":"Job 103: Electrical Engineer - Company: ElSewedy Engineering Industries SEI - Location: Giza, Al Jizah, Egypt - Type: Full-Time - Flexibility: On-Site","chan":"stdout","logger":"task"}
{"timestamp":"2025-10-14T07:38:40.705560Z","level":"info","event":"Job 104: Messenger - Company: Nawy - Location: Cairo, Cairo, Egypt - Type: Full-Time - Flexibility: On-Site","chan":"stdout","logger":"task"}
{"timestamp":"2025-10-14T07:38:46.636589Z","level":"info","event":"Job 105: Admin Assistant - Company: Marriott International - Location: Cairo, Cairo, Egypt - Type: Full-Time - Flexibility: Remote","chan":"stdout","logger":"task"}
{"timestamp":"2025-10-14T07:38:55.719712Z","level":"info","event":"Job 106: AutoCad Operator (Cairo) - Company: Talent 360 ME - Location: 6th of October, Al Jizah, Egypt - Type: Full-Time - Flexibility: On-Site","chan":"stdout","logger":"task"}
{"timestamp":"2025-10-14T07:38:58.785562Z","level":"info","event":"Job 107: Junior Document Controller ( Nasr City) - Company: Talent 360 ME - Location: Nasr City, Cairo, Egypt - Type: Full-Time - Flexibility: On-Site","chan":"stdout","logger":"task"}
{"timestamp":"2025-10-14T07:39:05.529828Z","level":"info","event":"Job 108: Striker - Alexandria - Company: Red Bull - Location: Alexandria, Alexandria, Egypt - Type: Full-Time - Flexibility: On-Site","chan":"stdout","logger":"task"}
{"timestamp":"2025-10-14T07:39:10.188926Z","level":"info","event":"Job 109: Admin Assistant - Company: Marriott International - Location: Cairo, Cairo, Egypt - Type: Full-Time - Flexibility: Remote","chan":"stdout","logger":"task"}
{"timestamp":"2025-10-14T07:39:16.629970Z","level":"info","event":"Job 110: Admin Assistant - Company: Marriott International - Location: Cairo, Cairo, Egypt - Type: Full-Time - Flexibility: Remote","chan":"stdout","logger":"task"}
{"timestamp":"2025-10-14T07:39:23.083017Z","level":"info","event":"","chan":"stdout","logger":"task"}
{"timestamp":"2025-10-14T07:39:23.083205Z","level":"info","event":"Fetching page 12 (start=110)...","chan":"stdout","logger":"task"}
{"timestamp":"2025-10-14T07:39:23.726544Z","level":"info","event":"Found 10 items on page 12","chan":"stdout","logger":"task"}
{"timestamp":"2025-10-14T07:39:24.686648Z","level":"info","event":"Job 111: Customer Service Officer.CXC - RBG - Direct Banking Centre-Egypt COE.Client Experience and Conduct Group-MEGPCOE - Company: Mashreq Corporate & Investment Banking Group - Location: Egypt - Type: Full-Time - Flexibility: Remote","chan":"stdout","logger":"task"}
{"timestamp":"2025-10-14T07:39:31.853936Z","level":"info","event":"Job 112: Data Business Analysis Specialist/ Analyst/ Senior Analyst - Company: Banque Misr - Location: Cairo, Cairo, Egypt - Type: Full-Time - Flexibility: None","chan":"stdout","logger":"task"}
{"timestamp":"2025-10-14T07:39:39.151936Z","level":"info","event":"Job 113: Junior Data Engineer - Company: Halan - حالا - Location: Cairo, Cairo, Egypt - Type: Full-Time - Flexibility: Remote","chan":"stdout","logger":"task"}
{"timestamp":"2025-10-14T07:39:43.505424Z","level":"info","event":"Job 114: Purchasing Supervisor - Company: Talaat Moustafa Group - Location: Cairo, Egypt - Type: Full-Time - Flexibility: None","chan":"stdout","logger":"task"}
{"timestamp":"2025-10-14T07:39:50.187375Z","level":"info","event":"Job 115: Medical Representative - Company: Julphar - Location: Egypt - Type: Full-Time - Flexibility: On-Site","chan":"stdout","logger":"task"}
{"timestamp":"2025-10-14T07:39:56.341579Z","level":"info","event":"Job 116: Officer, Retail Credit Admin - Company: Mashreq - Location: Egypt - Type: Full-Time - Flexibility: On-Site","chan":"stdout","logger":"task"}
{"timestamp":"2025-10-14T07:40:05.548213Z","level":"info","event":"Job 117: Admin Assistant - Company: Marriott International - Location: Cairo, Cairo, Egypt - Type: Full-Time - Flexibility: Remote","chan":"stdout","logger":"task"}
{"timestamp":"2025-10-14T07:40:09.555850Z","level":"info","event":"Job 118: Adminstrative Assistant - Company: Schindler Middle East & North Africa - Location: New Cairo, Cairo, Egypt - Type: Full-Time - Flexibility: On-Site","chan":"stdout","logger":"task"}
{"timestamp":"2025-10-14T07:40:15.015458Z","level":"info","event":"Job 119: Front Desk Receptionist - Company: Arabian Construction Co. - Location: Cairo, Egypt - Type: Full-Time - Flexibility: On-Site","chan":"stdout","logger":"task"}
{"timestamp":"2025-10-14T07:40:19.851706Z","level":"info","event":"Job 120: Junior Software Engineer - Company: Halan - حالا - Location: Cairo, Cairo, Egypt - Type: Full-Time - Flexibility: Remote","chan":"stdout","logger":"task"}
{"timestamp":"2025-10-14T07:40:25.562338Z","level":"info","event":"","chan":"stdout","logger":"task"}
{"timestamp":"2025-10-14T07:40:25.562532Z","level":"info","event":"Fetching page 13 (start=120)...","chan":"stdout","logger":"task"}
{"timestamp":"2025-10-14T07:40:26.211294Z","level":"info","event":"Found 10 items on page 13","chan":"stdout","logger":"task"}
{"timestamp":"2025-10-14T07:40:27.151435Z","level":"info","event":"Job 121: IT Specialist - Company: Nawy - Location: Cairo, Cairo, Egypt - Type: Full-Time - Flexibility: On-Site","chan":"stdout","logger":"task"}
{"timestamp":"2025-10-14T07:40:30.375123Z","level":"info","event":"Job 122: Finance Controller - Company: Nawy - Location: Cairo, Cairo, Egypt - Type: Full-Time - Flexibility: None","chan":"stdout","logger":"task"}
{"timestamp":"2025-10-14T07:40:39.167121Z","level":"info","event":"Job 123: Technical Office Engineer (Furniture) - Company: Homzmart - Location: Cairo, Cairo, Egypt - Type: Full-Time - Flexibility: On-Site","chan":"stdout","logger":"task"}
{"timestamp":"2025-10-14T07:40:42.213189Z","level":"info","event":"Job 124: Relationship Officer - Company: Crédit Agricole Egypt - Location: Cairo, Egypt - Type: Full-Time - Flexibility: On-Site","chan":"stdout","logger":"task"}
{"timestamp":"2025-10-14T07:40:46.627486Z","level":"info","event":"Job 125: Receptionist - Company: Majid Al Futtaim - Location: Cairo, Cairo, Egypt - Type: Full-Time - Flexibility: On-Site","chan":"stdout","logger":"task"}
{"timestamp":"2025-10-14T07:40:50.634074Z","level":"info","event":"Job 126: Admin Assistant - Company: Marriott International - Location: Cairo, Cairo, Egypt - Type: Full-Time - Flexibility: Remote","chan":"stdout","logger":"task"}
{"timestamp":"2025-10-14T07:40:56.572248Z","level":"info","event":"Job 127: Admin Assistant - Company: Marriott International - Location: Cairo, Cairo, Egypt - Type: Full-Time - Flexibility: Remote","chan":"stdout","logger":"task"}
{"timestamp":"2025-10-14T07:41:00.005758Z","level":"info","event":"Job 128: Accounts Payable Accountant ( AP) - Company: Tagaddod - Location: Qesm El Maadi, Cairo, Egypt - Type: Full-Time - Flexibility: On-Site","chan":"stdout","logger":"task"}
{"timestamp":"2025-10-14T07:41:03.318993Z","level":"info","event":"Job 129: MG-Workshop Team Leader - Company: Al-Mansour Automotive - Location: Cairo, Egypt - Type: Full-Time - Flexibility: On-Site","chan":"stdout","logger":"task"}
{"timestamp":"2025-10-14T07:41:08.978362Z","level":"info","event":"Job 130: CONSERJE (BANI) - Company: Banco Popular Dominicano - Location: Bani Mazar, Al Minya, Egypt - Type: Full-Time - Flexibility: None","chan":"stdout","logger":"task"}
{"timestamp":"2025-10-14T07:41:18.280040Z","level":"info","event":"","chan":"stdout","logger":"task"}
{"timestamp":"2025-10-14T07:41:18.299564Z","level":"info","event":"Fetching page 14 (start=130)...","chan":"stdout","logger":"task"}
{"timestamp":"2025-10-14T07:41:19.008077Z","level":"info","event":"Found 10 items on page 14","chan":"stdout","logger":"task"}
{"timestamp":"2025-10-14T07:41:19.633512Z","level":"info","event":"Job 131: Project Management Officer - Company: MUSE - Location: Cairo, Cairo, Egypt - Type: Full-Time - Flexibility: On-Site","chan":"stdout","logger":"task"}
{"timestamp":"2025-10-14T07:41:24.569366Z","level":"info","event":"Job 132: Medical Assistant - Company: Medi-Weightloss® - Location: Al Jizah, Egypt - Type: Full-Time - Flexibility: On-Site","chan":"stdout","logger":"task"}
{"timestamp":"2025-10-14T07:41:31.125882Z","level":"info","event":"Job 133: Logistics Coordinator - Company: Tagaddod - Location: Cairo, Cairo, Egypt - Type: Full-Time - Flexibility: On-Site","chan":"stdout","logger":"task"}
{"timestamp":"2025-10-14T07:41:35.029013Z","level":"info","event":"Job 134: Administration Manager - Company: Hyde Park Developments - Location: Cairo, Cairo, Egypt - Type: Full-Time - Flexibility: On-Site","chan":"stdout","logger":"task"}
{"timestamp":"2025-10-14T07:41:38.711066Z","level":"info","event":"Job 135: Client Experience Executive – Showroom - Company: Al-Mansour Automotive - Location: Giza, Al Jizah, Egypt - Type: Full-Time - Flexibility: Remote","chan":"stdout","logger":"task"}
{"timestamp":"2025-10-14T07:41:45.164240Z","level":"info","event":"Job 136: HR Officer – Egypt - Company: Dkhoon Emirates - Location: Cairo, Cairo, Egypt - Type: Full-Time - Flexibility: On-Site","chan":"stdout","logger":"task"}
{"timestamp":"2025-10-14T07:41:54.253538Z","level":"info","event":"Job 137: Senior Accountant - Company: SANTECHTURE - Location: Cairo, Cairo, Egypt - Type: Full-Time - Flexibility: On-Site","chan":"stdout","logger":"task"}
{"timestamp":"2025-10-14T07:42:00.791510Z","level":"info","event":"Job 138: Admin Assistant - Company: Marriott International - Location: Cairo, Cairo, Egypt - Type: Full-Time - Flexibility: Remote","chan":"stdout","logger":"task"}
{"timestamp":"2025-10-14T07:42:03.861372Z","level":"info","event":"Job 139: Senior Accounts Receivable Accountant - Company: Nawy - Location: Cairo, Cairo, Egypt - Type: Full-Time - Flexibility: On-Site","chan":"stdout","logger":"task"}
{"timestamp":"2025-10-14T07:42:07.175575Z","level":"info","event":"Job 140: Guest Relations Super Visor - Company: Mövenpick Hotels & Resorts - Location: Hurghada, Al Bahr al Ahmar, Egypt - Type: Full-Time - Flexibility: Hybrid","chan":"stdout","logger":"task"}
{"timestamp":"2025-10-14T07:42:15.133574Z","level":"info","event":"","chan":"stdout","logger":"task"}
{"timestamp":"2025-10-14T07:42:15.134335Z","level":"info","event":"Fetching page 15 (start=140)...","chan":"stdout","logger":"task"}
{"timestamp":"2025-10-14T07:42:15.905544Z","level":"info","event":"Found 10 items on page 15","chan":"stdout","logger":"task"}
{"timestamp":"2025-10-14T07:42:16.605996Z","level":"info","event":"Job 141: Junior Document Controller - Company: ELSEWEDY ELECTRIC - Location: New Cairo, Cairo, Egypt - Type: Full-Time - Flexibility: On-Site","chan":"stdout","logger":"task"}
{"timestamp":"2025-10-14T07:42:24.630611Z","level":"info","event":"Job 142: Procurement Officer | Pan Marine Shipping Services - Company: PAN MARINE GROUP - Location: Cairo, Cairo, Egypt - Type: Full-Time - Flexibility: On-Site","chan":"stdout","logger":"task"}
{"timestamp":"2025-10-14T07:42:28.703102Z","level":"info","event":"Job 143: Sales Administrator - Company: Nawy - Location: Cairo, Cairo, Egypt - Type: Full-Time - Flexibility: On-Site","chan":"stdout","logger":"task"}
{"timestamp":"2025-10-14T07:42:33.833426Z","level":"info","event":"Job 144: Admin Assistant - Company: Marriott International - Location: Cairo, Cairo, Egypt - Type: Full-Time - Flexibility: Remote","chan":"stdout","logger":"task"}
{"timestamp":"2025-10-14T07:42:38.888615Z","level":"info","event":"Job 145: Senior Product Manager - Company: Al Ahly Momkn - Location: Cairo, Cairo, Egypt - Type: Full-Time - Flexibility: Hybrid","chan":"stdout","logger":"task"}
{"timestamp":"2025-10-14T07:42:42.095928Z","level":"info","event":"Job 146: Admin Assistant - Company: PaxeraHealth - Location: Cairo, Cairo, Egypt - Type: Full-Time - Flexibility: On-Site","chan":"stdout","logger":"task"}
{"timestamp":"2025-10-14T07:42:46.216932Z","level":"info","event":"Job 147: IT Helpdesk Specialist - HQ - Company: Misr Technology Services - Location: Heliopolis, Cairo, Egypt - Type: Full-Time - Flexibility: Remote","chan":"stdout","logger":"task"}
{"timestamp":"2025-10-14T07:42:50.010463Z","level":"info","event":"Job 148: Research Analyst - Company: Nawy - Location: Qesm El Maadi, Cairo, Egypt - Type: Full-Time - Flexibility: None","chan":"stdout","logger":"task"}
{"timestamp":"2025-10-14T07:42:54.284977Z","level":"info","event":"Job 149: Service Advisor - Company: Al-Mansour Automotive - Location: El Sheikh Zaid, Al Jizah, Egypt - Type: Full-Time - Flexibility: None","chan":"stdout","logger":"task"}
{"timestamp":"2025-10-14T07:43:00.583828Z","level":"info","event":"Job 150: Architecture Team Lead - Company: Wadi Degla Developments - Location: Cairo, Egypt - Type: Full-Time - Flexibility: Remote","chan":"stdout","logger":"task"}
{"timestamp":"2025-10-14T07:43:06.857228Z","level":"info","event":"","chan":"stdout","logger":"task"}
{"timestamp":"2025-10-14T07:43:06.857547Z","level":"info","event":"Fetching page 16 (start=150)...","chan":"stdout","logger":"task"}
{"timestamp":"2025-10-14T07:43:07.512060Z","level":"info","event":"Found 10 items on page 16","chan":"stdout","logger":"task"}
{"timestamp":"2025-10-14T07:43:08.458310Z","level":"info","event":"Job 151: Senior Category Manager - Company: Homzmart - Location: Cairo, Cairo, Egypt - Type: Full-Time - Flexibility: None","chan":"stdout","logger":"task"}
{"timestamp":"2025-10-14T07:43:11.546665Z","level":"info","event":"Job 152: BI Developer - Company: Banque Misr - Location: Cairo, Cairo, Egypt - Type: Full-Time - Flexibility: None","chan":"stdout","logger":"task"}
{"timestamp":"2025-10-14T07:43:16.088731Z","level":"info","event":"Job 153: Procurement Specialist - Company: Nawy - Location: Qesm El Maadi, Cairo, Egypt - Type: Full-Time - Flexibility: On-Site","chan":"stdout","logger":"task"}
{"timestamp":"2025-10-14T07:43:21.626388Z","level":"info","event":"Job 154: Junior Accountant - Company: Talent 360 ME - Location: Ad-Duqqi, Al Jizah, Egypt - Type: Full-Time - Flexibility: On-Site","chan":"stdout","logger":"task"}
{"timestamp":"2025-10-14T07:43:24.907832Z","level":"info","event":"Job 155: Admin Assistant - Company: ElSewedy Engineering Industries SEI - Location: Giza, Al Jizah, Egypt - Type: Full-Time - Flexibility: On-Site","chan":"stdout","logger":"task"}
{"timestamp":"2025-10-14T07:43:30.751356Z","level":"info","event":"Job 156: Fresh Graduate - Company: NBK Egypt - Location: Cairo, Egypt - Type: Full-Time - Flexibility: On-Site","chan":"stdout","logger":"task"}
{"timestamp":"2025-10-14T07:43:37.970959Z","level":"info","event":"Job 157: IT Help Desk (دعم فني) - Company: Pure Life Filters Company - Location: Egypt - Type: Full-Time - Flexibility: On-Site","chan":"stdout","logger":"task"}
{"timestamp":"2025-10-14T07:43:43.740208Z","level":"info","event":"Job 158: Technical Engineer - Company: TAQA Water - Location: Cairo, Cairo, Egypt - Type: Full-Time - Flexibility: None","chan":"stdout","logger":"task"}
{"timestamp":"2025-10-14T07:43:49.277850Z","level":"info","event":"Job 159: Inbound Agent - Priority Banking Segment - Company: Emirates NBD - Location: Cairo, Egypt - Type: Full-Time - Flexibility: Remote","chan":"stdout","logger":"task"}
{"timestamp":"2025-10-14T07:43:53.909415Z","level":"info","event":"Job 160: Recruitment Specialist - 1 year contract - Company: Unilever - Location: 6th of October, Al Jizah, Egypt - Type: Full-Time - Flexibility: Hybrid","chan":"stdout","logger":"task"}
{"timestamp":"2025-10-14T07:43:59.944560Z","level":"info","event":"","chan":"stdout","logger":"task"}
{"timestamp":"2025-10-14T07:43:59.944753Z","level":"info","event":"Fetching page 17 (start=160)...","chan":"stdout","logger":"task"}
{"timestamp":"2025-10-14T07:44:00.637378Z","level":"info","event":"Found 10 items on page 17","chan":"stdout","logger":"task"}
{"timestamp":"2025-10-14T07:44:02.483722Z","level":"info","event":"Job 161: Early Careers - Accounting and Finance Internships - Company: SLB - Location: Egypt - Type: Full-Time - Flexibility: On-Site","chan":"stdout","logger":"task"}
{"timestamp":"2025-10-14T07:44:09.890665Z","level":"info","event":"Job 162: Admin - Company: LeadInTop - Location: Cairo, Cairo, Egypt - Type: Full-Time - Flexibility: On-Site","chan":"stdout","logger":"task"}
{"timestamp":"2025-10-14T07:44:14.547182Z","level":"info","event":"Job 163: Storekeeper - Company: TAQA Water - Location: Cairo, Cairo, Egypt - Type: Full-Time - Flexibility: On-Site","chan":"stdout","logger":"task"}
{"timestamp":"2025-10-14T07:44:18.923701Z","level":"info","event":"Job 164: Admin Assistant - Company: Marriott International - Location: Cairo, Cairo, Egypt - Type: Full-Time - Flexibility: Remote","chan":"stdout","logger":"task"}
{"timestamp":"2025-10-14T07:44:25.633630Z","level":"info","event":"Job 165: Partnerships Executive - Company: Halan - حالا - Location: Cairo, Cairo, Egypt - Type: Full-Time - Flexibility: Hybrid","chan":"stdout","logger":"task"}
{"timestamp":"2025-10-14T07:44:31.525667Z","level":"info","event":"Job 166: Priority Banking Customer Service Officer - Company: Emirates NBD - Location: Cairo, Egypt - Type: Full-Time - Flexibility: Remote","chan":"stdout","logger":"task"}
{"timestamp":"2025-10-14T07:44:37.772716Z","level":"info","event":"Job 167: Supply Chain Specialist (Procurement & Logistics) - Company: Emdad for Projects Management - Location: 6th of October, Cairo, Egypt - Type: Full-Time - Flexibility: On-Site","chan":"stdout","logger":"task"}
{"timestamp":"2025-10-14T07:44:45.550796Z","level":"info","event":"Job 168: General Accountant - Company: Chefaa - Location: Cairo, Cairo, Egypt - Type: Full-Time - Flexibility: On-Site","chan":"stdout","logger":"task"}
{"timestamp":"2025-10-14T07:44:54.010007Z","level":"info","event":"Job 169: Senior Accounts Receivable Accountant - Company: Al-Mansour Automotive - Location: New Cairo, Cairo, Egypt - Type: Full-Time - Flexibility: None","chan":"stdout","logger":"task"}
{"timestamp":"2025-10-14T07:44:57.656735Z","level":"info","event":"Job 170: Site Operations representative - Company: Nawy - Location: Qesm El Maadi, Cairo, Egypt - Type: Full-Time - Flexibility: Remote","chan":"stdout","logger":"task"}
{"timestamp":"2025-10-14T07:45:04.143261Z","level":"info","event":"","chan":"stdout","logger":"task"}
{"timestamp":"2025-10-14T07:45:04.143574Z","level":"info","event":"Fetching page 18 (start=170)...","chan":"stdout","logger":"task"}
{"timestamp":"2025-10-14T07:45:04.867434Z","level":"info","event":"Found 10 items on page 18","chan":"stdout","logger":"task"}
{"timestamp":"2025-10-14T07:45:05.618205Z","level":"info","event":"Job 171: Research Analyst - Company: Nawy - Location: Cairo, Cairo, Egypt - Type: Full-Time - Flexibility: None","chan":"stdout","logger":"task"}
{"timestamp":"2025-10-14T07:45:09.847045Z","level":"info","event":"Job 172: Procurement Officer - Company: KAIZEN Asset Management Services - Location: Egypt - Type: Full-Time - Flexibility: On-Site","chan":"stdout","logger":"task"}
{"timestamp":"2025-10-14T07:45:15.794936Z","level":"info","event":"Job 173: STORE & RECEIVING ASSISTANT - Company: Tunamaya Beach & Spa Resort - Tioman Island - Location: Island Beach Resort, South Sinai, Egypt - Type: Full-Time - Flexibility: On-Site","chan":"stdout","logger":"task"}
{"timestamp":"2025-10-14T07:45:25.416321Z","level":"info","event":"Job 174: Arabic Customer Service Agent - Company: Talent 360 ME - Location: Cairo, Cairo, Egypt - Type: Full-Time - Flexibility: Remote","chan":"stdout","logger":"task"}
{"timestamp":"2025-10-14T07:45:30.751445Z","level":"info","event":"Job 175: Junior Business Analyst - Company: RMG | مجموعة ريناد المجد (لتقنية المعلومات) - Location: Cairo, Egypt - Type: Full-Time - Flexibility: Hybrid","chan":"stdout","logger":"task"}
{"timestamp":"2025-10-14T07:45:36.955039Z","level":"info","event":"Job 176: Senior Digital Marketing Executive - Company: Wadi Degla Developments - Location: Cairo, Egypt - Type: Full-Time - Flexibility: None","chan":"stdout","logger":"task"}
{"timestamp":"2025-10-14T07:45:43.374797Z","level":"info","event":"Job 177: IT Intern - Company: Bayantech - Location: Cairo, Cairo, Egypt - Type: Full-Time - Flexibility: Remote","chan":"stdout","logger":"task"}
{"timestamp":"2025-10-14T07:45:50.416808Z","level":"info","event":"Job 178: FF&E Engineer - Company: Talaat Moustafa Group - Location: Giza, Al Jizah, Egypt - Type: Full-Time - Flexibility: Remote","chan":"stdout","logger":"task"}
{"timestamp":"2025-10-14T07:45:56.644311Z","level":"info","event":"Job 179: Receptionist - Company: Majid Al Futtaim - Location: Cairo, Egypt - Type: Full-Time - Flexibility: On-Site","chan":"stdout","logger":"task"}
{"timestamp":"2025-10-14T07:46:00.872359Z","level":"info","event":"Job 180: Quantity Surveyor - Company: Arabian Construction Co. - Location: Cairo, Egypt - Type: Full-Time - Flexibility: On-Site","chan":"stdout","logger":"task"}
{"timestamp":"2025-10-14T07:46:08.941150Z","level":"info","event":"","chan":"stdout","logger":"task"}
{"timestamp":"2025-10-14T07:46:08.941340Z","level":"info","event":"Fetching page 19 (start=180)...","chan":"stdout","logger":"task"}
{"timestamp":"2025-10-14T07:46:09.650972Z","level":"info","event":"Found 10 items on page 19","chan":"stdout","logger":"task"}
{"timestamp":"2025-10-14T07:46:10.453815Z","level":"info","event":"Job 181: Procurement Manager - Company: Nawy - Location: Cairo, Cairo, Egypt - Type: Full-Time - Flexibility: On-Site","chan":"stdout","logger":"task"}
{"timestamp":"2025-10-14T07:46:13.619483Z","level":"info","event":"Job 182: Senior Accountant - Company: MBC GROUP - Location: Cairo, Cairo, Egypt - Type: Contract - Flexibility: On-Site","chan":"stdout","logger":"task"}
{"timestamp":"2025-10-14T07:46:19.130189Z","level":"info","event":"Job 183: IT Support Specialist - Company: ELSEWEDY ELECTRIC - Location: Cairo, Cairo, Egypt - Type: Full-Time - Flexibility: On-Site","chan":"stdout","logger":"task"}
{"timestamp":"2025-10-14T07:46:23.542237Z","level":"info","event":"Job 184: Electrical Engineer - Company: TAQA Water - Location: Cairo, Cairo, Egypt - Type: Full-Time - Flexibility: On-Site","chan":"stdout","logger":"task"}
{"timestamp":"2025-10-14T07:46:31.473918Z","level":"info","event":"Job 185: Administrative Assistant - Company: Egyptian Banks Company - Location: New Cairo, Cairo, Egypt - Type: Full-Time - Flexibility: On-Site","chan":"stdout","logger":"task"}
{"timestamp":"2025-10-14T07:46:36.762650Z","level":"info","event":"Job 186: Site Engineer - UAE - Company: ALEC Holdings - Location: Cairo, Egypt - Type: Full-Time - Flexibility: None","chan":"stdout","logger":"task"}
{"timestamp":"2025-10-14T07:46:39.899883Z","level":"info","event":"Job 187: Associate Manager People and Organization - Company: Majid Al Futtaim - Location: Cairo, Egypt - Type: Full-Time - Flexibility: On-Site","chan":"stdout","logger":"task"}
{"timestamp":"2025-10-14T07:46:43.338284Z","level":"info","event":"Job 188: Bookkeeper Accountant - Company: Nasoft.eg - Location: Sheikh Zayed City, Cairo, Egypt - Type: Full-Time - Flexibility: On-Site","chan":"stdout","logger":"task"}
{"timestamp":"2025-10-14T07:46:49.309929Z","level":"info","event":"Job 189: Head of Development - Company: Wadi Degla Developments - Location: Cairo, Egypt - Type: Full-Time - Flexibility: None","chan":"stdout","logger":"task"}
{"timestamp":"2025-10-14T07:46:55.561649Z","level":"info","event":"Job 190: Planning and Project Manager - Company: Nawy - Location: Cairo, Cairo, Egypt - Type: Full-Time - Flexibility: Remote","chan":"stdout","logger":"task"}
{"timestamp":"2025-10-14T07:47:02.426545Z","level":"info","event":"","chan":"stdout","logger":"task"}
{"timestamp":"2025-10-14T07:47:02.426693Z","level":"info","event":"Fetching page 20 (start=190)...","chan":"stdout","logger":"task"}
{"timestamp":"2025-10-14T07:47:05.996362Z","level":"info","event":"Found 10 items on page 20","chan":"stdout","logger":"task"}
{"timestamp":"2025-10-14T07:47:06.955796Z","level":"info","event":"Job 191: Electrical Operation and Maintenance Engineer - Company: TAQA Water - Location: Cairo, Cairo, Egypt - Type: Full-Time - Flexibility: On-Site","chan":"stdout","logger":"task"}
{"timestamp":"2025-10-14T07:47:12.270453Z","level":"info","event":"Job 192: Exclusive Operations Executive - Remote - Company: Justlife - Location: Egypt - Type: Full-Time - Flexibility: Remote","chan":"stdout","logger":"task"}
{"timestamp":"2025-10-14T07:47:18.788167Z","level":"info","event":"Job 193: Planning Manager - Company: Nawy - Location: Qesm El Maadi, Cairo, Egypt - Type: Full-Time - Flexibility: None","chan":"stdout","logger":"task"}
{"timestamp":"2025-10-14T07:47:25.470364Z","level":"info","event":"Job 194: Finishing Site Engineer - Company: Cornerstone Development - Location: Cairo, Cairo, Egypt - Type: Full-Time - Flexibility: On-Site","chan":"stdout","logger":"task"}
{"timestamp":"2025-10-14T07:47:31.151343Z","level":"info","event":"Job 195: Interior Designer Intern | Retail | IKEA Cairo Festival City - Company: Al-Futtaim - Location: Egypt - Type: Full-Time - Flexibility: On-Site","chan":"stdout","logger":"task"}
{"timestamp":"2025-10-14T07:47:34.490605Z","level":"info","event":"Job 196: Business Banking Relationship Manager - Company: Emirates NBD - Location: Cairo, Egypt - Type: Full-Time - Flexibility: None","chan":"stdout","logger":"task"}
{"timestamp":"2025-10-14T07:47:42.022374Z","level":"info","event":"Job 197: Office Manager / Receptionist - Company: Waffarha - Location: Cairo, Cairo, Egypt - Type: Full-Time - Flexibility: On-Site","chan":"stdout","logger":"task"}
{"timestamp":"2025-10-14T07:47:46.836291Z","level":"info","event":"Job 198: Admin Assistant - Company: SSC HR Solutions - Location: Cairo, Cairo, Egypt - Type: Full-Time - Flexibility: On-Site","chan":"stdout","logger":"task"}
{"timestamp":"2025-10-14T07:47:52.271253Z","level":"info","event":"Job 199: Senior Site Engineer - Company: Wadi Degla Developments - Location: Cairo, Egypt - Type: Full-Time - Flexibility: None","chan":"stdout","logger":"task"}
{"timestamp":"2025-10-14T07:47:58.730426Z","level":"info","event":"Job 200: BI Analyst - Company: Halan - حالا - Location: Giza, Al Jizah, Egypt - Type: Full-Time - Flexibility: None","chan":"stdout","logger":"task"}
{"timestamp":"2025-10-14T07:47:58.730573Z","level":"info","event":"Reached target of 200 jobs. Stopping.","chan":"stdout","logger":"task"}
{"timestamp":"2025-10-14T07:47:59.336317","level":"info","event":"Done. Returned value was: None","logger":"airflow.task.operators.airflow.providers.standard.operators.python.PythonOperator"}
{"timestamp":"2025-10-14T07:47:59.618782Z","level":"info","event":"Task instance in success state","chan":"stdout","logger":"task"}
{"timestamp":"2025-10-14T07:47:59.619030Z","level":"info","event":" Previous state of the Task instance: TaskInstanceState.RUNNING","chan":"stdout","logger":"task"}
{"timestamp":"2025-10-14T07:47:59.620080Z","level":"info","event":"Task operator:<Task(PythonOperator): scrape_jobs>","chan":"stdout","logger":"task"}
