{"timestamp":"2025-10-18T18:21:45.824453","level":"info","event":"DAG bundles loaded: dags-folder, example_dags","logger":"airflow.dag_processing.bundles.manager.DagBundlesManager"}
{"timestamp":"2025-10-18T18:21:45.828277","level":"info","event":"Filling up the DagBag from /home/morsi/airflow/dags/main_dag.py","logger":"airflow.models.dagbag.DagBag"}
{"timestamp":"2025-10-18T18:21:47.780313Z","level":"info","event":"Task instance is in running state","chan":"stdout","logger":"task"}
{"timestamp":"2025-10-18T18:21:47.780507Z","level":"info","event":" Previous state of the Task instance: TaskInstanceState.QUEUED","chan":"stdout","logger":"task"}
{"timestamp":"2025-10-18T18:21:47.780561Z","level":"info","event":"Current task name:scrape_jobs","chan":"stdout","logger":"task"}
{"timestamp":"2025-10-18T18:21:47.780602Z","level":"info","event":"Dag name:linkedin_jobs_pipeline","chan":"stdout","logger":"task"}
{"timestamp":"2025-10-18T18:21:47.783349Z","level":"info","event":"","chan":"stdout","logger":"task"}
{"timestamp":"2025-10-18T18:21:47.783437Z","level":"info","event":"Fetching page 1 (start=0)...","chan":"stdout","logger":"task"}
{"timestamp":"2025-10-18T18:21:48.519039Z","level":"info","event":"Found 10 items on page 1","chan":"stdout","logger":"task"}
{"timestamp":"2025-10-18T18:21:49.532051Z","level":"info","event":"Job 1: Cairo Cabin Crew Opportunities (Dubai Based, Relocation Provided) - Company: Emirates - Location: New Cairo, Cairo, Egypt - Type: Full-Time - Flexibility: On-Site","chan":"stdout","logger":"task"}
{"timestamp":"2025-10-18T18:21:54.319862Z","level":"info","event":"Job 2: Receptionist - Company: Al Ahly Momkn - Location: Cairo, Cairo, Egypt - Type: Full-Time - Flexibility: On-Site","chan":"stdout","logger":"task"}
{"timestamp":"2025-10-18T18:21:59.562062Z","level":"info","event":"Job 3: Area Sales Manager - Company: Juhayna Food Industries - Location: Sawhāj, Suhaj, Egypt - Type: Full-Time - Flexibility: None","chan":"stdout","logger":"task"}
{"timestamp":"2025-10-18T18:22:04.955431Z","level":"info","event":"Job 4: Accountant - Company: Wadi Degla Trading & Engineering Projects - Egypro - Location: Cairo, Egypt - Type: Full-Time - Flexibility: On-Site","chan":"stdout","logger":"task"}
{"timestamp":"2025-10-18T18:22:08.772116Z","level":"info","event":"Job 5: Fresh Graduate - Company: بنك التعمير والإسكان HD Bank - Location: Cairo, Egypt - Type: Full-Time - Flexibility: None","chan":"stdout","logger":"task"}
{"timestamp":"2025-10-18T18:22:15.501912Z","level":"info","event":"Job 6: Executive Assistant - Company: Emirates NBD - Location: Cairo, Egypt - Type: Full-Time - Flexibility: On-Site","chan":"stdout","logger":"task"}
{"timestamp":"2025-10-18T18:22:20.805104Z","level":"info","event":"Job 7: Plant Maintenance Manager - Company: Aujan Coca-Cola Beverages Company (ACCBC) - Location: Giza, Al Jizah, Egypt - Type: Full-Time - Flexibility: On-Site","chan":"stdout","logger":"task"}
{"timestamp":"2025-10-18T18:22:25.265939Z","level":"info","event":"Job 8: Commis | IKEA | Cairo Festival City - Company: Al-Futtaim Automotive - Location: Cairo, Cairo, Egypt - Type: Full-Time - Flexibility: None","chan":"stdout","logger":"task"}
{"timestamp":"2025-10-18T18:22:30.631387Z","level":"info","event":"Job 9: Sales Consultant - Company: Wadi Degla Developments - Location: Cairo, Egypt - Type: Full-Time - Flexibility: On-Site","chan":"stdout","logger":"task"}
{"timestamp":"2025-10-18T18:22:37.004014Z","level":"info","event":"Job 10: Projects Manager - Company: Wadi Degla Clubs Company S.A.E. - Location: Cairo, Egypt - Type: Full-Time - Flexibility: On-Site","chan":"stdout","logger":"task"}
{"timestamp":"2025-10-18T18:22:42.934797Z","level":"info","event":"","chan":"stdout","logger":"task"}
{"timestamp":"2025-10-18T18:22:42.935057Z","level":"info","event":"Fetching page 2 (start=10)...","chan":"stdout","logger":"task"}
{"timestamp":"2025-10-18T18:22:43.517728Z","level":"info","event":"Found 10 items on page 2","chan":"stdout","logger":"task"}
{"timestamp":"2025-10-18T18:22:44.215196Z","level":"info","event":"Job 11: Accountant - Company: Julphar - Location: Egypt - Type: Full-Time - Flexibility: Hybrid","chan":"stdout","logger":"task"}
{"timestamp":"2025-10-18T18:22:52.736620Z","level":"info","event":"Job 12: Department Assistant - Company: First Abu Dhabi Bank Misr (FABMISR) - Location: Cairo, Egypt - Type: Full-Time - Flexibility: Remote","chan":"stdout","logger":"task"}
{"timestamp":"2025-10-18T18:22:57.670842Z","level":"info","event":"Job 13: International Leadership Trainee - Company: Coca-Cola HBC - Location: Cairo, Egypt - Type: Full-Time - Flexibility: None","chan":"stdout","logger":"task"}
{"timestamp":"2025-10-18T18:23:03.201754Z","level":"info","event":"Job 14: Team Leader - Accounts Receivable - Company: Juhayna Food Industries - Location: 6th of October, Cairo, Egypt - Type: Full-Time - Flexibility: Remote","chan":"stdout","logger":"task"}
{"timestamp":"2025-10-18T18:23:07.671234Z","level":"info","event":"Job 15: Team Leader - Product Development - Company: Juhayna Food Industries - Location: 6th of October, Cairo, Egypt - Type: Full-Time - Flexibility: Hybrid","chan":"stdout","logger":"task"}
{"timestamp":"2025-10-18T18:23:10.755941Z","level":"info","event":"Job 16: Sports Operations Officer - Sportswear & Facilities - Company: Wadi Degla Clubs Company S.A.E. - Location: Cairo, Egypt - Type: Full-Time - Flexibility: On-Site","chan":"stdout","logger":"task"}
{"timestamp":"2025-10-18T18:23:13.915988Z","level":"info","event":"Job 17: Electrical Technician - Company: Unilever - Location: 6th of October, Al Jizah, Egypt - Type: Full-Time - Flexibility: Hybrid","chan":"stdout","logger":"task"}
{"timestamp":"2025-10-18T18:23:24.638620Z","level":"info","event":"Job 18: HR & Office Admin Specialist - Company: Julphar - Location: Egypt - Type: Full-Time - Flexibility: Remote","chan":"stdout","logger":"task"}
{"timestamp":"2025-10-18T18:23:27.817924Z","level":"info","event":"Job 19: Accounts Payable Officer - Company: Emirates NBD - Location: Cairo, Egypt - Type: Full-Time - Flexibility: On-Site","chan":"stdout","logger":"task"}
{"timestamp":"2025-10-18T18:23:32.615329Z","level":"info","event":"Job 20: Interior Designer | IKEA | Cairo Festival City - Company: Al-Futtaim - Location: Cairo, Cairo, Egypt - Type: Full-Time - Flexibility: None","chan":"stdout","logger":"task"}
{"timestamp":"2025-10-18T18:23:42.992099Z","level":"info","event":"","chan":"stdout","logger":"task"}
{"timestamp":"2025-10-18T18:23:42.992436Z","level":"info","event":"Fetching page 3 (start=20)...","chan":"stdout","logger":"task"}
{"timestamp":"2025-10-18T18:23:43.338563Z","level":"info","event":"Found 10 items on page 3","chan":"stdout","logger":"task"}
{"timestamp":"2025-10-18T18:23:44.072449Z","level":"info","event":"Job 21: Call Center Agent (outsource) - Company: Abu Dhabi Islamic Bank - Egypt - Location: Cairo, Egypt - Type: Full-Time - Flexibility: On-Site","chan":"stdout","logger":"task"}
{"timestamp":"2025-10-18T18:23:46.715976Z","level":"info","event":"Job 22: Service Documentation Administrator - Company: Al-Mansour Automotive - Location: New Cairo, Cairo, Egypt - Type: Full-Time - Flexibility: On-Site","chan":"stdout","logger":"task"}
{"timestamp":"2025-10-18T18:23:53.283217Z","level":"info","event":"Job 23: Project Manager - Company: Emirates NBD - Location: Cairo, Egypt - Type: Full-Time - Flexibility: On-Site","chan":"stdout","logger":"task"}
{"timestamp":"2025-10-18T18:23:59.456743Z","level":"info","event":"Job 24: وظيفة مسوق الكتروني - Company: إنجاز ميديا - EngazMedia - Location: Qesm 1st Nasser City, Cairo, Egypt - Type: Full-Time - Flexibility: None","chan":"stdout","logger":"task"}
{"timestamp":"2025-10-18T18:24:05.200633Z","level":"info","event":"Job 25: Storekeeper - Company: Colas Rail Egypt كولاس ريل مصر - Location: Cairo, Cairo, Egypt - Type: Full-Time - Flexibility: None","chan":"stdout","logger":"task"}
{"timestamp":"2025-10-18T18:24:10.198971Z","level":"info","event":"Job 26: وظيفة مدير وسائط إجتماعية - Company: إنجاز ميديا - EngazMedia - Location: Qesm 1st Nasser City, Cairo, Egypt - Type: Full-Time - Flexibility: None","chan":"stdout","logger":"task"}
{"timestamp":"2025-10-18T18:24:15.331460Z","level":"info","event":"Job 27: Receptionist - Company: Al-Mansour Automotive - Location: Cairo, Egypt - Type: Full-Time - Flexibility: On-Site","chan":"stdout","logger":"task"}
{"timestamp":"2025-10-18T18:24:18.073524Z","level":"info","event":"Job 28: VIP Relationship Manager - Company: Banque Misr - Location: Cairo, Egypt - Type: Full-Time - Flexibility: On-Site","chan":"stdout","logger":"task"}
{"timestamp":"2025-10-18T18:24:24.407553Z","level":"info","event":"Job 29: Admin Assistant - Company: Marriott International - Location: Cairo, Cairo, Egypt - Type: Full-Time - Flexibility: Remote","chan":"stdout","logger":"task"}
{"timestamp":"2025-10-18T18:24:29.012536Z","level":"info","event":"Job 30: Document Controller 2 - Company: Colas Rail Egypt كولاس ريل مصر - Location: Qesm Heliopolis, Cairo, Egypt - Type: Full-Time - Flexibility: On-Site","chan":"stdout","logger":"task"}
{"timestamp":"2025-10-18T18:24:38.413608Z","level":"info","event":"","chan":"stdout","logger":"task"}
{"timestamp":"2025-10-18T18:24:38.413889Z","level":"info","event":"Fetching page 4 (start=30)...","chan":"stdout","logger":"task"}
{"timestamp":"2025-10-18T18:24:39.060736Z","level":"info","event":"Found 10 items on page 4","chan":"stdout","logger":"task"}
{"timestamp":"2025-10-18T18:24:39.739324Z","level":"info","event":"Job 31: Diversified Industries Documentation Monitoring Risk Officer - Company: Banque Misr - Location: Cairo, Egypt - Type: Full-Time - Flexibility: On-Site","chan":"stdout","logger":"task"}
{"timestamp":"2025-10-18T18:24:44.625694Z","level":"info","event":"Job 32: Associate Operations Manager - Malls - Company: Talaat Moustafa Group - Location: New Cairo, Cairo, Egypt - Type: Full-Time - Flexibility: None","chan":"stdout","logger":"task"}
{"timestamp":"2025-10-18T18:24:49.058934Z","level":"info","event":"Job 33: Private Advisor - Company: Banque Misr - Location: Cairo, Egypt - Type: Full-Time - Flexibility: On-Site","chan":"stdout","logger":"task"}
{"timestamp":"2025-10-18T18:24:53.664698Z","level":"info","event":"Job 34: Storekeeper - Company: Colas Rail Egypt كولاس ريل مصر - Location: South Sinai, Egypt - Type: Full-Time - Flexibility: None","chan":"stdout","logger":"task"}
{"timestamp":"2025-10-18T18:24:59.240470Z","level":"info","event":"Job 35: Guest Service Agent (Telephone Operator) - Egyptians Only - Company: Kempinski Hotels - Location: Cairo, Cairo, Egypt - Type: Full-Time - Flexibility: Remote","chan":"stdout","logger":"task"}
{"timestamp":"2025-10-18T18:25:03.353082Z","level":"info","event":"Job 36: Data Scientist - Company: Banque Misr - Location: Cairo, Cairo, Egypt - Type: Full-Time - Flexibility: Hybrid","chan":"stdout","logger":"task"}
{"timestamp":"2025-10-18T18:25:12.494397Z","level":"info","event":"Job 37: وظيفة مندوب مبيعات - Company: إنجاز ميديا - EngazMedia - Location: Qesm 1st Nasser City, Cairo, Egypt - Type: Full-Time - Flexibility: On-Site","chan":"stdout","logger":"task"}
{"timestamp":"2025-10-18T18:25:17.889160Z","level":"info","event":"Job 38: Private Banking Advisor - Company: Abu Dhabi Islamic Bank - Egypt - Location: Cairo, Egypt - Type: Full-Time - Flexibility: On-Site","chan":"stdout","logger":"task"}
{"timestamp":"2025-10-18T18:25:22.062165Z","level":"info","event":"Job 39: Customer Service Agent [Arabic] - Company: Talent 360 ME - Location: Cairo, Cairo, Egypt - Type: Full-Time - Flexibility: Remote","chan":"stdout","logger":"task"}
{"timestamp":"2025-10-18T18:25:28.518263Z","level":"info","event":"Job 40: Document Controller 1 - Company: Colas Rail Egypt كولاس ريل مصر - Location: Qesm Heliopolis, Cairo, Egypt - Type: Full-Time - Flexibility: On-Site","chan":"stdout","logger":"task"}
{"timestamp":"2025-10-18T18:25:35.998664Z","level":"info","event":"","chan":"stdout","logger":"task"}
{"timestamp":"2025-10-18T18:25:35.999749Z","level":"info","event":"Fetching page 5 (start=40)...","chan":"stdout","logger":"task"}
{"timestamp":"2025-10-18T18:25:36.681709Z","level":"info","event":"Found 10 items on page 5","chan":"stdout","logger":"task"}
{"timestamp":"2025-10-18T18:25:37.505100Z","level":"info","event":"Job 41: Chairman & CEO Office Manager - Company: Misr Technology Services - Location: Heliopolis, Cairo, Egypt - Type: Full-Time - Flexibility: On-Site","chan":"stdout","logger":"task"}
{"timestamp":"2025-10-18T18:25:40.793601Z","level":"info","event":"Job 42: Interior Designer | IKEA | Cairo Festival City - Company: Al-Futtaim Automotive - Location: Cairo, Cairo, Egypt - Type: Full-Time - Flexibility: None","chan":"stdout","logger":"task"}
{"timestamp":"2025-10-18T18:25:50.645092Z","level":"info","event":"Job 43: Retail Payroll Operations Officer - Company: Banque du Caire - Location: Cairo, Egypt - Type: Full-Time - Flexibility: On-Site","chan":"stdout","logger":"task"}
{"timestamp":"2025-10-18T18:25:57.542476Z","level":"info","event":"Job 44: Sales Supervisor - Sharkia - Company: Aujan Coca-Cola Beverages Company (ACCBC) - Location: Sharkia, Egypt - Type: Full-Time - Flexibility: None","chan":"stdout","logger":"task"}
{"timestamp":"2025-10-18T18:26:01.381573Z","level":"info","event":"Job 45: Customer Service Associate - Company: Amazon - Location: Cairo, Cairo, Egypt - Type: Full-Time - Flexibility: On-Site","chan":"stdout","logger":"task"}
{"timestamp":"2025-10-18T18:26:06.849077Z","level":"info","event":"Job 46: Cashier - Company: Sharaf DG Egypt - Location: Cairo, Egypt - Type: Full-Time - Flexibility: On-Site","chan":"stdout","logger":"task"}
{"timestamp":"2025-10-18T18:26:10.679008Z","level":"info","event":"Job 47: Corporate Service Officer/ Senior Officer - Company: Abu Dhabi Islamic Bank - Egypt - Location: Cairo, Egypt - Type: Full-Time - Flexibility: On-Site","chan":"stdout","logger":"task"}
{"timestamp":"2025-10-18T18:26:19.802197Z","level":"info","event":"Job 48: Teller - Company: Emirates NBD - Location: Cairo, Egypt - Type: Full-Time - Flexibility: On-Site","chan":"stdout","logger":"task"}
{"timestamp":"2025-10-18T18:26:24.324145Z","level":"info","event":"Job 49: Facility Management Supervisor - Company: Al-Mansour Automotive - Location: Cairo, Cairo, Egypt - Type: Full-Time - Flexibility: On-Site","chan":"stdout","logger":"task"}
{"timestamp":"2025-10-18T18:26:28.942453Z","level":"info","event":"Job 50: DRAFTSMAN - Company: ELSEWEDY ELECTRIC - Location: Cairo, Cairo, Egypt - Type: Full-Time - Flexibility: On-Site","chan":"stdout","logger":"task"}
{"timestamp":"2025-10-18T18:26:36.742203Z","level":"info","event":"","chan":"stdout","logger":"task"}
{"timestamp":"2025-10-18T18:26:36.743180Z","level":"info","event":"Fetching page 6 (start=50)...","chan":"stdout","logger":"task"}
{"timestamp":"2025-10-18T18:26:37.303463Z","level":"info","event":"Found 10 items on page 6","chan":"stdout","logger":"task"}
{"timestamp":"2025-10-18T18:26:38.044279Z","level":"info","event":"Job 51: Data Operation & Support Specialist/ Analyst/ Senior Analyst - Company: Banque Misr - Location: Cairo, Cairo, Egypt - Type: Full-Time - Flexibility: None","chan":"stdout","logger":"task"}
{"timestamp":"2025-10-18T18:26:46.206577Z","level":"info","event":"Job 52: Document Controller - Company: Hitachi Rail - Location: Cairo, Cairo, Egypt - Type: Full-Time - Flexibility: On-Site","chan":"stdout","logger":"task"}
{"timestamp":"2025-10-18T18:26:55.340475Z","level":"info","event":"Job 53: CONSERJE (BANI) - Company: Banco Popular Dominicano - Location: Bani Mazar, Al Minya, Egypt - Type: Full-Time - Flexibility: None","chan":"stdout","logger":"task"}
{"timestamp":"2025-10-18T18:27:01.889475Z","level":"info","event":"Job 54: Collection Officer Officer - Company: Halan - حالا - Location: Giza, Al Jizah, Egypt - Type: Full-Time - Flexibility: On-Site","chan":"stdout","logger":"task"}
{"timestamp":"2025-10-18T18:27:06.669145Z","level":"info","event":"Job 55: Receptionist & Travel Coordinator - Company: Colas Rail Egypt كولاس ريل مصر - Location: Cairo, Cairo, Egypt - Type: Full-Time - Flexibility: On-Site","chan":"stdout","logger":"task"}
{"timestamp":"2025-10-18T18:27:09.805781Z","level":"info","event":"Job 56: Relationship Manager - Corporate & Institutional Banking - Company: Emirates NBD - Location: Cairo, Egypt - Type: Full-Time - Flexibility: None","chan":"stdout","logger":"task"}
{"timestamp":"2025-10-18T18:27:17.209285Z","level":"info","event":"Job 57: محاسب - Company: AlRyada University - Location: Egypt - Type: Full-Time - Flexibility: On-Site","chan":"stdout","logger":"task"}
{"timestamp":"2025-10-18T18:27:20.936132Z","level":"info","event":"Job 58: Data Science Specialist - Company: Banque Misr - Location: Cairo, Cairo, Egypt - Type: Full-Time - Flexibility: Hybrid","chan":"stdout","logger":"task"}
{"timestamp":"2025-10-18T18:27:32.699789Z","level":"info","event":"Job 59: Cabin Crew Examiner - Company: Air Arabia - Location: Cairo, Cairo, Egypt - Type: Full-Time - Flexibility: Remote","chan":"stdout","logger":"task"}
{"timestamp":"2025-10-18T18:27:35.584687Z","level":"info","event":"Job 60: Site Civil Engineer - Company: ELSEWEDY ELECTRIC - Location: North Sinai, Egypt - Type: Full-Time - Flexibility: On-Site","chan":"stdout","logger":"task"}
{"timestamp":"2025-10-18T18:27:42.902465Z","level":"info","event":"","chan":"stdout","logger":"task"}
{"timestamp":"2025-10-18T18:27:42.902854Z","level":"info","event":"Fetching page 7 (start=60)...","chan":"stdout","logger":"task"}
{"timestamp":"2025-10-18T18:27:43.409696Z","level":"info","event":"Found 10 items on page 7","chan":"stdout","logger":"task"}
{"timestamp":"2025-10-18T18:27:43.936904Z","level":"info","event":"Job 61: Contract Administrator - Company: Arabian Construction Co. - Location: New Cairo, Cairo, Egypt - Type: Full-Time - Flexibility: On-Site","chan":"stdout","logger":"task"}
{"timestamp":"2025-10-18T18:27:49.644293Z","level":"info","event":"Job 62: Data Analyst - Supply Chain - Company: Homzmart - Location: Cairo, Cairo, Egypt - Type: Full-Time - Flexibility: None","chan":"stdout","logger":"task"}
{"timestamp":"2025-10-18T18:27:54.506203Z","level":"info","event":"Job 63: Accountant - Company: Arabian Construction Co. - Location: Cairo, Egypt - Type: Full-Time - Flexibility: On-Site","chan":"stdout","logger":"task"}
{"timestamp":"2025-10-18T18:27:58.243787Z","level":"info","event":"Job 64: وظيفة مدير حسابات العملاء - Company: إنجاز ميديا - EngazMedia - Location: Qesm 1st Nasser City, Cairo, Egypt - Type: Full-Time - Flexibility: On-Site","chan":"stdout","logger":"task"}
{"timestamp":"2025-10-18T18:28:06.257449Z","level":"info","event":"Job 65: مساعد مدرس - Company: Abwaab - Location: Cairo, Cairo, Egypt - Type: Full-Time - Flexibility: On-Site","chan":"stdout","logger":"task"}
{"timestamp":"2025-10-18T18:28:09.478183Z","level":"info","event":"Job 66: Fleet Supervisor - Company: Orascom Investment Holding - Location: Al Jizah, Egypt - Type: Full-Time - Flexibility: None","chan":"stdout","logger":"task"}
{"timestamp":"2025-10-18T18:28:15.202794Z","level":"info","event":"Job 67: Admin Assistant - Company: ElSewedy Engineering Industries SEI - Location: Giza, Al Jizah, Egypt - Type: Full-Time - Flexibility: On-Site","chan":"stdout","logger":"task"}
{"timestamp":"2025-10-18T18:28:20.467237Z","level":"info","event":"Job 68: Site Engineer - Company: Nawy - Location: Qesm El Maadi, Cairo, Egypt - Type: Full-Time - Flexibility: On-Site","chan":"stdout","logger":"task"}
{"timestamp":"2025-10-18T18:28:24.161095Z","level":"info","event":"Job 69: Customer Service Officer - VOX Cinemas - Company: Majid Al Futtaim - Location: Cairo, Egypt - Type: Full-Time - Flexibility: Remote","chan":"stdout","logger":"task"}
{"timestamp":"2025-10-18T18:28:27.260308Z","level":"info","event":"Job 70: Call Center Representative - Company: Emirates NBD - Location: Cairo, Egypt - Type: Full-Time - Flexibility: None","chan":"stdout","logger":"task"}
{"timestamp":"2025-10-18T18:28:35.487844Z","level":"info","event":"","chan":"stdout","logger":"task"}
{"timestamp":"2025-10-18T18:28:35.488107Z","level":"info","event":"Fetching page 8 (start=70)...","chan":"stdout","logger":"task"}
{"timestamp":"2025-10-18T18:28:36.057989Z","level":"info","event":"Found 10 items on page 8","chan":"stdout","logger":"task"}
{"timestamp":"2025-10-18T18:28:36.744538Z","level":"info","event":"Job 71: Admin Assistant - Company: Marriott International - Location: Cairo, Cairo, Egypt - Type: Full-Time - Flexibility: Remote","chan":"stdout","logger":"task"}
{"timestamp":"2025-10-18T18:28:45.128222Z","level":"info","event":"Job 72: AutoCAD Designer - Company: Dkhoon Emirates - Location: Cairo, Cairo, Egypt - Type: Full-Time - Flexibility: On-Site","chan":"stdout","logger":"task"}
{"timestamp":"2025-10-18T18:28:55.480961Z","level":"info","event":"Job 73: Front Desk Receptionist - Sales Office - Company: Talaat Moustafa Group - Location: New Cairo, Cairo, Egypt - Type: Full-Time - Flexibility: On-Site","chan":"stdout","logger":"task"}
{"timestamp":"2025-10-18T18:29:01.751153Z","level":"info","event":"Job 74: Admin Assistant - Company: Marriott International - Location: Cairo, Cairo, Egypt - Type: Full-Time - Flexibility: Remote","chan":"stdout","logger":"task"}
{"timestamp":"2025-10-18T18:29:05.405588Z","level":"info","event":"Job 75: Sales Admin - Company: Nawy - Location: Cairo, Cairo, Egypt - Type: Full-Time - Flexibility: On-Site","chan":"stdout","logger":"task"}
{"timestamp":"2025-10-18T18:29:09.033183Z","level":"info","event":"Job 76: Executive Assistant - HR & Finance - Company: The HEINEKEN Company - Location: Cairo, Cairo, Egypt - Type: Full-Time - Flexibility: On-Site","chan":"stdout","logger":"task"}
{"timestamp":"2025-10-18T18:29:17.446392Z","level":"info","event":"Job 77: Medical Representative - Company: Julphar - Location: Egypt - Type: Full-Time - Flexibility: On-Site","chan":"stdout","logger":"task"}
{"timestamp":"2025-10-18T18:29:21.761055Z","level":"info","event":"Job 78: Service Advisor - Company: Al-Mansour Automotive - Location: Cairo, Egypt - Type: Full-Time - Flexibility: On-Site","chan":"stdout","logger":"task"}
{"timestamp":"2025-10-18T18:29:27.262734Z","level":"info","event":"Job 79: Medical Representative - Company: Julphar - Location: Egypt - Type: Full-Time - Flexibility: On-Site","chan":"stdout","logger":"task"}
{"timestamp":"2025-10-18T18:29:30.391739Z","level":"info","event":"Job 80: Office Administrator - Company: Bilfinger Middle East - Location: Cairo, Egypt - Type: Full-Time - Flexibility: On-Site","chan":"stdout","logger":"task"}
{"timestamp":"2025-10-18T18:29:37.105448Z","level":"info","event":"","chan":"stdout","logger":"task"}
{"timestamp":"2025-10-18T18:29:37.105614Z","level":"info","event":"Fetching page 9 (start=80)...","chan":"stdout","logger":"task"}
{"timestamp":"2025-10-18T18:29:37.631421Z","level":"info","event":"Found 10 items on page 9","chan":"stdout","logger":"task"}
{"timestamp":"2025-10-18T18:29:38.380182Z","level":"info","event":"Job 81: Administration Supervisor - Company: Toyota Egypt Group - Location: Cairo, Egypt - Type: Full-Time - Flexibility: On-Site","chan":"stdout","logger":"task"}
{"timestamp":"2025-10-18T18:29:42.216885Z","level":"info","event":"Job 82: Assistant Sales manager - Company: Mövenpick Hotels & Resorts - Location: Hurghada, Al Bahr al Ahmar, Egypt - Type: Full-Time - Flexibility: On-Site","chan":"stdout","logger":"task"}
{"timestamp":"2025-10-18T18:29:51.838087Z","level":"info","event":"Job 83: Medical Representative - Company: Julphar - Location: Egypt - Type: Full-Time - Flexibility: On-Site","chan":"stdout","logger":"task"}
{"timestamp":"2025-10-18T18:29:55.281746Z","level":"info","event":"Job 84: Medical Representative - Company: Julphar - Location: Egypt - Type: Full-Time - Flexibility: On-Site","chan":"stdout","logger":"task"}
{"timestamp":"2025-10-18T18:30:01.789696Z","level":"info","event":"Job 85: Medical Representative - Company: Julphar - Location: Egypt - Type: Full-Time - Flexibility: On-Site","chan":"stdout","logger":"task"}
{"timestamp":"2025-10-18T18:30:06.275182Z","level":"info","event":"Job 86: Bookkeeper (Remote) - Company: Core Code io - Location: Cairo, Cairo, Egypt - Type: Full-Time - Flexibility: Remote","chan":"stdout","logger":"task"}
{"timestamp":"2025-10-18T18:30:14.142184Z","level":"info","event":"Job 87: Product Owner - Company: Banque Misr - Location: Cairo, Cairo, Egypt - Type: Full-Time - Flexibility: Hybrid","chan":"stdout","logger":"task"}
{"timestamp":"2025-10-18T18:30:18.828879Z","level":"info","event":"Job 88: Customer Support Agent (Arabic + English) - Company: RemotePass - Location: Egypt - Type: Full-Time - Flexibility: Remote","chan":"stdout","logger":"task"}
{"timestamp":"2025-10-18T18:30:26.139717Z","level":"info","event":"Job 89: Logistics Specialist - Company: Nawy - Location: Qesm El Maadi, Cairo, Egypt - Type: Full-Time - Flexibility: On-Site","chan":"stdout","logger":"task"}
{"timestamp":"2025-10-18T18:30:32.285487Z","level":"info","event":"Job 90: Medical Representative - Company: Julphar - Location: Egypt - Type: Full-Time - Flexibility: On-Site","chan":"stdout","logger":"task"}
{"timestamp":"2025-10-18T18:30:41.837386Z","level":"info","event":"","chan":"stdout","logger":"task"}
{"timestamp":"2025-10-18T18:30:41.840419Z","level":"info","event":"Fetching page 10 (start=90)...","chan":"stdout","logger":"task"}
{"timestamp":"2025-10-18T18:30:42.351195Z","level":"info","event":"Found 10 items on page 10","chan":"stdout","logger":"task"}
{"timestamp":"2025-10-18T18:30:43.163175Z","level":"info","event":"Job 91: Collection Officer - Company: Halan - حالا - Location: Giza, Al Jizah, Egypt - Type: Full-Time - Flexibility: Remote","chan":"stdout","logger":"task"}
{"timestamp":"2025-10-18T18:30:49.611496Z","level":"info","event":"Job 92: Site Civil Engineer - Company: ELSEWEDY ELECTRIC - Location: Ain Sokhna, As Suways, Egypt - Type: Full-Time - Flexibility: On-Site","chan":"stdout","logger":"task"}
{"timestamp":"2025-10-18T18:30:53.048562Z","level":"info","event":"Job 93: Admin Assistant - Company: Marriott International - Location: Cairo, Cairo, Egypt - Type: Full-Time - Flexibility: Remote","chan":"stdout","logger":"task"}
{"timestamp":"2025-10-18T18:31:02.129437Z","level":"info","event":"Job 94: Teller Vacancies - New Cairo, Heliopolis and Nasr City - Company: QNB Egypt - Location: Cairo, Egypt - Type: Full-Time - Flexibility: On-Site","chan":"stdout","logger":"task"}
{"timestamp":"2025-10-18T18:31:05.343136Z","level":"info","event":"Job 95: Product Manager - Company: Halan - حالا - Location: Giza, Al Jizah, Egypt - Type: Full-Time - Flexibility: None","chan":"stdout","logger":"task"}
{"timestamp":"2025-10-18T18:31:09.114773Z","level":"info","event":"Job 96: Product Manager - Company: Halan - حالا - Location: Giza, Al Jizah, Egypt - Type: Full-Time - Flexibility: None","chan":"stdout","logger":"task"}
{"timestamp":"2025-10-18T18:31:15.182949Z","level":"info","event":"Job 97: Supply Chain Junior Officer - Company: Alkhorayef Petroleum Company - Location: Cairo, Egypt - Type: Full-Time - Flexibility: On-Site","chan":"stdout","logger":"task"}
{"timestamp":"2025-10-18T18:31:17.480496Z","level":"info","event":"Job 98: Assistant People & Culture Manager - Company: Mövenpick Hotels & Resorts - Location: Egypt - Type: Full-Time - Flexibility: On-Site","chan":"stdout","logger":"task"}
{"timestamp":"2025-10-18T18:31:20.275046Z","level":"info","event":"Job 99: Striker - Alexandria - Company: Red Bull - Location: Alexandria, Alexandria, Egypt - Type: Full-Time - Flexibility: Remote","chan":"stdout","logger":"task"}
{"timestamp":"2025-10-18T18:31:31.340486Z","level":"info","event":"Job 100: Social Media Moderator - Sheikh Zayed - Company: Talent 360 ME - Location: Qesm El Sheikh Zaid, Al Jizah, Egypt - Type: Full-Time - Flexibility: Remote","chan":"stdout","logger":"task"}
{"timestamp":"2025-10-18T18:31:42.220258Z","level":"info","event":"","chan":"stdout","logger":"task"}
{"timestamp":"2025-10-18T18:31:42.220555Z","level":"info","event":"Fetching page 11 (start=100)...","chan":"stdout","logger":"task"}
{"timestamp":"2025-10-18T18:31:42.849239Z","level":"info","event":"Found 10 items on page 11","chan":"stdout","logger":"task"}
{"timestamp":"2025-10-18T18:31:43.482952Z","level":"info","event":"Job 101: Admin Assistant - Company: Marriott International - Location: Cairo, Cairo, Egypt - Type: Full-Time - Flexibility: Remote","chan":"stdout","logger":"task"}
{"timestamp":"2025-10-18T18:31:49.105712Z","level":"info","event":"Job 102: Medical Representative - Company: Julphar - Location: Egypt - Type: Full-Time - Flexibility: On-Site","chan":"stdout","logger":"task"}
{"timestamp":"2025-10-18T18:31:54.276251Z","level":"info","event":"Job 103: Venue Services Supervisor - Company: Orascom Investment Holding - Location: Al Jizah, Egypt - Type: Full-Time - Flexibility: None","chan":"stdout","logger":"task"}
{"timestamp":"2025-10-18T18:31:59.791678Z","level":"info","event":"Job 104: Retail Sales Executive - Company: Al-Mansour Automotive - Location: Cairo, Egypt - Type: Full-Time - Flexibility: Remote","chan":"stdout","logger":"task"}
{"timestamp":"2025-10-18T18:32:03.451041Z","level":"info","event":"Job 105: Customer Service Executive - Egypt , Remote - Company: The Luxury Closet - Location: Cairo, Cairo, Egypt - Type: Full-Time - Flexibility: Remote","chan":"stdout","logger":"task"}
{"timestamp":"2025-10-18T18:32:12.579623Z","level":"info","event":"Job 106: Customer Service Coordinator (Mall of Egypt) - Company: Majid Al Futtaim - Location: 6th of October, Al Jizah, Egypt - Type: Full-Time - Flexibility: On-Site","chan":"stdout","logger":"task"}
{"timestamp":"2025-10-18T18:32:15.392033Z","level":"info","event":"Job 107: Electronics (Maintenance) Technician (Onsite - Malta) - Company: Magro Brothers - Location: Egypt - Type: Full-Time - Flexibility: Remote","chan":"stdout","logger":"task"}
{"timestamp":"2025-10-18T18:32:21.878785Z","level":"info","event":"Job 108: Shopping Experience Assistant | IKEA | Cairo Festival City - Company: Al-Futtaim Automotive - Location: Cairo, Cairo, Egypt - Type: Full-Time - Flexibility: Remote","chan":"stdout","logger":"task"}
{"timestamp":"2025-10-18T18:32:26.511586Z","level":"info","event":"Job 109: Medical Representative - Company: Julphar - Location: Egypt - Type: Full-Time - Flexibility: On-Site","chan":"stdout","logger":"task"}
{"timestamp":"2025-10-18T18:32:32.811504Z","level":"info","event":"Job 110: Administration Manager - Company: Worley - Location: Cairo, Cairo, Egypt - Type: Full-Time - Flexibility: Remote","chan":"stdout","logger":"task"}
{"timestamp":"2025-10-18T18:32:40.543215Z","level":"info","event":"","chan":"stdout","logger":"task"}
{"timestamp":"2025-10-18T18:32:40.543396Z","level":"info","event":"Fetching page 12 (start=110)...","chan":"stdout","logger":"task"}
{"timestamp":"2025-10-18T18:32:46.462876Z","level":"info","event":"Found 10 items on page 12","chan":"stdout","logger":"task"}
{"timestamp":"2025-10-18T18:32:46.814062Z","level":"info","event":"Job 111: AutoCad Operator (Cairo) - Company: Talent 360 ME - Location: 6th of October, Al Jizah, Egypt - Type: Full-Time - Flexibility: On-Site","chan":"stdout","logger":"task"}
{"timestamp":"2025-10-18T18:32:52.773896Z","level":"info","event":"Job 112: Messenger - Company: Nawy - Location: Cairo, Cairo, Egypt - Type: Full-Time - Flexibility: On-Site","chan":"stdout","logger":"task"}
{"timestamp":"2025-10-18T18:32:57.085398Z","level":"info","event":"Job 113: Junior Document Controller ( Nasr City) - Company: Talent 360 ME - Location: Nasr City, Cairo, Egypt - Type: Full-Time - Flexibility: On-Site","chan":"stdout","logger":"task"}
{"timestamp":"2025-10-18T18:33:01.582899Z","level":"info","event":"Job 114: Medical Representative - Company: Julphar - Location: Egypt - Type: Full-Time - Flexibility: On-Site","chan":"stdout","logger":"task"}
{"timestamp":"2025-10-18T18:33:05.486084Z","level":"info","event":"Job 115: Document Controller - Company: Pure Life Filters Company - Location: Egypt - Type: Full-Time - Flexibility: On-Site","chan":"stdout","logger":"task"}
{"timestamp":"2025-10-18T18:33:11.101565Z","level":"info","event":"Job 116: Electrical Engineer - Company: ElSewedy Engineering Industries SEI - Location: Giza, Al Jizah, Egypt - Type: Full-Time - Flexibility: On-Site","chan":"stdout","logger":"task"}
{"timestamp":"2025-10-18T18:33:16.101613Z","level":"info","event":"Job 117: Junior Data Engineer - Company: Halan - حالا - Location: Cairo, Cairo, Egypt - Type: Full-Time - Flexibility: Remote","chan":"stdout","logger":"task"}
{"timestamp":"2025-10-18T18:33:24.257305Z","level":"info","event":"Job 118: Data Business Analysis Specialist/ Analyst/ Senior Analyst - Company: Banque Misr - Location: Cairo, Cairo, Egypt - Type: Full-Time - Flexibility: Remote","chan":"stdout","logger":"task"}
{"timestamp":"2025-10-18T18:33:30.267817Z","level":"info","event":"Job 119: Admin Assistant - Company: Marriott International - Location: Cairo, Cairo, Egypt - Type: Full-Time - Flexibility: Remote","chan":"stdout","logger":"task"}
{"timestamp":"2025-10-18T18:33:35.636057Z","level":"info","event":"Job 120: Junior Software Engineer - Company: Halan - حالا - Location: Cairo, Cairo, Egypt - Type: Full-Time - Flexibility: Remote","chan":"stdout","logger":"task"}
{"timestamp":"2025-10-18T18:33:44.408042Z","level":"info","event":"","chan":"stdout","logger":"task"}
{"timestamp":"2025-10-18T18:33:44.408270Z","level":"info","event":"Fetching page 13 (start=120)...","chan":"stdout","logger":"task"}
{"timestamp":"2025-10-18T18:33:45.032205Z","level":"info","event":"Found 10 items on page 13","chan":"stdout","logger":"task"}
{"timestamp":"2025-10-18T18:33:45.706537Z","level":"info","event":"Job 121: Admin Assistant - Company: Marriott International - Location: Cairo, Cairo, Egypt - Type: Full-Time - Flexibility: Remote","chan":"stdout","logger":"task"}
{"timestamp":"2025-10-18T18:33:51.733927Z","level":"info","event":"Job 122: Accounts Payable Senior Accountant - Company: Al-Mansour Automotive - Location: Giza, Al Jizah, Egypt - Type: Full-Time - Flexibility: Remote","chan":"stdout","logger":"task"}
{"timestamp":"2025-10-18T18:33:58.686753Z","level":"info","event":"Job 123: Admin Assistant - Company: Marriott International - Location: Cairo, Cairo, Egypt - Type: Full-Time - Flexibility: Remote","chan":"stdout","logger":"task"}
{"timestamp":"2025-10-18T18:34:01.531938Z","level":"info","event":"Job 124: IT Specialist - Company: Nawy - Location: Cairo, Cairo, Egypt - Type: Full-Time - Flexibility: None","chan":"stdout","logger":"task"}
{"timestamp":"2025-10-18T18:34:04.847096Z","level":"info","event":"Job 125: Finance Controller - Company: Nawy - Location: Cairo, Cairo, Egypt - Type: Full-Time - Flexibility: On-Site","chan":"stdout","logger":"task"}
{"timestamp":"2025-10-18T18:34:08.452489Z","level":"info","event":"Job 126: Purchasing Supervisor - Company: Talaat Moustafa Group - Location: Cairo, Egypt - Type: Full-Time - Flexibility: None","chan":"stdout","logger":"task"}
{"timestamp":"2025-10-18T18:34:13.748028Z","level":"info","event":"Job 127: Technical Office Engineer (Furniture) - Company: Homzmart - Location: Cairo, Cairo, Egypt - Type: Full-Time - Flexibility: On-Site","chan":"stdout","logger":"task"}
{"timestamp":"2025-10-18T18:34:17.942394Z","level":"info","event":"Job 128: Admin Assistant - Company: Marriott International - Location: Cairo, Cairo, Egypt - Type: Full-Time - Flexibility: Remote","chan":"stdout","logger":"task"}
{"timestamp":"2025-10-18T18:34:23.306387Z","level":"info","event":"Job 129: Accounts Payable Accountant ( AP) - Company: Tagaddod - Location: Qesm El Maadi, Cairo, Egypt - Type: Full-Time - Flexibility: Remote","chan":"stdout","logger":"task"}
{"timestamp":"2025-10-18T18:34:27.384253Z","level":"info","event":"Job 130: Project Management Officer - Company: MUSE - Location: Cairo, Cairo, Egypt - Type: Full-Time - Flexibility: On-Site","chan":"stdout","logger":"task"}
{"timestamp":"2025-10-18T18:34:36.752428Z","level":"info","event":"","chan":"stdout","logger":"task"}
{"timestamp":"2025-10-18T18:34:36.752648Z","level":"info","event":"Fetching page 14 (start=130)...","chan":"stdout","logger":"task"}
{"timestamp":"2025-10-18T18:34:37.831044Z","level":"info","event":"Found 10 items on page 14","chan":"stdout","logger":"task"}
{"timestamp":"2025-10-18T18:34:39.068268Z","level":"info","event":"Job 131: Admin Assistant - Company: Marriott International - Location: Cairo, Cairo, Egypt - Type: Full-Time - Flexibility: Remote","chan":"stdout","logger":"task"}
{"timestamp":"2025-10-18T18:34:47.702260Z","level":"info","event":"Job 132: Customer Service Officer.CXC - RBG - Direct Banking Centre-Egypt COE.Client Experience and Conduct Group-MEGPCOE - Company: Mashreq Corporate & Investment Banking Group - Location: Egypt - Type: Full-Time - Flexibility: Remote","chan":"stdout","logger":"task"}
{"timestamp":"2025-10-18T18:34:52.766748Z","level":"info","event":"Job 133: Admin Assistant - Company: Marriott International - Location: Cairo, Cairo, Egypt - Type: Full-Time - Flexibility: Remote","chan":"stdout","logger":"task"}
{"timestamp":"2025-10-18T18:34:58.214918Z","level":"info","event":"Job 134: Officer, Retail Credit Admin - Company: Mashreq - Location: Egypt - Type: Full-Time - Flexibility: On-Site","chan":"stdout","logger":"task"}
{"timestamp":"2025-10-18T18:35:02.769309Z","level":"info","event":"Job 135: Logistics Coordinator - Company: Tagaddod - Location: Cairo, Cairo, Egypt - Type: Full-Time - Flexibility: On-Site","chan":"stdout","logger":"task"}
{"timestamp":"2025-10-18T18:35:11.028622Z","level":"info","event":"Job 136: Medical Assistant - Company: Medi-Weightloss® - Location: Al Jizah, Egypt - Type: Full-Time - Flexibility: On-Site","chan":"stdout","logger":"task"}
{"timestamp":"2025-10-18T18:35:14.088269Z","level":"info","event":"Job 137: Administration Manager - Company: Hyde Park Developments - Location: Cairo, Cairo, Egypt - Type: Full-Time - Flexibility: On-Site","chan":"stdout","logger":"task"}
{"timestamp":"2025-10-18T18:35:18.939169Z","level":"info","event":"Job 138: HR & Admin Assistant - Company: Hello Group Inc. - Location: Cairo, Egypt - Type: Full-Time - Flexibility: Remote","chan":"stdout","logger":"task"}
{"timestamp":"2025-10-18T18:35:23.759439Z","level":"info","event":"Job 139: Senior Accountant - Company: SANTECHTURE - Location: Cairo, Cairo, Egypt - Type: Full-Time - Flexibility: On-Site","chan":"stdout","logger":"task"}
{"timestamp":"2025-10-18T18:35:26.925040Z","level":"info","event":"Job 140: Adminstrative Assistant - Company: Schindler Middle East & North Africa - Location: New Cairo, Cairo, Egypt - Type: Full-Time - Flexibility: On-Site","chan":"stdout","logger":"task"}
{"timestamp":"2025-10-18T18:35:35.483505Z","level":"info","event":"","chan":"stdout","logger":"task"}
{"timestamp":"2025-10-18T18:35:35.483850Z","level":"info","event":"Fetching page 15 (start=140)...","chan":"stdout","logger":"task"}
{"timestamp":"2025-10-18T18:35:36.048079Z","level":"info","event":"Found 10 items on page 15","chan":"stdout","logger":"task"}
{"timestamp":"2025-10-18T18:35:36.983347Z","level":"info","event":"Job 141: Relationship Officer - Company: Crédit Agricole Egypt - Location: Cairo, Egypt - Type: Full-Time - Flexibility: On-Site","chan":"stdout","logger":"task"}
{"timestamp":"2025-10-18T18:35:44.244495Z","level":"info","event":"Job 142: HR Officer – Egypt - Company: Dkhoon Emirates - Location: Cairo, Cairo, Egypt - Type: Full-Time - Flexibility: On-Site","chan":"stdout","logger":"task"}
{"timestamp":"2025-10-18T18:35:49.213839Z","level":"info","event":"Job 143: Receptionist - Company: Majid Al Futtaim - Location: Cairo, Cairo, Egypt - Type: Full-Time - Flexibility: On-Site","chan":"stdout","logger":"task"}
{"timestamp":"2025-10-18T18:35:54.082663Z","level":"info","event":"Job 144: Senior Accounts Receivable Accountant - Company: Nawy - Location: Cairo, Cairo, Egypt - Type: Full-Time - Flexibility: On-Site","chan":"stdout","logger":"task"}
{"timestamp":"2025-10-18T18:36:00.062263Z","level":"info","event":"Job 145: Senior Product Manager - Company: Al Ahly Momkn - Location: Cairo, Cairo, Egypt - Type: Full-Time - Flexibility: Hybrid","chan":"stdout","logger":"task"}
{"timestamp":"2025-10-18T18:36:06.531832Z","level":"info","event":"Job 146: Admin Assistant - Company: Marriott International - Location: Cairo, Cairo, Egypt - Type: Full-Time - Flexibility: Remote","chan":"stdout","logger":"task"}
{"timestamp":"2025-10-18T18:36:11.482176Z","level":"info","event":"Job 147: Guest Relations Super Visor - Company: Mövenpick Hotels & Resorts - Location: Hurghada, Al Bahr al Ahmar, Egypt - Type: Full-Time - Flexibility: Hybrid","chan":"stdout","logger":"task"}
{"timestamp":"2025-10-18T18:36:19.491632Z","level":"info","event":"Job 148: Sales Administrator - Company: Nawy - Location: Cairo, Cairo, Egypt - Type: Full-Time - Flexibility: On-Site","chan":"stdout","logger":"task"}
{"timestamp":"2025-10-18T18:36:25.690956Z","level":"info","event":"Job 149: Client Experience Executive – Showroom - Company: Al-Mansour Automotive - Location: Giza, Al Jizah, Egypt - Type: Full-Time - Flexibility: Remote","chan":"stdout","logger":"task"}
{"timestamp":"2025-10-18T18:36:32.202909Z","level":"info","event":"Job 150: Procurement Officer | Pan Marine Shipping Services - Company: PAN MARINE GROUP - Location: Cairo, Cairo, Egypt - Type: Full-Time - Flexibility: On-Site","chan":"stdout","logger":"task"}
{"timestamp":"2025-10-18T18:36:38.744678Z","level":"info","event":"","chan":"stdout","logger":"task"}
{"timestamp":"2025-10-18T18:36:38.744880Z","level":"info","event":"Fetching page 16 (start=150)...","chan":"stdout","logger":"task"}
{"timestamp":"2025-10-18T18:36:39.247627Z","level":"info","event":"Found 10 items on page 16","chan":"stdout","logger":"task"}
{"timestamp":"2025-10-18T18:36:40.199458Z","level":"info","event":"Job 151: IT Helpdesk Specialist - HQ - Company: Misr Technology Services - Location: Heliopolis, Cairo, Egypt - Type: Full-Time - Flexibility: Remote","chan":"stdout","logger":"task"}
{"timestamp":"2025-10-18T18:36:49.504596Z","level":"info","event":"Job 152: Maintenance Manager - Farms - Company: Juhayna Food Industries - Location: El Wahat El Bahariya, Al Jizah, Egypt - Type: Full-Time - Flexibility: None","chan":"stdout","logger":"task"}
{"timestamp":"2025-10-18T18:36:56.313249Z","level":"info","event":"Job 153: Front Desk Receptionist - Company: Arabian Construction Co. - Location: Cairo, Egypt - Type: Full-Time - Flexibility: On-Site","chan":"stdout","logger":"task"}
{"timestamp":"2025-10-18T18:36:59.130496Z","level":"info","event":"Job 154: Admin Assistant - Company: Marriott International - Location: Cairo, Cairo, Egypt - Type: Full-Time - Flexibility: Remote","chan":"stdout","logger":"task"}
{"timestamp":"2025-10-18T18:37:04.591517Z","level":"info","event":"Job 155: Admin Assistant - Company: ElSewedy Engineering Industries SEI - Location: Giza, Al Jizah, Egypt - Type: Full-Time - Flexibility: On-Site","chan":"stdout","logger":"task"}
{"timestamp":"2025-10-18T18:37:10.454610Z","level":"info","event":"Job 156: Senior Category Manager - Company: Homzmart - Location: Cairo, Cairo, Egypt - Type: Full-Time - Flexibility: None","chan":"stdout","logger":"task"}
{"timestamp":"2025-10-18T18:37:13.682114Z","level":"info","event":"Job 157: Site Engineer - Company: SWEVEN CONSTRUCTION ®️ - Location: Cairo, Cairo, Egypt - Type: Full-Time - Flexibility: On-Site","chan":"stdout","logger":"task"}
{"timestamp":"2025-10-18T18:37:18.016985Z","level":"info","event":"Job 158: Procurement Specialist - Company: Nawy - Location: Qesm El Maadi, Cairo, Egypt - Type: Full-Time - Flexibility: On-Site","chan":"stdout","logger":"task"}
{"timestamp":"2025-10-18T18:37:24.240142Z","level":"info","event":"Job 159: BI Developer - Company: Banque Misr - Location: Cairo, Cairo, Egypt - Type: Full-Time - Flexibility: None","chan":"stdout","logger":"task"}
{"timestamp":"2025-10-18T18:37:29.768428Z","level":"info","event":"Job 160: Junior Accountant - Company: Talent 360 ME - Location: Ad-Duqqi, Al Jizah, Egypt - Type: Full-Time - Flexibility: Remote","chan":"stdout","logger":"task"}
{"timestamp":"2025-10-18T18:37:36.401727Z","level":"info","event":"","chan":"stdout","logger":"task"}
{"timestamp":"2025-10-18T18:37:36.402149Z","level":"info","event":"Fetching page 17 (start=160)...","chan":"stdout","logger":"task"}
{"timestamp":"2025-10-18T18:37:36.930311Z","level":"info","event":"Found 10 items on page 17","chan":"stdout","logger":"task"}
{"timestamp":"2025-10-18T18:37:37.454152Z","level":"info","event":"Job 161: IT Help Desk (دعم فني) - Company: Pure Life Filters Company - Location: Egypt - Type: Full-Time - Flexibility: None","chan":"stdout","logger":"task"}
{"timestamp":"2025-10-18T18:37:42.366494Z","level":"info","event":"Job 162: Receptionist & Admin Assistant - Company: Grand Technology - Location: Giza, Al Jizah, Egypt - Type: Full-Time - Flexibility: On-Site","chan":"stdout","logger":"task"}
{"timestamp":"2025-10-18T18:37:47.667559Z","level":"info","event":"Job 163: Technical Engineer - Company: TAQA Water - Location: Cairo, Cairo, Egypt - Type: Full-Time - Flexibility: None","chan":"stdout","logger":"task"}
{"timestamp":"2025-10-18T18:37:52.577524Z","level":"info","event":"Job 164: Virtual Assistant (Remote) - Company: Core Code io - Location: Cairo, Cairo, Egypt - Type: Full-Time - Flexibility: Remote","chan":"stdout","logger":"task"}
{"timestamp":"2025-10-18T18:37:56.368112Z","level":"info","event":"Job 165: Assistant Brand Manager Marketing - Company: Al-Mansour Automotive - Location: Giza, Al Jizah, Egypt - Type: Full-Time - Flexibility: On-Site","chan":"stdout","logger":"task"}
{"timestamp":"2025-10-18T18:37:59.878612Z","level":"info","event":"Job 166: Mid-Cap Credit Risk Analyst - Company: Banque Misr - Location: Cairo, Egypt - Type: Full-Time - Flexibility: None","chan":"stdout","logger":"task"}
{"timestamp":"2025-10-18T18:38:06.734507Z","level":"info","event":"Job 167: Financial Accountant - MENA - Company: Gilbarco Veeder-Root - Location: Cairo, Cairo, Egypt - Type: Full-Time - Flexibility: On-Site","chan":"stdout","logger":"task"}
{"timestamp":"2025-10-18T18:38:10.745229Z","level":"info","event":"Job 168: Early Careers - Accounting and Finance Internships - Company: SLB - Location: Egypt - Type: Full-Time - Flexibility: On-Site","chan":"stdout","logger":"task"}
{"timestamp":"2025-10-18T18:38:15.237247Z","level":"info","event":"Job 169: Admin Assistant - Company: Marriott International - Location: Cairo, Cairo, Egypt - Type: Full-Time - Flexibility: Remote","chan":"stdout","logger":"task"}
{"timestamp":"2025-10-18T18:38:21.396473Z","level":"info","event":"Job 170: Research Analyst - Company: Nawy - Location: Qesm El Maadi, Cairo, Egypt - Type: Full-Time - Flexibility: None","chan":"stdout","logger":"task"}
{"timestamp":"2025-10-18T18:38:32.315447Z","level":"info","event":"","chan":"stdout","logger":"task"}
{"timestamp":"2025-10-18T18:38:32.315882Z","level":"info","event":"Fetching page 18 (start=170)...","chan":"stdout","logger":"task"}
{"timestamp":"2025-10-18T18:38:32.802120Z","level":"info","event":"Found 10 items on page 18","chan":"stdout","logger":"task"}
{"timestamp":"2025-10-18T18:38:33.440279Z","level":"info","event":"Job 171: Storekeeper - Company: TAQA Water - Location: Cairo, Cairo, Egypt - Type: Full-Time - Flexibility: On-Site","chan":"stdout","logger":"task"}
{"timestamp":"2025-10-18T18:38:42.143746Z","level":"info","event":"Job 172: Arabic Customer Service Agent - Company: Talent 360 ME - Location: Cairo, Cairo, Egypt - Type: Full-Time - Flexibility: Remote","chan":"stdout","logger":"task"}
{"timestamp":"2025-10-18T18:38:47.596798Z","level":"info","event":"Job 173: General Assembly (GA) Manufacturing Engineer - Company: Al-Mansour Automotive - Location: 6th of October, Al Jizah, Egypt - Type: Full-Time - Flexibility: On-Site","chan":"stdout","logger":"task"}
{"timestamp":"2025-10-18T18:38:50.580392Z","level":"info","event":"Job 174: Research Analyst - Company: Nawy - Location: Cairo, Cairo, Egypt - Type: Full-Time - Flexibility: None","chan":"stdout","logger":"task"}
{"timestamp":"2025-10-18T18:38:54.688135Z","level":"info","event":"Job 175: Admin - Company: LeadInTop - Location: Cairo, Cairo, Egypt - Type: Full-Time - Flexibility: On-Site","chan":"stdout","logger":"task"}
{"timestamp":"2025-10-18T18:38:57.564520Z","level":"info","event":"Job 176: Priority Banking Customer Service Officer - Company: Emirates NBD - Location: Cairo, Egypt - Type: Full-Time - Flexibility: Remote","chan":"stdout","logger":"task"}
{"timestamp":"2025-10-18T18:39:02.599069Z","level":"info","event":"Job 177: Inbound Agent - Priority Banking Segment - Company: Emirates NBD - Location: Cairo, Egypt - Type: Full-Time - Flexibility: Remote","chan":"stdout","logger":"task"}
{"timestamp":"2025-10-18T18:39:07.772610Z","level":"info","event":"Job 178: Medical Representative - Company: Julphar - Location: Egypt - Type: Full-Time - Flexibility: On-Site","chan":"stdout","logger":"task"}
{"timestamp":"2025-10-18T18:39:15.955805Z","level":"info","event":"Job 179: General Accountant - Company: Chefaa - Location: Cairo, Cairo, Egypt - Type: Full-Time - Flexibility: None","chan":"stdout","logger":"task"}
{"timestamp":"2025-10-18T18:39:22.302605Z","level":"info","event":"Job 180: Site Operations representative - Company: Nawy - Location: Qesm El Maadi, Cairo, Egypt - Type: Full-Time - Flexibility: Remote","chan":"stdout","logger":"task"}
{"timestamp":"2025-10-18T18:39:30.065928Z","level":"info","event":"","chan":"stdout","logger":"task"}
{"timestamp":"2025-10-18T18:39:30.066270Z","level":"info","event":"Fetching page 19 (start=180)...","chan":"stdout","logger":"task"}
{"timestamp":"2025-10-18T18:39:30.759707Z","level":"info","event":"Found 10 items on page 19","chan":"stdout","logger":"task"}
{"timestamp":"2025-10-18T18:39:31.142575Z","level":"info","event":"Job 181: Procurement Officer - Company: KAIZEN Asset Management Services - Location: Egypt - Type: Full-Time - Flexibility: On-Site","chan":"stdout","logger":"task"}
{"timestamp":"2025-10-18T18:39:34.127722Z","level":"info","event":"Job 182: STORE & RECEIVING ASSISTANT - Company: Tunamaya Beach & Spa Resort - Tioman Island - Location: Island Beach Resort, South Sinai, Egypt - Type: Full-Time - Flexibility: On-Site","chan":"stdout","logger":"task"}
{"timestamp":"2025-10-18T18:39:41.039194Z","level":"info","event":"Job 183: Medical Representative - Company: Julphar - Location: Egypt - Type: Full-Time - Flexibility: On-Site","chan":"stdout","logger":"task"}
{"timestamp":"2025-10-18T18:39:49.912371Z","level":"info","event":"Job 184: Fresh Graduate - Company: NBK Egypt - Location: Cairo, Egypt - Type: Full-Time - Flexibility: On-Site","chan":"stdout","logger":"task"}
{"timestamp":"2025-10-18T18:39:55.042666Z","level":"info","event":"Job 185: Senior Accounts Receivable Accountant - Company: Al-Mansour Automotive - Location: New Cairo, Cairo, Egypt - Type: Full-Time - Flexibility: None","chan":"stdout","logger":"task"}
{"timestamp":"2025-10-18T18:40:01.527294Z","level":"info","event":"Job 186: Procurement Manager - Company: Nawy - Location: Cairo, Cairo, Egypt - Type: Full-Time - Flexibility: On-Site","chan":"stdout","logger":"task"}
{"timestamp":"2025-10-18T18:40:07.895564Z","level":"info","event":"Job 187: Electrical Engineer - Company: TAQA Water - Location: Cairo, Cairo, Egypt - Type: Full-Time - Flexibility: On-Site","chan":"stdout","logger":"task"}
{"timestamp":"2025-10-18T18:40:13.660317Z","level":"info","event":"Job 188: Geocycle Site Engineer (Sokhna plant) - Company: Lafarge Egypt - Location: Cairo, Egypt - Type: Full-Time - Flexibility: On-Site","chan":"stdout","logger":"task"}
{"timestamp":"2025-10-18T18:40:18.035916Z","level":"info","event":"Job 189: Executive Assistant (Remote) - Company: Core Code io - Location: Cairo, Cairo, Egypt - Type: Full-Time - Flexibility: Remote","chan":"stdout","logger":"task"}
{"timestamp":"2025-10-18T18:40:24.383295Z","level":"info","event":"Job 190: Senior Accountant - Company: MBC GROUP - Location: Cairo, Cairo, Egypt - Type: Contract - Flexibility: On-Site","chan":"stdout","logger":"task"}
{"timestamp":"2025-10-18T18:40:32.806470Z","level":"info","event":"","chan":"stdout","logger":"task"}
{"timestamp":"2025-10-18T18:40:32.806922Z","level":"info","event":"Fetching page 20 (start=190)...","chan":"stdout","logger":"task"}
{"timestamp":"2025-10-18T18:40:33.408893Z","level":"info","event":"Found 10 items on page 20","chan":"stdout","logger":"task"}
{"timestamp":"2025-10-18T18:40:34.094207Z","level":"info","event":"Job 191: Executive Assistant - Company: PepsiCo - Location: New Cairo, Cairo, Egypt - Type: Full-Time - Flexibility: On-Site","chan":"stdout","logger":"task"}
{"timestamp":"2025-10-18T18:40:39.121649Z","level":"info","event":"Job 192: Quantity Surveyor - Company: Arabian Construction Co. - Location: Cairo, Egypt - Type: Full-Time - Flexibility: On-Site","chan":"stdout","logger":"task"}
{"timestamp":"2025-10-18T18:40:49.391076Z","level":"info","event":"Job 193: Planning and Project Manager - Company: Nawy - Location: Cairo, Cairo, Egypt - Type: Full-Time - Flexibility: Remote","chan":"stdout","logger":"task"}
{"timestamp":"2025-10-18T18:40:52.717833Z","level":"info","event":"Job 194: Bookkeeper Accountant - Company: Nasoft.eg - Location: Sheikh Zayed City, Cairo, Egypt - Type: Full-Time - Flexibility: On-Site","chan":"stdout","logger":"task"}
{"timestamp":"2025-10-18T18:41:01.183682Z","level":"info","event":"Job 195: Junior Business Analyst - Company: RMG | مجموعة ريناد المجد (لتقنية المعلومات) - Location: Cairo, Egypt - Type: Full-Time - Flexibility: Remote","chan":"stdout","logger":"task"}
{"timestamp":"2025-10-18T18:41:07.624428Z","level":"info","event":"Job 196: Interior Designer Intern | Retail | IKEA Cairo Festival City - Company: Al-Futtaim - Location: Egypt - Type: Full-Time - Flexibility: None","chan":"stdout","logger":"task"}
{"timestamp":"2025-10-18T18:41:12.710281Z","level":"info","event":"Job 197: Exclusive Operations Executive - Remote - Company: Justlife - Location: Egypt - Type: Full-Time - Flexibility: Remote","chan":"stdout","logger":"task"}
{"timestamp":"2025-10-18T18:41:19.319274Z","level":"info","event":"Job 198: Electrical Operation and Maintenance Engineer - Company: TAQA Water - Location: Cairo, Cairo, Egypt - Type: Full-Time - Flexibility: On-Site","chan":"stdout","logger":"task"}
{"timestamp":"2025-10-18T18:41:24.909662Z","level":"info","event":"Job 199: Finishing Site Engineer - Company: Cornerstone Development - Location: Cairo, Cairo, Egypt - Type: Full-Time - Flexibility: On-Site","chan":"stdout","logger":"task"}
{"timestamp":"2025-10-18T18:41:28.979413Z","level":"info","event":"Job 200: BI Analyst - Company: Halan - حالا - Location: Giza, Al Jizah, Egypt - Type: Full-Time - Flexibility: None","chan":"stdout","logger":"task"}
{"timestamp":"2025-10-18T18:41:28.979586Z","level":"info","event":"Reached target of 200 jobs. Stopping.","chan":"stdout","logger":"task"}
{"timestamp":"2025-10-18T18:41:29.320571","level":"info","event":"Done. Returned value was: None","logger":"airflow.task.operators.airflow.providers.standard.operators.python.PythonOperator"}
{"timestamp":"2025-10-18T18:41:29.435997Z","level":"info","event":"Task instance in success state","chan":"stdout","logger":"task"}
{"timestamp":"2025-10-18T18:41:29.436136Z","level":"info","event":" Previous state of the Task instance: TaskInstanceState.RUNNING","chan":"stdout","logger":"task"}
{"timestamp":"2025-10-18T18:41:29.437154Z","level":"info","event":"Task operator:<Task(PythonOperator): scrape_jobs>","chan":"stdout","logger":"task"}
