{"timestamp":"2025-09-26T16:44:11.946794","level":"info","event":"DAG bundles loaded: dags-folder, example_dags","logger":"airflow.dag_processing.bundles.manager.DagBundlesManager"}
{"timestamp":"2025-09-26T16:44:11.951889","level":"info","event":"Filling up the DagBag from /home/morsi/airflow/dags/main_dag.py","logger":"airflow.models.dagbag.DagBag"}
{"timestamp":"2025-09-26T16:44:17.492224Z","level":"info","event":"Task instance is in running state","chan":"stdout","logger":"task"}
{"timestamp":"2025-09-26T16:44:17.492420Z","level":"info","event":" Previous state of the Task instance: TaskInstanceState.QUEUED","chan":"stdout","logger":"task"}
{"timestamp":"2025-09-26T16:44:17.492599Z","level":"info","event":"Current task name:dbt_load","chan":"stdout","logger":"task"}
{"timestamp":"2025-09-26T16:44:17.492700Z","level":"info","event":"Dag name:linkedin_jobs_pipeline","chan":"stdout","logger":"task"}
{"timestamp":"2025-09-26T16:44:17.510443","level":"info","event":"Tmp dir root location: /tmp","logger":"airflow.task.hooks.airflow.providers.standard.hooks.subprocess.SubprocessHook"}
{"timestamp":"2025-09-26T16:44:17.512548","level":"info","event":"Running command: ['/usr/bin/bash', '-c', 'dbt run']","logger":"airflow.task.hooks.airflow.providers.standard.hooks.subprocess.SubprocessHook"}
{"timestamp":"2025-09-26T16:44:17.557810","level":"info","event":"Output:","logger":"airflow.task.hooks.airflow.providers.standard.hooks.subprocess.SubprocessHook"}
{"timestamp":"2025-09-26T16:44:23.061484","level":"info","event":"\u001b[0m16:44:23  Running with dbt=1.10.13","logger":"airflow.task.hooks.airflow.providers.standard.hooks.subprocess.SubprocessHook"}
{"timestamp":"2025-09-26T16:44:23.063663","level":"info","event":"\u001b[0m16:44:23  Encountered an error:","logger":"airflow.task.hooks.airflow.providers.standard.hooks.subprocess.SubprocessHook"}
{"timestamp":"2025-09-26T16:44:23.063881","level":"info","event":"Runtime Error","logger":"airflow.task.hooks.airflow.providers.standard.hooks.subprocess.SubprocessHook"}
{"timestamp":"2025-09-26T16:44:23.064008","level":"info","event":"  No dbt_project.yml found at expected path /tmp/airflowtmpselb0vys/dbt_project.yml","logger":"airflow.task.hooks.airflow.providers.standard.hooks.subprocess.SubprocessHook"}
{"timestamp":"2025-09-26T16:44:23.064128","level":"info","event":"  Verify that each entry within packages.yml (and their transitive dependencies) contains a file named dbt_project.yml","logger":"airflow.task.hooks.airflow.providers.standard.hooks.subprocess.SubprocessHook"}
{"timestamp":"2025-09-26T16:44:23.064286","level":"info","event":"","logger":"airflow.task.hooks.airflow.providers.standard.hooks.subprocess.SubprocessHook"}
{"timestamp":"2025-09-26T16:44:24.211284","level":"info","event":"Command exited with return code 2","logger":"airflow.task.hooks.airflow.providers.standard.hooks.subprocess.SubprocessHook"}
{"timestamp":"2025-09-26T16:44:24.212631","level":"error","event":"Task failed with exception","logger":"task","error_detail":[{"exc_type":"AirflowException","exc_value":"Bash command failed. The command returned a non-zero exit code 2.","exc_notes":[],"syntax_error":null,"is_cause":false,"frames":[{"filename":"/home/morsi/venvs/airflow_3.0.6/lib/python3.12/site-packages/airflow/sdk/execution_time/task_runner.py","lineno":920,"name":"run"},{"filename":"/home/morsi/venvs/airflow_3.0.6/lib/python3.12/site-packages/airflow/sdk/execution_time/task_runner.py","lineno":1215,"name":"_execute_task"},{"filename":"/home/morsi/venvs/airflow_3.0.6/lib/python3.12/site-packages/airflow/sdk/bases/operator.py","lineno":397,"name":"wrapper"},{"filename":"/home/morsi/venvs/airflow_3.0.6/lib/python3.12/site-packages/airflow/providers/standard/operators/bash.py","lineno":232,"name":"execute"}],"is_group":false,"exceptions":[]}]}
{"timestamp":"2025-09-26T16:44:24.214682Z","level":"info","event":"Task instance in failure state","chan":"stdout","logger":"task"}
{"timestamp":"2025-09-26T16:44:24.216401Z","level":"info","event":"Task start","chan":"stdout","logger":"task"}
{"timestamp":"2025-09-26T16:44:24.216560Z","level":"info","event":"Task:<Task(BashOperator): dbt_load>","chan":"stdout","logger":"task"}
{"timestamp":"2025-09-26T16:44:24.216701Z","level":"info","event":"Failure caused by Bash command failed. The command returned a non-zero exit code 2.","chan":"stdout","logger":"task"}
{"timestamp":"2025-09-26T16:44:24.220117","level":"error","event":"Top level error","logger":"task","error_detail":[{"exc_type":"UndefinedError","exc_value":"'airflow.sdk.execution_time.task_runner.RuntimeTaskInstance object' has no attribute 'mark_success_url'","exc_notes":[],"syntax_error":null,"is_cause":false,"frames":[{"filename":"/home/morsi/venvs/airflow_3.0.6/lib/python3.12/site-packages/airflow/sdk/execution_time/task_runner.py","lineno":1353,"name":"main"},{"filename":"/home/morsi/venvs/airflow_3.0.6/lib/python3.12/site-packages/airflow/sdk/execution_time/task_runner.py","lineno":1330,"name":"finalize"},{"filename":"/home/morsi/venvs/airflow_3.0.6/lib/python3.12/site-packages/airflow/sdk/execution_time/task_runner.py","lineno":1161,"name":"_send_task_error_email"},{"filename":"/home/morsi/venvs/airflow_3.0.6/lib/python3.12/site-packages/airflow/models/taskinstance.py","lineno":411,"name":"_get_email_subject_content"},{"filename":"/home/morsi/venvs/airflow_3.0.6/lib/python3.12/site-packages/airflow/models/taskinstance.py","lineno":408,"name":"render"},{"filename":"/home/morsi/venvs/airflow_3.0.6/lib/python3.12/site-packages/airflow/utils/helpers.py","lineno":244,"name":"render_template_to_string"},{"filename":"/home/morsi/venvs/airflow_3.0.6/lib/python3.12/site-packages/airflow/utils/helpers.py","lineno":239,"name":"render_template"},{"filename":"<template>","lineno":26,"name":"root"},{"filename":"/home/morsi/venvs/airflow_3.0.6/lib/python3.12/site-packages/jinja2/runtime.py","lineno":859,"name":"_fail_with_undefined_error"}],"is_group":false,"exceptions":[]}]}
{"timestamp":"2025-09-26T16:44:24.248756Z","level":"warning","event":"Process exited abnormally","exit_code":1,"logger":"task"}
