{"timestamp":"2025-10-20T22:55:43.673331","level":"info","event":"DAG bundles loaded: dags-folder, example_dags","logger":"airflow.dag_processing.bundles.manager.DagBundlesManager"}
{"timestamp":"2025-10-20T22:55:43.674445","level":"info","event":"Filling up the DagBag from /home/morsi/airflow/dags/main_dag.py","logger":"airflow.models.dagbag.DagBag"}
{"timestamp":"2025-10-20T22:55:47.061109Z","level":"info","event":"Task instance is in running state","chan":"stdout","logger":"task"}
{"timestamp":"2025-10-20T22:55:47.061279Z","level":"info","event":" Previous state of the Task instance: TaskInstanceState.QUEUED","chan":"stdout","logger":"task"}
{"timestamp":"2025-10-20T22:55:47.061368Z","level":"info","event":"Current task name:dbt_load","chan":"stdout","logger":"task"}
{"timestamp":"2025-10-20T22:55:47.061412Z","level":"info","event":"Dag name:linkedin_jobs_pipeline","chan":"stdout","logger":"task"}
{"timestamp":"2025-10-20T22:55:47.065971","level":"info","event":"Tmp dir root location: /tmp","logger":"airflow.task.hooks.airflow.providers.standard.hooks.subprocess.SubprocessHook"}
{"timestamp":"2025-10-20T22:55:47.066480","level":"info","event":"Running command: ['/usr/bin/bash', '-c', 'dbt run']","logger":"airflow.task.hooks.airflow.providers.standard.hooks.subprocess.SubprocessHook"}
{"timestamp":"2025-10-20T22:55:47.087469","level":"info","event":"Output:","logger":"airflow.task.hooks.airflow.providers.standard.hooks.subprocess.SubprocessHook"}
{"timestamp":"2025-10-20T22:55:49.609143","level":"info","event":"\u001b[0m22:55:49  Running with dbt=1.10.13","logger":"airflow.task.hooks.airflow.providers.standard.hooks.subprocess.SubprocessHook"}
{"timestamp":"2025-10-20T22:55:49.965763","level":"info","event":"\u001b[0m22:55:49  Registered adapter: duckdb=1.9.6","logger":"airflow.task.hooks.airflow.providers.standard.hooks.subprocess.SubprocessHook"}
{"timestamp":"2025-10-20T22:55:50.629194","level":"info","event":"\u001b[0m22:55:50  [\u001b[33mWARNING\u001b[0m][MissingArgumentsPropertyInGenericTestDeprecation]: Deprecated","logger":"airflow.task.hooks.airflow.providers.standard.hooks.subprocess.SubprocessHook"}
{"timestamp":"2025-10-20T22:55:50.629405","level":"info","event":"functionality","logger":"airflow.task.hooks.airflow.providers.standard.hooks.subprocess.SubprocessHook"}
{"timestamp":"2025-10-20T22:55:50.629497","level":"info","event":"Found top-level arguments to test `relationships`. Arguments to generic tests","logger":"airflow.task.hooks.airflow.providers.standard.hooks.subprocess.SubprocessHook"}
{"timestamp":"2025-10-20T22:55:50.629579","level":"info","event":"should be nested under the `arguments` property.`","logger":"airflow.task.hooks.airflow.providers.standard.hooks.subprocess.SubprocessHook"}
{"timestamp":"2025-10-20T22:55:50.724059","level":"info","event":"\u001b[0m22:55:50  [\u001b[33mWARNING\u001b[0m]: Configuration paths exist in your dbt_project.yml file which do not apply to any resources.","logger":"airflow.task.hooks.airflow.providers.standard.hooks.subprocess.SubprocessHook"}
{"timestamp":"2025-10-20T22:55:50.724431","level":"info","event":"There are 2 unused configuration paths:","logger":"airflow.task.hooks.airflow.providers.standard.hooks.subprocess.SubprocessHook"}
{"timestamp":"2025-10-20T22:55:50.724554","level":"info","event":"- models.dbt_project.star","logger":"airflow.task.hooks.airflow.providers.standard.hooks.subprocess.SubprocessHook"}
{"timestamp":"2025-10-20T22:55:50.724647","level":"info","event":"- models.dbt_project.staging","logger":"airflow.task.hooks.airflow.providers.standard.hooks.subprocess.SubprocessHook"}
{"timestamp":"2025-10-20T22:55:50.906832","level":"info","event":"\u001b[0m22:55:50  Found 7 models, 21 data tests, 1 source, 431 macros","logger":"airflow.task.hooks.airflow.providers.standard.hooks.subprocess.SubprocessHook"}
{"timestamp":"2025-10-20T22:55:50.909498","level":"info","event":"\u001b[0m22:55:50","logger":"airflow.task.hooks.airflow.providers.standard.hooks.subprocess.SubprocessHook"}
{"timestamp":"2025-10-20T22:55:50.909670","level":"info","event":"\u001b[0m22:55:50  Concurrency: 1 threads (target='dev')","logger":"airflow.task.hooks.airflow.providers.standard.hooks.subprocess.SubprocessHook"}
{"timestamp":"2025-10-20T22:55:50.909959","level":"info","event":"\u001b[0m22:55:50","logger":"airflow.task.hooks.airflow.providers.standard.hooks.subprocess.SubprocessHook"}
{"timestamp":"2025-10-20T22:55:51.029502","level":"info","event":"\u001b[0m22:55:51  1 of 7 START sql view model main.stg_job_postings .............................. [RUN]","logger":"airflow.task.hooks.airflow.providers.standard.hooks.subprocess.SubprocessHook"}
{"timestamp":"2025-10-20T22:55:51.118510","level":"info","event":"\u001b[0m22:55:51  1 of 7 OK created sql view model main.stg_job_postings ......................... [\u001b[32mOK\u001b[0m in 0.09s]","logger":"airflow.task.hooks.airflow.providers.standard.hooks.subprocess.SubprocessHook"}
{"timestamp":"2025-10-20T22:55:51.120730","level":"info","event":"\u001b[0m22:55:51  2 of 7 START sql view model main.dim_company ................................... [RUN]","logger":"airflow.task.hooks.airflow.providers.standard.hooks.subprocess.SubprocessHook"}
{"timestamp":"2025-10-20T22:55:51.151851","level":"info","event":"\u001b[0m22:55:51  2 of 7 OK created sql view model main.dim_company .............................. [\u001b[32mOK\u001b[0m in 0.03s]","logger":"airflow.task.hooks.airflow.providers.standard.hooks.subprocess.SubprocessHook"}
{"timestamp":"2025-10-20T22:55:51.153258","level":"info","event":"\u001b[0m22:55:51  3 of 7 START sql view model main.dim_date ...................................... [RUN]","logger":"airflow.task.hooks.airflow.providers.standard.hooks.subprocess.SubprocessHook"}
{"timestamp":"2025-10-20T22:55:51.187554","level":"info","event":"\u001b[0m22:55:51  3 of 7 OK created sql view model main.dim_date ................................. [\u001b[32mOK\u001b[0m in 0.03s]","logger":"airflow.task.hooks.airflow.providers.standard.hooks.subprocess.SubprocessHook"}
{"timestamp":"2025-10-20T22:55:51.189002","level":"info","event":"\u001b[0m22:55:51  4 of 7 START sql view model main.dim_location .................................. [RUN]","logger":"airflow.task.hooks.airflow.providers.standard.hooks.subprocess.SubprocessHook"}
{"timestamp":"2025-10-20T22:55:51.221090","level":"info","event":"\u001b[0m22:55:51  4 of 7 OK created sql view model main.dim_location ............................. [\u001b[32mOK\u001b[0m in 0.03s]","logger":"airflow.task.hooks.airflow.providers.standard.hooks.subprocess.SubprocessHook"}
{"timestamp":"2025-10-20T22:55:51.222401","level":"info","event":"\u001b[0m22:55:51  5 of 7 START sql view model main.dim_skills .................................... [RUN]","logger":"airflow.task.hooks.airflow.providers.standard.hooks.subprocess.SubprocessHook"}
{"timestamp":"2025-10-20T22:55:51.255404","level":"info","event":"\u001b[0m22:55:51  5 of 7 OK created sql view model main.dim_skills ............................... [\u001b[32mOK\u001b[0m in 0.03s]","logger":"airflow.task.hooks.airflow.providers.standard.hooks.subprocess.SubprocessHook"}
{"timestamp":"2025-10-20T22:55:51.256755","level":"info","event":"\u001b[0m22:55:51  6 of 7 START sql view model main.fact_job_posting_skill ........................ [RUN]","logger":"airflow.task.hooks.airflow.providers.standard.hooks.subprocess.SubprocessHook"}
{"timestamp":"2025-10-20T22:55:51.292632","level":"info","event":"\u001b[0m22:55:51  6 of 7 OK created sql view model main.fact_job_posting_skill ................... [\u001b[32mOK\u001b[0m in 0.03s]","logger":"airflow.task.hooks.airflow.providers.standard.hooks.subprocess.SubprocessHook"}
{"timestamp":"2025-10-20T22:55:51.294012","level":"info","event":"\u001b[0m22:55:51  7 of 7 START sql view model main.fact_job_postings ............................. [RUN]","logger":"airflow.task.hooks.airflow.providers.standard.hooks.subprocess.SubprocessHook"}
{"timestamp":"2025-10-20T22:55:51.341058","level":"info","event":"\u001b[0m22:55:51  7 of 7 OK created sql view model main.fact_job_postings ........................ [\u001b[32mOK\u001b[0m in 0.05s]","logger":"airflow.task.hooks.airflow.providers.standard.hooks.subprocess.SubprocessHook"}
{"timestamp":"2025-10-20T22:55:51.347462","level":"info","event":"\u001b[0m22:55:51","logger":"airflow.task.hooks.airflow.providers.standard.hooks.subprocess.SubprocessHook"}
{"timestamp":"2025-10-20T22:55:51.347800","level":"info","event":"\u001b[0m22:55:51  Finished running 7 view models in 0 hours 0 minutes and 0.44 seconds (0.44s).","logger":"airflow.task.hooks.airflow.providers.standard.hooks.subprocess.SubprocessHook"}
{"timestamp":"2025-10-20T22:55:51.377419","level":"info","event":"\u001b[0m22:55:51","logger":"airflow.task.hooks.airflow.providers.standard.hooks.subprocess.SubprocessHook"}
{"timestamp":"2025-10-20T22:55:51.377979","level":"info","event":"\u001b[0m22:55:51  \u001b[32mCompleted successfully\u001b[0m","logger":"airflow.task.hooks.airflow.providers.standard.hooks.subprocess.SubprocessHook"}
{"timestamp":"2025-10-20T22:55:51.378375","level":"info","event":"\u001b[0m22:55:51","logger":"airflow.task.hooks.airflow.providers.standard.hooks.subprocess.SubprocessHook"}
{"timestamp":"2025-10-20T22:55:51.378882","level":"info","event":"\u001b[0m22:55:51  Done. PASS=7 WARN=0 ERROR=0 SKIP=0 NO-OP=0 TOTAL=7","logger":"airflow.task.hooks.airflow.providers.standard.hooks.subprocess.SubprocessHook"}
{"timestamp":"2025-10-20T22:55:51.379884","level":"info","event":"\u001b[0m22:55:51  [\u001b[33mWARNING\u001b[0m][DeprecationsSummary]: Deprecated functionality","logger":"airflow.task.hooks.airflow.providers.standard.hooks.subprocess.SubprocessHook"}
{"timestamp":"2025-10-20T22:55:51.380081","level":"info","event":"Summary of encountered deprecations:","logger":"airflow.task.hooks.airflow.providers.standard.hooks.subprocess.SubprocessHook"}
{"timestamp":"2025-10-20T22:55:51.380165","level":"info","event":"- MissingArgumentsPropertyInGenericTestDeprecation: 3 occurrences","logger":"airflow.task.hooks.airflow.providers.standard.hooks.subprocess.SubprocessHook"}
{"timestamp":"2025-10-20T22:55:51.380238","level":"info","event":"To see all deprecation instances instead of just the first occurrence of each,","logger":"airflow.task.hooks.airflow.providers.standard.hooks.subprocess.SubprocessHook"}
{"timestamp":"2025-10-20T22:55:51.380309","level":"info","event":"run command again with the `--show-all-deprecations` flag. You may also need to","logger":"airflow.task.hooks.airflow.providers.standard.hooks.subprocess.SubprocessHook"}
{"timestamp":"2025-10-20T22:55:51.380389","level":"info","event":"run with `--no-partial-parse` as some deprecations are only encountered during","logger":"airflow.task.hooks.airflow.providers.standard.hooks.subprocess.SubprocessHook"}
{"timestamp":"2025-10-20T22:55:51.380473","level":"info","event":"parsing.","logger":"airflow.task.hooks.airflow.providers.standard.hooks.subprocess.SubprocessHook"}
{"timestamp":"2025-10-20T22:55:52.984604","level":"info","event":"Command exited with return code 0","logger":"airflow.task.hooks.airflow.providers.standard.hooks.subprocess.SubprocessHook"}
{"timestamp":"2025-10-20T22:55:52.985655","level":"info","event":"Pushing xcom","ti":"RuntimeTaskInstance(id=UUID('019a03d4-e258-7081-bf13-2d9e6661f924'), task_id='dbt_load', dag_id='linkedin_jobs_pipeline', run_id='manual__2025-10-20T22:54:34.556940+00:00', try_number=1, map_index=-1, hostname='LAPTOP-VOK6VQOD.localdomain', context_carrier=None, task=<Task(BashOperator): dbt_load>, bundle_instance=LocalDagBundle(name=dags-folder), max_tries=0, start_date=datetime.datetime(2025, 10, 20, 22, 55, 43, 596857, tzinfo=datetime.timezone.utc), end_date=None, state=<TaskInstanceState.RUNNING: 'running'>, is_mapped=False, rendered_map_index=None, log_url='http://localhost:8080/dags/linkedin_jobs_pipeline/runs/manual__2025-10-20T22%3A54%3A34.556940%2B00%3A00/tasks/dbt_load?try_number=1')","logger":"task"}
{"timestamp":"2025-10-20T22:55:53.083625Z","level":"info","event":"Task instance in success state","chan":"stdout","logger":"task"}
{"timestamp":"2025-10-20T22:55:53.083797Z","level":"info","event":" Previous state of the Task instance: TaskInstanceState.RUNNING","chan":"stdout","logger":"task"}
{"timestamp":"2025-10-20T22:55:53.084340Z","level":"info","event":"Task operator:<Task(BashOperator): dbt_load>","chan":"stdout","logger":"task"}
