{"timestamp":"2025-10-15T21:22:23.191609","level":"info","event":"DAG bundles loaded: dags-folder, example_dags","logger":"airflow.dag_processing.bundles.manager.DagBundlesManager"}
{"timestamp":"2025-10-15T21:22:23.193073","level":"info","event":"Filling up the DagBag from /home/morsi/airflow/dags/main_dag.py","logger":"airflow.models.dagbag.DagBag"}
{"timestamp":"2025-10-15T21:22:25.016586Z","level":"info","event":"Task instance is in running state","chan":"stdout","logger":"task"}
{"timestamp":"2025-10-15T21:22:25.016709Z","level":"info","event":" Previous state of the Task instance: TaskInstanceState.QUEUED","chan":"stdout","logger":"task"}
{"timestamp":"2025-10-15T21:22:25.016903Z","level":"info","event":"Current task name:scrape_jobs","chan":"stdout","logger":"task"}
{"timestamp":"2025-10-15T21:22:25.017010Z","level":"info","event":"Dag name:linkedin_jobs_pipeline","chan":"stdout","logger":"task"}
{"timestamp":"2025-10-15T21:22:25.019231Z","level":"info","event":"","chan":"stdout","logger":"task"}
{"timestamp":"2025-10-15T21:22:25.019359Z","level":"info","event":"Fetching page 1 (start=0)...","chan":"stdout","logger":"task"}
{"timestamp":"2025-10-15T21:22:25.819588Z","level":"info","event":"Found 10 items on page 1","chan":"stdout","logger":"task"}
{"timestamp":"2025-10-15T21:22:26.770048Z","level":"info","event":"Job 1: Cairo Cabin Crew Opportunities (Dubai Based, Relocation Provided) - Company: Emirates - Location: New Cairo, Cairo, Egypt - Type: Full-Time - Flexibility: On-Site","chan":"stdout","logger":"task"}
{"timestamp":"2025-10-15T21:22:31.121118Z","level":"info","event":"Job 2: Receptionist - Company: Al Ahly Momkn - Location: Cairo, Cairo, Egypt - Type: Full-Time - Flexibility: On-Site","chan":"stdout","logger":"task"}
{"timestamp":"2025-10-15T21:22:33.723364Z","level":"info","event":"Job 3: Area Sales Manager - Company: Juhayna Food Industries - Location: Sawhāj, Suhaj, Egypt - Type: Full-Time - Flexibility: None","chan":"stdout","logger":"task"}
{"timestamp":"2025-10-15T21:22:41.721485Z","level":"info","event":"Job 4: HR Coordinator - Company: Aujan Coca-Cola Beverages Company (ACCBC) - Location: Giza, Al Jizah, Egypt - Type: Contract - Flexibility: On-Site","chan":"stdout","logger":"task"}
{"timestamp":"2025-10-15T21:22:46.873361Z","level":"info","event":"Job 5: Accountant - Company: Wadi Degla Trading & Engineering Projects - Egypro - Location: Cairo, Egypt - Type: Full-Time - Flexibility: On-Site","chan":"stdout","logger":"task"}
{"timestamp":"2025-10-15T21:22:51.527938Z","level":"info","event":"Job 6: Fresh Graduate - Company: بنك التعمير والإسكان HD Bank - Location: Cairo, Egypt - Type: Full-Time - Flexibility: None","chan":"stdout","logger":"task"}
{"timestamp":"2025-10-15T21:22:58.011056Z","level":"info","event":"Job 7: Executive Assistant - Company: Emirates NBD - Location: Cairo, Egypt - Type: Full-Time - Flexibility: On-Site","chan":"stdout","logger":"task"}
{"timestamp":"2025-10-15T21:23:01.561419Z","level":"info","event":"Job 8: Customer Service Associate - Company: Amazon - Location: Cairo, Cairo, Egypt - Type: Full-Time - Flexibility: On-Site","chan":"stdout","logger":"task"}
{"timestamp":"2025-10-15T21:23:05.424552Z","level":"info","event":"Job 9: Commis | IKEA | Cairo Festival City - Company: Al-Futtaim Automotive - Location: Cairo, Cairo, Egypt - Type: Full-Time - Flexibility: None","chan":"stdout","logger":"task"}
{"timestamp":"2025-10-15T21:23:13.542721Z","level":"info","event":"Job 10: Sales Consultant - Company: Wadi Degla Developments - Location: Cairo, Egypt - Type: Full-Time - Flexibility: Remote","chan":"stdout","logger":"task"}
{"timestamp":"2025-10-15T21:23:19.281801Z","level":"info","event":"","chan":"stdout","logger":"task"}
{"timestamp":"2025-10-15T21:23:19.282044Z","level":"info","event":"Fetching page 2 (start=10)...","chan":"stdout","logger":"task"}
{"timestamp":"2025-10-15T21:23:19.835568Z","level":"info","event":"Found 10 items on page 2","chan":"stdout","logger":"task"}
{"timestamp":"2025-10-15T21:23:20.670564Z","level":"info","event":"Job 11: Team Leader - Product Development - Company: Juhayna Food Industries - Location: 6th of October, Cairo, Egypt - Type: Full-Time - Flexibility: Hybrid","chan":"stdout","logger":"task"}
{"timestamp":"2025-10-15T21:23:26.187316Z","level":"info","event":"Job 12: Projects Manager - Company: Wadi Degla Clubs Company S.A.E. - Location: Cairo, Egypt - Type: Full-Time - Flexibility: On-Site","chan":"stdout","logger":"task"}
{"timestamp":"2025-10-15T21:23:29.262353Z","level":"info","event":"Job 13: Sports Operations Officer - Sportswear & Facilities - Company: Wadi Degla Clubs Company S.A.E. - Location: Cairo, Egypt - Type: Full-Time - Flexibility: On-Site","chan":"stdout","logger":"task"}
{"timestamp":"2025-10-15T21:23:32.962563Z","level":"info","event":"Job 14: International Leadership Trainee - Company: Coca-Cola HBC - Location: Cairo, Egypt - Type: Full-Time - Flexibility: None","chan":"stdout","logger":"task"}
{"timestamp":"2025-10-15T21:23:36.872129Z","level":"info","event":"Job 15: Accountant - Company: Julphar - Location: Egypt - Type: Full-Time - Flexibility: Hybrid","chan":"stdout","logger":"task"}
{"timestamp":"2025-10-15T21:23:40.724042Z","level":"info","event":"Job 16: Department Assistant - Company: First Abu Dhabi Bank Misr (FABMISR) - Location: Cairo, Egypt - Type: Full-Time - Flexibility: On-Site","chan":"stdout","logger":"task"}
{"timestamp":"2025-10-15T21:23:44.570587Z","level":"info","event":"Job 17: Team Leader - Accounts Receivable - Company: Juhayna Food Industries - Location: 6th of October, Cairo, Egypt - Type: Full-Time - Flexibility: Remote","chan":"stdout","logger":"task"}
{"timestamp":"2025-10-15T21:23:51.256744Z","level":"info","event":"Job 18: Plant Maintenance Manager - Company: Aujan Coca-Cola Beverages Company (ACCBC) - Location: Giza, Al Jizah, Egypt - Type: Full-Time - Flexibility: On-Site","chan":"stdout","logger":"task"}
{"timestamp":"2025-10-15T21:23:57.225492Z","level":"info","event":"Job 19: Accounts Payable Officer - Company: Emirates NBD - Location: Cairo, Egypt - Type: Full-Time - Flexibility: On-Site","chan":"stdout","logger":"task"}
{"timestamp":"2025-10-15T21:24:01.657168Z","level":"info","event":"Job 20: HR & Office Admin Specialist - Company: Julphar - Location: Egypt - Type: Full-Time - Flexibility: On-Site","chan":"stdout","logger":"task"}
{"timestamp":"2025-10-15T21:24:08.000554Z","level":"info","event":"","chan":"stdout","logger":"task"}
{"timestamp":"2025-10-15T21:24:08.000803Z","level":"info","event":"Fetching page 3 (start=20)...","chan":"stdout","logger":"task"}
{"timestamp":"2025-10-15T21:24:08.982504Z","level":"info","event":"Found 10 items on page 3","chan":"stdout","logger":"task"}
{"timestamp":"2025-10-15T21:24:09.641448Z","level":"info","event":"Job 21: Call Center Agent (outsource) - Company: Abu Dhabi Islamic Bank - Egypt - Location: Cairo, Egypt - Type: Full-Time - Flexibility: On-Site","chan":"stdout","logger":"task"}
{"timestamp":"2025-10-15T21:24:13.831191Z","level":"info","event":"Job 22: Electrical Technician - Company: Unilever - Location: 6th of October, Al Jizah, Egypt - Type: Full-Time - Flexibility: Hybrid","chan":"stdout","logger":"task"}
{"timestamp":"2025-10-15T21:24:17.224796Z","level":"info","event":"Job 23: Service Documentation Administrator - Company: Al-Mansour Automotive - Location: New Cairo, Cairo, Egypt - Type: Full-Time - Flexibility: On-Site","chan":"stdout","logger":"task"}
{"timestamp":"2025-10-15T21:24:26.387931Z","level":"info","event":"Job 24: Project Manager - Company: Emirates NBD - Location: Cairo, Egypt - Type: Full-Time - Flexibility: On-Site","chan":"stdout","logger":"task"}
{"timestamp":"2025-10-15T21:24:29.589874Z","level":"info","event":"Job 25: Interior Designer | IKEA | Cairo Festival City - Company: Al-Futtaim - Location: Cairo, Cairo, Egypt - Type: Full-Time - Flexibility: On-Site","chan":"stdout","logger":"task"}
{"timestamp":"2025-10-15T21:24:35.917080Z","level":"info","event":"Job 26: وظيفة مسوق الكتروني - Company: إنجاز ميديا - EngazMedia - Location: Qesm 1st Nasser City, Cairo, Egypt - Type: Full-Time - Flexibility: None","chan":"stdout","logger":"task"}
{"timestamp":"2025-10-15T21:24:39.255136Z","level":"info","event":"Job 27: Receptionist - Company: Al-Mansour Automotive - Location: Cairo, Egypt - Type: Full-Time - Flexibility: On-Site","chan":"stdout","logger":"task"}
{"timestamp":"2025-10-15T21:24:44.242561Z","level":"info","event":"Job 28: وظيفة مدير وسائط إجتماعية - Company: إنجاز ميديا - EngazMedia - Location: Qesm 1st Nasser City, Cairo, Egypt - Type: Full-Time - Flexibility: None","chan":"stdout","logger":"task"}
{"timestamp":"2025-10-15T21:24:47.608846Z","level":"info","event":"Job 29: Storekeeper - Company: Colas Rail Egypt كولاس ريل مصر - Location: Cairo, Cairo, Egypt - Type: Full-Time - Flexibility: None","chan":"stdout","logger":"task"}
{"timestamp":"2025-10-15T21:24:53.055437Z","level":"info","event":"Job 30: Executive Assistant - Company: PwC Middle East - Location: Cairo, Cairo, Egypt - Type: Full-Time - Flexibility: On-Site","chan":"stdout","logger":"task"}
{"timestamp":"2025-10-15T21:25:03.607156Z","level":"info","event":"","chan":"stdout","logger":"task"}
{"timestamp":"2025-10-15T21:25:03.607540Z","level":"info","event":"Fetching page 4 (start=30)...","chan":"stdout","logger":"task"}
{"timestamp":"2025-10-15T21:25:04.179102Z","level":"info","event":"Found 10 items on page 4","chan":"stdout","logger":"task"}
{"timestamp":"2025-10-15T21:25:04.787593Z","level":"info","event":"Job 31: Admin Assistant - Company: Marriott International - Location: Cairo, Cairo, Egypt - Type: Full-Time - Flexibility: Remote","chan":"stdout","logger":"task"}
{"timestamp":"2025-10-15T21:25:07.783713Z","level":"info","event":"Job 32: Financial and Investment Analyst - Company: Wadi Degla Clubs Company S.A.E. - Location: Cairo, Egypt - Type: Full-Time - Flexibility: None","chan":"stdout","logger":"task"}
{"timestamp":"2025-10-15T21:25:13.117775Z","level":"info","event":"Job 33: Associate Operations Manager - Malls - Company: Talaat Moustafa Group - Location: New Cairo, Cairo, Egypt - Type: Full-Time - Flexibility: None","chan":"stdout","logger":"task"}
{"timestamp":"2025-10-15T21:25:16.191511Z","level":"info","event":"Job 34: Striker - Alexandria - Company: Red Bull - Location: Alexandria, Alexandria, Egypt - Type: Full-Time - Flexibility: On-Site","chan":"stdout","logger":"task"}
{"timestamp":"2025-10-15T21:25:18.934357Z","level":"info","event":"Job 35: Sales Supervisor - Sharkia - Company: Aujan Coca-Cola Beverages Company (ACCBC) - Location: Sharkia, Egypt - Type: Full-Time - Flexibility: None","chan":"stdout","logger":"task"}
{"timestamp":"2025-10-15T21:25:23.197265Z","level":"info","event":"Job 36: Guest Service Agent (Telephone Operator) - Egyptians Only - Company: Kempinski Hotels - Location: Cairo, Cairo, Egypt - Type: Full-Time - Flexibility: Remote","chan":"stdout","logger":"task"}
{"timestamp":"2025-10-15T21:25:26.294973Z","level":"info","event":"Job 37: Private Advisor - Company: Banque Misr - Location: Cairo, Egypt - Type: Full-Time - Flexibility: On-Site","chan":"stdout","logger":"task"}
{"timestamp":"2025-10-15T21:25:30.006297Z","level":"info","event":"Job 38: Interior Designer | IKEA | Cairo Festival City - Company: Al-Futtaim Automotive - Location: Cairo, Cairo, Egypt - Type: Full-Time - Flexibility: On-Site","chan":"stdout","logger":"task"}
{"timestamp":"2025-10-15T21:25:36.284255Z","level":"info","event":"Job 39: Data Scientist - Company: Banque Misr - Location: Cairo, Cairo, Egypt - Type: Full-Time - Flexibility: Hybrid","chan":"stdout","logger":"task"}
{"timestamp":"2025-10-15T21:25:41.854375Z","level":"info","event":"Job 40: Private Banking Advisor - Company: Abu Dhabi Islamic Bank - Egypt - Location: Cairo, Egypt - Type: Full-Time - Flexibility: On-Site","chan":"stdout","logger":"task"}
{"timestamp":"2025-10-15T21:25:49.363918Z","level":"info","event":"","chan":"stdout","logger":"task"}
{"timestamp":"2025-10-15T21:25:49.364270Z","level":"info","event":"Fetching page 5 (start=40)...","chan":"stdout","logger":"task"}
{"timestamp":"2025-10-15T21:25:49.943936Z","level":"info","event":"Found 10 items on page 5","chan":"stdout","logger":"task"}
{"timestamp":"2025-10-15T21:25:50.661115Z","level":"info","event":"Job 41: Customer Service Agent [Arabic] - Company: Talent 360 ME - Location: Cairo, Cairo, Egypt - Type: Full-Time - Flexibility: Remote","chan":"stdout","logger":"task"}
{"timestamp":"2025-10-15T21:25:53.931102Z","level":"info","event":"Job 42: Retail Payroll Operations Officer - Company: Banque du Caire - Location: Cairo, Egypt - Type: Full-Time - Flexibility: On-Site","chan":"stdout","logger":"task"}
{"timestamp":"2025-10-15T21:25:59.853069Z","level":"info","event":"Job 43: Accounts Receivable Accountant - Cairo - Company: Imdad - Location: Cairo, Cairo, Egypt - Type: Full-Time - Flexibility: On-Site","chan":"stdout","logger":"task"}
{"timestamp":"2025-10-15T21:26:03.417676Z","level":"info","event":"Job 44: وظيفة مندوب مبيعات - Company: إنجاز ميديا - EngazMedia - Location: Qesm 1st Nasser City, Cairo, Egypt - Type: Full-Time - Flexibility: On-Site","chan":"stdout","logger":"task"}
{"timestamp":"2025-10-15T21:26:09.426558Z","level":"info","event":"Job 45: Shopping Experience Assistant | IKEA | Cairo Festival City - Company: Al-Futtaim Automotive - Location: Cairo, Cairo, Egypt - Type: Full-Time - Flexibility: Remote","chan":"stdout","logger":"task"}
{"timestamp":"2025-10-15T21:26:13.075668Z","level":"info","event":"Job 46: Chairman & CEO Office Manager - Company: Misr Technology Services - Location: Heliopolis, Cairo, Egypt - Type: Full-Time - Flexibility: On-Site","chan":"stdout","logger":"task"}
{"timestamp":"2025-10-15T21:26:17.444271Z","level":"info","event":"Job 47: Document Controller 2 - Company: Colas Rail Egypt كولاس ريل مصر - Location: Qesm Heliopolis, Cairo, Egypt - Type: Full-Time - Flexibility: On-Site","chan":"stdout","logger":"task"}
{"timestamp":"2025-10-15T21:26:25.967801Z","level":"info","event":"Job 48: Corporate Service Officer/ Senior Officer - Company: Abu Dhabi Islamic Bank - Egypt - Location: Cairo, Egypt - Type: Full-Time - Flexibility: On-Site","chan":"stdout","logger":"task"}
{"timestamp":"2025-10-15T21:26:28.770510Z","level":"info","event":"Job 49: Cashier - Company: Sharaf DG Egypt - Location: Cairo, Egypt - Type: Full-Time - Flexibility: On-Site","chan":"stdout","logger":"task"}
{"timestamp":"2025-10-15T21:26:32.416505Z","level":"info","event":"Job 50: Facility Management Supervisor - Company: Al-Mansour Automotive - Location: Cairo, Cairo, Egypt - Type: Full-Time - Flexibility: On-Site","chan":"stdout","logger":"task"}
{"timestamp":"2025-10-15T21:26:38.110947Z","level":"info","event":"","chan":"stdout","logger":"task"}
{"timestamp":"2025-10-15T21:26:38.111368Z","level":"info","event":"Fetching page 6 (start=50)...","chan":"stdout","logger":"task"}
{"timestamp":"2025-10-15T21:26:38.652257Z","level":"info","event":"Found 10 items on page 6","chan":"stdout","logger":"task"}
{"timestamp":"2025-10-15T21:26:39.271036Z","level":"info","event":"Job 51: Document Controller 1 - Company: Colas Rail Egypt كولاس ريل مصر - Location: Qesm Heliopolis, Cairo, Egypt - Type: Full-Time - Flexibility: On-Site","chan":"stdout","logger":"task"}
{"timestamp":"2025-10-15T21:26:42.347950Z","level":"info","event":"Job 52: DRAFTSMAN - Company: ELSEWEDY ELECTRIC - Location: Cairo, Cairo, Egypt - Type: Full-Time - Flexibility: On-Site","chan":"stdout","logger":"task"}
{"timestamp":"2025-10-15T21:26:44.873180Z","level":"info","event":"Job 53: Relationship Manager - Corporate & Institutional Banking - Company: Emirates NBD - Location: Cairo, Egypt - Type: Full-Time - Flexibility: None","chan":"stdout","logger":"task"}
{"timestamp":"2025-10-15T21:26:51.276115Z","level":"info","event":"Job 54: Data Operation & Support Specialist/ Analyst/ Senior Analyst - Company: Banque Misr - Location: Cairo, Cairo, Egypt - Type: Full-Time - Flexibility: None","chan":"stdout","logger":"task"}
{"timestamp":"2025-10-15T21:26:57.298703Z","level":"info","event":"Job 55: Teller - Company: Emirates NBD - Location: Cairo, Egypt - Type: Full-Time - Flexibility: On-Site","chan":"stdout","logger":"task"}
{"timestamp":"2025-10-15T21:27:04.992451Z","level":"info","event":"Job 56: Development Engineer - Company: Wadi Degla Developments - Location: Cairo, Cairo, Egypt - Type: Full-Time - Flexibility: On-Site","chan":"stdout","logger":"task"}
{"timestamp":"2025-10-15T21:27:11.474482Z","level":"info","event":"Job 57: Administrative Executive - Company: Toyota Egypt Group - Location: Cairo, Egypt - Type: Full-Time - Flexibility: On-Site","chan":"stdout","logger":"task"}
{"timestamp":"2025-10-15T21:27:15.218799Z","level":"info","event":"Job 58: محاسب - Company: AlRyada University - Location: Egypt - Type: Full-Time - Flexibility: On-Site","chan":"stdout","logger":"task"}
{"timestamp":"2025-10-15T21:27:18.596540Z","level":"info","event":"Job 59: Executive Assistant - Company: PepsiCo - Location: New Cairo, Cairo, Egypt - Type: Full-Time - Flexibility: On-Site","chan":"stdout","logger":"task"}
{"timestamp":"2025-10-15T21:27:22.213726Z","level":"info","event":"Job 60: Data Science Specialist - Company: Banque Misr - Location: Cairo, Cairo, Egypt - Type: Full-Time - Flexibility: Hybrid","chan":"stdout","logger":"task"}
{"timestamp":"2025-10-15T21:27:28.800880Z","level":"info","event":"","chan":"stdout","logger":"task"}
{"timestamp":"2025-10-15T21:27:28.801117Z","level":"info","event":"Fetching page 7 (start=60)...","chan":"stdout","logger":"task"}
{"timestamp":"2025-10-15T21:27:29.343849Z","level":"info","event":"Found 10 items on page 7","chan":"stdout","logger":"task"}
{"timestamp":"2025-10-15T21:27:29.845306Z","level":"info","event":"Job 61: Front Desk Receptionist - Sales Office - Company: Talaat Moustafa Group - Location: New Cairo, Cairo, Egypt - Type: Full-Time - Flexibility: On-Site","chan":"stdout","logger":"task"}
{"timestamp":"2025-10-15T21:27:38.331357Z","level":"info","event":"Job 62: Receptionist & Travel Coordinator - Company: Colas Rail Egypt كولاس ريل مصر - Location: Cairo, Cairo, Egypt - Type: Full-Time - Flexibility: On-Site","chan":"stdout","logger":"task"}
{"timestamp":"2025-10-15T21:27:41.577511Z","level":"info","event":"Job 63: Site Civil Engineer - Company: ELSEWEDY ELECTRIC - Location: North Sinai, Egypt - Type: Full-Time - Flexibility: On-Site","chan":"stdout","logger":"task"}
{"timestamp":"2025-10-15T21:27:45.977605Z","level":"info","event":"Job 64: Data Analyst - Supply Chain - Company: Homzmart - Location: Cairo, Cairo, Egypt - Type: Full-Time - Flexibility: None","chan":"stdout","logger":"task"}
{"timestamp":"2025-10-15T21:27:51.163168Z","level":"info","event":"Job 65: Fleet Supervisor - Company: Orascom Investment Holding - Location: Al Jizah, Egypt - Type: Full-Time - Flexibility: None","chan":"stdout","logger":"task"}
{"timestamp":"2025-10-15T21:27:55.419080Z","level":"info","event":"Job 66: Accountant - Company: Arabian Construction Co. - Location: Cairo, Egypt - Type: Full-Time - Flexibility: On-Site","chan":"stdout","logger":"task"}
{"timestamp":"2025-10-15T21:28:01.417920Z","level":"info","event":"Job 67: Customer Service Officer - VOX Cinemas - Company: Majid Al Futtaim - Location: Cairo, Egypt - Type: Full-Time - Flexibility: Remote","chan":"stdout","logger":"task"}
{"timestamp":"2025-10-15T21:28:05.917724Z","level":"info","event":"Job 68: وظيفة مدير حسابات العملاء - Company: إنجاز ميديا - EngazMedia - Location: Qesm 1st Nasser City, Cairo, Egypt - Type: Full-Time - Flexibility: On-Site","chan":"stdout","logger":"task"}
{"timestamp":"2025-10-15T21:28:11.489644Z","level":"info","event":"Job 69: مساعد مدرس - Company: Abwaab - Location: Cairo, Cairo, Egypt - Type: Full-Time - Flexibility: On-Site","chan":"stdout","logger":"task"}
{"timestamp":"2025-10-15T21:28:17.876780Z","level":"info","event":"Job 70: Executive Assistant - HR & Finance - Company: The HEINEKEN Company - Location: Cairo, Cairo, Egypt - Type: Full-Time - Flexibility: On-Site","chan":"stdout","logger":"task"}
{"timestamp":"2025-10-15T21:28:25.426757Z","level":"info","event":"","chan":"stdout","logger":"task"}
{"timestamp":"2025-10-15T21:28:25.426923Z","level":"info","event":"Fetching page 8 (start=70)...","chan":"stdout","logger":"task"}
{"timestamp":"2025-10-15T21:28:26.004150Z","level":"info","event":"Found 10 items on page 8","chan":"stdout","logger":"task"}
{"timestamp":"2025-10-15T21:28:26.731226Z","level":"info","event":"Job 71: Administration Supervisor - Company: Toyota Egypt Group - Location: Cairo, Egypt - Type: Full-Time - Flexibility: On-Site","chan":"stdout","logger":"task"}
{"timestamp":"2025-10-15T21:28:29.972192Z","level":"info","event":"Job 72: Contract Administrator - Company: Arabian Construction Co. - Location: New Cairo, Cairo, Egypt - Type: Full-Time - Flexibility: On-Site","chan":"stdout","logger":"task"}
{"timestamp":"2025-10-15T21:28:33.741219Z","level":"info","event":"Job 73: Site Engineer - Company: Nawy - Location: Qesm El Maadi, Cairo, Egypt - Type: Full-Time - Flexibility: On-Site","chan":"stdout","logger":"task"}
{"timestamp":"2025-10-15T21:28:38.502437Z","level":"info","event":"Job 74: Admin Assistant - Company: Marriott International - Location: Cairo, Cairo, Egypt - Type: Full-Time - Flexibility: Remote","chan":"stdout","logger":"task"}
{"timestamp":"2025-10-15T21:28:42.759552Z","level":"info","event":"Job 75: Call Center Representative - Company: Emirates NBD - Location: Cairo, Egypt - Type: Full-Time - Flexibility: None","chan":"stdout","logger":"task"}
{"timestamp":"2025-10-15T21:28:45.591844Z","level":"info","event":"Job 76: Trade Officer – Business Banking - Company: Emirates NBD - Location: Cairo, Egypt - Type: Full-Time - Flexibility: On-Site","chan":"stdout","logger":"task"}
{"timestamp":"2025-10-15T21:28:52.126419Z","level":"info","event":"Job 77: VIP Relationship Manager - Company: Banque Misr - Location: Cairo, Egypt - Type: Full-Time - Flexibility: On-Site","chan":"stdout","logger":"task"}
{"timestamp":"2025-10-15T21:28:56.363533Z","level":"info","event":"Job 78: AR Accountant - Company: Schindler Middle East & North Africa - Location: New Cairo, Cairo, Egypt - Type: Full-Time - Flexibility: On-Site","chan":"stdout","logger":"task"}
{"timestamp":"2025-10-15T21:29:04.304170Z","level":"info","event":"Job 79: Storekeeper - Company: Colas Rail Egypt كولاس ريل مصر - Location: South Sinai, Egypt - Type: Full-Time - Flexibility: None","chan":"stdout","logger":"task"}
{"timestamp":"2025-10-15T21:29:07.779637Z","level":"info","event":"Job 80: AutoCAD Designer - Company: Dkhoon Emirates - Location: Cairo, Cairo, Egypt - Type: Full-Time - Flexibility: On-Site","chan":"stdout","logger":"task"}
{"timestamp":"2025-10-15T21:29:14.585376Z","level":"info","event":"","chan":"stdout","logger":"task"}
{"timestamp":"2025-10-15T21:29:14.586088Z","level":"info","event":"Fetching page 9 (start=80)...","chan":"stdout","logger":"task"}
{"timestamp":"2025-10-15T21:29:15.166330Z","level":"info","event":"Found 10 items on page 9","chan":"stdout","logger":"task"}
{"timestamp":"2025-10-15T21:29:15.771862Z","level":"info","event":"Job 81: Admin Assistant - Company: Marriott International - Location: Cairo, Cairo, Egypt - Type: Full-Time - Flexibility: Remote","chan":"stdout","logger":"task"}
{"timestamp":"2025-10-15T21:29:18.582204Z","level":"info","event":"Job 82: Medical Representative - Company: Julphar - Location: Egypt - Type: Full-Time - Flexibility: On-Site","chan":"stdout","logger":"task"}
{"timestamp":"2025-10-15T21:29:24.412022Z","level":"info","event":"Job 83: Sales Admin - Company: Nawy - Location: Cairo, Cairo, Egypt - Type: Full-Time - Flexibility: On-Site","chan":"stdout","logger":"task"}
{"timestamp":"2025-10-15T21:29:29.856111Z","level":"info","event":"Job 84: Medical Representative - Company: Julphar - Location: Egypt - Type: Full-Time - Flexibility: On-Site","chan":"stdout","logger":"task"}
{"timestamp":"2025-10-15T21:29:32.298397Z","level":"info","event":"Job 85: CONSERJE (BANI) - Company: Banco Popular Dominicano - Location: Bani Mazar, Al Minya, Egypt - Type: Full-Time - Flexibility: None","chan":"stdout","logger":"task"}
{"timestamp":"2025-10-15T21:29:35.601835Z","level":"info","event":"Job 86: Medical Representative - Company: Julphar - Location: Egypt - Type: Full-Time - Flexibility: On-Site","chan":"stdout","logger":"task"}
{"timestamp":"2025-10-15T21:29:39.160917Z","level":"info","event":"Job 87: Assistant Sales manager - Company: Mövenpick Hotels & Resorts - Location: Hurghada, Al Bahr al Ahmar, Egypt - Type: Full-Time - Flexibility: On-Site","chan":"stdout","logger":"task"}
{"timestamp":"2025-10-15T21:29:45.701986Z","level":"info","event":"Job 88: Medical Representative - Company: Julphar - Location: Egypt - Type: Full-Time - Flexibility: On-Site","chan":"stdout","logger":"task"}
{"timestamp":"2025-10-15T21:29:50.506618Z","level":"info","event":"Job 89: Product Owner - Company: Banque Misr - Location: Cairo, Cairo, Egypt - Type: Full-Time - Flexibility: Hybrid","chan":"stdout","logger":"task"}
{"timestamp":"2025-10-15T21:29:58.618077Z","level":"info","event":"Job 90: Logistics Specialist - Company: Nawy - Location: Qesm El Maadi, Cairo, Egypt - Type: Full-Time - Flexibility: On-Site","chan":"stdout","logger":"task"}
{"timestamp":"2025-10-15T21:30:05.674712Z","level":"info","event":"","chan":"stdout","logger":"task"}
{"timestamp":"2025-10-15T21:30:05.674899Z","level":"info","event":"Fetching page 10 (start=90)...","chan":"stdout","logger":"task"}
{"timestamp":"2025-10-15T21:30:06.258308Z","level":"info","event":"Found 10 items on page 10","chan":"stdout","logger":"task"}
{"timestamp":"2025-10-15T21:30:06.791364Z","level":"info","event":"Job 91: Medical Representative - Company: Julphar - Location: Egypt - Type: Full-Time - Flexibility: On-Site","chan":"stdout","logger":"task"}
{"timestamp":"2025-10-15T21:30:10.070082Z","level":"info","event":"Job 92: Teller Vacancies - New Cairo, Heliopolis and Nasr City - Company: QNB Egypt - Location: Cairo, Egypt - Type: Full-Time - Flexibility: On-Site","chan":"stdout","logger":"task"}
{"timestamp":"2025-10-15T21:30:16.103759Z","level":"info","event":"Job 93: Medical Representative - Company: Julphar - Location: Egypt - Type: Full-Time - Flexibility: On-Site","chan":"stdout","logger":"task"}
{"timestamp":"2025-10-15T21:30:19.267902Z","level":"info","event":"Job 94: Accounts Payable Senior Accountant - Company: Al-Mansour Automotive - Location: Giza, Al Jizah, Egypt - Type: Full-Time - Flexibility: On-Site","chan":"stdout","logger":"task"}
{"timestamp":"2025-10-15T21:30:25.750153Z","level":"info","event":"Job 95: Admin Assistant - Company: Marriott International - Location: Cairo, Cairo, Egypt - Type: Full-Time - Flexibility: Remote","chan":"stdout","logger":"task"}
{"timestamp":"2025-10-15T21:30:34.448231Z","level":"info","event":"Job 96: Collection Officer - Company: Halan - حالا - Location: Giza, Al Jizah, Egypt - Type: Full-Time - Flexibility: On-Site","chan":"stdout","logger":"task"}
{"timestamp":"2025-10-15T21:30:39.311629Z","level":"info","event":"Job 97: Supply Chain Junior Officer - Company: Alkhorayef Petroleum Company - Location: Cairo, Egypt - Type: Full-Time - Flexibility: On-Site","chan":"stdout","logger":"task"}
{"timestamp":"2025-10-15T21:30:42.011917Z","level":"info","event":"Job 98: Site Civil Engineer - Company: ELSEWEDY ELECTRIC - Location: Ain Sokhna, As Suways, Egypt - Type: Full-Time - Flexibility: On-Site","chan":"stdout","logger":"task"}
{"timestamp":"2025-10-15T21:30:45.316553Z","level":"info","event":"Job 99: Product Manager - Company: Halan - حالا - Location: Giza, Al Jizah, Egypt - Type: Full-Time - Flexibility: None","chan":"stdout","logger":"task"}
{"timestamp":"2025-10-15T21:30:51.719811Z","level":"info","event":"Job 100: Diversified Industries Documentation Monitoring Risk Officer - Company: Banque Misr - Location: Cairo, Egypt - Type: Full-Time - Flexibility: On-Site","chan":"stdout","logger":"task"}
{"timestamp":"2025-10-15T21:30:58.083788Z","level":"info","event":"","chan":"stdout","logger":"task"}
{"timestamp":"2025-10-15T21:30:58.084856Z","level":"info","event":"Fetching page 11 (start=100)...","chan":"stdout","logger":"task"}
{"timestamp":"2025-10-15T21:30:58.847742Z","level":"info","event":"Found 10 items on page 11","chan":"stdout","logger":"task"}
{"timestamp":"2025-10-15T21:30:59.405812Z","level":"info","event":"Job 101: Customer Service Coordinator (Mall of Egypt) - Company: Majid Al Futtaim - Location: 6th of October, Al Jizah, Egypt - Type: Full-Time - Flexibility: On-Site","chan":"stdout","logger":"task"}
{"timestamp":"2025-10-15T21:31:06.161910Z","level":"info","event":"Job 102: Assistant People & Culture Manager - Company: Mövenpick Hotels & Resorts - Location: Egypt - Type: Full-Time - Flexibility: On-Site","chan":"stdout","logger":"task"}
{"timestamp":"2025-10-15T21:31:10.778770Z","level":"info","event":"Job 103: Social Media Moderator - Sheikh Zayed - Company: Talent 360 ME - Location: Qesm El Sheikh Zaid, Al Jizah, Egypt - Type: Full-Time - Flexibility: Remote","chan":"stdout","logger":"task"}
{"timestamp":"2025-10-15T21:31:14.082601Z","level":"info","event":"Job 104: Retail Sales Executive - Company: Al-Mansour Automotive - Location: Cairo, Egypt - Type: Full-Time - Flexibility: Remote","chan":"stdout","logger":"task"}
{"timestamp":"2025-10-15T21:31:18.095137Z","level":"info","event":"Job 105: Admin Assistant - Company: Marriott International - Location: Cairo, Cairo, Egypt - Type: Full-Time - Flexibility: Remote","chan":"stdout","logger":"task"}
{"timestamp":"2025-10-15T21:31:23.344582Z","level":"info","event":"Job 106: Admin Assistant - Company: ElSewedy Engineering Industries SEI - Location: Giza, Al Jizah, Egypt - Type: Full-Time - Flexibility: On-Site","chan":"stdout","logger":"task"}
{"timestamp":"2025-10-15T21:31:29.363047Z","level":"info","event":"Job 107: Customer Service Executive - Egypt , Remote - Company: The Luxury Closet - Location: Cairo, Cairo, Egypt - Type: Full-Time - Flexibility: Remote","chan":"stdout","logger":"task"}
{"timestamp":"2025-10-15T21:31:34.054958Z","level":"info","event":"Job 108: Medical Representative - Company: Julphar - Location: Egypt - Type: Full-Time - Flexibility: On-Site","chan":"stdout","logger":"task"}
{"timestamp":"2025-10-15T21:31:41.732899Z","level":"info","event":"Job 109: Electronics (Maintenance) Technician (Onsite - Malta) - Company: Magro Brothers - Location: Egypt - Type: Full-Time - Flexibility: Remote","chan":"stdout","logger":"task"}
{"timestamp":"2025-10-15T21:31:47.190166Z","level":"info","event":"Job 110: Medical Representative - Company: Julphar - Location: Egypt - Type: Full-Time - Flexibility: On-Site","chan":"stdout","logger":"task"}
{"timestamp":"2025-10-15T21:31:57.458716Z","level":"info","event":"","chan":"stdout","logger":"task"}
{"timestamp":"2025-10-15T21:31:57.459051Z","level":"info","event":"Fetching page 12 (start=110)...","chan":"stdout","logger":"task"}
{"timestamp":"2025-10-15T21:31:58.028262Z","level":"info","event":"Found 10 items on page 12","chan":"stdout","logger":"task"}
{"timestamp":"2025-10-15T21:31:59.069024Z","level":"info","event":"Job 111: Administrative Specialist - Company: Electrolux Group - Location: Cairo, Cairo, Egypt - Type: Full-Time - Flexibility: On-Site","chan":"stdout","logger":"task"}
{"timestamp":"2025-10-15T21:32:01.628141Z","level":"info","event":"Job 112: Venue Services Supervisor - Company: Orascom Investment Holding - Location: Al Jizah, Egypt - Type: Full-Time - Flexibility: None","chan":"stdout","logger":"task"}
{"timestamp":"2025-10-15T21:32:04.548974Z","level":"info","event":"Job 113: Electrical Engineer - Company: ElSewedy Engineering Industries SEI - Location: Giza, Al Jizah, Egypt - Type: Full-Time - Flexibility: On-Site","chan":"stdout","logger":"task"}
{"timestamp":"2025-10-15T21:32:11.301753Z","level":"info","event":"Job 114: Document Controller - Company: Pure Life Filters Company - Location: Egypt - Type: Full-Time - Flexibility: On-Site","chan":"stdout","logger":"task"}
{"timestamp":"2025-10-15T21:32:17.456422Z","level":"info","event":"Job 115: Messenger - Company: Nawy - Location: Cairo, Cairo, Egypt - Type: Full-Time - Flexibility: On-Site","chan":"stdout","logger":"task"}
{"timestamp":"2025-10-15T21:32:21.560367Z","level":"info","event":"Job 116: AutoCad Operator (Cairo) - Company: Talent 360 ME - Location: 6th of October, Al Jizah, Egypt - Type: Full-Time - Flexibility: On-Site","chan":"stdout","logger":"task"}
{"timestamp":"2025-10-15T21:32:27.603454Z","level":"info","event":"Job 117: Junior Document Controller ( Nasr City) - Company: Talent 360 ME - Location: Nasr City, Cairo, Egypt - Type: Full-Time - Flexibility: On-Site","chan":"stdout","logger":"task"}
{"timestamp":"2025-10-15T21:32:30.727335Z","level":"info","event":"Job 118: Data Business Analysis Specialist/ Analyst/ Senior Analyst - Company: Banque Misr - Location: Cairo, Cairo, Egypt - Type: Full-Time - Flexibility: None","chan":"stdout","logger":"task"}
{"timestamp":"2025-10-15T21:32:37.035366Z","level":"info","event":"Job 119: Junior Data Engineer - Company: Halan - حالا - Location: Cairo, Cairo, Egypt - Type: Full-Time - Flexibility: Remote","chan":"stdout","logger":"task"}
{"timestamp":"2025-10-15T21:32:41.235843Z","level":"info","event":"Job 120: Service Advisor - Company: Al-Mansour Automotive - Location: Cairo, Egypt - Type: Full-Time - Flexibility: On-Site","chan":"stdout","logger":"task"}
{"timestamp":"2025-10-15T21:32:52.291460Z","level":"info","event":"","chan":"stdout","logger":"task"}
{"timestamp":"2025-10-15T21:32:52.291773Z","level":"info","event":"Fetching page 13 (start=120)...","chan":"stdout","logger":"task"}
{"timestamp":"2025-10-15T21:32:52.816069Z","level":"info","event":"Found 10 items on page 13","chan":"stdout","logger":"task"}
{"timestamp":"2025-10-15T21:32:53.446074Z","level":"info","event":"Job 121: Customer Support Agent (Arabic + English) - Company: RemotePass - Location: Egypt - Type: Full-Time - Flexibility: Remote","chan":"stdout","logger":"task"}
{"timestamp":"2025-10-15T21:32:56.992108Z","level":"info","event":"Job 122: Admin Assistant - Company: Marriott International - Location: Cairo, Cairo, Egypt - Type: Full-Time - Flexibility: Remote","chan":"stdout","logger":"task"}
{"timestamp":"2025-10-15T21:33:02.178439Z","level":"info","event":"Job 123: Junior Software Engineer - Company: Halan - حالا - Location: Cairo, Cairo, Egypt - Type: Full-Time - Flexibility: Remote","chan":"stdout","logger":"task"}
{"timestamp":"2025-10-15T21:33:06.763362Z","level":"info","event":"Job 124: Medical Representative - Company: Julphar - Location: Egypt - Type: Full-Time - Flexibility: On-Site","chan":"stdout","logger":"task"}
{"timestamp":"2025-10-15T21:33:09.547091Z","level":"info","event":"Job 125: Adminstrative Assistant - Company: Schindler Middle East & North Africa - Location: New Cairo, Cairo, Egypt - Type: Full-Time - Flexibility: On-Site","chan":"stdout","logger":"task"}
{"timestamp":"2025-10-15T21:33:13.192455Z","level":"info","event":"Job 126: Purchasing Supervisor - Company: Talaat Moustafa Group - Location: Cairo, Egypt - Type: Full-Time - Flexibility: None","chan":"stdout","logger":"task"}
{"timestamp":"2025-10-15T21:33:19.341415Z","level":"info","event":"Job 127: Customer Service Officer.CXC - RBG - Direct Banking Centre-Egypt COE.Client Experience and Conduct Group-MEGPCOE - Company: Mashreq Corporate & Investment Banking Group - Location: Egypt - Type: Full-Time - Flexibility: Remote","chan":"stdout","logger":"task"}
{"timestamp":"2025-10-15T21:33:27.266813Z","level":"info","event":"Job 128: Admin Assistant - Company: Marriott International - Location: Cairo, Cairo, Egypt - Type: Full-Time - Flexibility: Remote","chan":"stdout","logger":"task"}
{"timestamp":"2025-10-15T21:33:31.750947Z","level":"info","event":"Job 129: Officer, Retail Credit Admin - Company: Mashreq - Location: Egypt - Type: Full-Time - Flexibility: On-Site","chan":"stdout","logger":"task"}
{"timestamp":"2025-10-15T21:33:36.517265Z","level":"info","event":"Job 130: IT Specialist - Company: Nawy - Location: Cairo, Cairo, Egypt - Type: Full-Time - Flexibility: None","chan":"stdout","logger":"task"}
{"timestamp":"2025-10-15T21:33:42.425472Z","level":"info","event":"","chan":"stdout","logger":"task"}
{"timestamp":"2025-10-15T21:33:42.425698Z","level":"info","event":"Fetching page 14 (start=130)...","chan":"stdout","logger":"task"}
{"timestamp":"2025-10-15T21:33:42.965339Z","level":"info","event":"Found 10 items on page 14","chan":"stdout","logger":"task"}
{"timestamp":"2025-10-15T21:33:43.577023Z","level":"info","event":"Job 131: Front Desk Receptionist - Company: Arabian Construction Co. - Location: Cairo, Egypt - Type: Full-Time - Flexibility: On-Site","chan":"stdout","logger":"task"}
{"timestamp":"2025-10-15T21:33:48.835077Z","level":"info","event":"Job 132: Admin Assistant - Company: Marriott International - Location: Cairo, Cairo, Egypt - Type: Full-Time - Flexibility: Remote","chan":"stdout","logger":"task"}
{"timestamp":"2025-10-15T21:33:53.741072Z","level":"info","event":"Job 133: Admin Assistant - Company: Marriott International - Location: Cairo, Cairo, Egypt - Type: Full-Time - Flexibility: Remote","chan":"stdout","logger":"task"}
{"timestamp":"2025-10-15T21:33:56.555236Z","level":"info","event":"Job 134: Finance Controller - Company: Nawy - Location: Cairo, Cairo, Egypt - Type: Full-Time - Flexibility: On-Site","chan":"stdout","logger":"task"}
{"timestamp":"2025-10-15T21:34:05.833420Z","level":"info","event":"Job 135: Accounts Payable Accountant ( AP) - Company: Tagaddod - Location: Qesm El Maadi, Cairo, Egypt - Type: Full-Time - Flexibility: On-Site","chan":"stdout","logger":"task"}
{"timestamp":"2025-10-15T21:34:10.338908Z","level":"info","event":"Job 136: Logistics Coordinator - Company: Tagaddod - Location: Cairo, Cairo, Egypt - Type: Full-Time - Flexibility: On-Site","chan":"stdout","logger":"task"}
{"timestamp":"2025-10-15T21:34:15.578024Z","level":"info","event":"Job 137: Project Management Officer - Company: MUSE - Location: Cairo, Cairo, Egypt - Type: Full-Time - Flexibility: On-Site","chan":"stdout","logger":"task"}
{"timestamp":"2025-10-15T21:34:20.098524Z","level":"info","event":"Job 138: Relationship Officer - Company: Crédit Agricole Egypt - Location: Cairo, Egypt - Type: Full-Time - Flexibility: On-Site","chan":"stdout","logger":"task"}
{"timestamp":"2025-10-15T21:34:25.501627Z","level":"info","event":"Job 139: Receptionist - Company: Majid Al Futtaim - Location: Cairo, Cairo, Egypt - Type: Full-Time - Flexibility: On-Site","chan":"stdout","logger":"task"}
{"timestamp":"2025-10-15T21:34:28.291674Z","level":"info","event":"Job 140: Admin Assistant - Company: Marriott International - Location: Cairo, Cairo, Egypt - Type: Full-Time - Flexibility: Remote","chan":"stdout","logger":"task"}
{"timestamp":"2025-10-15T21:34:40.057456Z","level":"info","event":"","chan":"stdout","logger":"task"}
{"timestamp":"2025-10-15T21:34:40.057801Z","level":"info","event":"Fetching page 15 (start=140)...","chan":"stdout","logger":"task"}
{"timestamp":"2025-10-15T21:34:40.614342Z","level":"info","event":"Found 10 items on page 15","chan":"stdout","logger":"task"}
{"timestamp":"2025-10-15T21:34:41.223708Z","level":"info","event":"Job 141: Admin - Company: LeadInTop - Location: Cairo, Cairo, Egypt - Type: Full-Time - Flexibility: On-Site","chan":"stdout","logger":"task"}
{"timestamp":"2025-10-15T21:34:46.760019Z","level":"info","event":"Job 142: Medical Assistant - Company: Medi-Weightloss® - Location: Al Jizah, Egypt - Type: Full-Time - Flexibility: On-Site","chan":"stdout","logger":"task"}
{"timestamp":"2025-10-15T21:34:50.155139Z","level":"info","event":"Job 143: Compliance officer.Egypt-Compliance.Compliance Group - Company: Mashreq - Location: Egypt - Type: Full-Time - Flexibility: On-Site","chan":"stdout","logger":"task"}
{"timestamp":"2025-10-15T21:34:54.462179Z","level":"info","event":"Job 144: Client Experience Executive – Showroom - Company: Al-Mansour Automotive - Location: Giza, Al Jizah, Egypt - Type: Full-Time - Flexibility: Remote","chan":"stdout","logger":"task"}
{"timestamp":"2025-10-15T21:34:57.422829Z","level":"info","event":"Job 145: Administration Manager - Company: Hyde Park Developments - Location: Cairo, Cairo, Egypt - Type: Full-Time - Flexibility: On-Site","chan":"stdout","logger":"task"}
{"timestamp":"2025-10-15T21:35:03.859697Z","level":"info","event":"Job 146: Technical Office Engineer (Furniture) - Company: Homzmart - Location: Cairo, Cairo, Egypt - Type: Full-Time - Flexibility: On-Site","chan":"stdout","logger":"task"}
{"timestamp":"2025-10-15T21:35:12.341417Z","level":"info","event":"Job 147: Admin Assistant - Company: Marriott International - Location: Cairo, Cairo, Egypt - Type: Full-Time - Flexibility: Remote","chan":"stdout","logger":"task"}
{"timestamp":"2025-10-15T21:35:16.564028Z","level":"info","event":"Job 148: Senior Accounts Receivable Accountant - Company: Nawy - Location: Cairo, Cairo, Egypt - Type: Full-Time - Flexibility: On-Site","chan":"stdout","logger":"task"}
{"timestamp":"2025-10-15T21:35:22.571306Z","level":"info","event":"Job 149: HR Officer – Egypt - Company: Dkhoon Emirates - Location: Cairo, Cairo, Egypt - Type: Full-Time - Flexibility: On-Site","chan":"stdout","logger":"task"}
{"timestamp":"2025-10-15T21:35:26.069809Z","level":"info","event":"Job 150: Senior Accountant - Company: SANTECHTURE - Location: Cairo, Cairo, Egypt - Type: Full-Time - Flexibility: On-Site","chan":"stdout","logger":"task"}
{"timestamp":"2025-10-15T21:35:34.435625Z","level":"info","event":"","chan":"stdout","logger":"task"}
{"timestamp":"2025-10-15T21:35:34.435882Z","level":"info","event":"Fetching page 16 (start=150)...","chan":"stdout","logger":"task"}
{"timestamp":"2025-10-15T21:35:35.009128Z","level":"info","event":"Found 10 items on page 16","chan":"stdout","logger":"task"}
{"timestamp":"2025-10-15T21:35:35.628172Z","level":"info","event":"Job 151: Admin Assistant - Company: Marriott International - Location: Cairo, Cairo, Egypt - Type: Full-Time - Flexibility: Remote","chan":"stdout","logger":"task"}
{"timestamp":"2025-10-15T21:35:38.648606Z","level":"info","event":"Job 152: MERC Consulting - Executive Assistant - Cairo - Company: PwC Middle East - Location: Cairo, Cairo, Egypt - Type: Full-Time - Flexibility: On-Site","chan":"stdout","logger":"task"}
{"timestamp":"2025-10-15T21:35:43.413700Z","level":"info","event":"Job 153: Medical Representative - Company: Julphar - Location: Egypt - Type: Full-Time - Flexibility: On-Site","chan":"stdout","logger":"task"}
{"timestamp":"2025-10-15T21:35:52.846366Z","level":"info","event":"Job 154: Senior Product Manager - Company: Al Ahly Momkn - Location: Cairo, Cairo, Egypt - Type: Full-Time - Flexibility: Hybrid","chan":"stdout","logger":"task"}
{"timestamp":"2025-10-15T21:35:57.244738Z","level":"info","event":"Job 155: Junior Document Controller - Company: ELSEWEDY ELECTRIC - Location: New Cairo, Cairo, Egypt - Type: Full-Time - Flexibility: On-Site","chan":"stdout","logger":"task"}
{"timestamp":"2025-10-15T21:36:00.170751Z","level":"info","event":"Job 156: Priority Banking Customer Service Officer - Company: Emirates NBD - Location: Cairo, Egypt - Type: Full-Time - Flexibility: Remote","chan":"stdout","logger":"task"}
{"timestamp":"2025-10-15T21:36:03.745307Z","level":"info","event":"Job 157: Sales Supervisor - Luxor - Company: Aujan Coca-Cola Beverages Company (ACCBC) - Location: Luxor, Egypt - Type: Full-Time - Flexibility: None","chan":"stdout","logger":"task"}
{"timestamp":"2025-10-15T21:36:06.742159Z","level":"info","event":"Job 158: Research Analyst - Company: Nawy - Location: Qesm El Maadi, Cairo, Egypt - Type: Full-Time - Flexibility: None","chan":"stdout","logger":"task"}
{"timestamp":"2025-10-15T21:36:10.675143Z","level":"info","event":"Job 159: Sales Administrator - Company: Nawy - Location: Cairo, Cairo, Egypt - Type: Full-Time - Flexibility: On-Site","chan":"stdout","logger":"task"}
{"timestamp":"2025-10-15T21:36:13.411815Z","level":"info","event":"Job 160: Procurement Officer | Pan Marine Shipping Services - Company: PAN MARINE GROUP - Location: Cairo, Cairo, Egypt - Type: Full-Time - Flexibility: On-Site","chan":"stdout","logger":"task"}
{"timestamp":"2025-10-15T21:36:19.069532Z","level":"info","event":"","chan":"stdout","logger":"task"}
{"timestamp":"2025-10-15T21:36:19.069762Z","level":"info","event":"Fetching page 17 (start=160)...","chan":"stdout","logger":"task"}
{"timestamp":"2025-10-15T21:36:22.473310Z","level":"info","event":"Found 10 items on page 17","chan":"stdout","logger":"task"}
{"timestamp":"2025-10-15T21:36:22.966737Z","level":"info","event":"Job 161: IT Helpdesk Specialist - HQ - Company: Misr Technology Services - Location: Heliopolis, Cairo, Egypt - Type: Full-Time - Flexibility: Remote","chan":"stdout","logger":"task"}
{"timestamp":"2025-10-15T21:36:28.148433Z","level":"info","event":"Job 162: Admin Assistant - Company: Marriott International - Location: Cairo, Cairo, Egypt - Type: Full-Time - Flexibility: Remote","chan":"stdout","logger":"task"}
{"timestamp":"2025-10-15T21:36:34.333733Z","level":"info","event":"Job 163: HR & Admin Assistant - Company: Hello Group Inc. - Location: Cairo, Egypt - Type: Full-Time - Flexibility: On-Site","chan":"stdout","logger":"task"}
{"timestamp":"2025-10-15T21:36:40.700220Z","level":"info","event":"Job 164: Guest Relations Super Visor - Company: Mövenpick Hotels & Resorts - Location: Hurghada, Al Bahr al Ahmar, Egypt - Type: Full-Time - Flexibility: Hybrid","chan":"stdout","logger":"task"}
{"timestamp":"2025-10-15T21:36:44.213549Z","level":"info","event":"Job 165: BI Developer - Company: Banque Misr - Location: Cairo, Cairo, Egypt - Type: Full-Time - Flexibility: None","chan":"stdout","logger":"task"}
{"timestamp":"2025-10-15T21:36:49.187516Z","level":"info","event":"Job 166: Senior Category Manager - Company: Homzmart - Location: Cairo, Cairo, Egypt - Type: Full-Time - Flexibility: None","chan":"stdout","logger":"task"}
{"timestamp":"2025-10-15T21:36:58.130807Z","level":"info","event":"Job 167: Site Engineer - Company: SWEVEN CONSTRUCTION ®️ - Location: Cairo, Cairo, Egypt - Type: Full-Time - Flexibility: On-Site","chan":"stdout","logger":"task"}
{"timestamp":"2025-10-15T21:37:02.441815Z","level":"info","event":"Job 168: Procurement Specialist - Company: Nawy - Location: Qesm El Maadi, Cairo, Egypt - Type: Full-Time - Flexibility: On-Site","chan":"stdout","logger":"task"}
{"timestamp":"2025-10-15T21:37:08.258754Z","level":"info","event":"Job 169: IT Help Desk (دعم فني) - Company: Pure Life Filters Company - Location: Egypt - Type: Full-Time - Flexibility: On-Site","chan":"stdout","logger":"task"}
{"timestamp":"2025-10-15T21:37:11.087686Z","level":"info","event":"Job 170: Direct Sales Officer - Company: Abu Dhabi Islamic Bank - Egypt - Location: Cairo, Cairo, Egypt - Type: Full-Time - Flexibility: On-Site","chan":"stdout","logger":"task"}
{"timestamp":"2025-10-15T21:37:15.668569Z","level":"info","event":"","chan":"stdout","logger":"task"}
{"timestamp":"2025-10-15T21:37:15.668828Z","level":"info","event":"Fetching page 18 (start=170)...","chan":"stdout","logger":"task"}
{"timestamp":"2025-10-15T21:37:16.288103Z","level":"info","event":"Found 10 items on page 18","chan":"stdout","logger":"task"}
{"timestamp":"2025-10-15T21:37:17.029510Z","level":"info","event":"Job 171: Junior Accountant - Company: Talent 360 ME - Location: Ad-Duqqi, Al Jizah, Egypt - Type: Full-Time - Flexibility: On-Site","chan":"stdout","logger":"task"}
{"timestamp":"2025-10-15T21:37:22.089364Z","level":"info","event":"Job 172: Receptionist & Admin Assistant - Company: Grand Technology - Location: Giza, Al Jizah, Egypt - Type: Full-Time - Flexibility: On-Site","chan":"stdout","logger":"task"}
{"timestamp":"2025-10-15T21:37:26.690873Z","level":"info","event":"Job 173: Architecture Team Lead - Company: Wadi Degla Developments - Location: Cairo, Egypt - Type: Full-Time - Flexibility: Remote","chan":"stdout","logger":"task"}
{"timestamp":"2025-10-15T21:37:34.697616Z","level":"info","event":"Job 174: Ushers - Company: Tagaddod - Location: Qesm El Maadi, Cairo, Egypt - Type: Full-Time - Flexibility: On-Site","chan":"stdout","logger":"task"}
{"timestamp":"2025-10-15T21:37:39.043564Z","level":"info","event":"Job 175: Technical Engineer - Company: TAQA Water - Location: Cairo, Cairo, Egypt - Type: Full-Time - Flexibility: None","chan":"stdout","logger":"task"}
{"timestamp":"2025-10-15T21:37:42.734780Z","level":"info","event":"Job 176: Medical Representative - Company: Julphar - Location: Egypt - Type: Full-Time - Flexibility: On-Site","chan":"stdout","logger":"task"}
{"timestamp":"2025-10-15T21:37:49.116771Z","level":"info","event":"Job 177: Early Careers - Accounting and Finance Internships - Company: SLB - Location: Egypt - Type: Full-Time - Flexibility: On-Site","chan":"stdout","logger":"task"}
{"timestamp":"2025-10-15T21:37:54.472121Z","level":"info","event":"Job 178: Inbound Agent - Priority Banking Segment - Company: Emirates NBD - Location: Cairo, Egypt - Type: Full-Time - Flexibility: Remote","chan":"stdout","logger":"task"}
{"timestamp":"2025-10-15T21:38:00.930057Z","level":"info","event":"Job 179: Research Analyst - Company: Nawy - Location: Cairo, Cairo, Egypt - Type: Full-Time - Flexibility: None","chan":"stdout","logger":"task"}
{"timestamp":"2025-10-15T21:38:10.171637Z","level":"info","event":"Job 180: Admin Assistant - Company: Marriott International - Location: Cairo, Cairo, Egypt - Type: Full-Time - Flexibility: Remote","chan":"stdout","logger":"task"}
{"timestamp":"2025-10-15T21:38:17.290983Z","level":"info","event":"","chan":"stdout","logger":"task"}
{"timestamp":"2025-10-15T21:38:17.291188Z","level":"info","event":"Fetching page 19 (start=180)...","chan":"stdout","logger":"task"}
{"timestamp":"2025-10-15T21:38:17.787102Z","level":"info","event":"Found 10 items on page 19","chan":"stdout","logger":"task"}
{"timestamp":"2025-10-15T21:38:18.498686Z","level":"info","event":"Job 181: Supply Chain Planning Assistant Analyst - Company: PepsiCo - Location: New Cairo, Cairo, Egypt - Type: Full-Time - Flexibility: On-Site","chan":"stdout","logger":"task"}
{"timestamp":"2025-10-15T21:38:21.503364Z","level":"info","event":"Job 182: Storekeeper - Company: TAQA Water - Location: Cairo, Cairo, Egypt - Type: Full-Time - Flexibility: On-Site","chan":"stdout","logger":"task"}
{"timestamp":"2025-10-15T21:38:27.155969Z","level":"info","event":"Job 183: Fresh Graduate - Company: NBK Egypt - Location: Cairo, Egypt - Type: Full-Time - Flexibility: On-Site","chan":"stdout","logger":"task"}
{"timestamp":"2025-10-15T21:38:30.799287Z","level":"info","event":"Job 184: MG-Workshop Team Leader - Company: Al-Mansour Automotive - Location: Cairo, Egypt - Type: Full-Time - Flexibility: On-Site","chan":"stdout","logger":"task"}
{"timestamp":"2025-10-15T21:38:34.421802Z","level":"info","event":"Job 185: Procurement Officer - Company: KAIZEN Asset Management Services - Location: Egypt - Type: Full-Time - Flexibility: On-Site","chan":"stdout","logger":"task"}
{"timestamp":"2025-10-15T21:38:43.847884Z","level":"info","event":"Job 186: Partnerships Executive - Company: Halan - حالا - Location: Cairo, Cairo, Egypt - Type: Full-Time - Flexibility: Hybrid","chan":"stdout","logger":"task"}
{"timestamp":"2025-10-15T21:38:50.018217Z","level":"info","event":"Job 187: Senior Accounts Receivable Accountant - Company: Al-Mansour Automotive - Location: New Cairo, Cairo, Egypt - Type: Full-Time - Flexibility: None","chan":"stdout","logger":"task"}
{"timestamp":"2025-10-15T21:38:56.439845Z","level":"info","event":"Job 188: General Accountant - Company: Chefaa - Location: Cairo, Cairo, Egypt - Type: Full-Time - Flexibility: None","chan":"stdout","logger":"task"}
{"timestamp":"2025-10-15T21:38:59.242646Z","level":"info","event":"Job 189: Site Operations representative - Company: Nawy - Location: Qesm El Maadi, Cairo, Egypt - Type: Full-Time - Flexibility: Remote","chan":"stdout","logger":"task"}
{"timestamp":"2025-10-15T21:39:03.931317Z","level":"info","event":"Job 190: Arabic Customer Service Agent - Company: Talent 360 ME - Location: Cairo, Cairo, Egypt - Type: Full-Time - Flexibility: Remote","chan":"stdout","logger":"task"}
{"timestamp":"2025-10-15T21:39:13.579259Z","level":"info","event":"","chan":"stdout","logger":"task"}
{"timestamp":"2025-10-15T21:39:13.579451Z","level":"info","event":"Fetching page 20 (start=190)...","chan":"stdout","logger":"task"}
{"timestamp":"2025-10-15T21:39:14.113282Z","level":"info","event":"Found 10 items on page 20","chan":"stdout","logger":"task"}
{"timestamp":"2025-10-15T21:39:14.781811Z","level":"info","event":"Job 191: STORE & RECEIVING ASSISTANT - Company: Tunamaya Beach & Spa Resort - Tioman Island - Location: Island Beach Resort, South Sinai, Egypt - Type: Full-Time - Flexibility: On-Site","chan":"stdout","logger":"task"}
{"timestamp":"2025-10-15T21:39:21.678651Z","level":"info","event":"Job 192: Admin Assistant - Company: ElSewedy Engineering Industries SEI - Location: Giza, Al Jizah, Egypt - Type: Full-Time - Flexibility: On-Site","chan":"stdout","logger":"task"}
{"timestamp":"2025-10-15T21:39:25.775285Z","level":"info","event":"Job 193: Procurement Manager - Company: Nawy - Location: Cairo, Cairo, Egypt - Type: Full-Time - Flexibility: On-Site","chan":"stdout","logger":"task"}
{"timestamp":"2025-10-15T21:39:29.511432Z","level":"info","event":"Job 194: Senior Accountant - Company: MBC GROUP - Location: Cairo, Cairo, Egypt - Type: Contract - Flexibility: On-Site","chan":"stdout","logger":"task"}
{"timestamp":"2025-10-15T21:39:32.513481Z","level":"info","event":"Job 195: Quantity Surveyor - Company: Arabian Construction Co. - Location: Cairo, Egypt - Type: Full-Time - Flexibility: On-Site","chan":"stdout","logger":"task"}
{"timestamp":"2025-10-15T21:39:35.346978Z","level":"info","event":"Job 196: Junior Business Analyst - Company: RMG | مجموعة ريناد المجد (لتقنية المعلومات) - Location: Cairo, Egypt - Type: Full-Time - Flexibility: Hybrid","chan":"stdout","logger":"task"}
{"timestamp":"2025-10-15T21:39:40.502480Z","level":"info","event":"Job 197: Receptionist - Company: Majid Al Futtaim - Location: Cairo, Egypt - Type: Full-Time - Flexibility: On-Site","chan":"stdout","logger":"task"}
{"timestamp":"2025-10-15T21:39:44.526593Z","level":"info","event":"Job 198: Electrical Engineer - Company: TAQA Water - Location: Cairo, Cairo, Egypt - Type: Full-Time - Flexibility: On-Site","chan":"stdout","logger":"task"}
{"timestamp":"2025-10-15T21:39:49.223462Z","level":"info","event":"Job 199: FF&E Engineer - Company: Talaat Moustafa Group - Location: Giza, Al Jizah, Egypt - Type: Full-Time - Flexibility: On-Site","chan":"stdout","logger":"task"}
{"timestamp":"2025-10-15T21:39:54.861058Z","level":"info","event":"Job 200: Administrative Assistant - Company: Egyptian Banks Company - Location: New Cairo, Cairo, Egypt - Type: Full-Time - Flexibility: On-Site","chan":"stdout","logger":"task"}
{"timestamp":"2025-10-15T21:39:54.861323Z","level":"info","event":"Reached target of 200 jobs. Stopping.","chan":"stdout","logger":"task"}
{"timestamp":"2025-10-15T21:39:56.070587","level":"info","event":"Done. Returned value was: None","logger":"airflow.task.operators.airflow.providers.standard.operators.python.PythonOperator"}
{"timestamp":"2025-10-15T21:39:56.191629Z","level":"info","event":"Task instance in success state","chan":"stdout","logger":"task"}
{"timestamp":"2025-10-15T21:39:56.191822Z","level":"info","event":" Previous state of the Task instance: TaskInstanceState.RUNNING","chan":"stdout","logger":"task"}
{"timestamp":"2025-10-15T21:39:56.191926Z","level":"info","event":"Task operator:<Task(PythonOperator): scrape_jobs>","chan":"stdout","logger":"task"}
