{"timestamp":"2025-10-15T21:43:04.384467","level":"info","event":"DAG bundles loaded: dags-folder, example_dags","logger":"airflow.dag_processing.bundles.manager.DagBundlesManager"}
{"timestamp":"2025-10-15T21:43:04.390729","level":"info","event":"Filling up the DagBag from /home/morsi/airflow/dags/main_dag.py","logger":"airflow.models.dagbag.DagBag"}
{"timestamp":"2025-10-15T21:43:06.912693Z","level":"info","event":"Task instance is in running state","chan":"stdout","logger":"task"}
{"timestamp":"2025-10-15T21:43:06.912988Z","level":"info","event":" Previous state of the Task instance: TaskInstanceState.QUEUED","chan":"stdout","logger":"task"}
{"timestamp":"2025-10-15T21:43:06.913089Z","level":"info","event":"Current task name:scrape_jobs","chan":"stdout","logger":"task"}
{"timestamp":"2025-10-15T21:43:06.913153Z","level":"info","event":"Dag name:linkedin_jobs_pipeline","chan":"stdout","logger":"task"}
{"timestamp":"2025-10-15T21:43:06.915280Z","level":"info","event":"","chan":"stdout","logger":"task"}
{"timestamp":"2025-10-15T21:43:06.915403Z","level":"info","event":"Fetching page 1 (start=0)...","chan":"stdout","logger":"task"}
{"timestamp":"2025-10-15T21:43:07.761563Z","level":"info","event":"Found 10 items on page 1","chan":"stdout","logger":"task"}
{"timestamp":"2025-10-15T21:43:08.955406Z","level":"info","event":"Job 1: Cairo Cabin Crew Opportunities (Dubai Based, Relocation Provided) - Company: Emirates - Location: New Cairo, Cairo, Egypt - Type: Full-Time - Flexibility: On-Site","chan":"stdout","logger":"task"}
{"timestamp":"2025-10-15T21:43:14.661003Z","level":"info","event":"Job 2: Receptionist - Company: Al Ahly Momkn - Location: Cairo, Cairo, Egypt - Type: Full-Time - Flexibility: On-Site","chan":"stdout","logger":"task"}
{"timestamp":"2025-10-15T21:43:21.146019Z","level":"info","event":"Job 3: HR Coordinator - Company: Aujan Coca-Cola Beverages Company (ACCBC) - Location: Giza, Al Jizah, Egypt - Type: Contract - Flexibility: On-Site","chan":"stdout","logger":"task"}
{"timestamp":"2025-10-15T21:43:27.849740Z","level":"info","event":"Job 4: Area Sales Manager - Company: Juhayna Food Industries - Location: Sawhāj, Suhaj, Egypt - Type: Full-Time - Flexibility: None","chan":"stdout","logger":"task"}
{"timestamp":"2025-10-15T21:43:33.400177Z","level":"info","event":"Job 5: Accountant - Company: Wadi Degla Trading & Engineering Projects - Egypro - Location: Cairo, Egypt - Type: Full-Time - Flexibility: On-Site","chan":"stdout","logger":"task"}
{"timestamp":"2025-10-15T21:43:36.300273Z","level":"info","event":"Job 6: Fresh Graduate - Company: بنك التعمير والإسكان HD Bank - Location: Cairo, Egypt - Type: Full-Time - Flexibility: None","chan":"stdout","logger":"task"}
{"timestamp":"2025-10-15T21:43:42.505314Z","level":"info","event":"Job 7: Executive Assistant - Company: Emirates NBD - Location: Cairo, Egypt - Type: Full-Time - Flexibility: On-Site","chan":"stdout","logger":"task"}
{"timestamp":"2025-10-15T21:43:47.776895Z","level":"info","event":"Job 8: Customer Service Associate - Company: Amazon - Location: Cairo, Cairo, Egypt - Type: Full-Time - Flexibility: On-Site","chan":"stdout","logger":"task"}
{"timestamp":"2025-10-15T21:43:54.424862Z","level":"info","event":"Job 9: Commis | IKEA | Cairo Festival City - Company: Al-Futtaim Automotive - Location: Cairo, Cairo, Egypt - Type: Full-Time - Flexibility: None","chan":"stdout","logger":"task"}
{"timestamp":"2025-10-15T21:44:03.668826Z","level":"info","event":"Job 10: Sales Consultant - Company: Wadi Degla Developments - Location: Cairo, Egypt - Type: Full-Time - Flexibility: Remote","chan":"stdout","logger":"task"}
{"timestamp":"2025-10-15T21:44:11.677121Z","level":"info","event":"","chan":"stdout","logger":"task"}
{"timestamp":"2025-10-15T21:44:11.677386Z","level":"info","event":"Fetching page 2 (start=10)...","chan":"stdout","logger":"task"}
{"timestamp":"2025-10-15T21:44:12.313692Z","level":"info","event":"Found 10 items on page 2","chan":"stdout","logger":"task"}
{"timestamp":"2025-10-15T21:44:13.042661Z","level":"info","event":"Job 11: Team Leader - Product Development - Company: Juhayna Food Industries - Location: 6th of October, Cairo, Egypt - Type: Full-Time - Flexibility: Hybrid","chan":"stdout","logger":"task"}
{"timestamp":"2025-10-15T21:44:18.942666Z","level":"info","event":"Job 12: Projects Manager - Company: Wadi Degla Clubs Company S.A.E. - Location: Cairo, Egypt - Type: Full-Time - Flexibility: On-Site","chan":"stdout","logger":"task"}
{"timestamp":"2025-10-15T21:44:22.828158Z","level":"info","event":"Job 13: Sports Operations Officer - Sportswear & Facilities - Company: Wadi Degla Clubs Company S.A.E. - Location: Cairo, Egypt - Type: Full-Time - Flexibility: On-Site","chan":"stdout","logger":"task"}
{"timestamp":"2025-10-15T21:44:26.916092Z","level":"info","event":"Job 14: International Leadership Trainee - Company: Coca-Cola HBC - Location: Cairo, Egypt - Type: Full-Time - Flexibility: None","chan":"stdout","logger":"task"}
{"timestamp":"2025-10-15T21:44:32.242770Z","level":"info","event":"Job 15: Accountant - Company: Julphar - Location: Egypt - Type: Full-Time - Flexibility: Hybrid","chan":"stdout","logger":"task"}
{"timestamp":"2025-10-15T21:44:39.736663Z","level":"info","event":"Job 16: Department Assistant - Company: First Abu Dhabi Bank Misr (FABMISR) - Location: Cairo, Egypt - Type: Full-Time - Flexibility: On-Site","chan":"stdout","logger":"task"}
{"timestamp":"2025-10-15T21:44:43.825878Z","level":"info","event":"Job 17: Team Leader - Accounts Receivable - Company: Juhayna Food Industries - Location: 6th of October, Cairo, Egypt - Type: Full-Time - Flexibility: Remote","chan":"stdout","logger":"task"}
{"timestamp":"2025-10-15T21:44:49.446878Z","level":"info","event":"Job 18: Plant Maintenance Manager - Company: Aujan Coca-Cola Beverages Company (ACCBC) - Location: Giza, Al Jizah, Egypt - Type: Full-Time - Flexibility: On-Site","chan":"stdout","logger":"task"}
{"timestamp":"2025-10-15T21:44:55.764363Z","level":"info","event":"Job 19: Accounts Payable Officer - Company: Emirates NBD - Location: Cairo, Egypt - Type: Full-Time - Flexibility: On-Site","chan":"stdout","logger":"task"}
{"timestamp":"2025-10-15T21:44:59.630135Z","level":"info","event":"Job 20: HR & Office Admin Specialist - Company: Julphar - Location: Egypt - Type: Full-Time - Flexibility: On-Site","chan":"stdout","logger":"task"}
{"timestamp":"2025-10-15T21:45:10.738627Z","level":"info","event":"","chan":"stdout","logger":"task"}
{"timestamp":"2025-10-15T21:45:10.738840Z","level":"info","event":"Fetching page 3 (start=20)...","chan":"stdout","logger":"task"}
{"timestamp":"2025-10-15T21:45:11.357719Z","level":"info","event":"Found 10 items on page 3","chan":"stdout","logger":"task"}
{"timestamp":"2025-10-15T21:45:12.080212Z","level":"info","event":"Job 21: Call Center Agent (outsource) - Company: Abu Dhabi Islamic Bank - Egypt - Location: Cairo, Egypt - Type: Full-Time - Flexibility: On-Site","chan":"stdout","logger":"task"}
{"timestamp":"2025-10-15T21:45:17.880858Z","level":"info","event":"Job 22: Electrical Technician - Company: Unilever - Location: 6th of October, Al Jizah, Egypt - Type: Full-Time - Flexibility: Hybrid","chan":"stdout","logger":"task"}
{"timestamp":"2025-10-15T21:45:22.572410Z","level":"info","event":"Job 23: Service Documentation Administrator - Company: Al-Mansour Automotive - Location: New Cairo, Cairo, Egypt - Type: Full-Time - Flexibility: On-Site","chan":"stdout","logger":"task"}
{"timestamp":"2025-10-15T21:45:25.695778Z","level":"info","event":"Job 24: Project Manager - Company: Emirates NBD - Location: Cairo, Egypt - Type: Full-Time - Flexibility: On-Site","chan":"stdout","logger":"task"}
{"timestamp":"2025-10-15T21:45:29.913112Z","level":"info","event":"Job 25: Interior Designer | IKEA | Cairo Festival City - Company: Al-Futtaim - Location: Cairo, Cairo, Egypt - Type: Full-Time - Flexibility: On-Site","chan":"stdout","logger":"task"}
{"timestamp":"2025-10-15T21:45:32.932994Z","level":"info","event":"Job 26: وظيفة مسوق الكتروني - Company: إنجاز ميديا - EngazMedia - Location: Qesm 1st Nasser City, Cairo, Egypt - Type: Full-Time - Flexibility: None","chan":"stdout","logger":"task"}
{"timestamp":"2025-10-15T21:45:36.523439Z","level":"info","event":"Job 27: Receptionist - Company: Al-Mansour Automotive - Location: Cairo, Egypt - Type: Full-Time - Flexibility: On-Site","chan":"stdout","logger":"task"}
{"timestamp":"2025-10-15T21:45:41.102761Z","level":"info","event":"Job 28: وظيفة مدير وسائط إجتماعية - Company: إنجاز ميديا - EngazMedia - Location: Qesm 1st Nasser City, Cairo, Egypt - Type: Full-Time - Flexibility: None","chan":"stdout","logger":"task"}
{"timestamp":"2025-10-15T21:45:50.150200Z","level":"info","event":"Job 29: Storekeeper - Company: Colas Rail Egypt كولاس ريل مصر - Location: Cairo, Cairo, Egypt - Type: Full-Time - Flexibility: None","chan":"stdout","logger":"task"}
{"timestamp":"2025-10-15T21:45:55.145172Z","level":"info","event":"Job 30: Executive Assistant - Company: PwC Middle East - Location: Cairo, Cairo, Egypt - Type: Full-Time - Flexibility: On-Site","chan":"stdout","logger":"task"}
{"timestamp":"2025-10-15T21:46:01.018411Z","level":"info","event":"","chan":"stdout","logger":"task"}
{"timestamp":"2025-10-15T21:46:01.018602Z","level":"info","event":"Fetching page 4 (start=30)...","chan":"stdout","logger":"task"}
{"timestamp":"2025-10-15T21:46:01.569390Z","level":"info","event":"Found 10 items on page 4","chan":"stdout","logger":"task"}
{"timestamp":"2025-10-15T21:46:02.266582Z","level":"info","event":"Job 31: Admin Assistant - Company: Marriott International - Location: Cairo, Cairo, Egypt - Type: Full-Time - Flexibility: Remote","chan":"stdout","logger":"task"}
{"timestamp":"2025-10-15T21:46:06.645175Z","level":"info","event":"Job 32: Financial and Investment Analyst - Company: Wadi Degla Clubs Company S.A.E. - Location: Cairo, Egypt - Type: Full-Time - Flexibility: None","chan":"stdout","logger":"task"}
{"timestamp":"2025-10-15T21:46:10.300149Z","level":"info","event":"Job 33: Associate Operations Manager - Malls - Company: Talaat Moustafa Group - Location: New Cairo, Cairo, Egypt - Type: Full-Time - Flexibility: None","chan":"stdout","logger":"task"}
{"timestamp":"2025-10-15T21:46:13.972156Z","level":"info","event":"Job 34: Striker - Alexandria - Company: Red Bull - Location: Alexandria, Alexandria, Egypt - Type: Full-Time - Flexibility: On-Site","chan":"stdout","logger":"task"}
{"timestamp":"2025-10-15T21:46:17.619464Z","level":"info","event":"Job 35: Sales Supervisor - Sharkia - Company: Aujan Coca-Cola Beverages Company (ACCBC) - Location: Sharkia, Egypt - Type: Full-Time - Flexibility: None","chan":"stdout","logger":"task"}
{"timestamp":"2025-10-15T21:46:26.591556Z","level":"info","event":"Job 36: Guest Service Agent (Telephone Operator) - Egyptians Only - Company: Kempinski Hotels - Location: Cairo, Cairo, Egypt - Type: Full-Time - Flexibility: Remote","chan":"stdout","logger":"task"}
{"timestamp":"2025-10-15T21:46:33.258592Z","level":"info","event":"Job 37: Private Advisor - Company: Banque Misr - Location: Cairo, Egypt - Type: Full-Time - Flexibility: On-Site","chan":"stdout","logger":"task"}
{"timestamp":"2025-10-15T21:46:36.513894Z","level":"info","event":"Job 38: Interior Designer | IKEA | Cairo Festival City - Company: Al-Futtaim Automotive - Location: Cairo, Cairo, Egypt - Type: Full-Time - Flexibility: On-Site","chan":"stdout","logger":"task"}
{"timestamp":"2025-10-15T21:46:43.193004Z","level":"info","event":"Job 39: Data Scientist - Company: Banque Misr - Location: Cairo, Cairo, Egypt - Type: Full-Time - Flexibility: Hybrid","chan":"stdout","logger":"task"}
{"timestamp":"2025-10-15T21:46:47.130652Z","level":"info","event":"Job 40: Corporate Service Officer/ Senior Officer - Company: Abu Dhabi Islamic Bank - Egypt - Location: Cairo, Egypt - Type: Full-Time - Flexibility: On-Site","chan":"stdout","logger":"task"}
{"timestamp":"2025-10-15T21:47:00.074005Z","level":"info","event":"","chan":"stdout","logger":"task"}
{"timestamp":"2025-10-15T21:47:00.074275Z","level":"info","event":"Fetching page 5 (start=40)...","chan":"stdout","logger":"task"}
{"timestamp":"2025-10-15T21:47:00.724988Z","level":"info","event":"Found 10 items on page 5","chan":"stdout","logger":"task"}
{"timestamp":"2025-10-15T21:47:01.443127Z","level":"info","event":"Job 41: Private Banking Advisor - Company: Abu Dhabi Islamic Bank - Egypt - Location: Cairo, Egypt - Type: Full-Time - Flexibility: On-Site","chan":"stdout","logger":"task"}
{"timestamp":"2025-10-15T21:47:07.304381Z","level":"info","event":"Job 42: Customer Service Agent [Arabic] - Company: Talent 360 ME - Location: Cairo, Cairo, Egypt - Type: Full-Time - Flexibility: Remote","chan":"stdout","logger":"task"}
{"timestamp":"2025-10-15T21:47:10.566365Z","level":"info","event":"Job 43: Retail Payroll Operations Officer - Company: Banque du Caire - Location: Cairo, Egypt - Type: Full-Time - Flexibility: On-Site","chan":"stdout","logger":"task"}
{"timestamp":"2025-10-15T21:47:14.759627Z","level":"info","event":"Job 44: Accounts Receivable Accountant - Cairo - Company: Imdad - Location: Cairo, Cairo, Egypt - Type: Full-Time - Flexibility: On-Site","chan":"stdout","logger":"task"}
{"timestamp":"2025-10-15T21:47:19.442263Z","level":"info","event":"Job 45: وظيفة مندوب مبيعات - Company: إنجاز ميديا - EngazMedia - Location: Qesm 1st Nasser City, Cairo, Egypt - Type: Full-Time - Flexibility: On-Site","chan":"stdout","logger":"task"}
{"timestamp":"2025-10-15T21:47:22.467832Z","level":"info","event":"Job 46: Chairman & CEO Office Manager - Company: Misr Technology Services - Location: Heliopolis, Cairo, Egypt - Type: Full-Time - Flexibility: On-Site","chan":"stdout","logger":"task"}
{"timestamp":"2025-10-15T21:47:31.875101Z","level":"info","event":"Job 47: Document Controller 2 - Company: Colas Rail Egypt كولاس ريل مصر - Location: Qesm Heliopolis, Cairo, Egypt - Type: Full-Time - Flexibility: On-Site","chan":"stdout","logger":"task"}
{"timestamp":"2025-10-15T21:47:37.762981Z","level":"info","event":"Job 48: Cashier - Company: Sharaf DG Egypt - Location: Cairo, Egypt - Type: Full-Time - Flexibility: On-Site","chan":"stdout","logger":"task"}
{"timestamp":"2025-10-15T21:47:41.051470Z","level":"info","event":"Job 49: Facility Management Supervisor - Company: Al-Mansour Automotive - Location: Cairo, Cairo, Egypt - Type: Full-Time - Flexibility: On-Site","chan":"stdout","logger":"task"}
{"timestamp":"2025-10-15T21:47:44.720390Z","level":"info","event":"Job 50: Document Controller 1 - Company: Colas Rail Egypt كولاس ريل مصر - Location: Qesm Heliopolis, Cairo, Egypt - Type: Full-Time - Flexibility: On-Site","chan":"stdout","logger":"task"}
{"timestamp":"2025-10-15T21:47:51.435791Z","level":"info","event":"","chan":"stdout","logger":"task"}
{"timestamp":"2025-10-15T21:47:51.436186Z","level":"info","event":"Fetching page 6 (start=50)...","chan":"stdout","logger":"task"}
{"timestamp":"2025-10-15T21:47:52.068790Z","level":"info","event":"Found 10 items on page 6","chan":"stdout","logger":"task"}
{"timestamp":"2025-10-15T21:47:52.681550Z","level":"info","event":"Job 51: DRAFTSMAN - Company: ELSEWEDY ELECTRIC - Location: Cairo, Cairo, Egypt - Type: Full-Time - Flexibility: On-Site","chan":"stdout","logger":"task"}
{"timestamp":"2025-10-15T21:47:56.123091Z","level":"info","event":"Job 52: Relationship Manager - Corporate & Institutional Banking - Company: Emirates NBD - Location: Cairo, Egypt - Type: Full-Time - Flexibility: None","chan":"stdout","logger":"task"}
{"timestamp":"2025-10-15T21:48:00.104472Z","level":"info","event":"Job 53: Data Operation & Support Specialist/ Analyst/ Senior Analyst - Company: Banque Misr - Location: Cairo, Cairo, Egypt - Type: Full-Time - Flexibility: None","chan":"stdout","logger":"task"}
{"timestamp":"2025-10-15T21:48:09.537008Z","level":"info","event":"Job 54: Teller - Company: Emirates NBD - Location: Cairo, Egypt - Type: Full-Time - Flexibility: On-Site","chan":"stdout","logger":"task"}
{"timestamp":"2025-10-15T21:48:14.998275Z","level":"info","event":"Job 55: Development Engineer - Company: Wadi Degla Developments - Location: Cairo, Cairo, Egypt - Type: Full-Time - Flexibility: On-Site","chan":"stdout","logger":"task"}
{"timestamp":"2025-10-15T21:48:21.461862Z","level":"info","event":"Job 56: Administrative Executive - Company: Toyota Egypt Group - Location: Cairo, Egypt - Type: Full-Time - Flexibility: On-Site","chan":"stdout","logger":"task"}
{"timestamp":"2025-10-15T21:48:28.202152Z","level":"info","event":"Job 57: محاسب - Company: AlRyada University - Location: Egypt - Type: Full-Time - Flexibility: On-Site","chan":"stdout","logger":"task"}
{"timestamp":"2025-10-15T21:48:32.183107Z","level":"info","event":"Job 58: Data Science Specialist - Company: Banque Misr - Location: Cairo, Cairo, Egypt - Type: Full-Time - Flexibility: Hybrid","chan":"stdout","logger":"task"}
{"timestamp":"2025-10-15T21:48:36.938363Z","level":"info","event":"Job 59: Front Desk Receptionist - Sales Office - Company: Talaat Moustafa Group - Location: New Cairo, Cairo, Egypt - Type: Full-Time - Flexibility: On-Site","chan":"stdout","logger":"task"}
{"timestamp":"2025-10-15T21:48:45.543665Z","level":"info","event":"Job 60: Receptionist & Travel Coordinator - Company: Colas Rail Egypt كولاس ريل مصر - Location: Cairo, Cairo, Egypt - Type: Full-Time - Flexibility: On-Site","chan":"stdout","logger":"task"}
{"timestamp":"2025-10-15T21:48:54.256444Z","level":"info","event":"","chan":"stdout","logger":"task"}
{"timestamp":"2025-10-15T21:48:54.256728Z","level":"info","event":"Fetching page 7 (start=60)...","chan":"stdout","logger":"task"}
{"timestamp":"2025-10-15T21:48:54.958790Z","level":"info","event":"Found 10 items on page 7","chan":"stdout","logger":"task"}
{"timestamp":"2025-10-15T21:48:55.650244Z","level":"info","event":"Job 61: Executive Assistant - Company: PepsiCo - Location: New Cairo, Cairo, Egypt - Type: Full-Time - Flexibility: On-Site","chan":"stdout","logger":"task"}
{"timestamp":"2025-10-15T21:49:01.481631Z","level":"info","event":"Job 62: Site Civil Engineer - Company: ELSEWEDY ELECTRIC - Location: North Sinai, Egypt - Type: Full-Time - Flexibility: On-Site","chan":"stdout","logger":"task"}
{"timestamp":"2025-10-15T21:49:08.163601Z","level":"info","event":"Job 63: Data Analyst - Supply Chain - Company: Homzmart - Location: Cairo, Cairo, Egypt - Type: Full-Time - Flexibility: None","chan":"stdout","logger":"task"}
{"timestamp":"2025-10-15T21:49:17.748290Z","level":"info","event":"Job 64: Accountant - Company: Arabian Construction Co. - Location: Cairo, Egypt - Type: Full-Time - Flexibility: On-Site","chan":"stdout","logger":"task"}
{"timestamp":"2025-10-15T21:49:21.074203Z","level":"info","event":"Job 65: Fleet Supervisor - Company: Orascom Investment Holding - Location: Al Jizah, Egypt - Type: Full-Time - Flexibility: None","chan":"stdout","logger":"task"}
{"timestamp":"2025-10-15T21:49:25.966979Z","level":"info","event":"Job 66: Customer Service Officer - VOX Cinemas - Company: Majid Al Futtaim - Location: Cairo, Egypt - Type: Full-Time - Flexibility: Remote","chan":"stdout","logger":"task"}
{"timestamp":"2025-10-15T21:49:32.590470Z","level":"info","event":"Job 67: وظيفة مدير حسابات العملاء - Company: إنجاز ميديا - EngazMedia - Location: Qesm 1st Nasser City, Cairo, Egypt - Type: Full-Time - Flexibility: On-Site","chan":"stdout","logger":"task"}
{"timestamp":"2025-10-15T21:49:36.990428Z","level":"info","event":"Job 68: مساعد مدرس - Company: Abwaab - Location: Cairo, Cairo, Egypt - Type: Full-Time - Flexibility: On-Site","chan":"stdout","logger":"task"}
{"timestamp":"2025-10-15T21:49:41.305749Z","level":"info","event":"Job 69: Executive Assistant - HR & Finance - Company: The HEINEKEN Company - Location: Cairo, Cairo, Egypt - Type: Full-Time - Flexibility: On-Site","chan":"stdout","logger":"task"}
{"timestamp":"2025-10-15T21:49:46.091359Z","level":"info","event":"Job 70: Administration Supervisor - Company: Toyota Egypt Group - Location: Cairo, Egypt - Type: Full-Time - Flexibility: On-Site","chan":"stdout","logger":"task"}
{"timestamp":"2025-10-15T21:49:57.858265Z","level":"info","event":"","chan":"stdout","logger":"task"}
{"timestamp":"2025-10-15T21:49:57.858537Z","level":"info","event":"Fetching page 8 (start=70)...","chan":"stdout","logger":"task"}
{"timestamp":"2025-10-15T21:49:58.479908Z","level":"info","event":"Found 10 items on page 8","chan":"stdout","logger":"task"}
{"timestamp":"2025-10-15T21:49:59.081601Z","level":"info","event":"Job 71: Contract Administrator - Company: Arabian Construction Co. - Location: New Cairo, Cairo, Egypt - Type: Full-Time - Flexibility: On-Site","chan":"stdout","logger":"task"}
{"timestamp":"2025-10-15T21:50:05.760798Z","level":"info","event":"Job 72: Site Engineer - Company: Nawy - Location: Qesm El Maadi, Cairo, Egypt - Type: Full-Time - Flexibility: On-Site","chan":"stdout","logger":"task"}
{"timestamp":"2025-10-15T21:50:09.892839Z","level":"info","event":"Job 73: Admin Assistant - Company: Marriott International - Location: Cairo, Cairo, Egypt - Type: Full-Time - Flexibility: Remote","chan":"stdout","logger":"task"}
{"timestamp":"2025-10-15T21:50:15.240828Z","level":"info","event":"Job 74: Call Center Representative - Company: Emirates NBD - Location: Cairo, Egypt - Type: Full-Time - Flexibility: None","chan":"stdout","logger":"task"}
{"timestamp":"2025-10-15T21:50:20.216634Z","level":"info","event":"Job 75: Trade Officer – Business Banking - Company: Emirates NBD - Location: Cairo, Egypt - Type: Full-Time - Flexibility: On-Site","chan":"stdout","logger":"task"}
{"timestamp":"2025-10-15T21:50:29.463131Z","level":"info","event":"Job 76: VIP Relationship Manager - Company: Banque Misr - Location: Cairo, Egypt - Type: Full-Time - Flexibility: On-Site","chan":"stdout","logger":"task"}
{"timestamp":"2025-10-15T21:50:34.776155Z","level":"info","event":"Job 77: Storekeeper - Company: Colas Rail Egypt كولاس ريل مصر - Location: South Sinai, Egypt - Type: Full-Time - Flexibility: None","chan":"stdout","logger":"task"}
{"timestamp":"2025-10-15T21:50:39.373205Z","level":"info","event":"Job 78: AutoCAD Designer - Company: Dkhoon Emirates - Location: Cairo, Cairo, Egypt - Type: Full-Time - Flexibility: On-Site","chan":"stdout","logger":"task"}
{"timestamp":"2025-10-15T21:50:43.708023Z","level":"info","event":"Job 79: Admin Assistant - Company: Marriott International - Location: Cairo, Cairo, Egypt - Type: Full-Time - Flexibility: Remote","chan":"stdout","logger":"task"}
{"timestamp":"2025-10-15T21:50:48.965154Z","level":"info","event":"Job 80: Medical Representative - Company: Julphar - Location: Egypt - Type: Full-Time - Flexibility: On-Site","chan":"stdout","logger":"task"}
{"timestamp":"2025-10-15T21:50:56.662720Z","level":"info","event":"","chan":"stdout","logger":"task"}
{"timestamp":"2025-10-15T21:50:56.663062Z","level":"info","event":"Fetching page 9 (start=80)...","chan":"stdout","logger":"task"}
{"timestamp":"2025-10-15T21:50:57.249226Z","level":"info","event":"Found 10 items on page 9","chan":"stdout","logger":"task"}
{"timestamp":"2025-10-15T21:50:57.971047Z","level":"info","event":"Job 81: Sales Admin - Company: Nawy - Location: Cairo, Cairo, Egypt - Type: Full-Time - Flexibility: On-Site","chan":"stdout","logger":"task"}
{"timestamp":"2025-10-15T21:51:07.519415Z","level":"info","event":"Job 82: Medical Representative - Company: Julphar - Location: Egypt - Type: Full-Time - Flexibility: On-Site","chan":"stdout","logger":"task"}
{"timestamp":"2025-10-15T21:51:11.154727Z","level":"info","event":"Job 83: CONSERJE (BANI) - Company: Banco Popular Dominicano - Location: Bani Mazar, Al Minya, Egypt - Type: Full-Time - Flexibility: None","chan":"stdout","logger":"task"}
{"timestamp":"2025-10-15T21:51:16.214618Z","level":"info","event":"Job 84: Assistant Sales manager - Company: Mövenpick Hotels & Resorts - Location: Hurghada, Al Bahr al Ahmar, Egypt - Type: Full-Time - Flexibility: On-Site","chan":"stdout","logger":"task"}
{"timestamp":"2025-10-15T21:51:23.394219Z","level":"info","event":"Job 85: Medical Representative - Company: Julphar - Location: Egypt - Type: Full-Time - Flexibility: On-Site","chan":"stdout","logger":"task"}
{"timestamp":"2025-10-15T21:51:28.552517Z","level":"info","event":"Job 86: Medical Representative - Company: Julphar - Location: Egypt - Type: Full-Time - Flexibility: On-Site","chan":"stdout","logger":"task"}
{"timestamp":"2025-10-15T21:51:31.257462Z","level":"info","event":"Job 87: Product Owner - Company: Banque Misr - Location: Cairo, Cairo, Egypt - Type: Full-Time - Flexibility: Hybrid","chan":"stdout","logger":"task"}
{"timestamp":"2025-10-15T21:51:39.433020Z","level":"info","event":"Job 88: Logistics Specialist - Company: Nawy - Location: Qesm El Maadi, Cairo, Egypt - Type: Full-Time - Flexibility: On-Site","chan":"stdout","logger":"task"}
{"timestamp":"2025-10-15T21:51:42.632341Z","level":"info","event":"Job 89: Medical Representative - Company: Julphar - Location: Egypt - Type: Full-Time - Flexibility: On-Site","chan":"stdout","logger":"task"}
{"timestamp":"2025-10-15T21:51:46.821359Z","level":"info","event":"Job 90: Teller Vacancies - New Cairo, Heliopolis and Nasr City - Company: QNB Egypt - Location: Cairo, Egypt - Type: Full-Time - Flexibility: On-Site","chan":"stdout","logger":"task"}
{"timestamp":"2025-10-15T21:51:53.577938Z","level":"info","event":"","chan":"stdout","logger":"task"}
{"timestamp":"2025-10-15T21:51:53.578361Z","level":"info","event":"Fetching page 10 (start=90)...","chan":"stdout","logger":"task"}
{"timestamp":"2025-10-15T21:51:54.284483Z","level":"info","event":"Found 10 items on page 10","chan":"stdout","logger":"task"}
{"timestamp":"2025-10-15T21:51:55.000339Z","level":"info","event":"Job 91: Medical Representative - Company: Julphar - Location: Egypt - Type: Full-Time - Flexibility: On-Site","chan":"stdout","logger":"task"}
{"timestamp":"2025-10-15T21:51:59.210166Z","level":"info","event":"Job 92: Accounts Payable Senior Accountant - Company: Al-Mansour Automotive - Location: Giza, Al Jizah, Egypt - Type: Full-Time - Flexibility: On-Site","chan":"stdout","logger":"task"}
{"timestamp":"2025-10-15T21:52:03.724751Z","level":"info","event":"Job 93: Admin Assistant - Company: Marriott International - Location: Cairo, Cairo, Egypt - Type: Full-Time - Flexibility: Remote","chan":"stdout","logger":"task"}
{"timestamp":"2025-10-15T21:52:09.856667Z","level":"info","event":"Job 94: Collection Officer - Company: Halan - حالا - Location: Giza, Al Jizah, Egypt - Type: Full-Time - Flexibility: On-Site","chan":"stdout","logger":"task"}
{"timestamp":"2025-10-15T21:52:17.725165Z","level":"info","event":"Job 95: Supply Chain Junior Officer - Company: Alkhorayef Petroleum Company - Location: Cairo, Egypt - Type: Full-Time - Flexibility: On-Site","chan":"stdout","logger":"task"}
{"timestamp":"2025-10-15T21:52:22.768058Z","level":"info","event":"Job 96: Site Civil Engineer - Company: ELSEWEDY ELECTRIC - Location: Ain Sokhna, As Suways, Egypt - Type: Full-Time - Flexibility: On-Site","chan":"stdout","logger":"task"}
{"timestamp":"2025-10-15T21:52:28.720679Z","level":"info","event":"Job 97: Product Manager - Company: Halan - حالا - Location: Giza, Al Jizah, Egypt - Type: Full-Time - Flexibility: None","chan":"stdout","logger":"task"}
{"timestamp":"2025-10-15T21:52:32.252733Z","level":"info","event":"Job 98: Customer Service Coordinator (Mall of Egypt) - Company: Majid Al Futtaim - Location: 6th of October, Al Jizah, Egypt - Type: Full-Time - Flexibility: On-Site","chan":"stdout","logger":"task"}
{"timestamp":"2025-10-15T21:52:38.463800Z","level":"info","event":"Job 99: Diversified Industries Documentation Monitoring Risk Officer - Company: Banque Misr - Location: Cairo, Egypt - Type: Full-Time - Flexibility: On-Site","chan":"stdout","logger":"task"}
{"timestamp":"2025-10-15T21:52:44.860779Z","level":"info","event":"Job 100: Assistant People & Culture Manager - Company: Mövenpick Hotels & Resorts - Location: Egypt - Type: Full-Time - Flexibility: On-Site","chan":"stdout","logger":"task"}
{"timestamp":"2025-10-15T21:52:53.812925Z","level":"info","event":"","chan":"stdout","logger":"task"}
{"timestamp":"2025-10-15T21:52:53.813194Z","level":"info","event":"Fetching page 11 (start=100)...","chan":"stdout","logger":"task"}
{"timestamp":"2025-10-15T21:52:54.440526Z","level":"info","event":"Found 10 items on page 11","chan":"stdout","logger":"task"}
{"timestamp":"2025-10-15T21:52:55.173562Z","level":"info","event":"Job 101: Social Media Moderator - Sheikh Zayed - Company: Talent 360 ME - Location: Qesm El Sheikh Zaid, Al Jizah, Egypt - Type: Full-Time - Flexibility: Remote","chan":"stdout","logger":"task"}
{"timestamp":"2025-10-15T21:53:00.130939Z","level":"info","event":"Job 102: Retail Sales Executive - Company: Al-Mansour Automotive - Location: Cairo, Egypt - Type: Full-Time - Flexibility: Remote","chan":"stdout","logger":"task"}
{"timestamp":"2025-10-15T21:53:10.463288Z","level":"info","event":"Job 103: Admin Assistant - Company: Marriott International - Location: Cairo, Cairo, Egypt - Type: Full-Time - Flexibility: Remote","chan":"stdout","logger":"task"}
{"timestamp":"2025-10-15T21:53:15.269454Z","level":"info","event":"Job 104: Admin Assistant - Company: ElSewedy Engineering Industries SEI - Location: Giza, Al Jizah, Egypt - Type: Full-Time - Flexibility: On-Site","chan":"stdout","logger":"task"}
{"timestamp":"2025-10-15T21:53:18.917874Z","level":"info","event":"Job 105: Customer Service Executive - Egypt , Remote - Company: The Luxury Closet - Location: Cairo, Cairo, Egypt - Type: Full-Time - Flexibility: Remote","chan":"stdout","logger":"task"}
{"timestamp":"2025-10-15T21:53:24.581861Z","level":"info","event":"Job 106: Shopping Experience Assistant | IKEA | Cairo Festival City - Company: Al-Futtaim Automotive - Location: Cairo, Cairo, Egypt - Type: Full-Time - Flexibility: Remote","chan":"stdout","logger":"task"}
{"timestamp":"2025-10-15T21:53:28.124340Z","level":"info","event":"Job 107: Medical Representative - Company: Julphar - Location: Egypt - Type: Full-Time - Flexibility: On-Site","chan":"stdout","logger":"task"}
{"timestamp":"2025-10-15T21:53:34.487253Z","level":"info","event":"Job 108: Electronics (Maintenance) Technician (Onsite - Malta) - Company: Magro Brothers - Location: Egypt - Type: Full-Time - Flexibility: Remote","chan":"stdout","logger":"task"}
{"timestamp":"2025-10-15T21:53:43.049360Z","level":"info","event":"Job 109: Medical Representative - Company: Julphar - Location: Egypt - Type: Full-Time - Flexibility: On-Site","chan":"stdout","logger":"task"}
{"timestamp":"2025-10-15T21:53:46.159849Z","level":"info","event":"Job 110: Administrative Specialist - Company: Electrolux Group - Location: Cairo, Cairo, Egypt - Type: Full-Time - Flexibility: On-Site","chan":"stdout","logger":"task"}
{"timestamp":"2025-10-15T21:53:53.310141Z","level":"info","event":"","chan":"stdout","logger":"task"}
{"timestamp":"2025-10-15T21:53:53.310456Z","level":"info","event":"Fetching page 12 (start=110)...","chan":"stdout","logger":"task"}
{"timestamp":"2025-10-15T21:53:53.964009Z","level":"info","event":"Found 10 items on page 12","chan":"stdout","logger":"task"}
{"timestamp":"2025-10-15T21:53:54.582824Z","level":"info","event":"Job 111: Venue Services Supervisor - Company: Orascom Investment Holding - Location: Al Jizah, Egypt - Type: Full-Time - Flexibility: None","chan":"stdout","logger":"task"}
{"timestamp":"2025-10-15T21:53:57.880474Z","level":"info","event":"Job 112: Electrical Engineer - Company: ElSewedy Engineering Industries SEI - Location: Giza, Al Jizah, Egypt - Type: Full-Time - Flexibility: On-Site","chan":"stdout","logger":"task"}
{"timestamp":"2025-10-15T21:54:02.401857Z","level":"info","event":"Job 113: Document Controller - Company: Pure Life Filters Company - Location: Egypt - Type: Full-Time - Flexibility: On-Site","chan":"stdout","logger":"task"}
{"timestamp":"2025-10-15T21:54:07.960989Z","level":"info","event":"Job 114: Messenger - Company: Nawy - Location: Cairo, Cairo, Egypt - Type: Full-Time - Flexibility: On-Site","chan":"stdout","logger":"task"}
{"timestamp":"2025-10-15T21:54:16.319460Z","level":"info","event":"Job 115: AutoCad Operator (Cairo) - Company: Talent 360 ME - Location: 6th of October, Al Jizah, Egypt - Type: Full-Time - Flexibility: On-Site","chan":"stdout","logger":"task"}
{"timestamp":"2025-10-15T21:54:21.142169Z","level":"info","event":"Job 116: Junior Document Controller ( Nasr City) - Company: Talent 360 ME - Location: Nasr City, Cairo, Egypt - Type: Full-Time - Flexibility: On-Site","chan":"stdout","logger":"task"}
{"timestamp":"2025-10-15T21:54:26.456681Z","level":"info","event":"Job 117: Data Business Analysis Specialist/ Analyst/ Senior Analyst - Company: Banque Misr - Location: Cairo, Cairo, Egypt - Type: Full-Time - Flexibility: None","chan":"stdout","logger":"task"}
{"timestamp":"2025-10-15T21:54:31.828930Z","level":"info","event":"Job 118: Service Advisor - Company: Al-Mansour Automotive - Location: Cairo, Egypt - Type: Full-Time - Flexibility: On-Site","chan":"stdout","logger":"task"}
{"timestamp":"2025-10-15T21:54:38.470699Z","level":"info","event":"Job 119: Junior Data Engineer - Company: Halan - حالا - Location: Cairo, Cairo, Egypt - Type: Full-Time - Flexibility: Remote","chan":"stdout","logger":"task"}
{"timestamp":"2025-10-15T21:54:45.050908Z","level":"info","event":"Job 120: Admin Assistant - Company: Marriott International - Location: Cairo, Cairo, Egypt - Type: Full-Time - Flexibility: Remote","chan":"stdout","logger":"task"}
{"timestamp":"2025-10-15T21:54:55.645631Z","level":"info","event":"","chan":"stdout","logger":"task"}
{"timestamp":"2025-10-15T21:54:55.645921Z","level":"info","event":"Fetching page 13 (start=120)...","chan":"stdout","logger":"task"}
{"timestamp":"2025-10-15T21:54:56.301851Z","level":"info","event":"Found 10 items on page 13","chan":"stdout","logger":"task"}
{"timestamp":"2025-10-15T21:54:56.963812Z","level":"info","event":"Job 121: Admin Assistant - Company: Marriott International - Location: Cairo, Cairo, Egypt - Type: Full-Time - Flexibility: Remote","chan":"stdout","logger":"task"}
{"timestamp":"2025-10-15T21:55:01.163174Z","level":"info","event":"Job 122: Medical Representative - Company: Julphar - Location: Egypt - Type: Full-Time - Flexibility: On-Site","chan":"stdout","logger":"task"}
{"timestamp":"2025-10-15T21:55:04.712498Z","level":"info","event":"Job 123: Junior Software Engineer - Company: Halan - حالا - Location: Cairo, Cairo, Egypt - Type: Full-Time - Flexibility: Remote","chan":"stdout","logger":"task"}
{"timestamp":"2025-10-15T21:55:10.979211Z","level":"info","event":"Job 124: Adminstrative Assistant - Company: Schindler Middle East & North Africa - Location: New Cairo, Cairo, Egypt - Type: Full-Time - Flexibility: On-Site","chan":"stdout","logger":"task"}
{"timestamp":"2025-10-15T21:55:14.547973Z","level":"info","event":"Job 125: Purchasing Supervisor - Company: Talaat Moustafa Group - Location: Cairo, Egypt - Type: Full-Time - Flexibility: None","chan":"stdout","logger":"task"}
{"timestamp":"2025-10-15T21:55:20.585446Z","level":"info","event":"Job 126: Customer Service Officer.CXC - RBG - Direct Banking Centre-Egypt COE.Client Experience and Conduct Group-MEGPCOE - Company: Mashreq Corporate & Investment Banking Group - Location: Egypt - Type: Full-Time - Flexibility: Remote","chan":"stdout","logger":"task"}
{"timestamp":"2025-10-15T21:55:27.040452Z","level":"info","event":"Job 127: Admin Assistant - Company: Marriott International - Location: Cairo, Cairo, Egypt - Type: Full-Time - Flexibility: Remote","chan":"stdout","logger":"task"}
{"timestamp":"2025-10-15T21:55:33.501578Z","level":"info","event":"Job 128: Officer, Retail Credit Admin - Company: Mashreq - Location: Egypt - Type: Full-Time - Flexibility: On-Site","chan":"stdout","logger":"task"}
{"timestamp":"2025-10-15T21:55:37.816818Z","level":"info","event":"Job 129: IT Specialist - Company: Nawy - Location: Cairo, Cairo, Egypt - Type: Full-Time - Flexibility: None","chan":"stdout","logger":"task"}
{"timestamp":"2025-10-15T21:55:42.890743Z","level":"info","event":"Job 130: Finance Controller - Company: Nawy - Location: Cairo, Cairo, Egypt - Type: Full-Time - Flexibility: On-Site","chan":"stdout","logger":"task"}
{"timestamp":"2025-10-15T21:55:48.281188Z","level":"info","event":"","chan":"stdout","logger":"task"}
{"timestamp":"2025-10-15T21:55:48.282036Z","level":"info","event":"Fetching page 14 (start=130)...","chan":"stdout","logger":"task"}
{"timestamp":"2025-10-15T21:55:49.017216Z","level":"info","event":"Found 10 items on page 14","chan":"stdout","logger":"task"}
{"timestamp":"2025-10-15T21:55:49.926539Z","level":"info","event":"Job 131: Admin Assistant - Company: Marriott International - Location: Cairo, Cairo, Egypt - Type: Full-Time - Flexibility: Remote","chan":"stdout","logger":"task"}
{"timestamp":"2025-10-15T21:55:55.652456Z","level":"info","event":"Job 132: Admin Assistant - Company: Marriott International - Location: Cairo, Cairo, Egypt - Type: Full-Time - Flexibility: Remote","chan":"stdout","logger":"task"}
{"timestamp":"2025-10-15T21:56:04.041917Z","level":"info","event":"Job 133: Accounts Payable Accountant ( AP) - Company: Tagaddod - Location: Qesm El Maadi, Cairo, Egypt - Type: Full-Time - Flexibility: On-Site","chan":"stdout","logger":"task"}
{"timestamp":"2025-10-15T21:56:07.404485Z","level":"info","event":"Job 134: Logistics Coordinator - Company: Tagaddod - Location: Cairo, Cairo, Egypt - Type: Full-Time - Flexibility: On-Site","chan":"stdout","logger":"task"}
{"timestamp":"2025-10-15T21:56:13.778101Z","level":"info","event":"Job 135: Project Management Officer - Company: MUSE - Location: Cairo, Cairo, Egypt - Type: Full-Time - Flexibility: On-Site","chan":"stdout","logger":"task"}
{"timestamp":"2025-10-15T21:56:18.860274Z","level":"info","event":"Job 136: Relationship Officer - Company: Crédit Agricole Egypt - Location: Cairo, Egypt - Type: Full-Time - Flexibility: On-Site","chan":"stdout","logger":"task"}
{"timestamp":"2025-10-15T21:56:22.790686Z","level":"info","event":"Job 137: Receptionist - Company: Majid Al Futtaim - Location: Cairo, Cairo, Egypt - Type: Full-Time - Flexibility: On-Site","chan":"stdout","logger":"task"}
{"timestamp":"2025-10-15T21:56:26.453182Z","level":"info","event":"Job 138: Admin Assistant - Company: Marriott International - Location: Cairo, Cairo, Egypt - Type: Full-Time - Flexibility: Remote","chan":"stdout","logger":"task"}
{"timestamp":"2025-10-15T21:56:29.906955Z","level":"info","event":"Job 139: Admin - Company: LeadInTop - Location: Cairo, Cairo, Egypt - Type: Full-Time - Flexibility: On-Site","chan":"stdout","logger":"task"}
{"timestamp":"2025-10-15T21:56:38.742423Z","level":"info","event":"Job 140: Medical Assistant - Company: Medi-Weightloss® - Location: Al Jizah, Egypt - Type: Full-Time - Flexibility: On-Site","chan":"stdout","logger":"task"}
{"timestamp":"2025-10-15T21:56:46.811363Z","level":"info","event":"","chan":"stdout","logger":"task"}
{"timestamp":"2025-10-15T21:56:46.811639Z","level":"info","event":"Fetching page 15 (start=140)...","chan":"stdout","logger":"task"}
{"timestamp":"2025-10-15T21:56:47.594851Z","level":"info","event":"Found 10 items on page 15","chan":"stdout","logger":"task"}
{"timestamp":"2025-10-15T21:56:48.350031Z","level":"info","event":"Job 141: Compliance officer.Egypt-Compliance.Compliance Group - Company: Mashreq - Location: Egypt - Type: Full-Time - Flexibility: On-Site","chan":"stdout","logger":"task"}
{"timestamp":"2025-10-15T21:56:54.324954Z","level":"info","event":"Job 142: Client Experience Executive – Showroom - Company: Al-Mansour Automotive - Location: Giza, Al Jizah, Egypt - Type: Full-Time - Flexibility: Remote","chan":"stdout","logger":"task"}
{"timestamp":"2025-10-15T21:56:59.690045Z","level":"info","event":"Job 143: Administration Manager - Company: Hyde Park Developments - Location: Cairo, Cairo, Egypt - Type: Full-Time - Flexibility: On-Site","chan":"stdout","logger":"task"}
{"timestamp":"2025-10-15T21:57:04.198022Z","level":"info","event":"Job 144: Technical Office Engineer (Furniture) - Company: Homzmart - Location: Cairo, Cairo, Egypt - Type: Full-Time - Flexibility: On-Site","chan":"stdout","logger":"task"}
{"timestamp":"2025-10-15T21:57:08.687674Z","level":"info","event":"Job 145: Admin Assistant - Company: Marriott International - Location: Cairo, Cairo, Egypt - Type: Full-Time - Flexibility: Remote","chan":"stdout","logger":"task"}
{"timestamp":"2025-10-15T21:57:15.407214Z","level":"info","event":"Job 146: HR Officer – Egypt - Company: Dkhoon Emirates - Location: Cairo, Cairo, Egypt - Type: Full-Time - Flexibility: On-Site","chan":"stdout","logger":"task"}
{"timestamp":"2025-10-15T21:57:21.030615Z","level":"info","event":"Job 147: Senior Accounts Receivable Accountant - Company: Nawy - Location: Cairo, Cairo, Egypt - Type: Full-Time - Flexibility: On-Site","chan":"stdout","logger":"task"}
{"timestamp":"2025-10-15T21:57:26.769054Z","level":"info","event":"Job 148: Senior Accountant - Company: SANTECHTURE - Location: Cairo, Cairo, Egypt - Type: Full-Time - Flexibility: On-Site","chan":"stdout","logger":"task"}
{"timestamp":"2025-10-15T21:57:30.605036Z","level":"info","event":"Job 149: Admin Assistant - Company: Marriott International - Location: Cairo, Cairo, Egypt - Type: Full-Time - Flexibility: Remote","chan":"stdout","logger":"task"}
{"timestamp":"2025-10-15T21:57:34.738443Z","level":"info","event":"Job 150: MERC Consulting - Executive Assistant - Cairo - Company: PwC Middle East - Location: Cairo, Cairo, Egypt - Type: Full-Time - Flexibility: On-Site","chan":"stdout","logger":"task"}
{"timestamp":"2025-10-15T21:57:47.686458Z","level":"info","event":"","chan":"stdout","logger":"task"}
{"timestamp":"2025-10-15T21:57:47.686671Z","level":"info","event":"Fetching page 16 (start=150)...","chan":"stdout","logger":"task"}
{"timestamp":"2025-10-15T21:57:48.471092Z","level":"info","event":"Found 10 items on page 16","chan":"stdout","logger":"task"}
{"timestamp":"2025-10-15T21:57:49.204245Z","level":"info","event":"Job 151: Front Desk Receptionist - Company: Arabian Construction Co. - Location: Cairo, Egypt - Type: Full-Time - Flexibility: On-Site","chan":"stdout","logger":"task"}
{"timestamp":"2025-10-15T21:57:55.255135Z","level":"info","event":"Job 152: Medical Representative - Company: Julphar - Location: Egypt - Type: Full-Time - Flexibility: On-Site","chan":"stdout","logger":"task"}
{"timestamp":"2025-10-15T21:57:59.419110Z","level":"info","event":"Job 153: Priority Banking Customer Service Officer - Company: Emirates NBD - Location: Cairo, Egypt - Type: Full-Time - Flexibility: Remote","chan":"stdout","logger":"task"}
{"timestamp":"2025-10-15T21:58:03.742450Z","level":"info","event":"Job 154: Senior Product Manager - Company: Al Ahly Momkn - Location: Cairo, Cairo, Egypt - Type: Full-Time - Flexibility: Hybrid","chan":"stdout","logger":"task"}
{"timestamp":"2025-10-15T21:58:07.681754Z","level":"info","event":"Job 155: Junior Document Controller - Company: ELSEWEDY ELECTRIC - Location: New Cairo, Cairo, Egypt - Type: Full-Time - Flexibility: On-Site","chan":"stdout","logger":"task"}
{"timestamp":"2025-10-15T21:58:13.198795Z","level":"info","event":"Job 156: Research Analyst - Company: Nawy - Location: Qesm El Maadi, Cairo, Egypt - Type: Full-Time - Flexibility: None","chan":"stdout","logger":"task"}
{"timestamp":"2025-10-15T21:58:22.391533Z","level":"info","event":"Job 157: Sales Administrator - Company: Nawy - Location: Cairo, Cairo, Egypt - Type: Full-Time - Flexibility: On-Site","chan":"stdout","logger":"task"}
{"timestamp":"2025-10-15T21:58:25.647481Z","level":"info","event":"Job 158: IT Helpdesk Specialist - HQ - Company: Misr Technology Services - Location: Heliopolis, Cairo, Egypt - Type: Full-Time - Flexibility: Remote","chan":"stdout","logger":"task"}
{"timestamp":"2025-10-15T21:58:28.770782Z","level":"info","event":"Job 159: Admin Assistant - Company: Marriott International - Location: Cairo, Cairo, Egypt - Type: Full-Time - Flexibility: Remote","chan":"stdout","logger":"task"}
{"timestamp":"2025-10-15T21:58:34.396530Z","level":"info","event":"Job 160: Procurement Officer | Pan Marine Shipping Services - Company: PAN MARINE GROUP - Location: Cairo, Cairo, Egypt - Type: Full-Time - Flexibility: On-Site","chan":"stdout","logger":"task"}
{"timestamp":"2025-10-15T21:58:42.432428Z","level":"info","event":"","chan":"stdout","logger":"task"}
{"timestamp":"2025-10-15T21:58:42.432645Z","level":"info","event":"Fetching page 17 (start=160)...","chan":"stdout","logger":"task"}
{"timestamp":"2025-10-15T21:58:43.063497Z","level":"info","event":"Found 10 items on page 17","chan":"stdout","logger":"task"}
{"timestamp":"2025-10-15T21:58:43.565364Z","level":"info","event":"Job 161: Sales Supervisor - Luxor - Company: Aujan Coca-Cola Beverages Company (ACCBC) - Location: Luxor, Egypt - Type: Full-Time - Flexibility: None","chan":"stdout","logger":"task"}
{"timestamp":"2025-10-15T21:58:49.137645Z","level":"info","event":"Job 162: HR & Admin Assistant - Company: Hello Group Inc. - Location: Cairo, Egypt - Type: Full-Time - Flexibility: On-Site","chan":"stdout","logger":"task"}
{"timestamp":"2025-10-15T21:58:52.401966Z","level":"info","event":"Job 163: Guest Relations Super Visor - Company: Mövenpick Hotels & Resorts - Location: Hurghada, Al Bahr al Ahmar, Egypt - Type: Full-Time - Flexibility: Hybrid","chan":"stdout","logger":"task"}
{"timestamp":"2025-10-15T21:59:00.117633Z","level":"info","event":"Job 164: Senior Category Manager - Company: Homzmart - Location: Cairo, Cairo, Egypt - Type: Full-Time - Flexibility: None","chan":"stdout","logger":"task"}
{"timestamp":"2025-10-15T21:59:05.007662Z","level":"info","event":"Job 165: BI Developer - Company: Banque Misr - Location: Cairo, Cairo, Egypt - Type: Full-Time - Flexibility: None","chan":"stdout","logger":"task"}
{"timestamp":"2025-10-15T21:59:09.705407Z","level":"info","event":"Job 166: Site Engineer - Company: SWEVEN CONSTRUCTION ®️ - Location: Cairo, Cairo, Egypt - Type: Full-Time - Flexibility: On-Site","chan":"stdout","logger":"task"}
{"timestamp":"2025-10-15T21:59:15.039171Z","level":"info","event":"Job 167: Procurement Specialist - Company: Nawy - Location: Qesm El Maadi, Cairo, Egypt - Type: Full-Time - Flexibility: On-Site","chan":"stdout","logger":"task"}
{"timestamp":"2025-10-15T21:59:18.924661Z","level":"info","event":"Job 168: IT Help Desk (دعم فني) - Company: Pure Life Filters Company - Location: Egypt - Type: Full-Time - Flexibility: On-Site","chan":"stdout","logger":"task"}
{"timestamp":"2025-10-15T21:59:23.062634Z","level":"info","event":"Job 169: Junior Accountant - Company: Talent 360 ME - Location: Ad-Duqqi, Al Jizah, Egypt - Type: Full-Time - Flexibility: On-Site","chan":"stdout","logger":"task"}
{"timestamp":"2025-10-15T21:59:25.870775Z","level":"info","event":"Job 170: Receptionist & Admin Assistant - Company: Grand Technology - Location: Giza, Al Jizah, Egypt - Type: Full-Time - Flexibility: On-Site","chan":"stdout","logger":"task"}
{"timestamp":"2025-10-15T21:59:37.646661Z","level":"info","event":"","chan":"stdout","logger":"task"}
{"timestamp":"2025-10-15T21:59:37.646958Z","level":"info","event":"Fetching page 18 (start=170)...","chan":"stdout","logger":"task"}
{"timestamp":"2025-10-15T21:59:38.261022Z","level":"info","event":"Found 10 items on page 18","chan":"stdout","logger":"task"}
{"timestamp":"2025-10-15T21:59:38.782893Z","level":"info","event":"Job 171: Technical Engineer - Company: TAQA Water - Location: Cairo, Cairo, Egypt - Type: Full-Time - Flexibility: None","chan":"stdout","logger":"task"}
{"timestamp":"2025-10-15T21:59:44.379705Z","level":"info","event":"Job 172: Architecture Team Lead - Company: Wadi Degla Developments - Location: Cairo, Egypt - Type: Full-Time - Flexibility: Remote","chan":"stdout","logger":"task"}
{"timestamp":"2025-10-15T21:59:47.756329Z","level":"info","event":"Job 173: Medical Representative - Company: Julphar - Location: Egypt - Type: Full-Time - Flexibility: On-Site","chan":"stdout","logger":"task"}
{"timestamp":"2025-10-15T21:59:54.661425Z","level":"info","event":"Job 174: Mid-Cap Credit Risk Analyst - Company: Banque Misr - Location: Cairo, Egypt - Type: Full-Time - Flexibility: None","chan":"stdout","logger":"task"}
{"timestamp":"2025-10-15T21:59:58.437720Z","level":"info","event":"Job 175: Early Careers - Accounting and Finance Internships - Company: SLB - Location: Egypt - Type: Full-Time - Flexibility: On-Site","chan":"stdout","logger":"task"}
{"timestamp":"2025-10-15T22:00:03.288601Z","level":"info","event":"Job 176: Inbound Agent - Priority Banking Segment - Company: Emirates NBD - Location: Cairo, Egypt - Type: Full-Time - Flexibility: Remote","chan":"stdout","logger":"task"}
{"timestamp":"2025-10-15T22:00:10.565584Z","level":"info","event":"Job 177: Admin Assistant - Company: Marriott International - Location: Cairo, Cairo, Egypt - Type: Full-Time - Flexibility: Remote","chan":"stdout","logger":"task"}
{"timestamp":"2025-10-15T22:00:17.009157Z","level":"info","event":"Job 178: Research Analyst - Company: Nawy - Location: Cairo, Cairo, Egypt - Type: Full-Time - Flexibility: None","chan":"stdout","logger":"task"}
{"timestamp":"2025-10-15T22:00:20.961475Z","level":"info","event":"Job 179: Supply Chain Planning Assistant Analyst - Company: PepsiCo - Location: New Cairo, Cairo, Egypt - Type: Full-Time - Flexibility: On-Site","chan":"stdout","logger":"task"}
{"timestamp":"2025-10-15T22:00:26.679899Z","level":"info","event":"Job 180: Storekeeper - Company: TAQA Water - Location: Cairo, Cairo, Egypt - Type: Full-Time - Flexibility: On-Site","chan":"stdout","logger":"task"}
{"timestamp":"2025-10-15T22:00:35.528714Z","level":"info","event":"","chan":"stdout","logger":"task"}
{"timestamp":"2025-10-15T22:00:35.529001Z","level":"info","event":"Fetching page 19 (start=180)...","chan":"stdout","logger":"task"}
{"timestamp":"2025-10-15T22:00:36.275640Z","level":"info","event":"Found 10 items on page 19","chan":"stdout","logger":"task"}
{"timestamp":"2025-10-15T22:00:37.276988Z","level":"info","event":"Job 181: Fresh Graduate - Company: NBK Egypt - Location: Cairo, Egypt - Type: Full-Time - Flexibility: On-Site","chan":"stdout","logger":"task"}
{"timestamp":"2025-10-15T22:00:46.621082Z","level":"info","event":"Job 182: MG-Workshop Team Leader - Company: Al-Mansour Automotive - Location: Cairo, Egypt - Type: Full-Time - Flexibility: On-Site","chan":"stdout","logger":"task"}
{"timestamp":"2025-10-15T22:00:50.689930Z","level":"info","event":"Job 183: Procurement Officer - Company: KAIZEN Asset Management Services - Location: Egypt - Type: Full-Time - Flexibility: On-Site","chan":"stdout","logger":"task"}
{"timestamp":"2025-10-15T22:00:54.491067Z","level":"info","event":"Job 184: Partnerships Executive - Company: Halan - حالا - Location: Cairo, Cairo, Egypt - Type: Full-Time - Flexibility: Hybrid","chan":"stdout","logger":"task"}
{"timestamp":"2025-10-15T22:00:58.119215Z","level":"info","event":"Job 185: Direct Sales Officer - Company: Abu Dhabi Islamic Bank - Egypt - Location: Cairo, Cairo, Egypt - Type: Full-Time - Flexibility: On-Site","chan":"stdout","logger":"task"}
{"timestamp":"2025-10-15T22:01:01.513543Z","level":"info","event":"Job 186: General Accountant - Company: Chefaa - Location: Cairo, Cairo, Egypt - Type: Full-Time - Flexibility: None","chan":"stdout","logger":"task"}
{"timestamp":"2025-10-15T22:01:07.411342Z","level":"info","event":"Job 187: Site Operations representative - Company: Nawy - Location: Qesm El Maadi, Cairo, Egypt - Type: Full-Time - Flexibility: Remote","chan":"stdout","logger":"task"}
{"timestamp":"2025-10-15T22:01:10.714480Z","level":"info","event":"Job 188: Arabic Customer Service Agent - Company: Talent 360 ME - Location: Cairo, Cairo, Egypt - Type: Full-Time - Flexibility: Remote","chan":"stdout","logger":"task"}
{"timestamp":"2025-10-15T22:01:13.880301Z","level":"info","event":"Job 189: Senior Accounts Receivable Accountant - Company: Al-Mansour Automotive - Location: New Cairo, Cairo, Egypt - Type: Full-Time - Flexibility: None","chan":"stdout","logger":"task"}
{"timestamp":"2025-10-15T22:01:23.358267Z","level":"info","event":"Job 190: STORE & RECEIVING ASSISTANT - Company: Tunamaya Beach & Spa Resort - Tioman Island - Location: Island Beach Resort, South Sinai, Egypt - Type: Full-Time - Flexibility: On-Site","chan":"stdout","logger":"task"}
{"timestamp":"2025-10-15T22:01:30.580495Z","level":"info","event":"","chan":"stdout","logger":"task"}
{"timestamp":"2025-10-15T22:01:30.580861Z","level":"info","event":"Fetching page 20 (start=190)...","chan":"stdout","logger":"task"}
{"timestamp":"2025-10-15T22:01:31.382038Z","level":"info","event":"Found 10 items on page 20","chan":"stdout","logger":"task"}
{"timestamp":"2025-10-15T22:01:32.579455Z","level":"info","event":"Job 191: Admin Assistant - Company: ElSewedy Engineering Industries SEI - Location: Giza, Al Jizah, Egypt - Type: Full-Time - Flexibility: On-Site","chan":"stdout","logger":"task"}
{"timestamp":"2025-10-15T22:01:38.364739Z","level":"info","event":"Job 192: Senior Accountant - Company: MBC GROUP - Location: Cairo, Cairo, Egypt - Type: Contract - Flexibility: On-Site","chan":"stdout","logger":"task"}
{"timestamp":"2025-10-15T22:01:43.454218Z","level":"info","event":"Job 193: Quantity Surveyor - Company: Arabian Construction Co. - Location: Cairo, Egypt - Type: Full-Time - Flexibility: On-Site","chan":"stdout","logger":"task"}
{"timestamp":"2025-10-15T22:01:48.632041Z","level":"info","event":"Job 194: Procurement Manager - Company: Nawy - Location: Cairo, Cairo, Egypt - Type: Full-Time - Flexibility: On-Site","chan":"stdout","logger":"task"}
{"timestamp":"2025-10-15T22:01:56.579718Z","level":"info","event":"Job 195: Junior Business Analyst - Company: RMG | مجموعة ريناد المجد (لتقنية المعلومات) - Location: Cairo, Egypt - Type: Full-Time - Flexibility: Hybrid","chan":"stdout","logger":"task"}
{"timestamp":"2025-10-15T22:02:01.583190Z","level":"info","event":"Job 196: Receptionist - Company: Majid Al Futtaim - Location: Cairo, Egypt - Type: Full-Time - Flexibility: On-Site","chan":"stdout","logger":"task"}
{"timestamp":"2025-10-15T22:02:07.347185Z","level":"info","event":"Job 197: Electrical Engineer - Company: TAQA Water - Location: Cairo, Cairo, Egypt - Type: Full-Time - Flexibility: On-Site","chan":"stdout","logger":"task"}
{"timestamp":"2025-10-15T22:02:11.991892Z","level":"info","event":"Job 198: FF&E Engineer - Company: Talaat Moustafa Group - Location: Giza, Al Jizah, Egypt - Type: Full-Time - Flexibility: On-Site","chan":"stdout","logger":"task"}
{"timestamp":"2025-10-15T22:02:17.421280Z","level":"info","event":"Job 199: Administrative Assistant - Company: Egyptian Banks Company - Location: New Cairo, Cairo, Egypt - Type: Full-Time - Flexibility: On-Site","chan":"stdout","logger":"task"}
{"timestamp":"2025-10-15T22:02:22.701797Z","level":"info","event":"Job 200: Planning and Project Manager - Company: Nawy - Location: Cairo, Cairo, Egypt - Type: Full-Time - Flexibility: Remote","chan":"stdout","logger":"task"}
{"timestamp":"2025-10-15T22:02:22.701940Z","level":"info","event":"Reached target of 200 jobs. Stopping.","chan":"stdout","logger":"task"}
{"timestamp":"2025-10-15T22:02:22.837563","level":"info","event":"Done. Returned value was: None","logger":"airflow.task.operators.airflow.providers.standard.operators.python.PythonOperator"}
{"timestamp":"2025-10-15T22:02:22.881856Z","level":"info","event":"Task instance in success state","chan":"stdout","logger":"task"}
{"timestamp":"2025-10-15T22:02:22.882022Z","level":"info","event":" Previous state of the Task instance: TaskInstanceState.RUNNING","chan":"stdout","logger":"task"}
{"timestamp":"2025-10-15T22:02:22.882362Z","level":"info","event":"Task operator:<Task(PythonOperator): scrape_jobs>","chan":"stdout","logger":"task"}
