{"timestamp":"2025-09-26T16:33:25.752757","level":"info","event":"DAG bundles loaded: dags-folder, example_dags","logger":"airflow.dag_processing.bundles.manager.DagBundlesManager"}
{"timestamp":"2025-09-26T16:33:25.754699","level":"info","event":"Filling up the DagBag from /home/morsi/airflow/dags/main_dag.py","logger":"airflow.models.dagbag.DagBag"}
{"timestamp":"2025-09-26T16:33:33.665729Z","level":"info","event":"Task instance is in running state","chan":"stdout","logger":"task"}
{"timestamp":"2025-09-26T16:33:33.666523Z","level":"info","event":" Previous state of the Task instance: TaskInstanceState.QUEUED","chan":"stdout","logger":"task"}
{"timestamp":"2025-09-26T16:33:33.666657Z","level":"info","event":"Current task name:scrape_jobs","chan":"stdout","logger":"task"}
{"timestamp":"2025-09-26T16:33:33.666725Z","level":"info","event":"Dag name:linkedin_jobs_pipeline","chan":"stdout","logger":"task"}
{"timestamp":"2025-09-26T16:33:33.668695Z","level":"info","event":"","chan":"stdout","logger":"task"}
{"timestamp":"2025-09-26T16:33:33.669107Z","level":"info","event":"Fetching page 1 (start=0)...","chan":"stdout","logger":"task"}
{"timestamp":"2025-09-26T16:33:34.418580Z","level":"info","event":"Found 10 items on page 1","chan":"stdout","logger":"task"}
{"timestamp":"2025-09-26T16:33:35.714519Z","level":"info","event":"Job 1: Customer Service Officer - Company: ALEXBANK - Location: Cairo, Egypt - Type: Full-Time - Flexibility: Remote","chan":"stdout","logger":"task"}
{"timestamp":"2025-09-26T16:33:41.195799Z","level":"info","event":"Job 2: Cabin Crew - Company: Nile Air - Location: Egypt - Type: Contract - Flexibility: On-Site","chan":"stdout","logger":"task"}
{"timestamp":"2025-09-26T16:33:44.422170Z","level":"info","event":"Job 3: Receptionist - Company: Al Ahly Momkn - Location: Cairo, Cairo, Egypt - Type: Full-Time - Flexibility: On-Site","chan":"stdout","logger":"task"}
{"timestamp":"2025-09-26T16:33:52.394533Z","level":"info","event":"Job 4: Cairo Cabin Crew Opportunities (Dubai Based, Relocation Provided) - Company: Emirates - Location: Cairo, Egypt - Type: Full-Time - Flexibility: On-Site","chan":"stdout","logger":"task"}
{"timestamp":"2025-09-26T16:33:53.418665Z","level":"info","event":"Job 5: HR Coordinator - Company: Aujan Coca-Cola Beverages Company (ACCBC) - Location: Giza, Al Jizah, Egypt - Type: Contract - Flexibility: On-Site","chan":"stdout","logger":"task"}
{"timestamp":"2025-09-26T16:34:02.217620Z","level":"info","event":"Job 6: Finance Data Entry Specialist - Company: Aujan Coca-Cola Beverages Company (ACCBC) - Location: Giza, Al Jizah, Egypt - Type: Contract - Flexibility: On-Site","chan":"stdout","logger":"task"}
{"timestamp":"2025-09-26T16:34:07.823641Z","level":"info","event":"Job 7: Affluent & Private Clients Relationship Manager - Company: ALEXBANK - Location: Cairo, Egypt - Type: Full-Time - Flexibility: On-Site","chan":"stdout","logger":"task"}
{"timestamp":"2025-09-26T16:34:12.501434Z","level":"info","event":"Job 8: Area Sales Manager - Company: Juhayna Food Industries - Location: Sawhāj, Suhaj, Egypt - Type: Full-Time - Flexibility: None","chan":"stdout","logger":"task"}
{"timestamp":"2025-09-26T16:34:18.618631Z","level":"info","event":"Job 9: Fresh Graduate - Company: بنك التعمير والإسكان HD Bank - Location: Cairo, Egypt - Type: Full-Time - Flexibility: On-Site","chan":"stdout","logger":"task"}
{"timestamp":"2025-09-26T16:34:24.921096Z","level":"info","event":"Job 10: Single Skilled Craft - R&M - Company: Unilever - Location: 6th of October, Al Jizah, Egypt - Type: Full-Time - Flexibility: Hybrid","chan":"stdout","logger":"task"}
{"timestamp":"2025-09-26T16:34:24.921308Z","level":"info","event":"Reached target of 10 jobs. Stopping.","chan":"stdout","logger":"task"}
{"timestamp":"2025-09-26T16:34:24.925940","level":"error","event":"Task failed with exception","logger":"task","error_detail":[{"exc_type":"TypeError","exc_value":"cannot serialize object of type <class 'bytes'>","exc_notes":[],"syntax_error":null,"is_cause":false,"frames":[{"filename":"/home/morsi/venvs/airflow_3.0.6/lib/python3.12/site-packages/airflow/sdk/execution_time/task_runner.py","lineno":920,"name":"run"},{"filename":"/home/morsi/venvs/airflow_3.0.6/lib/python3.12/site-packages/airflow/sdk/execution_time/task_runner.py","lineno":1215,"name":"_execute_task"},{"filename":"/home/morsi/venvs/airflow_3.0.6/lib/python3.12/site-packages/airflow/sdk/bases/operator.py","lineno":397,"name":"wrapper"},{"filename":"/home/morsi/venvs/airflow_3.0.6/lib/python3.12/site-packages/airflow/providers/standard/operators/python.py","lineno":216,"name":"execute"},{"filename":"/home/morsi/venvs/airflow_3.0.6/lib/python3.12/site-packages/airflow/providers/standard/operators/python.py","lineno":239,"name":"execute_callable"},{"filename":"/home/morsi/venvs/airflow_3.0.6/lib/python3.12/site-packages/airflow/sdk/execution_time/callback_runner.py","lineno":81,"name":"run"},{"filename":"/home/morsi/airflow/dags/main_dag.py","lineno":19,"name":"scrape_task"},{"filename":"/home/morsi/venvs/airflow_3.0.6/lib/python3.12/site-packages/airflow/sdk/execution_time/task_runner.py","lineno":414,"name":"xcom_push"},{"filename":"/home/morsi/venvs/airflow_3.0.6/lib/python3.12/site-packages/airflow/sdk/execution_time/task_runner.py","lineno":561,"name":"_xcom_push"},{"filename":"/home/morsi/venvs/airflow_3.0.6/lib/python3.12/site-packages/airflow/sdk/bases/xcom.py","lineno":75,"name":"set"},{"filename":"/home/morsi/venvs/airflow_3.0.6/lib/python3.12/site-packages/airflow/sdk/bases/xcom.py","lineno":337,"name":"serialize_value"},{"filename":"/home/morsi/venvs/airflow_3.0.6/lib/python3.12/site-packages/airflow/serialization/serde.py","lineno":185,"name":"serialize"}],"is_group":false,"exceptions":[]}]}
{"timestamp":"2025-09-26T16:34:24.927985Z","level":"info","event":"Task instance in failure state","chan":"stdout","logger":"task"}
{"timestamp":"2025-09-26T16:34:24.928108Z","level":"info","event":"Task start","chan":"stdout","logger":"task"}
{"timestamp":"2025-09-26T16:34:24.928153Z","level":"info","event":"Task:<Task(PythonOperator): scrape_jobs>","chan":"stdout","logger":"task"}
{"timestamp":"2025-09-26T16:34:24.928189Z","level":"info","event":"Failure caused by cannot serialize object of type <class 'bytes'>","chan":"stdout","logger":"task"}
{"timestamp":"2025-09-26T16:34:24.930647","level":"error","event":"Top level error","logger":"task","error_detail":[{"exc_type":"UndefinedError","exc_value":"'airflow.sdk.execution_time.task_runner.RuntimeTaskInstance object' has no attribute 'mark_success_url'","exc_notes":[],"syntax_error":null,"is_cause":false,"frames":[{"filename":"/home/morsi/venvs/airflow_3.0.6/lib/python3.12/site-packages/airflow/sdk/execution_time/task_runner.py","lineno":1353,"name":"main"},{"filename":"/home/morsi/venvs/airflow_3.0.6/lib/python3.12/site-packages/airflow/sdk/execution_time/task_runner.py","lineno":1330,"name":"finalize"},{"filename":"/home/morsi/venvs/airflow_3.0.6/lib/python3.12/site-packages/airflow/sdk/execution_time/task_runner.py","lineno":1161,"name":"_send_task_error_email"},{"filename":"/home/morsi/venvs/airflow_3.0.6/lib/python3.12/site-packages/airflow/models/taskinstance.py","lineno":411,"name":"_get_email_subject_content"},{"filename":"/home/morsi/venvs/airflow_3.0.6/lib/python3.12/site-packages/airflow/models/taskinstance.py","lineno":408,"name":"render"},{"filename":"/home/morsi/venvs/airflow_3.0.6/lib/python3.12/site-packages/airflow/utils/helpers.py","lineno":244,"name":"render_template_to_string"},{"filename":"/home/morsi/venvs/airflow_3.0.6/lib/python3.12/site-packages/airflow/utils/helpers.py","lineno":239,"name":"render_template"},{"filename":"<template>","lineno":26,"name":"root"},{"filename":"/home/morsi/venvs/airflow_3.0.6/lib/python3.12/site-packages/jinja2/runtime.py","lineno":859,"name":"_fail_with_undefined_error"}],"is_group":false,"exceptions":[]}]}
{"timestamp":"2025-09-26T16:34:24.952848Z","level":"warning","event":"Process exited abnormally","exit_code":1,"logger":"task"}
