{"timestamp":"2025-10-14T07:49:35.514015","level":"info","event":"DAG bundles loaded: dags-folder, example_dags","logger":"airflow.dag_processing.bundles.manager.DagBundlesManager"}
{"timestamp":"2025-10-14T07:49:35.517776","level":"info","event":"Filling up the DagBag from /home/morsi/airflow/dags/main_dag.py","logger":"airflow.models.dagbag.DagBag"}
{"timestamp":"2025-10-14T07:49:43.036786Z","level":"info","event":"Task instance is in running state","chan":"stdout","logger":"task"}
{"timestamp":"2025-10-14T07:49:43.036989Z","level":"info","event":" Previous state of the Task instance: TaskInstanceState.QUEUED","chan":"stdout","logger":"task"}
{"timestamp":"2025-10-14T07:49:43.037192Z","level":"info","event":"Current task name:dbt_load","chan":"stdout","logger":"task"}
{"timestamp":"2025-10-14T07:49:43.037315Z","level":"info","event":"Dag name:linkedin_jobs_pipeline","chan":"stdout","logger":"task"}
{"timestamp":"2025-10-14T07:49:43.066005","level":"info","event":"Tmp dir root location: /tmp","logger":"airflow.task.hooks.airflow.providers.standard.hooks.subprocess.SubprocessHook"}
{"timestamp":"2025-10-14T07:49:43.066234","level":"info","event":"Running command: ['/usr/bin/bash', '-c', 'dbt run']","logger":"airflow.task.hooks.airflow.providers.standard.hooks.subprocess.SubprocessHook"}
{"timestamp":"2025-10-14T07:49:43.084993","level":"info","event":"Output:","logger":"airflow.task.hooks.airflow.providers.standard.hooks.subprocess.SubprocessHook"}
{"timestamp":"2025-10-14T07:49:48.021915","level":"info","event":"\u001b[0m07:49:48  Running with dbt=1.10.13","logger":"airflow.task.hooks.airflow.providers.standard.hooks.subprocess.SubprocessHook"}
{"timestamp":"2025-10-14T07:49:48.598343","level":"info","event":"\u001b[0m07:49:48  Registered adapter: duckdb=1.9.6","logger":"airflow.task.hooks.airflow.providers.standard.hooks.subprocess.SubprocessHook"}
{"timestamp":"2025-10-14T07:49:49.288108","level":"info","event":"\u001b[0m07:49:49  [\u001b[33mWARNING\u001b[0m]: Configuration paths exist in your dbt_project.yml file which do not apply to any resources.","logger":"airflow.task.hooks.airflow.providers.standard.hooks.subprocess.SubprocessHook"}
{"timestamp":"2025-10-14T07:49:49.288296","level":"info","event":"There are 2 unused configuration paths:","logger":"airflow.task.hooks.airflow.providers.standard.hooks.subprocess.SubprocessHook"}
{"timestamp":"2025-10-14T07:49:49.288454","level":"info","event":"- models.dbt_project.staging","logger":"airflow.task.hooks.airflow.providers.standard.hooks.subprocess.SubprocessHook"}
{"timestamp":"2025-10-14T07:49:49.288526","level":"info","event":"- models.dbt_project.star","logger":"airflow.task.hooks.airflow.providers.standard.hooks.subprocess.SubprocessHook"}
{"timestamp":"2025-10-14T07:49:49.582776","level":"info","event":"\u001b[0m07:49:49  Found 7 models, 21 data tests, 1 source, 431 macros","logger":"airflow.task.hooks.airflow.providers.standard.hooks.subprocess.SubprocessHook"}
{"timestamp":"2025-10-14T07:49:49.585543","level":"info","event":"\u001b[0m07:49:49","logger":"airflow.task.hooks.airflow.providers.standard.hooks.subprocess.SubprocessHook"}
{"timestamp":"2025-10-14T07:49:49.586036","level":"info","event":"\u001b[0m07:49:49  Concurrency: 1 threads (target='dev')","logger":"airflow.task.hooks.airflow.providers.standard.hooks.subprocess.SubprocessHook"}
{"timestamp":"2025-10-14T07:49:49.587255","level":"info","event":"\u001b[0m07:49:49","logger":"airflow.task.hooks.airflow.providers.standard.hooks.subprocess.SubprocessHook"}
{"timestamp":"2025-10-14T07:49:49.948572","level":"info","event":"\u001b[0m07:49:49  1 of 7 START sql view model main.stg_job_postings .............................. [RUN]","logger":"airflow.task.hooks.airflow.providers.standard.hooks.subprocess.SubprocessHook"}
{"timestamp":"2025-10-14T07:49:50.127473","level":"info","event":"\u001b[0m07:49:50  1 of 7 OK created sql view model main.stg_job_postings ......................... [\u001b[32mOK\u001b[0m in 0.17s]","logger":"airflow.task.hooks.airflow.providers.standard.hooks.subprocess.SubprocessHook"}
{"timestamp":"2025-10-14T07:49:50.130654","level":"info","event":"\u001b[0m07:49:50  2 of 7 START sql view model main.dim_company ................................... [RUN]","logger":"airflow.task.hooks.airflow.providers.standard.hooks.subprocess.SubprocessHook"}
{"timestamp":"2025-10-14T07:49:50.177236","level":"info","event":"\u001b[0m07:49:50  2 of 7 OK created sql view model main.dim_company .............................. [\u001b[32mOK\u001b[0m in 0.04s]","logger":"airflow.task.hooks.airflow.providers.standard.hooks.subprocess.SubprocessHook"}
{"timestamp":"2025-10-14T07:49:50.179128","level":"info","event":"\u001b[0m07:49:50  3 of 7 START sql view model main.dim_date ...................................... [RUN]","logger":"airflow.task.hooks.airflow.providers.standard.hooks.subprocess.SubprocessHook"}
{"timestamp":"2025-10-14T07:49:50.246798","level":"info","event":"\u001b[0m07:49:50  3 of 7 OK created sql view model main.dim_date ................................. [\u001b[32mOK\u001b[0m in 0.07s]","logger":"airflow.task.hooks.airflow.providers.standard.hooks.subprocess.SubprocessHook"}
{"timestamp":"2025-10-14T07:49:50.249258","level":"info","event":"\u001b[0m07:49:50  4 of 7 START sql view model main.dim_location .................................. [RUN]","logger":"airflow.task.hooks.airflow.providers.standard.hooks.subprocess.SubprocessHook"}
{"timestamp":"2025-10-14T07:49:50.325731","level":"info","event":"\u001b[0m07:49:50  4 of 7 OK created sql view model main.dim_location ............................. [\u001b[32mOK\u001b[0m in 0.07s]","logger":"airflow.task.hooks.airflow.providers.standard.hooks.subprocess.SubprocessHook"}
{"timestamp":"2025-10-14T07:49:50.328327","level":"info","event":"\u001b[0m07:49:50  5 of 7 START sql view model main.dim_skills .................................... [RUN]","logger":"airflow.task.hooks.airflow.providers.standard.hooks.subprocess.SubprocessHook"}
{"timestamp":"2025-10-14T07:49:50.427412","level":"info","event":"\u001b[0m07:49:50  5 of 7 OK created sql view model main.dim_skills ............................... [\u001b[32mOK\u001b[0m in 0.10s]","logger":"airflow.task.hooks.airflow.providers.standard.hooks.subprocess.SubprocessHook"}
{"timestamp":"2025-10-14T07:49:50.429041","level":"info","event":"\u001b[0m07:49:50  6 of 7 START sql view model main.fact_job_posting_skill ........................ [RUN]","logger":"airflow.task.hooks.airflow.providers.standard.hooks.subprocess.SubprocessHook"}
{"timestamp":"2025-10-14T07:49:50.593775","level":"info","event":"\u001b[0m07:49:50  6 of 7 OK created sql view model main.fact_job_posting_skill ................... [\u001b[32mOK\u001b[0m in 0.16s]","logger":"airflow.task.hooks.airflow.providers.standard.hooks.subprocess.SubprocessHook"}
{"timestamp":"2025-10-14T07:49:50.596193","level":"info","event":"\u001b[0m07:49:50  7 of 7 START sql view model main.fact_job_postings ............................. [RUN]","logger":"airflow.task.hooks.airflow.providers.standard.hooks.subprocess.SubprocessHook"}
{"timestamp":"2025-10-14T07:49:50.686182","level":"info","event":"\u001b[0m07:49:50  7 of 7 OK created sql view model main.fact_job_postings ........................ [\u001b[32mOK\u001b[0m in 0.09s]","logger":"airflow.task.hooks.airflow.providers.standard.hooks.subprocess.SubprocessHook"}
{"timestamp":"2025-10-14T07:49:50.694632","level":"info","event":"\u001b[0m07:49:50","logger":"airflow.task.hooks.airflow.providers.standard.hooks.subprocess.SubprocessHook"}
{"timestamp":"2025-10-14T07:49:50.694843","level":"info","event":"\u001b[0m07:49:50  Finished running 7 view models in 0 hours 0 minutes and 1.11 seconds (1.11s).","logger":"airflow.task.hooks.airflow.providers.standard.hooks.subprocess.SubprocessHook"}
{"timestamp":"2025-10-14T07:49:50.728231","level":"info","event":"\u001b[0m07:49:50","logger":"airflow.task.hooks.airflow.providers.standard.hooks.subprocess.SubprocessHook"}
{"timestamp":"2025-10-14T07:49:50.728383","level":"info","event":"\u001b[0m07:49:50  \u001b[32mCompleted successfully\u001b[0m","logger":"airflow.task.hooks.airflow.providers.standard.hooks.subprocess.SubprocessHook"}
{"timestamp":"2025-10-14T07:49:50.728719","level":"info","event":"\u001b[0m07:49:50","logger":"airflow.task.hooks.airflow.providers.standard.hooks.subprocess.SubprocessHook"}
{"timestamp":"2025-10-14T07:49:50.729052","level":"info","event":"\u001b[0m07:49:50  Done. PASS=7 WARN=0 ERROR=0 SKIP=0 NO-OP=0 TOTAL=7","logger":"airflow.task.hooks.airflow.providers.standard.hooks.subprocess.SubprocessHook"}
{"timestamp":"2025-10-14T07:49:52.477891","level":"info","event":"Command exited with return code 0","logger":"airflow.task.hooks.airflow.providers.standard.hooks.subprocess.SubprocessHook"}
{"timestamp":"2025-10-14T07:49:52.478795","level":"info","event":"Pushing xcom","ti":"RuntimeTaskInstance(id=UUID('0199e193-f062-7abb-9875-2ded771dab81'), task_id='dbt_load', dag_id='linkedin_jobs_pipeline', run_id='scheduled__2025-10-14T00:00:00+00:00', try_number=1, map_index=-1, hostname='LAPTOP-VOK6VQOD.localdomain', context_carrier=None, task=<Task(BashOperator): dbt_load>, bundle_instance=LocalDagBundle(name=dags-folder), max_tries=0, start_date=datetime.datetime(2025, 10, 14, 7, 49, 34, 968446, tzinfo=datetime.timezone.utc), end_date=None, state=<TaskInstanceState.RUNNING: 'running'>, is_mapped=False, rendered_map_index=None, log_url='http://localhost:8080/dags/linkedin_jobs_pipeline/runs/scheduled__2025-10-14T00%3A00%3A00%2B00%3A00/tasks/dbt_load?try_number=1')","logger":"task"}
{"timestamp":"2025-10-14T07:49:52.589291Z","level":"info","event":"Task instance in success state","chan":"stdout","logger":"task"}
{"timestamp":"2025-10-14T07:49:52.589507Z","level":"info","event":" Previous state of the Task instance: TaskInstanceState.RUNNING","chan":"stdout","logger":"task"}
{"timestamp":"2025-10-14T07:49:52.589897Z","level":"info","event":"Task operator:<Task(BashOperator): dbt_load>","chan":"stdout","logger":"task"}
