{"timestamp":"2025-10-17T07:42:37.906518","level":"info","event":"DAG bundles loaded: dags-folder, example_dags","logger":"airflow.dag_processing.bundles.manager.DagBundlesManager"}
{"timestamp":"2025-10-17T07:42:37.911046","level":"info","event":"Filling up the DagBag from /home/morsi/airflow/dags/main_dag.py","logger":"airflow.models.dagbag.DagBag"}
{"timestamp":"2025-10-17T07:42:42.803462Z","level":"info","event":"Task instance is in running state","chan":"stdout","logger":"task"}
{"timestamp":"2025-10-17T07:42:42.803736Z","level":"info","event":" Previous state of the Task instance: TaskInstanceState.QUEUED","chan":"stdout","logger":"task"}
{"timestamp":"2025-10-17T07:42:42.803978Z","level":"info","event":"Current task name:dbt_load","chan":"stdout","logger":"task"}
{"timestamp":"2025-10-17T07:42:42.804159Z","level":"info","event":"Dag name:linkedin_jobs_pipeline","chan":"stdout","logger":"task"}
{"timestamp":"2025-10-17T07:42:42.808402","level":"info","event":"Tmp dir root location: /tmp","logger":"airflow.task.hooks.airflow.providers.standard.hooks.subprocess.SubprocessHook"}
{"timestamp":"2025-10-17T07:42:42.808962","level":"info","event":"Running command: ['/usr/bin/bash', '-c', 'dbt run']","logger":"airflow.task.hooks.airflow.providers.standard.hooks.subprocess.SubprocessHook"}
{"timestamp":"2025-10-17T07:42:42.845967","level":"info","event":"Output:","logger":"airflow.task.hooks.airflow.providers.standard.hooks.subprocess.SubprocessHook"}
{"timestamp":"2025-10-17T07:42:46.577637","level":"info","event":"\u001b[0m07:42:46  Running with dbt=1.10.13","logger":"airflow.task.hooks.airflow.providers.standard.hooks.subprocess.SubprocessHook"}
{"timestamp":"2025-10-17T07:42:47.292682","level":"info","event":"\u001b[0m07:42:47  Registered adapter: duckdb=1.9.6","logger":"airflow.task.hooks.airflow.providers.standard.hooks.subprocess.SubprocessHook"}
{"timestamp":"2025-10-17T07:42:47.747692","level":"info","event":"\u001b[0m07:42:47  [\u001b[33mWARNING\u001b[0m]: Configuration paths exist in your dbt_project.yml file which do not apply to any resources.","logger":"airflow.task.hooks.airflow.providers.standard.hooks.subprocess.SubprocessHook"}
{"timestamp":"2025-10-17T07:42:47.748064","level":"info","event":"There are 2 unused configuration paths:","logger":"airflow.task.hooks.airflow.providers.standard.hooks.subprocess.SubprocessHook"}
{"timestamp":"2025-10-17T07:42:47.748149","level":"info","event":"- models.dbt_project.star","logger":"airflow.task.hooks.airflow.providers.standard.hooks.subprocess.SubprocessHook"}
{"timestamp":"2025-10-17T07:42:47.748202","level":"info","event":"- models.dbt_project.staging","logger":"airflow.task.hooks.airflow.providers.standard.hooks.subprocess.SubprocessHook"}
{"timestamp":"2025-10-17T07:42:47.968245","level":"info","event":"\u001b[0m07:42:47  Found 7 models, 21 data tests, 1 source, 431 macros","logger":"airflow.task.hooks.airflow.providers.standard.hooks.subprocess.SubprocessHook"}
{"timestamp":"2025-10-17T07:42:47.971196","level":"info","event":"\u001b[0m07:42:47","logger":"airflow.task.hooks.airflow.providers.standard.hooks.subprocess.SubprocessHook"}
{"timestamp":"2025-10-17T07:42:47.971581","level":"info","event":"\u001b[0m07:42:47  Concurrency: 1 threads (target='dev')","logger":"airflow.task.hooks.airflow.providers.standard.hooks.subprocess.SubprocessHook"}
{"timestamp":"2025-10-17T07:42:47.972155","level":"info","event":"\u001b[0m07:42:47","logger":"airflow.task.hooks.airflow.providers.standard.hooks.subprocess.SubprocessHook"}
{"timestamp":"2025-10-17T07:42:48.180490","level":"info","event":"\u001b[0m07:42:48  1 of 7 START sql view model main.stg_job_postings .............................. [RUN]","logger":"airflow.task.hooks.airflow.providers.standard.hooks.subprocess.SubprocessHook"}
{"timestamp":"2025-10-17T07:42:48.317799","level":"info","event":"\u001b[0m07:42:48  1 of 7 OK created sql view model main.stg_job_postings ......................... [\u001b[32mOK\u001b[0m in 0.13s]","logger":"airflow.task.hooks.airflow.providers.standard.hooks.subprocess.SubprocessHook"}
{"timestamp":"2025-10-17T07:42:48.321009","level":"info","event":"\u001b[0m07:42:48  2 of 7 START sql view model main.dim_company ................................... [RUN]","logger":"airflow.task.hooks.airflow.providers.standard.hooks.subprocess.SubprocessHook"}
{"timestamp":"2025-10-17T07:42:48.374120","level":"info","event":"\u001b[0m07:42:48  2 of 7 OK created sql view model main.dim_company .............................. [\u001b[32mOK\u001b[0m in 0.05s]","logger":"airflow.task.hooks.airflow.providers.standard.hooks.subprocess.SubprocessHook"}
{"timestamp":"2025-10-17T07:42:48.376536","level":"info","event":"\u001b[0m07:42:48  3 of 7 START sql view model main.dim_date ...................................... [RUN]","logger":"airflow.task.hooks.airflow.providers.standard.hooks.subprocess.SubprocessHook"}
{"timestamp":"2025-10-17T07:42:48.436389","level":"info","event":"\u001b[0m07:42:48  3 of 7 OK created sql view model main.dim_date ................................. [\u001b[32mOK\u001b[0m in 0.06s]","logger":"airflow.task.hooks.airflow.providers.standard.hooks.subprocess.SubprocessHook"}
{"timestamp":"2025-10-17T07:42:48.438767","level":"info","event":"\u001b[0m07:42:48  4 of 7 START sql view model main.dim_location .................................. [RUN]","logger":"airflow.task.hooks.airflow.providers.standard.hooks.subprocess.SubprocessHook"}
{"timestamp":"2025-10-17T07:42:48.500163","level":"info","event":"\u001b[0m07:42:48  4 of 7 OK created sql view model main.dim_location ............................. [\u001b[32mOK\u001b[0m in 0.06s]","logger":"airflow.task.hooks.airflow.providers.standard.hooks.subprocess.SubprocessHook"}
{"timestamp":"2025-10-17T07:42:48.502083","level":"info","event":"\u001b[0m07:42:48  5 of 7 START sql view model main.dim_skills .................................... [RUN]","logger":"airflow.task.hooks.airflow.providers.standard.hooks.subprocess.SubprocessHook"}
{"timestamp":"2025-10-17T07:42:48.564631","level":"info","event":"\u001b[0m07:42:48  5 of 7 OK created sql view model main.dim_skills ............................... [\u001b[32mOK\u001b[0m in 0.06s]","logger":"airflow.task.hooks.airflow.providers.standard.hooks.subprocess.SubprocessHook"}
{"timestamp":"2025-10-17T07:42:48.566303","level":"info","event":"\u001b[0m07:42:48  6 of 7 START sql view model main.fact_job_posting_skill ........................ [RUN]","logger":"airflow.task.hooks.airflow.providers.standard.hooks.subprocess.SubprocessHook"}
{"timestamp":"2025-10-17T07:42:48.707515","level":"info","event":"\u001b[0m07:42:48  6 of 7 OK created sql view model main.fact_job_posting_skill ................... [\u001b[32mOK\u001b[0m in 0.14s]","logger":"airflow.task.hooks.airflow.providers.standard.hooks.subprocess.SubprocessHook"}
{"timestamp":"2025-10-17T07:42:48.709121","level":"info","event":"\u001b[0m07:42:48  7 of 7 START sql view model main.fact_job_postings ............................. [RUN]","logger":"airflow.task.hooks.airflow.providers.standard.hooks.subprocess.SubprocessHook"}
{"timestamp":"2025-10-17T07:42:48.763095","level":"info","event":"\u001b[0m07:42:48  7 of 7 OK created sql view model main.fact_job_postings ........................ [\u001b[32mOK\u001b[0m in 0.05s]","logger":"airflow.task.hooks.airflow.providers.standard.hooks.subprocess.SubprocessHook"}
{"timestamp":"2025-10-17T07:42:48.771738","level":"info","event":"\u001b[0m07:42:48","logger":"airflow.task.hooks.airflow.providers.standard.hooks.subprocess.SubprocessHook"}
{"timestamp":"2025-10-17T07:42:48.772333","level":"info","event":"\u001b[0m07:42:48  Finished running 7 view models in 0 hours 0 minutes and 0.80 seconds (0.80s).","logger":"airflow.task.hooks.airflow.providers.standard.hooks.subprocess.SubprocessHook"}
{"timestamp":"2025-10-17T07:42:48.811025","level":"info","event":"\u001b[0m07:42:48","logger":"airflow.task.hooks.airflow.providers.standard.hooks.subprocess.SubprocessHook"}
{"timestamp":"2025-10-17T07:42:48.811425","level":"info","event":"\u001b[0m07:42:48  \u001b[32mCompleted successfully\u001b[0m","logger":"airflow.task.hooks.airflow.providers.standard.hooks.subprocess.SubprocessHook"}
{"timestamp":"2025-10-17T07:42:48.811715","level":"info","event":"\u001b[0m07:42:48","logger":"airflow.task.hooks.airflow.providers.standard.hooks.subprocess.SubprocessHook"}
{"timestamp":"2025-10-17T07:42:48.812151","level":"info","event":"\u001b[0m07:42:48  Done. PASS=7 WARN=0 ERROR=0 SKIP=0 NO-OP=0 TOTAL=7","logger":"airflow.task.hooks.airflow.providers.standard.hooks.subprocess.SubprocessHook"}
{"timestamp":"2025-10-17T07:42:50.076580","level":"info","event":"Command exited with return code 0","logger":"airflow.task.hooks.airflow.providers.standard.hooks.subprocess.SubprocessHook"}
{"timestamp":"2025-10-17T07:42:50.077415","level":"info","event":"Pushing xcom","ti":"RuntimeTaskInstance(id=UUID('0199f10b-8c75-79fd-b312-088315e313c6'), task_id='dbt_load', dag_id='linkedin_jobs_pipeline', run_id='scheduled__2025-10-17T00:00:00+00:00', try_number=1, map_index=-1, hostname='LAPTOP-VOK6VQOD.localdomain', context_carrier=None, task=<Task(BashOperator): dbt_load>, bundle_instance=LocalDagBundle(name=dags-folder), max_tries=0, start_date=datetime.datetime(2025, 10, 17, 7, 42, 37, 344388, tzinfo=datetime.timezone.utc), end_date=None, state=<TaskInstanceState.RUNNING: 'running'>, is_mapped=False, rendered_map_index=None, log_url='http://localhost:8080/dags/linkedin_jobs_pipeline/runs/scheduled__2025-10-17T00%3A00%3A00%2B00%3A00/tasks/dbt_load?try_number=1')","logger":"task"}
{"timestamp":"2025-10-17T07:42:50.383267Z","level":"info","event":"Task instance in success state","chan":"stdout","logger":"task"}
{"timestamp":"2025-10-17T07:42:50.383399Z","level":"info","event":" Previous state of the Task instance: TaskInstanceState.RUNNING","chan":"stdout","logger":"task"}
{"timestamp":"2025-10-17T07:42:50.383765Z","level":"info","event":"Task operator:<Task(BashOperator): dbt_load>","chan":"stdout","logger":"task"}
