{"timestamp":"2025-10-16T04:54:52.580338","level":"info","event":"DAG bundles loaded: dags-folder, example_dags","logger":"airflow.dag_processing.bundles.manager.DagBundlesManager"}
{"timestamp":"2025-10-16T04:54:52.582280","level":"info","event":"Filling up the DagBag from /home/morsi/airflow/dags/main_dag.py","logger":"airflow.models.dagbag.DagBag"}
{"timestamp":"2025-10-16T04:54:58.053747Z","level":"info","event":"Task instance is in running state","chan":"stdout","logger":"task"}
{"timestamp":"2025-10-16T04:54:58.053933Z","level":"info","event":" Previous state of the Task instance: TaskInstanceState.QUEUED","chan":"stdout","logger":"task"}
{"timestamp":"2025-10-16T04:54:58.054066Z","level":"info","event":"Current task name:scrape_jobs","chan":"stdout","logger":"task"}
{"timestamp":"2025-10-16T04:54:58.054129Z","level":"info","event":"Dag name:linkedin_jobs_pipeline","chan":"stdout","logger":"task"}
{"timestamp":"2025-10-16T04:54:58.056657Z","level":"info","event":"","chan":"stdout","logger":"task"}
{"timestamp":"2025-10-16T04:54:58.056791Z","level":"info","event":"Fetching page 1 (start=0)...","chan":"stdout","logger":"task"}
{"timestamp":"2025-10-16T04:55:01.102039Z","level":"info","event":"Found 10 items on page 1","chan":"stdout","logger":"task"}
{"timestamp":"2025-10-16T04:55:02.305090Z","level":"info","event":"Job 1: Cairo Cabin Crew Opportunities (Dubai Based, Relocation Provided) - Company: Emirates - Location: New Cairo, Cairo, Egypt - Type: Full-Time - Flexibility: On-Site","chan":"stdout","logger":"task"}
{"timestamp":"2025-10-16T04:55:08.596906Z","level":"info","event":"Job 2: Receptionist - Company: Al Ahly Momkn - Location: Cairo, Cairo, Egypt - Type: Full-Time - Flexibility: On-Site","chan":"stdout","logger":"task"}
{"timestamp":"2025-10-16T04:55:14.400007Z","level":"info","event":"Job 3: HR Coordinator - Company: Aujan Coca-Cola Beverages Company (ACCBC) - Location: Giza, Al Jizah, Egypt - Type: Contract - Flexibility: On-Site","chan":"stdout","logger":"task"}
{"timestamp":"2025-10-16T04:55:19.071007Z","level":"info","event":"Job 4: Area Sales Manager - Company: Juhayna Food Industries - Location: Sawhāj, Suhaj, Egypt - Type: Full-Time - Flexibility: None","chan":"stdout","logger":"task"}
{"timestamp":"2025-10-16T04:55:25.641827Z","level":"info","event":"Job 5: Accountant - Company: Wadi Degla Trading & Engineering Projects - Egypro - Location: Cairo, Egypt - Type: Full-Time - Flexibility: On-Site","chan":"stdout","logger":"task"}
{"timestamp":"2025-10-16T04:55:34.984055Z","level":"info","event":"Job 6: Fresh Graduate - Company: بنك التعمير والإسكان HD Bank - Location: Cairo, Egypt - Type: Full-Time - Flexibility: None","chan":"stdout","logger":"task"}
{"timestamp":"2025-10-16T04:55:38.311730Z","level":"info","event":"Job 7: Executive Assistant - Company: Emirates NBD - Location: Cairo, Egypt - Type: Full-Time - Flexibility: On-Site","chan":"stdout","logger":"task"}
{"timestamp":"2025-10-16T04:55:43.367848Z","level":"info","event":"Job 8: Sales Consultant - Company: Wadi Degla Developments - Location: Cairo, Egypt - Type: Full-Time - Flexibility: Remote","chan":"stdout","logger":"task"}
{"timestamp":"2025-10-16T04:55:46.511576Z","level":"info","event":"Job 9: Plant Maintenance Manager - Company: Aujan Coca-Cola Beverages Company (ACCBC) - Location: Giza, Al Jizah, Egypt - Type: Full-Time - Flexibility: On-Site","chan":"stdout","logger":"task"}
{"timestamp":"2025-10-16T04:55:49.458216Z","level":"info","event":"Job 10: Projects Manager - Company: Wadi Degla Clubs Company S.A.E. - Location: Cairo, Egypt - Type: Full-Time - Flexibility: On-Site","chan":"stdout","logger":"task"}
{"timestamp":"2025-10-16T04:55:59.026752Z","level":"info","event":"","chan":"stdout","logger":"task"}
{"timestamp":"2025-10-16T04:55:59.026974Z","level":"info","event":"Fetching page 2 (start=10)...","chan":"stdout","logger":"task"}
{"timestamp":"2025-10-16T04:55:59.560648Z","level":"info","event":"Found 10 items on page 2","chan":"stdout","logger":"task"}
{"timestamp":"2025-10-16T04:56:00.114287Z","level":"info","event":"Job 11: International Leadership Trainee - Company: Coca-Cola HBC - Location: Cairo, Egypt - Type: Full-Time - Flexibility: None","chan":"stdout","logger":"task"}
{"timestamp":"2025-10-16T04:56:03.190672Z","level":"info","event":"Job 12: Team Leader - Product Development - Company: Juhayna Food Industries - Location: 6th of October, Cairo, Egypt - Type: Full-Time - Flexibility: Hybrid","chan":"stdout","logger":"task"}
{"timestamp":"2025-10-16T04:56:12.349372Z","level":"info","event":"Job 13: Accountant - Company: Julphar - Location: Egypt - Type: Full-Time - Flexibility: Hybrid","chan":"stdout","logger":"task"}
{"timestamp":"2025-10-16T04:56:17.680667Z","level":"info","event":"Job 14: Department Assistant - Company: First Abu Dhabi Bank Misr (FABMISR) - Location: Cairo, Egypt - Type: Full-Time - Flexibility: Remote","chan":"stdout","logger":"task"}
{"timestamp":"2025-10-16T04:56:21.164841Z","level":"info","event":"Job 15: Sports Operations Officer - Sportswear & Facilities - Company: Wadi Degla Clubs Company S.A.E. - Location: Cairo, Egypt - Type: Full-Time - Flexibility: On-Site","chan":"stdout","logger":"task"}
{"timestamp":"2025-10-16T04:56:26.511789Z","level":"info","event":"Job 16: Team Leader - Accounts Receivable - Company: Juhayna Food Industries - Location: 6th of October, Cairo, Egypt - Type: Full-Time - Flexibility: Remote","chan":"stdout","logger":"task"}
{"timestamp":"2025-10-16T04:56:31.584149Z","level":"info","event":"Job 17: Accounts Payable Officer - Company: Emirates NBD - Location: Cairo, Egypt - Type: Full-Time - Flexibility: On-Site","chan":"stdout","logger":"task"}
{"timestamp":"2025-10-16T04:56:37.540243Z","level":"info","event":"Job 18: HR & Office Admin Specialist - Company: Julphar - Location: Egypt - Type: Full-Time - Flexibility: Remote","chan":"stdout","logger":"task"}
{"timestamp":"2025-10-16T04:56:45.038557Z","level":"info","event":"Job 19: Call Center Agent (outsource) - Company: Abu Dhabi Islamic Bank - Egypt - Location: Cairo, Egypt - Type: Full-Time - Flexibility: On-Site","chan":"stdout","logger":"task"}
{"timestamp":"2025-10-16T04:56:50.627951Z","level":"info","event":"Job 20: Electrical Technician - Company: Unilever - Location: 6th of October, Al Jizah, Egypt - Type: Full-Time - Flexibility: Hybrid","chan":"stdout","logger":"task"}
{"timestamp":"2025-10-16T04:56:56.764512Z","level":"info","event":"","chan":"stdout","logger":"task"}
{"timestamp":"2025-10-16T04:56:56.764748Z","level":"info","event":"Fetching page 3 (start=20)...","chan":"stdout","logger":"task"}
{"timestamp":"2025-10-16T04:56:57.269551Z","level":"info","event":"Found 10 items on page 3","chan":"stdout","logger":"task"}
{"timestamp":"2025-10-16T04:56:57.806359Z","level":"info","event":"Job 21: Service Documentation Administrator - Company: Al-Mansour Automotive - Location: New Cairo, Cairo, Egypt - Type: Full-Time - Flexibility: On-Site","chan":"stdout","logger":"task"}
{"timestamp":"2025-10-16T04:57:04.083605Z","level":"info","event":"Job 22: Interior Designer | IKEA | Cairo Festival City - Company: Al-Futtaim - Location: Cairo, Cairo, Egypt - Type: Full-Time - Flexibility: On-Site","chan":"stdout","logger":"task"}
{"timestamp":"2025-10-16T04:57:10.506560Z","level":"info","event":"Job 23: Project Manager - Company: Emirates NBD - Location: Cairo, Egypt - Type: Full-Time - Flexibility: On-Site","chan":"stdout","logger":"task"}
{"timestamp":"2025-10-16T04:57:19.787900Z","level":"info","event":"Job 24: Customer Service Associate - Company: Amazon - Location: Cairo, Cairo, Egypt - Type: Full-Time - Flexibility: On-Site","chan":"stdout","logger":"task"}
{"timestamp":"2025-10-16T04:57:26.608890Z","level":"info","event":"Job 25: وظيفة مسوق الكتروني - Company: إنجاز ميديا - EngazMedia - Location: Qesm 1st Nasser City, Cairo, Egypt - Type: Full-Time - Flexibility: None","chan":"stdout","logger":"task"}
{"timestamp":"2025-10-16T04:57:29.852817Z","level":"info","event":"Job 26: وظيفة مدير وسائط إجتماعية - Company: إنجاز ميديا - EngazMedia - Location: Qesm 1st Nasser City, Cairo, Egypt - Type: Full-Time - Flexibility: None","chan":"stdout","logger":"task"}
{"timestamp":"2025-10-16T04:57:35.606012Z","level":"info","event":"Job 27: Storekeeper - Company: Colas Rail Egypt كولاس ريل مصر - Location: Cairo, Cairo, Egypt - Type: Full-Time - Flexibility: None","chan":"stdout","logger":"task"}
{"timestamp":"2025-10-16T04:57:40.814613Z","level":"info","event":"Job 28: Receptionist - Company: Al-Mansour Automotive - Location: Cairo, Egypt - Type: Full-Time - Flexibility: On-Site","chan":"stdout","logger":"task"}
{"timestamp":"2025-10-16T04:57:46.696438Z","level":"info","event":"Job 29: Associate Operations Manager - Malls - Company: Talaat Moustafa Group - Location: New Cairo, Cairo, Egypt - Type: Full-Time - Flexibility: None","chan":"stdout","logger":"task"}
{"timestamp":"2025-10-16T04:57:55.694724Z","level":"info","event":"Job 30: Admin Assistant - Company: Marriott International - Location: Cairo, Cairo, Egypt - Type: Full-Time - Flexibility: Remote","chan":"stdout","logger":"task"}
{"timestamp":"2025-10-16T04:58:04.029895Z","level":"info","event":"","chan":"stdout","logger":"task"}
{"timestamp":"2025-10-16T04:58:04.030041Z","level":"info","event":"Fetching page 4 (start=30)...","chan":"stdout","logger":"task"}
{"timestamp":"2025-10-16T04:58:04.963420Z","level":"info","event":"Found 10 items on page 4","chan":"stdout","logger":"task"}
{"timestamp":"2025-10-16T04:58:05.493576Z","level":"info","event":"Job 31: Financial and Investment Analyst - Company: Wadi Degla Clubs Company S.A.E. - Location: Cairo, Egypt - Type: Full-Time - Flexibility: None","chan":"stdout","logger":"task"}
{"timestamp":"2025-10-16T04:58:11.804121Z","level":"info","event":"Job 32: Striker - Alexandria - Company: Red Bull - Location: Alexandria, Alexandria, Egypt - Type: Full-Time - Flexibility: On-Site","chan":"stdout","logger":"task"}
{"timestamp":"2025-10-16T04:58:16.434932Z","level":"info","event":"Job 33: Guest Service Agent (Telephone Operator) - Egyptians Only - Company: Kempinski Hotels - Location: Cairo, Cairo, Egypt - Type: Full-Time - Flexibility: Remote","chan":"stdout","logger":"task"}
{"timestamp":"2025-10-16T04:58:23.188232Z","level":"info","event":"Job 34: Private Advisor - Company: Banque Misr - Location: Cairo, Egypt - Type: Full-Time - Flexibility: On-Site","chan":"stdout","logger":"task"}
{"timestamp":"2025-10-16T04:58:31.273970Z","level":"info","event":"Job 35: Data Scientist - Company: Banque Misr - Location: Cairo, Cairo, Egypt - Type: Full-Time - Flexibility: Hybrid","chan":"stdout","logger":"task"}
{"timestamp":"2025-10-16T04:58:36.757664Z","level":"info","event":"Job 36: Private Banking Advisor - Company: Abu Dhabi Islamic Bank - Egypt - Location: Cairo, Egypt - Type: Full-Time - Flexibility: On-Site","chan":"stdout","logger":"task"}
{"timestamp":"2025-10-16T04:58:40.215491Z","level":"info","event":"Job 37: Sales Supervisor - Sharkia - Company: Aujan Coca-Cola Beverages Company (ACCBC) - Location: Sharkia, Egypt - Type: Full-Time - Flexibility: None","chan":"stdout","logger":"task"}
{"timestamp":"2025-10-16T04:58:45.046229Z","level":"info","event":"Job 38: Customer Service Agent [Arabic] - Company: Talent 360 ME - Location: Cairo, Cairo, Egypt - Type: Full-Time - Flexibility: Remote","chan":"stdout","logger":"task"}
{"timestamp":"2025-10-16T04:58:47.877926Z","level":"info","event":"Job 39: Document Controller 2 - Company: Colas Rail Egypt كولاس ريل مصر - Location: Qesm Heliopolis, Cairo, Egypt - Type: Full-Time - Flexibility: On-Site","chan":"stdout","logger":"task"}
{"timestamp":"2025-10-16T04:58:53.702216Z","level":"info","event":"Job 40: Accounts Receivable Accountant - Cairo - Company: Imdad - Location: Cairo, Cairo, Egypt - Type: Full-Time - Flexibility: On-Site","chan":"stdout","logger":"task"}
{"timestamp":"2025-10-16T04:59:00.633098Z","level":"info","event":"","chan":"stdout","logger":"task"}
{"timestamp":"2025-10-16T04:59:00.633238Z","level":"info","event":"Fetching page 5 (start=40)...","chan":"stdout","logger":"task"}
{"timestamp":"2025-10-16T04:59:04.121685Z","level":"info","event":"Found 10 items on page 5","chan":"stdout","logger":"task"}
{"timestamp":"2025-10-16T04:59:04.858850Z","level":"info","event":"Job 41: وظيفة مندوب مبيعات - Company: إنجاز ميديا - EngazMedia - Location: Qesm 1st Nasser City, Cairo, Egypt - Type: Full-Time - Flexibility: On-Site","chan":"stdout","logger":"task"}
{"timestamp":"2025-10-16T04:59:08.276065Z","level":"info","event":"Job 42: Retail Payroll Operations Officer - Company: Banque du Caire - Location: Cairo, Egypt - Type: Full-Time - Flexibility: On-Site","chan":"stdout","logger":"task"}
{"timestamp":"2025-10-16T04:59:11.949390Z","level":"info","event":"Job 43: Corporate Service Officer/ Senior Officer - Company: Abu Dhabi Islamic Bank - Egypt - Location: Cairo, Egypt - Type: Full-Time - Flexibility: On-Site","chan":"stdout","logger":"task"}
{"timestamp":"2025-10-16T04:59:14.729588Z","level":"info","event":"Job 44: Chairman & CEO Office Manager - Company: Misr Technology Services - Location: Heliopolis, Cairo, Egypt - Type: Full-Time - Flexibility: On-Site","chan":"stdout","logger":"task"}
{"timestamp":"2025-10-16T04:59:19.583762Z","level":"info","event":"Job 45: Cashier - Company: Sharaf DG Egypt - Location: Cairo, Egypt - Type: Full-Time - Flexibility: On-Site","chan":"stdout","logger":"task"}
{"timestamp":"2025-10-16T04:59:25.922691Z","level":"info","event":"Job 46: Document Controller 1 - Company: Colas Rail Egypt كولاس ريل مصر - Location: Qesm Heliopolis, Cairo, Egypt - Type: Full-Time - Flexibility: On-Site","chan":"stdout","logger":"task"}
{"timestamp":"2025-10-16T04:59:31.846483Z","level":"info","event":"Job 47: Front Desk Receptionist - Sales Office - Company: Talaat Moustafa Group - Location: New Cairo, Cairo, Egypt - Type: Full-Time - Flexibility: On-Site","chan":"stdout","logger":"task"}
{"timestamp":"2025-10-16T04:59:38.879394Z","level":"info","event":"Job 48: Facility Management Supervisor - Company: Al-Mansour Automotive - Location: Cairo, Cairo, Egypt - Type: Full-Time - Flexibility: On-Site","chan":"stdout","logger":"task"}
{"timestamp":"2025-10-16T04:59:41.986379Z","level":"info","event":"Job 49: DRAFTSMAN - Company: ELSEWEDY ELECTRIC - Location: Cairo, Cairo, Egypt - Type: Full-Time - Flexibility: On-Site","chan":"stdout","logger":"task"}
{"timestamp":"2025-10-16T04:59:47.266410Z","level":"info","event":"Job 50: Teller - Company: Emirates NBD - Location: Cairo, Egypt - Type: Full-Time - Flexibility: On-Site","chan":"stdout","logger":"task"}
{"timestamp":"2025-10-16T04:59:52.193986Z","level":"info","event":"","chan":"stdout","logger":"task"}
{"timestamp":"2025-10-16T04:59:52.194217Z","level":"info","event":"Fetching page 6 (start=50)...","chan":"stdout","logger":"task"}
{"timestamp":"2025-10-16T04:59:52.723793Z","level":"info","event":"Found 10 items on page 6","chan":"stdout","logger":"task"}
{"timestamp":"2025-10-16T04:59:53.379708Z","level":"info","event":"Job 51: Data Operation & Support Specialist/ Analyst/ Senior Analyst - Company: Banque Misr - Location: Cairo, Cairo, Egypt - Type: Full-Time - Flexibility: None","chan":"stdout","logger":"task"}
{"timestamp":"2025-10-16T04:59:59.685280Z","level":"info","event":"Job 52: VIP Relationship Manager - Company: Banque Misr - Location: Cairo, Egypt - Type: Full-Time - Flexibility: On-Site","chan":"stdout","logger":"task"}
{"timestamp":"2025-10-16T05:00:03.221587Z","level":"info","event":"Job 53: Relationship Manager - Corporate & Institutional Banking - Company: Emirates NBD - Location: Cairo, Egypt - Type: Full-Time - Flexibility: None","chan":"stdout","logger":"task"}
{"timestamp":"2025-10-16T05:00:05.731814Z","level":"info","event":"Job 54: Storekeeper - Company: Colas Rail Egypt كولاس ريل مصر - Location: South Sinai, Egypt - Type: Full-Time - Flexibility: None","chan":"stdout","logger":"task"}
{"timestamp":"2025-10-16T05:00:10.201914Z","level":"info","event":"Job 55: Receptionist & Travel Coordinator - Company: Colas Rail Egypt كولاس ريل مصر - Location: Cairo, Cairo, Egypt - Type: Full-Time - Flexibility: On-Site","chan":"stdout","logger":"task"}
{"timestamp":"2025-10-16T05:00:15.959143Z","level":"info","event":"Job 56: Development Engineer - Company: Wadi Degla Developments - Location: Cairo, Cairo, Egypt - Type: Full-Time - Flexibility: On-Site","chan":"stdout","logger":"task"}
{"timestamp":"2025-10-16T05:00:18.848650Z","level":"info","event":"Job 57: Administrative Executive - Company: Toyota Egypt Group - Location: Cairo, Egypt - Type: Full-Time - Flexibility: On-Site","chan":"stdout","logger":"task"}
{"timestamp":"2025-10-16T05:00:23.099493Z","level":"info","event":"Job 58: Data Science Specialist - Company: Banque Misr - Location: Cairo, Cairo, Egypt - Type: Full-Time - Flexibility: Hybrid","chan":"stdout","logger":"task"}
{"timestamp":"2025-10-16T05:00:28.105492Z","level":"info","event":"Job 59: محاسب - Company: AlRyada University - Location: Egypt - Type: Full-Time - Flexibility: On-Site","chan":"stdout","logger":"task"}
{"timestamp":"2025-10-16T05:00:31.842482Z","level":"info","event":"Job 60: Site Civil Engineer - Company: ELSEWEDY ELECTRIC - Location: North Sinai, Egypt - Type: Full-Time - Flexibility: On-Site","chan":"stdout","logger":"task"}
{"timestamp":"2025-10-16T05:00:41.287994Z","level":"info","event":"","chan":"stdout","logger":"task"}
{"timestamp":"2025-10-16T05:00:41.288315Z","level":"info","event":"Fetching page 7 (start=60)...","chan":"stdout","logger":"task"}
{"timestamp":"2025-10-16T05:00:41.805588Z","level":"info","event":"Found 10 items on page 7","chan":"stdout","logger":"task"}
{"timestamp":"2025-10-16T05:00:42.221248Z","level":"info","event":"Job 61: CONSERJE (BANI) - Company: Banco Popular Dominicano - Location: Bani Mazar, Al Minya, Egypt - Type: Full-Time - Flexibility: None","chan":"stdout","logger":"task"}
{"timestamp":"2025-10-16T05:00:45.470912Z","level":"info","event":"Job 62: Data Analyst - Supply Chain - Company: Homzmart - Location: Cairo, Cairo, Egypt - Type: Full-Time - Flexibility: None","chan":"stdout","logger":"task"}
{"timestamp":"2025-10-16T05:00:53.165517Z","level":"info","event":"Job 63: Customer Service Officer - VOX Cinemas - Company: Majid Al Futtaim - Location: Cairo, Egypt - Type: Full-Time - Flexibility: Remote","chan":"stdout","logger":"task"}
{"timestamp":"2025-10-16T05:00:58.472922Z","level":"info","event":"Job 64: Contract Administrator - Company: Arabian Construction Co. - Location: New Cairo, Cairo, Egypt - Type: Full-Time - Flexibility: On-Site","chan":"stdout","logger":"task"}
{"timestamp":"2025-10-16T05:01:03.501431Z","level":"info","event":"Job 65: Accountant - Company: Arabian Construction Co. - Location: Cairo, Egypt - Type: Full-Time - Flexibility: On-Site","chan":"stdout","logger":"task"}
{"timestamp":"2025-10-16T05:01:08.675139Z","level":"info","event":"Job 66: وظيفة مدير حسابات العملاء - Company: إنجاز ميديا - EngazMedia - Location: Qesm 1st Nasser City, Cairo, Egypt - Type: Full-Time - Flexibility: On-Site","chan":"stdout","logger":"task"}
{"timestamp":"2025-10-16T05:01:13.993165Z","level":"info","event":"Job 67: مساعد مدرس - Company: Abwaab - Location: Cairo, Cairo, Egypt - Type: Full-Time - Flexibility: On-Site","chan":"stdout","logger":"task"}
{"timestamp":"2025-10-16T05:01:18.972760Z","level":"info","event":"Job 68: Executive Assistant - HR & Finance - Company: The HEINEKEN Company - Location: Cairo, Cairo, Egypt - Type: Full-Time - Flexibility: On-Site","chan":"stdout","logger":"task"}
{"timestamp":"2025-10-16T05:01:25.899670Z","level":"info","event":"Job 69: Site Engineer - Company: Nawy - Location: Qesm El Maadi, Cairo, Egypt - Type: Full-Time - Flexibility: On-Site","chan":"stdout","logger":"task"}
{"timestamp":"2025-10-16T05:01:32.208057Z","level":"info","event":"Job 70: Admin Assistant - Company: Marriott International - Location: Cairo, Cairo, Egypt - Type: Full-Time - Flexibility: Remote","chan":"stdout","logger":"task"}
{"timestamp":"2025-10-16T05:01:39.548323Z","level":"info","event":"","chan":"stdout","logger":"task"}
{"timestamp":"2025-10-16T05:01:39.548728Z","level":"info","event":"Fetching page 8 (start=70)...","chan":"stdout","logger":"task"}
{"timestamp":"2025-10-16T05:01:40.078731Z","level":"info","event":"Found 10 items on page 8","chan":"stdout","logger":"task"}
{"timestamp":"2025-10-16T05:01:40.730539Z","level":"info","event":"Job 71: Call Center Representative - Company: Emirates NBD - Location: Cairo, Egypt - Type: Full-Time - Flexibility: None","chan":"stdout","logger":"task"}
{"timestamp":"2025-10-16T05:01:43.740329Z","level":"info","event":"Job 72: Trade Officer – Business Banking - Company: Emirates NBD - Location: Cairo, Egypt - Type: Full-Time - Flexibility: On-Site","chan":"stdout","logger":"task"}
{"timestamp":"2025-10-16T05:01:48.412645Z","level":"info","event":"Job 73: AutoCAD Designer - Company: Dkhoon Emirates - Location: Cairo, Cairo, Egypt - Type: Full-Time - Flexibility: On-Site","chan":"stdout","logger":"task"}
{"timestamp":"2025-10-16T05:01:55.161953Z","level":"info","event":"Job 74: Medical Representative - Company: Julphar - Location: Egypt - Type: Full-Time - Flexibility: On-Site","chan":"stdout","logger":"task"}
{"timestamp":"2025-10-16T05:02:03.832891Z","level":"info","event":"Job 75: Admin Assistant - Company: Marriott International - Location: Cairo, Cairo, Egypt - Type: Full-Time - Flexibility: Remote","chan":"stdout","logger":"task"}
{"timestamp":"2025-10-16T05:02:08.879565Z","level":"info","event":"Job 76: Administration Supervisor - Company: Toyota Egypt Group - Location: Cairo, Egypt - Type: Full-Time - Flexibility: On-Site","chan":"stdout","logger":"task"}
{"timestamp":"2025-10-16T05:02:13.106028Z","level":"info","event":"Job 77: Fleet Supervisor - Company: Orascom Investment Holding - Location: Al Jizah, Egypt - Type: Full-Time - Flexibility: None","chan":"stdout","logger":"task"}
{"timestamp":"2025-10-16T05:02:18.593547Z","level":"info","event":"Job 78: Sales Admin - Company: Nawy - Location: Cairo, Cairo, Egypt - Type: Full-Time - Flexibility: On-Site","chan":"stdout","logger":"task"}
{"timestamp":"2025-10-16T05:02:22.437122Z","level":"info","event":"Job 79: Diversified Industries Documentation Monitoring Risk Officer - Company: Banque Misr - Location: Cairo, Egypt - Type: Full-Time - Flexibility: On-Site","chan":"stdout","logger":"task"}
{"timestamp":"2025-10-16T05:02:27.559085Z","level":"info","event":"Job 80: Medical Representative - Company: Julphar - Location: Egypt - Type: Full-Time - Flexibility: On-Site","chan":"stdout","logger":"task"}
{"timestamp":"2025-10-16T05:02:39.102070Z","level":"info","event":"","chan":"stdout","logger":"task"}
{"timestamp":"2025-10-16T05:02:39.102431Z","level":"info","event":"Fetching page 9 (start=80)...","chan":"stdout","logger":"task"}
{"timestamp":"2025-10-16T05:02:39.720820Z","level":"info","event":"Found 10 items on page 9","chan":"stdout","logger":"task"}
{"timestamp":"2025-10-16T05:02:40.528327Z","level":"info","event":"Job 81: Cabin Crew Examiner - Company: Air Arabia - Location: Cairo, Cairo, Egypt - Type: Full-Time - Flexibility: Remote","chan":"stdout","logger":"task"}
{"timestamp":"2025-10-16T05:02:45.396773Z","level":"info","event":"Job 82: Assistant Sales manager - Company: Mövenpick Hotels & Resorts - Location: Hurghada, Al Bahr al Ahmar, Egypt - Type: Full-Time - Flexibility: On-Site","chan":"stdout","logger":"task"}
{"timestamp":"2025-10-16T05:02:52.474928Z","level":"info","event":"Job 83: Medical Representative - Company: Julphar - Location: Egypt - Type: Full-Time - Flexibility: On-Site","chan":"stdout","logger":"task"}
{"timestamp":"2025-10-16T05:02:57.310161Z","level":"info","event":"Job 84: Medical Representative - Company: Julphar - Location: Egypt - Type: Full-Time - Flexibility: On-Site","chan":"stdout","logger":"task"}
{"timestamp":"2025-10-16T05:03:01.105502Z","level":"info","event":"Job 85: Medical Representative - Company: Julphar - Location: Egypt - Type: Full-Time - Flexibility: On-Site","chan":"stdout","logger":"task"}
{"timestamp":"2025-10-16T05:03:09.872004Z","level":"info","event":"Job 86: Executive Assistant - Company: PepsiCo - Location: New Cairo, Cairo, Egypt - Type: Full-Time - Flexibility: On-Site","chan":"stdout","logger":"task"}
{"timestamp":"2025-10-16T05:03:16.423214Z","level":"info","event":"Job 87: Product Owner - Company: Banque Misr - Location: Cairo, Cairo, Egypt - Type: Full-Time - Flexibility: Hybrid","chan":"stdout","logger":"task"}
{"timestamp":"2025-10-16T05:03:22.808155Z","level":"info","event":"Job 88: Logistics Specialist - Company: Nawy - Location: Qesm El Maadi, Cairo, Egypt - Type: Full-Time - Flexibility: On-Site","chan":"stdout","logger":"task"}
{"timestamp":"2025-10-16T05:03:29.071776Z","level":"info","event":"Job 89: Teller Vacancies - New Cairo, Heliopolis and Nasr City - Company: QNB Egypt - Location: Cairo, Egypt - Type: Full-Time - Flexibility: On-Site","chan":"stdout","logger":"task"}
{"timestamp":"2025-10-16T05:03:34.824461Z","level":"info","event":"Job 90: Medical Representative - Company: Julphar - Location: Egypt - Type: Full-Time - Flexibility: On-Site","chan":"stdout","logger":"task"}
{"timestamp":"2025-10-16T05:03:47.095536Z","level":"info","event":"","chan":"stdout","logger":"task"}
{"timestamp":"2025-10-16T05:03:47.096095Z","level":"info","event":"Fetching page 10 (start=90)...","chan":"stdout","logger":"task"}
{"timestamp":"2025-10-16T05:03:47.899027Z","level":"info","event":"Found 10 items on page 10","chan":"stdout","logger":"task"}
{"timestamp":"2025-10-16T05:03:50.578323Z","level":"info","event":"Job 91: Admin Assistant - Company: Marriott International - Location: Cairo, Cairo, Egypt - Type: Full-Time - Flexibility: Remote","chan":"stdout","logger":"task"}
{"timestamp":"2025-10-16T05:03:56.243354Z","level":"info","event":"Job 92: Collection Officer - Company: Halan - حالا - Location: Giza, Al Jizah, Egypt - Type: Full-Time - Flexibility: Remote","chan":"stdout","logger":"task"}
{"timestamp":"2025-10-16T05:04:01.201824Z","level":"info","event":"Job 93: Supply Chain Junior Officer - Company: Alkhorayef Petroleum Company - Location: Cairo, Egypt - Type: Full-Time - Flexibility: On-Site","chan":"stdout","logger":"task"}
{"timestamp":"2025-10-16T05:04:05.786032Z","level":"info","event":"Job 94: Bookkeeper (Remote) - Company: Core Code io - Location: Cairo, Cairo, Egypt - Type: Full-Time - Flexibility: Remote","chan":"stdout","logger":"task"}
{"timestamp":"2025-10-16T05:04:10.513390Z","level":"info","event":"Job 95: Site Civil Engineer - Company: ELSEWEDY ELECTRIC - Location: Ain Sokhna, As Suways, Egypt - Type: Full-Time - Flexibility: On-Site","chan":"stdout","logger":"task"}
{"timestamp":"2025-10-16T05:04:13.482077Z","level":"info","event":"Job 96: Product Manager - Company: Halan - حالا - Location: Giza, Al Jizah, Egypt - Type: Full-Time - Flexibility: None","chan":"stdout","logger":"task"}
{"timestamp":"2025-10-16T05:04:22.743987Z","level":"info","event":"Job 97: Accounts Payable Senior Accountant - Company: Al-Mansour Automotive - Location: Giza, Al Jizah, Egypt - Type: Full-Time - Flexibility: Remote","chan":"stdout","logger":"task"}
{"timestamp":"2025-10-16T05:04:28.301859Z","level":"info","event":"Job 98: Social Media Moderator - Sheikh Zayed - Company: Talent 360 ME - Location: Qesm El Sheikh Zaid, Al Jizah, Egypt - Type: Full-Time - Flexibility: Remote","chan":"stdout","logger":"task"}
{"timestamp":"2025-10-16T05:04:32.712206Z","level":"info","event":"Job 99: Assistant People & Culture Manager - Company: Mövenpick Hotels & Resorts - Location: Egypt - Type: Full-Time - Flexibility: On-Site","chan":"stdout","logger":"task"}
{"timestamp":"2025-10-16T05:04:37.583282Z","level":"info","event":"Job 100: Customer Service Coordinator (Mall of Egypt) - Company: Majid Al Futtaim - Location: 6th of October, Al Jizah, Egypt - Type: Full-Time - Flexibility: On-Site","chan":"stdout","logger":"task"}
{"timestamp":"2025-10-16T05:04:46.811093Z","level":"info","event":"","chan":"stdout","logger":"task"}
{"timestamp":"2025-10-16T05:04:46.811513Z","level":"info","event":"Fetching page 11 (start=100)...","chan":"stdout","logger":"task"}
{"timestamp":"2025-10-16T05:04:47.349954Z","level":"info","event":"Found 10 items on page 11","chan":"stdout","logger":"task"}
{"timestamp":"2025-10-16T05:04:49.543958Z","level":"info","event":"Job 101: Retail Sales Executive - Company: Al-Mansour Automotive - Location: Cairo, Egypt - Type: Full-Time - Flexibility: Remote","chan":"stdout","logger":"task"}
{"timestamp":"2025-10-16T05:04:56.920522Z","level":"info","event":"Job 102: Admin Assistant - Company: Marriott International - Location: Cairo, Cairo, Egypt - Type: Full-Time - Flexibility: Remote","chan":"stdout","logger":"task"}
{"timestamp":"2025-10-16T05:05:01.482391Z","level":"info","event":"Job 103: Customer Service Executive - Egypt , Remote - Company: The Luxury Closet - Location: Cairo, Cairo, Egypt - Type: Full-Time - Flexibility: Remote","chan":"stdout","logger":"task"}
{"timestamp":"2025-10-16T05:05:07.906315Z","level":"info","event":"Job 104: Medical Representative - Company: Julphar - Location: Egypt - Type: Full-Time - Flexibility: On-Site","chan":"stdout","logger":"task"}
{"timestamp":"2025-10-16T05:05:12.293581Z","level":"info","event":"Job 105: Executive Assistant - Company: PwC Middle East - Location: Cairo, Cairo, Egypt - Type: Full-Time - Flexibility: On-Site","chan":"stdout","logger":"task"}
{"timestamp":"2025-10-16T05:05:17.446473Z","level":"info","event":"Job 106: Venue Services Supervisor - Company: Orascom Investment Holding - Location: Al Jizah, Egypt - Type: Full-Time - Flexibility: None","chan":"stdout","logger":"task"}
{"timestamp":"2025-10-16T05:05:20.539323Z","level":"info","event":"Job 107: Electronics (Maintenance) Technician (Onsite - Malta) - Company: Magro Brothers - Location: Egypt - Type: Full-Time - Flexibility: Remote","chan":"stdout","logger":"task"}
{"timestamp":"2025-10-16T05:05:23.467669Z","level":"info","event":"Job 108: Medical Representative - Company: Julphar - Location: Egypt - Type: Full-Time - Flexibility: On-Site","chan":"stdout","logger":"task"}
{"timestamp":"2025-10-16T05:05:31.636132Z","level":"info","event":"Job 109: Admin Assistant - Company: ElSewedy Engineering Industries SEI - Location: Giza, Al Jizah, Egypt - Type: Full-Time - Flexibility: On-Site","chan":"stdout","logger":"task"}
{"timestamp":"2025-10-16T05:05:37.726847Z","level":"info","event":"Job 110: Electrical Engineer - Company: ElSewedy Engineering Industries SEI - Location: Giza, Al Jizah, Egypt - Type: Full-Time - Flexibility: On-Site","chan":"stdout","logger":"task"}
{"timestamp":"2025-10-16T05:05:43.094312Z","level":"info","event":"","chan":"stdout","logger":"task"}
{"timestamp":"2025-10-16T05:05:43.094579Z","level":"info","event":"Fetching page 12 (start=110)...","chan":"stdout","logger":"task"}
{"timestamp":"2025-10-16T05:05:43.663882Z","level":"info","event":"Found 10 items on page 12","chan":"stdout","logger":"task"}
{"timestamp":"2025-10-16T05:05:44.588537Z","level":"info","event":"Job 111: Messenger - Company: Nawy - Location: Cairo, Cairo, Egypt - Type: Full-Time - Flexibility: On-Site","chan":"stdout","logger":"task"}
{"timestamp":"2025-10-16T05:05:50.219378Z","level":"info","event":"Job 112: Document Controller - Company: Pure Life Filters Company - Location: Egypt - Type: Full-Time - Flexibility: On-Site","chan":"stdout","logger":"task"}
{"timestamp":"2025-10-16T05:05:53.173392Z","level":"info","event":"Job 113: AutoCad Operator (Cairo) - Company: Talent 360 ME - Location: 6th of October, Al Jizah, Egypt - Type: Full-Time - Flexibility: On-Site","chan":"stdout","logger":"task"}
{"timestamp":"2025-10-16T05:05:56.822462Z","level":"info","event":"Job 114: Junior Document Controller ( Nasr City) - Company: Talent 360 ME - Location: Nasr City, Cairo, Egypt - Type: Full-Time - Flexibility: On-Site","chan":"stdout","logger":"task"}
{"timestamp":"2025-10-16T05:06:01.186386Z","level":"info","event":"Job 115: Service Advisor - Company: Al-Mansour Automotive - Location: Cairo, Egypt - Type: Full-Time - Flexibility: On-Site","chan":"stdout","logger":"task"}
{"timestamp":"2025-10-16T05:06:07.265099Z","level":"info","event":"Job 116: Medical Representative - Company: Julphar - Location: Egypt - Type: Full-Time - Flexibility: On-Site","chan":"stdout","logger":"task"}
{"timestamp":"2025-10-16T05:06:13.452791Z","level":"info","event":"Job 117: Junior Data Engineer - Company: Halan - حالا - Location: Cairo, Cairo, Egypt - Type: Full-Time - Flexibility: Remote","chan":"stdout","logger":"task"}
{"timestamp":"2025-10-16T05:06:17.812655Z","level":"info","event":"Job 118: Data Business Analysis Specialist/ Analyst/ Senior Analyst - Company: Banque Misr - Location: Cairo, Cairo, Egypt - Type: Full-Time - Flexibility: Remote","chan":"stdout","logger":"task"}
{"timestamp":"2025-10-16T05:06:25.037428Z","level":"info","event":"Job 119: Supply Chain Specialist - Company: SARAYA MIDDLE EAST - Location: New Cairo, Cairo, Egypt - Type: Full-Time - Flexibility: On-Site","chan":"stdout","logger":"task"}
{"timestamp":"2025-10-16T05:06:28.694839Z","level":"info","event":"Job 120: Admin Assistant - Company: Marriott International - Location: Cairo, Cairo, Egypt - Type: Full-Time - Flexibility: Remote","chan":"stdout","logger":"task"}
{"timestamp":"2025-10-16T05:06:36.590226Z","level":"info","event":"","chan":"stdout","logger":"task"}
{"timestamp":"2025-10-16T05:06:36.590395Z","level":"info","event":"Fetching page 13 (start=120)...","chan":"stdout","logger":"task"}
{"timestamp":"2025-10-16T05:06:37.120069Z","level":"info","event":"Found 10 items on page 13","chan":"stdout","logger":"task"}
{"timestamp":"2025-10-16T05:06:37.773116Z","level":"info","event":"Job 121: Admin Assistant - Company: Marriott International - Location: Cairo, Cairo, Egypt - Type: Full-Time - Flexibility: Remote","chan":"stdout","logger":"task"}
{"timestamp":"2025-10-16T05:06:47.064596Z","level":"info","event":"Job 122: Junior Software Engineer - Company: Halan - حالا - Location: Cairo, Cairo, Egypt - Type: Full-Time - Flexibility: Remote","chan":"stdout","logger":"task"}
{"timestamp":"2025-10-16T05:06:52.981107Z","level":"info","event":"Job 123: Purchasing Supervisor - Company: Talaat Moustafa Group - Location: Cairo, Egypt - Type: Full-Time - Flexibility: None","chan":"stdout","logger":"task"}
{"timestamp":"2025-10-16T05:06:56.927266Z","level":"info","event":"Job 124: IT Specialist - Company: Nawy - Location: Cairo, Cairo, Egypt - Type: Full-Time - Flexibility: None","chan":"stdout","logger":"task"}
{"timestamp":"2025-10-16T05:07:03.053412Z","level":"info","event":"Job 125: Customer Service Officer.CXC - RBG - Direct Banking Centre-Egypt COE.Client Experience and Conduct Group-MEGPCOE - Company: Mashreq Corporate & Investment Banking Group - Location: Egypt - Type: Full-Time - Flexibility: Remote","chan":"stdout","logger":"task"}
{"timestamp":"2025-10-16T05:07:06.033687Z","level":"info","event":"Job 126: Finance Controller - Company: Nawy - Location: Cairo, Cairo, Egypt - Type: Full-Time - Flexibility: On-Site","chan":"stdout","logger":"task"}
{"timestamp":"2025-10-16T05:07:12.741406Z","level":"info","event":"Job 127: Admin Assistant - Company: Marriott International - Location: Cairo, Cairo, Egypt - Type: Full-Time - Flexibility: Remote","chan":"stdout","logger":"task"}
{"timestamp":"2025-10-16T05:07:19.259756Z","level":"info","event":"Job 128: Officer, Retail Credit Admin - Company: Mashreq - Location: Egypt - Type: Full-Time - Flexibility: On-Site","chan":"stdout","logger":"task"}
{"timestamp":"2025-10-16T05:07:24.810819Z","level":"info","event":"Job 129: Customer Support Agent (Arabic + English) - Company: RemotePass - Location: Egypt - Type: Full-Time - Flexibility: Remote","chan":"stdout","logger":"task"}
{"timestamp":"2025-10-16T05:07:30.043846Z","level":"info","event":"Job 130: Accounts Payable Accountant ( AP) - Company: Tagaddod - Location: Qesm El Maadi, Cairo, Egypt - Type: Full-Time - Flexibility: Remote","chan":"stdout","logger":"task"}
{"timestamp":"2025-10-16T05:07:37.331369Z","level":"info","event":"","chan":"stdout","logger":"task"}
{"timestamp":"2025-10-16T05:07:37.331653Z","level":"info","event":"Fetching page 14 (start=130)...","chan":"stdout","logger":"task"}
{"timestamp":"2025-10-16T05:07:37.872193Z","level":"info","event":"Found 10 items on page 14","chan":"stdout","logger":"task"}
{"timestamp":"2025-10-16T05:07:38.722909Z","level":"info","event":"Job 131: Admin Assistant - Company: Marriott International - Location: Cairo, Cairo, Egypt - Type: Full-Time - Flexibility: Remote","chan":"stdout","logger":"task"}
{"timestamp":"2025-10-16T05:07:41.926951Z","level":"info","event":"Job 132: Admin Assistant - Company: Marriott International - Location: Cairo, Cairo, Egypt - Type: Full-Time - Flexibility: Remote","chan":"stdout","logger":"task"}
{"timestamp":"2025-10-16T05:07:44.933312Z","level":"info","event":"Job 133: Project Management Officer - Company: MUSE - Location: Cairo, Cairo, Egypt - Type: Full-Time - Flexibility: On-Site","chan":"stdout","logger":"task"}
{"timestamp":"2025-10-16T05:07:52.362832Z","level":"info","event":"Job 134: Receptionist - Company: Majid Al Futtaim - Location: Cairo, Cairo, Egypt - Type: Full-Time - Flexibility: On-Site","chan":"stdout","logger":"task"}
{"timestamp":"2025-10-16T05:07:58.374714Z","level":"info","event":"Job 135: Logistics Coordinator - Company: Tagaddod - Location: Cairo, Cairo, Egypt - Type: Full-Time - Flexibility: On-Site","chan":"stdout","logger":"task"}
{"timestamp":"2025-10-16T05:08:04.794627Z","level":"info","event":"Job 136: Medical Assistant - Company: Medi-Weightloss® - Location: Al Jizah, Egypt - Type: Full-Time - Flexibility: On-Site","chan":"stdout","logger":"task"}
{"timestamp":"2025-10-16T05:08:09.828166Z","level":"info","event":"Job 137: Relationship Officer - Company: Crédit Agricole Egypt - Location: Cairo, Egypt - Type: Full-Time - Flexibility: On-Site","chan":"stdout","logger":"task"}
{"timestamp":"2025-10-16T05:08:16.316062Z","level":"info","event":"Job 138: Administration Manager - Company: Hyde Park Developments - Location: Cairo, Cairo, Egypt - Type: Full-Time - Flexibility: On-Site","chan":"stdout","logger":"task"}
{"timestamp":"2025-10-16T05:08:19.232132Z","level":"info","event":"Job 139: Admin Assistant - Company: Marriott International - Location: Cairo, Cairo, Egypt - Type: Full-Time - Flexibility: Remote","chan":"stdout","logger":"task"}
{"timestamp":"2025-10-16T05:08:28.703805Z","level":"info","event":"Job 140: Client Experience Executive – Showroom - Company: Al-Mansour Automotive - Location: Giza, Al Jizah, Egypt - Type: Full-Time - Flexibility: Remote","chan":"stdout","logger":"task"}
{"timestamp":"2025-10-16T05:08:37.445692Z","level":"info","event":"","chan":"stdout","logger":"task"}
{"timestamp":"2025-10-16T05:08:37.445865Z","level":"info","event":"Fetching page 15 (start=140)...","chan":"stdout","logger":"task"}
{"timestamp":"2025-10-16T05:08:37.979192Z","level":"info","event":"Found 10 items on page 15","chan":"stdout","logger":"task"}
{"timestamp":"2025-10-16T05:08:38.821710Z","level":"info","event":"Job 141: HR Officer – Egypt - Company: Dkhoon Emirates - Location: Cairo, Cairo, Egypt - Type: Full-Time - Flexibility: On-Site","chan":"stdout","logger":"task"}
{"timestamp":"2025-10-16T05:08:41.798072Z","level":"info","event":"Job 142: Technical Office Engineer (Furniture) - Company: Homzmart - Location: Cairo, Cairo, Egypt - Type: Full-Time - Flexibility: On-Site","chan":"stdout","logger":"task"}
{"timestamp":"2025-10-16T05:08:46.440547Z","level":"info","event":"Job 143: Senior Accounts Receivable Accountant - Company: Nawy - Location: Cairo, Cairo, Egypt - Type: Full-Time - Flexibility: On-Site","chan":"stdout","logger":"task"}
{"timestamp":"2025-10-16T05:08:50.195090Z","level":"info","event":"Job 144: Senior Accountant - Company: SANTECHTURE - Location: Cairo, Cairo, Egypt - Type: Full-Time - Flexibility: On-Site","chan":"stdout","logger":"task"}
{"timestamp":"2025-10-16T05:08:54.695234Z","level":"info","event":"Job 145: Admin Assistant - Company: Marriott International - Location: Cairo, Cairo, Egypt - Type: Full-Time - Flexibility: Remote","chan":"stdout","logger":"task"}
{"timestamp":"2025-10-16T05:08:57.407636Z","level":"info","event":"Job 146: Admin - Company: LeadInTop - Location: Cairo, Cairo, Egypt - Type: Full-Time - Flexibility: On-Site","chan":"stdout","logger":"task"}
{"timestamp":"2025-10-16T05:09:05.892603Z","level":"info","event":"Job 147: Senior Product Manager - Company: Al Ahly Momkn - Location: Cairo, Cairo, Egypt - Type: Full-Time - Flexibility: Hybrid","chan":"stdout","logger":"task"}
{"timestamp":"2025-10-16T05:09:09.593223Z","level":"info","event":"Job 148: Sales Administrator - Company: Nawy - Location: Cairo, Cairo, Egypt - Type: Full-Time - Flexibility: On-Site","chan":"stdout","logger":"task"}
{"timestamp":"2025-10-16T05:09:13.866091Z","level":"info","event":"Job 149: Junior Document Controller - Company: ELSEWEDY ELECTRIC - Location: New Cairo, Cairo, Egypt - Type: Full-Time - Flexibility: On-Site","chan":"stdout","logger":"task"}
{"timestamp":"2025-10-16T05:09:17.125090Z","level":"info","event":"Job 150: Front Desk Receptionist - Company: Arabian Construction Co. - Location: Cairo, Egypt - Type: Full-Time - Flexibility: On-Site","chan":"stdout","logger":"task"}
{"timestamp":"2025-10-16T05:09:23.956897Z","level":"info","event":"","chan":"stdout","logger":"task"}
{"timestamp":"2025-10-16T05:09:23.957047Z","level":"info","event":"Fetching page 16 (start=150)...","chan":"stdout","logger":"task"}
{"timestamp":"2025-10-16T05:09:24.483740Z","level":"info","event":"Found 10 items on page 16","chan":"stdout","logger":"task"}
{"timestamp":"2025-10-16T05:09:25.234247Z","level":"info","event":"Job 151: Procurement Officer | Pan Marine Shipping Services - Company: PAN MARINE GROUP - Location: Cairo, Cairo, Egypt - Type: Full-Time - Flexibility: On-Site","chan":"stdout","logger":"task"}
{"timestamp":"2025-10-16T05:09:28.110084Z","level":"info","event":"Job 152: Admin Assistant - Company: Marriott International - Location: Cairo, Cairo, Egypt - Type: Full-Time - Flexibility: Remote","chan":"stdout","logger":"task"}
{"timestamp":"2025-10-16T05:09:33.406518Z","level":"info","event":"Job 153: IT Helpdesk Specialist - HQ - Company: Misr Technology Services - Location: Heliopolis, Cairo, Egypt - Type: Full-Time - Flexibility: Remote","chan":"stdout","logger":"task"}
{"timestamp":"2025-10-16T05:09:39.574749Z","level":"info","event":"Job 154: Priority Banking Customer Service Officer - Company: Emirates NBD - Location: Cairo, Egypt - Type: Full-Time - Flexibility: Remote","chan":"stdout","logger":"task"}
{"timestamp":"2025-10-16T05:09:43.518812Z","level":"info","event":"Job 155: Research Analyst - Company: Nawy - Location: Qesm El Maadi, Cairo, Egypt - Type: Full-Time - Flexibility: None","chan":"stdout","logger":"task"}
{"timestamp":"2025-10-16T05:09:49.749885Z","level":"info","event":"Job 156: Guest Relations Super Visor - Company: Mövenpick Hotels & Resorts - Location: Hurghada, Al Bahr al Ahmar, Egypt - Type: Full-Time - Flexibility: Hybrid","chan":"stdout","logger":"task"}
{"timestamp":"2025-10-16T05:09:53.264064Z","level":"info","event":"Job 157: Senior Category Manager - Company: Homzmart - Location: Cairo, Cairo, Egypt - Type: Full-Time - Flexibility: None","chan":"stdout","logger":"task"}
{"timestamp":"2025-10-16T05:09:58.775817Z","level":"info","event":"Job 158: HR & Admin Assistant - Company: Hello Group Inc. - Location: Cairo, Egypt - Type: Full-Time - Flexibility: Remote","chan":"stdout","logger":"task"}
{"timestamp":"2025-10-16T05:10:05.228639Z","level":"info","event":"Job 159: BI Developer - Company: Banque Misr - Location: Cairo, Cairo, Egypt - Type: Full-Time - Flexibility: None","chan":"stdout","logger":"task"}
{"timestamp":"2025-10-16T05:10:13.944926Z","level":"info","event":"Job 160: Procurement Specialist - Company: Nawy - Location: Qesm El Maadi, Cairo, Egypt - Type: Full-Time - Flexibility: On-Site","chan":"stdout","logger":"task"}
{"timestamp":"2025-10-16T05:10:20.775297Z","level":"info","event":"","chan":"stdout","logger":"task"}
{"timestamp":"2025-10-16T05:10:20.775712Z","level":"info","event":"Fetching page 17 (start=160)...","chan":"stdout","logger":"task"}
{"timestamp":"2025-10-16T05:10:21.307807Z","level":"info","event":"Found 10 items on page 17","chan":"stdout","logger":"task"}
{"timestamp":"2025-10-16T05:10:21.995689Z","level":"info","event":"Job 161: Mid-Cap Credit Risk Analyst - Company: Banque Misr - Location: Cairo, Egypt - Type: Full-Time - Flexibility: None","chan":"stdout","logger":"task"}
{"timestamp":"2025-10-16T05:10:28.603312Z","level":"info","event":"Job 162: Site Engineer - Company: SWEVEN CONSTRUCTION ®️ - Location: Cairo, Cairo, Egypt - Type: Full-Time - Flexibility: On-Site","chan":"stdout","logger":"task"}
{"timestamp":"2025-10-16T05:10:34.049501Z","level":"info","event":"Job 163: Junior Accountant - Company: Talent 360 ME - Location: Ad-Duqqi, Al Jizah, Egypt - Type: Full-Time - Flexibility: Remote","chan":"stdout","logger":"task"}
{"timestamp":"2025-10-16T05:10:38.425873Z","level":"info","event":"Job 164: IT Help Desk (دعم فني) - Company: Pure Life Filters Company - Location: Egypt - Type: Full-Time - Flexibility: On-Site","chan":"stdout","logger":"task"}
{"timestamp":"2025-10-16T05:10:43.279903Z","level":"info","event":"Job 165: Medical Representative - Company: Julphar - Location: Egypt - Type: Full-Time - Flexibility: On-Site","chan":"stdout","logger":"task"}
{"timestamp":"2025-10-16T05:10:51.963480Z","level":"info","event":"Job 166: Virtual Assistant (Remote) - Company: Core Code io - Location: Cairo, Cairo, Egypt - Type: Full-Time - Flexibility: Remote","chan":"stdout","logger":"task"}
{"timestamp":"2025-10-16T05:10:56.702807Z","level":"info","event":"Job 167: Technical Engineer - Company: TAQA Water - Location: Cairo, Cairo, Egypt - Type: Full-Time - Flexibility: None","chan":"stdout","logger":"task"}
{"timestamp":"2025-10-16T05:11:02.763542Z","level":"info","event":"Job 168: Research Analyst - Company: Nawy - Location: Cairo, Cairo, Egypt - Type: Full-Time - Flexibility: None","chan":"stdout","logger":"task"}
{"timestamp":"2025-10-16T05:11:07.144157Z","level":"info","event":"Job 169: Early Careers - Accounting and Finance Internships - Company: SLB - Location: Egypt - Type: Full-Time - Flexibility: On-Site","chan":"stdout","logger":"task"}
{"timestamp":"2025-10-16T05:11:12.831531Z","level":"info","event":"Job 170: Receptionist & Admin Assistant - Company: Grand Technology - Location: Giza, Al Jizah, Egypt - Type: Full-Time - Flexibility: On-Site","chan":"stdout","logger":"task"}
{"timestamp":"2025-10-16T05:11:23.837226Z","level":"info","event":"","chan":"stdout","logger":"task"}
{"timestamp":"2025-10-16T05:11:23.837620Z","level":"info","event":"Fetching page 18 (start=170)...","chan":"stdout","logger":"task"}
{"timestamp":"2025-10-16T05:11:24.423974Z","level":"info","event":"Found 10 items on page 18","chan":"stdout","logger":"task"}
{"timestamp":"2025-10-16T05:11:25.317034Z","level":"info","event":"Job 171: Admin Assistant - Company: Marriott International - Location: Cairo, Cairo, Egypt - Type: Full-Time - Flexibility: Remote","chan":"stdout","logger":"task"}
{"timestamp":"2025-10-16T05:11:31.033973Z","level":"info","event":"Job 172: Talent Acquisition Officer - Company: بنك التعمير والإسكان HD Bank - Location: Cairo, Egypt - Type: Full-Time - Flexibility: On-Site","chan":"stdout","logger":"task"}
{"timestamp":"2025-10-16T05:11:34.942494Z","level":"info","event":"Job 173: Storekeeper - Company: TAQA Water - Location: Cairo, Cairo, Egypt - Type: Full-Time - Flexibility: On-Site","chan":"stdout","logger":"task"}
{"timestamp":"2025-10-16T05:11:40.579548Z","level":"info","event":"Job 174: Inbound Agent - Priority Banking Segment - Company: Emirates NBD - Location: Cairo, Egypt - Type: Full-Time - Flexibility: Remote","chan":"stdout","logger":"task"}
{"timestamp":"2025-10-16T05:11:47.706885Z","level":"info","event":"Job 175: Fresh Graduate - Company: NBK Egypt - Location: Cairo, Egypt - Type: Full-Time - Flexibility: On-Site","chan":"stdout","logger":"task"}
{"timestamp":"2025-10-16T05:11:51.283390Z","level":"info","event":"Job 176: Partnerships Executive - Company: Halan - حالا - Location: Cairo, Cairo, Egypt - Type: Full-Time - Flexibility: Hybrid","chan":"stdout","logger":"task"}
{"timestamp":"2025-10-16T05:11:58.861789Z","level":"info","event":"Job 177: Procurement Officer - Company: KAIZEN Asset Management Services - Location: Egypt - Type: Full-Time - Flexibility: On-Site","chan":"stdout","logger":"task"}
{"timestamp":"2025-10-16T05:12:05.224013Z","level":"info","event":"Job 178: Architecture Team Lead - Company: Wadi Degla Developments - Location: Cairo, Egypt - Type: Full-Time - Flexibility: Remote","chan":"stdout","logger":"task"}
{"timestamp":"2025-10-16T05:12:08.039862Z","level":"info","event":"Job 179: Medical Representative - Company: Julphar - Location: Egypt - Type: Full-Time - Flexibility: On-Site","chan":"stdout","logger":"task"}
{"timestamp":"2025-10-16T05:12:14.208127Z","level":"info","event":"Job 180: Site Operations representative - Company: Nawy - Location: Qesm El Maadi, Cairo, Egypt - Type: Full-Time - Flexibility: Remote","chan":"stdout","logger":"task"}
{"timestamp":"2025-10-16T05:12:21.539893Z","level":"info","event":"","chan":"stdout","logger":"task"}
{"timestamp":"2025-10-16T05:12:21.540069Z","level":"info","event":"Fetching page 19 (start=180)...","chan":"stdout","logger":"task"}
{"timestamp":"2025-10-16T05:12:22.075693Z","level":"info","event":"Found 10 items on page 19","chan":"stdout","logger":"task"}
{"timestamp":"2025-10-16T05:12:22.753466Z","level":"info","event":"Job 181: General Accountant - Company: Chefaa - Location: Cairo, Cairo, Egypt - Type: Full-Time - Flexibility: None","chan":"stdout","logger":"task"}
{"timestamp":"2025-10-16T05:12:25.773612Z","level":"info","event":"Job 182: Arabic Customer Service Agent - Company: Talent 360 ME - Location: Cairo, Cairo, Egypt - Type: Full-Time - Flexibility: Remote","chan":"stdout","logger":"task"}
{"timestamp":"2025-10-16T05:12:29.041428Z","level":"info","event":"Job 183: STORE & RECEIVING ASSISTANT - Company: Tunamaya Beach & Spa Resort - Tioman Island - Location: Island Beach Resort, South Sinai, Egypt - Type: Full-Time - Flexibility: On-Site","chan":"stdout","logger":"task"}
{"timestamp":"2025-10-16T05:12:34.885139Z","level":"info","event":"Job 184: Senior Accounts Receivable Accountant - Company: Al-Mansour Automotive - Location: New Cairo, Cairo, Egypt - Type: Full-Time - Flexibility: None","chan":"stdout","logger":"task"}
{"timestamp":"2025-10-16T05:12:37.941565Z","level":"info","event":"Job 185: Direct Sales Officer - Company: Abu Dhabi Islamic Bank - Egypt - Location: Cairo, Cairo, Egypt - Type: Full-Time - Flexibility: On-Site","chan":"stdout","logger":"task"}
{"timestamp":"2025-10-16T05:12:40.950359Z","level":"info","event":"Job 186: Procurement Manager - Company: Nawy - Location: Cairo, Cairo, Egypt - Type: Full-Time - Flexibility: On-Site","chan":"stdout","logger":"task"}
{"timestamp":"2025-10-16T05:12:45.646720Z","level":"info","event":"Job 187: Senior Accountant - Company: MBC GROUP - Location: Cairo, Cairo, Egypt - Type: Contract - Flexibility: On-Site","chan":"stdout","logger":"task"}
{"timestamp":"2025-10-16T05:12:50.469011Z","level":"info","event":"Job 188: Quantity Surveyor - Company: Arabian Construction Co. - Location: Cairo, Egypt - Type: Full-Time - Flexibility: On-Site","chan":"stdout","logger":"task"}
{"timestamp":"2025-10-16T05:12:56.973901Z","level":"info","event":"Job 189: Procurement Engineer - Company: Nawy - Location: Cairo, Cairo, Egypt - Type: Full-Time - Flexibility: On-Site","chan":"stdout","logger":"task"}
{"timestamp":"2025-10-16T05:12:59.797974Z","level":"info","event":"Job 190: Junior Business Analyst - Company: RMG | مجموعة ريناد المجد (لتقنية المعلومات) - Location: Cairo, Egypt - Type: Full-Time - Flexibility: Remote","chan":"stdout","logger":"task"}
{"timestamp":"2025-10-16T05:13:08.794803Z","level":"info","event":"","chan":"stdout","logger":"task"}
{"timestamp":"2025-10-16T05:13:08.795085Z","level":"info","event":"Fetching page 20 (start=190)...","chan":"stdout","logger":"task"}
{"timestamp":"2025-10-16T05:13:09.362360Z","level":"info","event":"Found 10 items on page 20","chan":"stdout","logger":"task"}
{"timestamp":"2025-10-16T05:13:09.863878Z","level":"info","event":"Job 191: Executive Assistant (Remote) - Company: Core Code io - Location: Cairo, Cairo, Egypt - Type: Full-Time - Flexibility: Remote","chan":"stdout","logger":"task"}
{"timestamp":"2025-10-16T05:13:12.815838Z","level":"info","event":"Job 192: Electrical Engineer - Company: TAQA Water - Location: Cairo, Cairo, Egypt - Type: Full-Time - Flexibility: On-Site","chan":"stdout","logger":"task"}
{"timestamp":"2025-10-16T05:13:16.062084Z","level":"info","event":"Job 193: Planning and Project Manager - Company: Nawy - Location: Cairo, Cairo, Egypt - Type: Full-Time - Flexibility: Remote","chan":"stdout","logger":"task"}
{"timestamp":"2025-10-16T05:13:19.312126Z","level":"info","event":"Job 194: Receptionist - Company: Majid Al Futtaim - Location: Cairo, Egypt - Type: Full-Time - Flexibility: On-Site","chan":"stdout","logger":"task"}
{"timestamp":"2025-10-16T05:13:24.759463Z","level":"info","event":"Job 195: FF&E Engineer - Company: Talaat Moustafa Group - Location: Giza, Al Jizah, Egypt - Type: Full-Time - Flexibility: On-Site","chan":"stdout","logger":"task"}
{"timestamp":"2025-10-16T05:13:30.021799Z","level":"info","event":"Job 196: Bookkeeper Accountant - Company: Nasoft.eg - Location: Sheikh Zayed City, Cairo, Egypt - Type: Full-Time - Flexibility: On-Site","chan":"stdout","logger":"task"}
{"timestamp":"2025-10-16T05:13:35.457254Z","level":"info","event":"Job 197: Electrical Operation and Maintenance Engineer - Company: TAQA Water - Location: Cairo, Cairo, Egypt - Type: Full-Time - Flexibility: On-Site","chan":"stdout","logger":"task"}
{"timestamp":"2025-10-16T05:13:39.145523Z","level":"info","event":"Job 198: Finishing Site Engineer - Company: Cornerstone Development - Location: Cairo, Cairo, Egypt - Type: Full-Time - Flexibility: On-Site","chan":"stdout","logger":"task"}
{"timestamp":"2025-10-16T05:13:45.288193Z","level":"info","event":"Job 199: Planning Manager - Company: Nawy - Location: Qesm El Maadi, Cairo, Egypt - Type: Full-Time - Flexibility: Remote","chan":"stdout","logger":"task"}
{"timestamp":"2025-10-16T05:13:50.276090Z","level":"info","event":"Job 200: Site Engineer - UAE - Company: ALEC Holdings - Location: Cairo, Egypt - Type: Full-Time - Flexibility: None","chan":"stdout","logger":"task"}
{"timestamp":"2025-10-16T05:13:50.276317Z","level":"info","event":"Reached target of 200 jobs. Stopping.","chan":"stdout","logger":"task"}
{"timestamp":"2025-10-16T05:13:51.017754","level":"info","event":"Done. Returned value was: None","logger":"airflow.task.operators.airflow.providers.standard.operators.python.PythonOperator"}
{"timestamp":"2025-10-16T05:13:51.315447Z","level":"info","event":"Task instance in success state","chan":"stdout","logger":"task"}
{"timestamp":"2025-10-16T05:13:51.315784Z","level":"info","event":" Previous state of the Task instance: TaskInstanceState.RUNNING","chan":"stdout","logger":"task"}
{"timestamp":"2025-10-16T05:13:51.322830Z","level":"info","event":"Task operator:<Task(PythonOperator): scrape_jobs>","chan":"stdout","logger":"task"}
