{"timestamp":"2025-10-18T18:43:44.501474","level":"info","event":"DAG bundles loaded: dags-folder, example_dags","logger":"airflow.dag_processing.bundles.manager.DagBundlesManager"}
{"timestamp":"2025-10-18T18:43:44.504141","level":"info","event":"Filling up the DagBag from /home/morsi/airflow/dags/main_dag.py","logger":"airflow.models.dagbag.DagBag"}
{"timestamp":"2025-10-18T18:43:47.631408Z","level":"info","event":"Task instance is in running state","chan":"stdout","logger":"task"}
{"timestamp":"2025-10-18T18:43:47.631568Z","level":"info","event":" Previous state of the Task instance: TaskInstanceState.QUEUED","chan":"stdout","logger":"task"}
{"timestamp":"2025-10-18T18:43:47.631642Z","level":"info","event":"Current task name:dbt_load","chan":"stdout","logger":"task"}
{"timestamp":"2025-10-18T18:43:47.631684Z","level":"info","event":"Dag name:linkedin_jobs_pipeline","chan":"stdout","logger":"task"}
{"timestamp":"2025-10-18T18:43:47.635557","level":"info","event":"Tmp dir root location: /tmp","logger":"airflow.task.hooks.airflow.providers.standard.hooks.subprocess.SubprocessHook"}
{"timestamp":"2025-10-18T18:43:47.635874","level":"info","event":"Running command: ['/usr/bin/bash', '-c', 'dbt run']","logger":"airflow.task.hooks.airflow.providers.standard.hooks.subprocess.SubprocessHook"}
{"timestamp":"2025-10-18T18:43:47.656648","level":"info","event":"Output:","logger":"airflow.task.hooks.airflow.providers.standard.hooks.subprocess.SubprocessHook"}
{"timestamp":"2025-10-18T18:43:51.714236","level":"info","event":"\u001b[0m18:43:51  Running with dbt=1.10.13","logger":"airflow.task.hooks.airflow.providers.standard.hooks.subprocess.SubprocessHook"}
{"timestamp":"2025-10-18T18:43:55.115184","level":"info","event":"\u001b[0m18:43:55  Registered adapter: duckdb=1.9.6","logger":"airflow.task.hooks.airflow.providers.standard.hooks.subprocess.SubprocessHook"}
{"timestamp":"2025-10-18T18:43:55.484152","level":"info","event":"\u001b[0m18:43:55  [\u001b[33mWARNING\u001b[0m]: Configuration paths exist in your dbt_project.yml file which do not apply to any resources.","logger":"airflow.task.hooks.airflow.providers.standard.hooks.subprocess.SubprocessHook"}
{"timestamp":"2025-10-18T18:43:55.484304","level":"info","event":"There are 2 unused configuration paths:","logger":"airflow.task.hooks.airflow.providers.standard.hooks.subprocess.SubprocessHook"}
{"timestamp":"2025-10-18T18:43:55.484355","level":"info","event":"- models.dbt_project.star","logger":"airflow.task.hooks.airflow.providers.standard.hooks.subprocess.SubprocessHook"}
{"timestamp":"2025-10-18T18:43:55.484401","level":"info","event":"- models.dbt_project.staging","logger":"airflow.task.hooks.airflow.providers.standard.hooks.subprocess.SubprocessHook"}
{"timestamp":"2025-10-18T18:43:55.692764","level":"info","event":"\u001b[0m18:43:55  Found 7 models, 21 data tests, 1 source, 431 macros","logger":"airflow.task.hooks.airflow.providers.standard.hooks.subprocess.SubprocessHook"}
{"timestamp":"2025-10-18T18:43:55.696196","level":"info","event":"\u001b[0m18:43:55","logger":"airflow.task.hooks.airflow.providers.standard.hooks.subprocess.SubprocessHook"}
{"timestamp":"2025-10-18T18:43:55.697029","level":"info","event":"\u001b[0m18:43:55  Concurrency: 1 threads (target='dev')","logger":"airflow.task.hooks.airflow.providers.standard.hooks.subprocess.SubprocessHook"}
{"timestamp":"2025-10-18T18:43:55.697642","level":"info","event":"\u001b[0m18:43:55","logger":"airflow.task.hooks.airflow.providers.standard.hooks.subprocess.SubprocessHook"}
{"timestamp":"2025-10-18T18:43:55.881838","level":"info","event":"\u001b[0m18:43:55  1 of 7 START sql view model main.stg_job_postings .............................. [RUN]","logger":"airflow.task.hooks.airflow.providers.standard.hooks.subprocess.SubprocessHook"}
{"timestamp":"2025-10-18T18:43:56.055117","level":"info","event":"\u001b[0m18:43:56  1 of 7 OK created sql view model main.stg_job_postings ......................... [\u001b[32mOK\u001b[0m in 0.16s]","logger":"airflow.task.hooks.airflow.providers.standard.hooks.subprocess.SubprocessHook"}
{"timestamp":"2025-10-18T18:43:56.058595","level":"info","event":"\u001b[0m18:43:56  2 of 7 START sql view model main.dim_company ................................... [RUN]","logger":"airflow.task.hooks.airflow.providers.standard.hooks.subprocess.SubprocessHook"}
{"timestamp":"2025-10-18T18:43:56.134254","level":"info","event":"\u001b[0m18:43:56  2 of 7 OK created sql view model main.dim_company .............................. [\u001b[32mOK\u001b[0m in 0.07s]","logger":"airflow.task.hooks.airflow.providers.standard.hooks.subprocess.SubprocessHook"}
{"timestamp":"2025-10-18T18:43:56.136315","level":"info","event":"\u001b[0m18:43:56  3 of 7 START sql view model main.dim_date ...................................... [RUN]","logger":"airflow.task.hooks.airflow.providers.standard.hooks.subprocess.SubprocessHook"}
{"timestamp":"2025-10-18T18:43:56.197221","level":"info","event":"\u001b[0m18:43:56  3 of 7 OK created sql view model main.dim_date ................................. [\u001b[32mOK\u001b[0m in 0.06s]","logger":"airflow.task.hooks.airflow.providers.standard.hooks.subprocess.SubprocessHook"}
{"timestamp":"2025-10-18T18:43:56.199819","level":"info","event":"\u001b[0m18:43:56  4 of 7 START sql view model main.dim_location .................................. [RUN]","logger":"airflow.task.hooks.airflow.providers.standard.hooks.subprocess.SubprocessHook"}
{"timestamp":"2025-10-18T18:43:56.256440","level":"info","event":"\u001b[0m18:43:56  4 of 7 OK created sql view model main.dim_location ............................. [\u001b[32mOK\u001b[0m in 0.05s]","logger":"airflow.task.hooks.airflow.providers.standard.hooks.subprocess.SubprocessHook"}
{"timestamp":"2025-10-18T18:43:56.258434","level":"info","event":"\u001b[0m18:43:56  5 of 7 START sql view model main.dim_skills .................................... [RUN]","logger":"airflow.task.hooks.airflow.providers.standard.hooks.subprocess.SubprocessHook"}
{"timestamp":"2025-10-18T18:43:56.365845","level":"info","event":"\u001b[0m18:43:56  5 of 7 OK created sql view model main.dim_skills ............................... [\u001b[32mOK\u001b[0m in 0.11s]","logger":"airflow.task.hooks.airflow.providers.standard.hooks.subprocess.SubprocessHook"}
{"timestamp":"2025-10-18T18:43:56.367347","level":"info","event":"\u001b[0m18:43:56  6 of 7 START sql view model main.fact_job_posting_skill ........................ [RUN]","logger":"airflow.task.hooks.airflow.providers.standard.hooks.subprocess.SubprocessHook"}
{"timestamp":"2025-10-18T18:43:56.492151","level":"info","event":"\u001b[0m18:43:56  6 of 7 OK created sql view model main.fact_job_posting_skill ................... [\u001b[32mOK\u001b[0m in 0.12s]","logger":"airflow.task.hooks.airflow.providers.standard.hooks.subprocess.SubprocessHook"}
{"timestamp":"2025-10-18T18:43:56.495604","level":"info","event":"\u001b[0m18:43:56  7 of 7 START sql view model main.fact_job_postings ............................. [RUN]","logger":"airflow.task.hooks.airflow.providers.standard.hooks.subprocess.SubprocessHook"}
{"timestamp":"2025-10-18T18:43:56.544398","level":"info","event":"\u001b[0m18:43:56  7 of 7 OK created sql view model main.fact_job_postings ........................ [\u001b[32mOK\u001b[0m in 0.05s]","logger":"airflow.task.hooks.airflow.providers.standard.hooks.subprocess.SubprocessHook"}
{"timestamp":"2025-10-18T18:43:56.551853","level":"info","event":"\u001b[0m18:43:56","logger":"airflow.task.hooks.airflow.providers.standard.hooks.subprocess.SubprocessHook"}
{"timestamp":"2025-10-18T18:43:56.552186","level":"info","event":"\u001b[0m18:43:56  Finished running 7 view models in 0 hours 0 minutes and 0.85 seconds (0.85s).","logger":"airflow.task.hooks.airflow.providers.standard.hooks.subprocess.SubprocessHook"}
{"timestamp":"2025-10-18T18:43:56.605403","level":"info","event":"\u001b[0m18:43:56","logger":"airflow.task.hooks.airflow.providers.standard.hooks.subprocess.SubprocessHook"}
{"timestamp":"2025-10-18T18:43:56.605787","level":"info","event":"\u001b[0m18:43:56  \u001b[32mCompleted successfully\u001b[0m","logger":"airflow.task.hooks.airflow.providers.standard.hooks.subprocess.SubprocessHook"}
{"timestamp":"2025-10-18T18:43:56.606227","level":"info","event":"\u001b[0m18:43:56","logger":"airflow.task.hooks.airflow.providers.standard.hooks.subprocess.SubprocessHook"}
{"timestamp":"2025-10-18T18:43:56.606677","level":"info","event":"\u001b[0m18:43:56  Done. PASS=7 WARN=0 ERROR=0 SKIP=0 NO-OP=0 TOTAL=7","logger":"airflow.task.hooks.airflow.providers.standard.hooks.subprocess.SubprocessHook"}
{"timestamp":"2025-10-18T18:43:57.919395","level":"info","event":"Command exited with return code 0","logger":"airflow.task.hooks.airflow.providers.standard.hooks.subprocess.SubprocessHook"}
{"timestamp":"2025-10-18T18:43:57.919929","level":"info","event":"Pushing xcom","ti":"RuntimeTaskInstance(id=UUID('0199f88e-07dc-7c1d-9da9-820bae160f2c'), task_id='dbt_load', dag_id='linkedin_jobs_pipeline', run_id='manual__2025-10-18T18:21:20.770423+00:00_fOVNaMs3', try_number=1, map_index=-1, hostname='LAPTOP-VOK6VQOD.localdomain', context_carrier=None, task=<Task(BashOperator): dbt_load>, bundle_instance=LocalDagBundle(name=dags-folder), max_tries=0, start_date=datetime.datetime(2025, 10, 18, 18, 43, 44, 377941, tzinfo=datetime.timezone.utc), end_date=None, state=<TaskInstanceState.RUNNING: 'running'>, is_mapped=False, rendered_map_index=None, log_url='http://localhost:8080/dags/linkedin_jobs_pipeline/runs/manual__2025-10-18T18%3A21%3A20.770423%2B00%3A00_fOVNaMs3/tasks/dbt_load?try_number=1')","logger":"task"}
{"timestamp":"2025-10-18T18:43:58.034823Z","level":"info","event":"Task instance in success state","chan":"stdout","logger":"task"}
{"timestamp":"2025-10-18T18:43:58.035290Z","level":"info","event":" Previous state of the Task instance: TaskInstanceState.RUNNING","chan":"stdout","logger":"task"}
{"timestamp":"2025-10-18T18:43:58.035924Z","level":"info","event":"Task operator:<Task(BashOperator): dbt_load>","chan":"stdout","logger":"task"}
